CRITICAL - 07:33 --> Undefined variable: html_helper
#0 E:\SoftWare\xampp 7\htdocs\my_projects\testing\ci_dictionary\app\Views\VHome.php(2): CodeIgniter\Debug\Exceptions->errorHandler(8, 'Undefined varia...', 'E:\\SoftWare\\xam...', 2, Array)
#1 E:\SoftWare\xampp 7\htdocs\my_projects\testing\ci_dictionary\system\View\View.php(220): include('E:\\SoftWare\\xam...')
#2 E:\SoftWare\xampp 7\htdocs\my_projects\testing\ci_dictionary\system\View\View.php(222): CodeIgniter\View\View->CodeIgniter\View\{closure}()
#3 E:\SoftWare\xampp 7\htdocs\my_projects\testing\ci_dictionary\system\Common.php(1217): CodeIgniter\View\View->render('VHome', Array, true)
#4 E:\SoftWare\xampp 7\htdocs\my_projects\testing\ci_dictionary\app\Controllers\BaseController.php(89): view('VHome')
#5 E:\SoftWare\xampp 7\htdocs\my_projects\testing\ci_dictionary\app\Controllers\Home.php(164): App\Controllers\BaseController->load_page('VHome', Array)
#6 E:\SoftWare\xampp 7\htdocs\my_projects\testing\ci_dictionary\system\CodeIgniter.php(936): App\Controllers\Home->index()
#7 E:\SoftWare\xampp 7\htdocs\my_projects\testing\ci_dictionary\system\CodeIgniter.php(432): CodeIgniter\CodeIgniter->runController(Object(App\Controllers\Home))
#8 E:\SoftWare\xampp 7\htdocs\my_projects\testing\ci_dictionary\system\CodeIgniter.php(333): CodeIgniter\CodeIgniter->handleRequest(NULL, Object(Config\Cache), false)
#9 E:\SoftWare\xampp 7\htdocs\my_projects\testing\ci_dictionary\public\index.php(44): CodeIgniter\CodeIgniter->run()
#10 {main}
CRITICAL - 07:33 --> Undefined variable: html_helper
#0 E:\SoftWare\xampp 7\htdocs\my_projects\testing\ci_dictionary\app\Views\VHome.php(2): CodeIgniter\Debug\Exceptions->errorHandler(8, 'Undefined varia...', 'E:\\SoftWare\\xam...', 2, Array)
#1 E:\SoftWare\xampp 7\htdocs\my_projects\testing\ci_dictionary\system\View\View.php(220): include('E:\\SoftWare\\xam...')
#2 E:\SoftWare\xampp 7\htdocs\my_projects\testing\ci_dictionary\system\View\View.php(222): CodeIgniter\View\View->CodeIgniter\View\{closure}()
#3 E:\SoftWare\xampp 7\htdocs\my_projects\testing\ci_dictionary\system\Common.php(1217): CodeIgniter\View\View->render('VHome', Array, true)
#4 E:\SoftWare\xampp 7\htdocs\my_projects\testing\ci_dictionary\app\Controllers\BaseController.php(89): view('VHome')
#5 E:\SoftWare\xampp 7\htdocs\my_projects\testing\ci_dictionary\app\Controllers\Home.php(164): App\Controllers\BaseController->load_page('VHome', Array)
#6 E:\SoftWare\xampp 7\htdocs\my_projects\testing\ci_dictionary\system\CodeIgniter.php(936): App\Controllers\Home->index()
#7 E:\SoftWare\xampp 7\htdocs\my_projects\testing\ci_dictionary\system\CodeIgniter.php(432): CodeIgniter\CodeIgniter->runController(Object(App\Controllers\Home))
#8 E:\SoftWare\xampp 7\htdocs\my_projects\testing\ci_dictionary\system\CodeIgniter.php(333): CodeIgniter\CodeIgniter->handleRequest(NULL, Object(Config\Cache), false)
#9 E:\SoftWare\xampp 7\htdocs\my_projects\testing\ci_dictionary\public\index.php(44): CodeIgniter\CodeIgniter->run()
#10 {main}
CRITICAL - 08:26 --> Undefined variable: justifyStyle
#0 E:\SoftWare\xampp 7\htdocs\my_projects\testing\ci_dictionary\app\Helpers\Html_helper.php(133): CodeIgniter\Debug\Exceptions->errorHandler(8, 'Undefined varia...', 'E:\\SoftWare\\xam...', 133, Array)
#1 E:\SoftWare\xampp 7\htdocs\my_projects\testing\ci_dictionary\app\Controllers\Home.php(41): p_tag('Lorem ipsum dol...')
#2 E:\SoftWare\xampp 7\htdocs\my_projects\testing\ci_dictionary\system\CodeIgniter.php(936): App\Controllers\Home->index()
#3 E:\SoftWare\xampp 7\htdocs\my_projects\testing\ci_dictionary\system\CodeIgniter.php(432): CodeIgniter\CodeIgniter->runController(Object(App\Controllers\Home))
#4 E:\SoftWare\xampp 7\htdocs\my_projects\testing\ci_dictionary\system\CodeIgniter.php(333): CodeIgniter\CodeIgniter->handleRequest(NULL, Object(Config\Cache), false)
#5 E:\SoftWare\xampp 7\htdocs\my_projects\testing\ci_dictionary\public\index.php(44): CodeIgniter\CodeIgniter->run()
#6 {main}
CRITICAL - 08:29 --> syntax error, unexpected '>'
#0 E:\SoftWare\xampp 7\htdocs\my_projects\testing\ci_dictionary\system\Autoloader\Autoloader.php(265): CodeIgniter\Autoloader\Autoloader->includeFile('E:\\SoftWare\\xam...')
#1 E:\SoftWare\xampp 7\htdocs\my_projects\testing\ci_dictionary\system\Autoloader\Autoloader.php(228): CodeIgniter\Autoloader\Autoloader->loadInNamespace('App\\Controllers...')
#2 [internal function]: CodeIgniter\Autoloader\Autoloader->loadClass('App\\Controllers...')
#3 [internal function]: spl_autoload_call('App\\Controllers...')
#4 E:\SoftWare\xampp 7\htdocs\my_projects\testing\ci_dictionary\system\CodeIgniter.php(893): class_exists('\\App\\Controller...', true)
#5 E:\SoftWare\xampp 7\htdocs\my_projects\testing\ci_dictionary\system\CodeIgniter.php(417): CodeIgniter\CodeIgniter->startController()
#6 E:\SoftWare\xampp 7\htdocs\my_projects\testing\ci_dictionary\system\CodeIgniter.php(333): CodeIgniter\CodeIgniter->handleRequest(NULL, Object(Config\Cache), false)
#7 E:\SoftWare\xampp 7\htdocs\my_projects\testing\ci_dictionary\public\index.php(44): CodeIgniter\CodeIgniter->run()
#8 {main}
CRITICAL - 10:46 --> Cannot redeclare note() (previously declared in E:\SoftWare\xampp 7\htdocs\my_projects\testing\ci_dictionary\app\Helpers\Elements_helper.php:102)
#0 [internal function]: CodeIgniter\Debug\Exceptions->shutdownHandler()
#1 {main}
CRITICAL - 10:47 --> Cannot redeclare note() (previously declared in E:\SoftWare\xampp 7\htdocs\my_projects\testing\ci_dictionary\app\Helpers\Html_helper.php:206)
#0 [internal function]: CodeIgniter\Debug\Exceptions->shutdownHandler()
#1 {main}
CRITICAL - 10:47 --> Cannot redeclare note() (previously declared in E:\SoftWare\xampp 7\htdocs\my_projects\testing\ci_dictionary\app\Helpers\Html_helper.php:206)
#0 [internal function]: CodeIgniter\Debug\Exceptions->shutdownHandler()
#1 {main}
CRITICAL - 10:48 --> Cannot redeclare note() (previously declared in E:\SoftWare\xampp 7\htdocs\my_projects\testing\ci_dictionary\app\Helpers\Html_helper.php:206)
#0 [internal function]: CodeIgniter\Debug\Exceptions->shutdownHandler()
#1 {main}
