CRITICAL - 06:30 --> Undefined variable: attr
#0 E:\SoftWare\xampp 7\htdocs\my_projects\testing\ci_dictionary\app\Libraries\Elements\Elements.php(505): CodeIgniter\Debug\Exceptions->errorHandler(8, 'Undefined varia...', 'E:\\SoftWare\\xam...', 505, Array)
#1 E:\SoftWare\xampp 7\htdocs\my_projects\testing\ci_dictionary\app\Controllers\Home.php(65): App\Libraries\Elements\Elements->abutton('button::bg red', '#', '2', 'half')
#2 E:\SoftWare\xampp 7\htdocs\my_projects\testing\ci_dictionary\system\CodeIgniter.php(936): App\Controllers\Home->index()
#3 E:\SoftWare\xampp 7\htdocs\my_projects\testing\ci_dictionary\system\CodeIgniter.php(432): CodeIgniter\CodeIgniter->runController(Object(App\Controllers\Home))
#4 E:\SoftWare\xampp 7\htdocs\my_projects\testing\ci_dictionary\system\CodeIgniter.php(333): CodeIgniter\CodeIgniter->handleRequest(NULL, Object(Config\Cache), false)
#5 E:\SoftWare\xampp 7\htdocs\my_projects\testing\ci_dictionary\public\index.php(44): CodeIgniter\CodeIgniter->run()
#6 {main}
CRITICAL - 06:53 --> Undefined variable: round
#0 E:\SoftWare\xampp 7\htdocs\my_projects\testing\ci_dictionary\app\Libraries\Elements\Elements.php(508): CodeIgniter\Debug\Exceptions->errorHandler(8, 'Undefined varia...', 'E:\\SoftWare\\xam...', 508, Array)
#1 E:\SoftWare\xampp 7\htdocs\my_projects\testing\ci_dictionary\app\Libraries\Elements\Elements.php(516): App\Libraries\Elements\Elements->abutton_generate('button::bg gree...', '#', 'half')
#2 E:\SoftWare\xampp 7\htdocs\my_projects\testing\ci_dictionary\app\Libraries\Elements\Elements.php(501): App\Libraries\Elements\Elements->abutton_gen_responsive('button::bg gree...', '#', 'half')
#3 E:\SoftWare\xampp 7\htdocs\my_projects\testing\ci_dictionary\app\Controllers\Home.php(65): App\Libraries\Elements\Elements->abutton('button::bg gree...', '#', '2', 'half')
#4 E:\SoftWare\xampp 7\htdocs\my_projects\testing\ci_dictionary\system\CodeIgniter.php(936): App\Controllers\Home->index()
#5 E:\SoftWare\xampp 7\htdocs\my_projects\testing\ci_dictionary\system\CodeIgniter.php(432): CodeIgniter\CodeIgniter->runController(Object(App\Controllers\Home))
#6 E:\SoftWare\xampp 7\htdocs\my_projects\testing\ci_dictionary\system\CodeIgniter.php(333): CodeIgniter\CodeIgniter->handleRequest(NULL, Object(Config\Cache), false)
#7 E:\SoftWare\xampp 7\htdocs\my_projects\testing\ci_dictionary\public\index.php(44): CodeIgniter\CodeIgniter->run()
#8 {main}
CRITICAL - 06:53 --> Undefined variable: round
#0 E:\SoftWare\xampp 7\htdocs\my_projects\testing\ci_dictionary\app\Libraries\Elements\Elements.php(508): CodeIgniter\Debug\Exceptions->errorHandler(8, 'Undefined varia...', 'E:\\SoftWare\\xam...', 508, Array)
#1 E:\SoftWare\xampp 7\htdocs\my_projects\testing\ci_dictionary\app\Libraries\Elements\Elements.php(516): App\Libraries\Elements\Elements->abutton_generate('button::bg gree...', '#', 'half')
#2 E:\SoftWare\xampp 7\htdocs\my_projects\testing\ci_dictionary\app\Libraries\Elements\Elements.php(501): App\Libraries\Elements\Elements->abutton_gen_responsive('button::bg gree...', '#', 'half')
#3 E:\SoftWare\xampp 7\htdocs\my_projects\testing\ci_dictionary\app\Controllers\Home.php(65): App\Libraries\Elements\Elements->abutton('button::bg gree...', '#', '2', 'half')
#4 E:\SoftWare\xampp 7\htdocs\my_projects\testing\ci_dictionary\system\CodeIgniter.php(936): App\Controllers\Home->index()
#5 E:\SoftWare\xampp 7\htdocs\my_projects\testing\ci_dictionary\system\CodeIgniter.php(432): CodeIgniter\CodeIgniter->runController(Object(App\Controllers\Home))
#6 E:\SoftWare\xampp 7\htdocs\my_projects\testing\ci_dictionary\system\CodeIgniter.php(333): CodeIgniter\CodeIgniter->handleRequest(NULL, Object(Config\Cache), false)
#7 E:\SoftWare\xampp 7\htdocs\my_projects\testing\ci_dictionary\public\index.php(44): CodeIgniter\CodeIgniter->run()
#8 {main}
CRITICAL - 07:12 --> Undefined variable: btn
#0 E:\SoftWare\xampp 7\htdocs\my_projects\testing\ci_dictionary\app\Controllers\Home.php(65): CodeIgniter\Debug\Exceptions->errorHandler(8, 'Undefined varia...', 'E:\\SoftWare\\xam...', 65, Array)
#1 E:\SoftWare\xampp 7\htdocs\my_projects\testing\ci_dictionary\system\CodeIgniter.php(936): App\Controllers\Home->index()
#2 E:\SoftWare\xampp 7\htdocs\my_projects\testing\ci_dictionary\system\CodeIgniter.php(432): CodeIgniter\CodeIgniter->runController(Object(App\Controllers\Home))
#3 E:\SoftWare\xampp 7\htdocs\my_projects\testing\ci_dictionary\system\CodeIgniter.php(333): CodeIgniter\CodeIgniter->handleRequest(NULL, Object(Config\Cache), false)
#4 E:\SoftWare\xampp 7\htdocs\my_projects\testing\ci_dictionary\public\index.php(44): CodeIgniter\CodeIgniter->run()
#5 {main}
CRITICAL - 07:22 --> Too few arguments to function App\Libraries\Elements\Elements::abutton_generate(), 4 passed in E:\SoftWare\xampp 7\htdocs\my_projects\testing\ci_dictionary\app\Libraries\Elements\Elements.php on line 516 and exactly 5 expected
#0 E:\SoftWare\xampp 7\htdocs\my_projects\testing\ci_dictionary\app\Libraries\Elements\Elements.php(516): App\Libraries\Elements\Elements->abutton_generate('button::bg gree...', '#', '', 'third')
#1 E:\SoftWare\xampp 7\htdocs\my_projects\testing\ci_dictionary\app\Libraries\Elements\Elements.php(501): App\Libraries\Elements\Elements->abutton_gen_responsive('button::bg gree...', '#', '', 'third')
#2 E:\SoftWare\xampp 7\htdocs\my_projects\testing\ci_dictionary\app\Controllers\Home.php(65): App\Libraries\Elements\Elements->abutton('button::bg gree...', '#', '', 'third')
#3 E:\SoftWare\xampp 7\htdocs\my_projects\testing\ci_dictionary\system\CodeIgniter.php(936): App\Controllers\Home->index()
#4 E:\SoftWare\xampp 7\htdocs\my_projects\testing\ci_dictionary\system\CodeIgniter.php(432): CodeIgniter\CodeIgniter->runController(Object(App\Controllers\Home))
#5 E:\SoftWare\xampp 7\htdocs\my_projects\testing\ci_dictionary\system\CodeIgniter.php(333): CodeIgniter\CodeIgniter->handleRequest(NULL, Object(Config\Cache), false)
#6 E:\SoftWare\xampp 7\htdocs\my_projects\testing\ci_dictionary\public\index.php(44): CodeIgniter\CodeIgniter->run()
#7 {main}
CRITICAL - 08:55 --> Undefined property: App\Libraries\Elements\Handlers\Styles::$styles
#0 E:\SoftWare\xampp 7\htdocs\my_projects\testing\ci_dictionary\app\Libraries\Elements\Handlers\Styles.php(754): CodeIgniter\Debug\Exceptions->errorHandler(8, 'Undefined prope...', 'E:\\SoftWare\\xam...', 754, Array)
#1 E:\SoftWare\xampp 7\htdocs\my_projects\testing\ci_dictionary\app\Libraries\Elements\Elements.php(562): App\Libraries\Elements\Handlers\Styles->border('green')
#2 E:\SoftWare\xampp 7\htdocs\my_projects\testing\ci_dictionary\app\Libraries\Elements\Elements.php(534): App\Libraries\Elements\Elements->abutton_self_style('button::bg pale...', '', 'green')
#3 E:\SoftWare\xampp 7\htdocs\my_projects\testing\ci_dictionary\app\Libraries\Elements\Elements.php(512): App\Libraries\Elements\Elements->abutton_style('button::bg pale...', '', 'block', 'green')
#4 E:\SoftWare\xampp 7\htdocs\my_projects\testing\ci_dictionary\app\Libraries\Elements\Elements.php(523): App\Libraries\Elements\Elements->abutton_generate('button::bg pale...', '#', '', 'block', 'green')
#5 E:\SoftWare\xampp 7\htdocs\my_projects\testing\ci_dictionary\app\Libraries\Elements\Elements.php(504): App\Libraries\Elements\Elements->abutton_gen_responsive('button::bg pale...', '#', '', 'block', 'green')
#6 E:\SoftWare\xampp 7\htdocs\my_projects\testing\ci_dictionary\app\Controllers\Home.php(65): App\Libraries\Elements\Elements->abutton('button::bg pale...', '#', '', 'block', 'green')
#7 E:\SoftWare\xampp 7\htdocs\my_projects\testing\ci_dictionary\system\CodeIgniter.php(936): App\Controllers\Home->index()
#8 E:\SoftWare\xampp 7\htdocs\my_projects\testing\ci_dictionary\system\CodeIgniter.php(432): CodeIgniter\CodeIgniter->runController(Object(App\Controllers\Home))
#9 E:\SoftWare\xampp 7\htdocs\my_projects\testing\ci_dictionary\system\CodeIgniter.php(333): CodeIgniter\CodeIgniter->handleRequest(NULL, Object(Config\Cache), false)
#10 E:\SoftWare\xampp 7\htdocs\my_projects\testing\ci_dictionary\public\index.php(44): CodeIgniter\CodeIgniter->run()
#11 {main}
CRITICAL - 08:55 --> Undefined property: App\Libraries\Elements\Handlers\Styles::$styles
#0 E:\SoftWare\xampp 7\htdocs\my_projects\testing\ci_dictionary\app\Libraries\Elements\Handlers\Styles.php(754): CodeIgniter\Debug\Exceptions->errorHandler(8, 'Undefined prope...', 'E:\\SoftWare\\xam...', 754, Array)
#1 E:\SoftWare\xampp 7\htdocs\my_projects\testing\ci_dictionary\app\Libraries\Elements\Elements.php(562): App\Libraries\Elements\Handlers\Styles->border('green')
#2 E:\SoftWare\xampp 7\htdocs\my_projects\testing\ci_dictionary\app\Libraries\Elements\Elements.php(534): App\Libraries\Elements\Elements->abutton_self_style('button::bg pale...', '', 'green')
#3 E:\SoftWare\xampp 7\htdocs\my_projects\testing\ci_dictionary\app\Libraries\Elements\Elements.php(512): App\Libraries\Elements\Elements->abutton_style('button::bg pale...', '', 'block', 'green')
#4 E:\SoftWare\xampp 7\htdocs\my_projects\testing\ci_dictionary\app\Libraries\Elements\Elements.php(523): App\Libraries\Elements\Elements->abutton_generate('button::bg pale...', '#', '', 'block', 'green')
#5 E:\SoftWare\xampp 7\htdocs\my_projects\testing\ci_dictionary\app\Libraries\Elements\Elements.php(504): App\Libraries\Elements\Elements->abutton_gen_responsive('button::bg pale...', '#', '', 'block', 'green')
#6 E:\SoftWare\xampp 7\htdocs\my_projects\testing\ci_dictionary\app\Controllers\Home.php(65): App\Libraries\Elements\Elements->abutton('button::bg pale...', '#', '', 'block', 'green')
#7 E:\SoftWare\xampp 7\htdocs\my_projects\testing\ci_dictionary\system\CodeIgniter.php(936): App\Controllers\Home->index()
#8 E:\SoftWare\xampp 7\htdocs\my_projects\testing\ci_dictionary\system\CodeIgniter.php(432): CodeIgniter\CodeIgniter->runController(Object(App\Controllers\Home))
#9 E:\SoftWare\xampp 7\htdocs\my_projects\testing\ci_dictionary\system\CodeIgniter.php(333): CodeIgniter\CodeIgniter->handleRequest(NULL, Object(Config\Cache), false)
#10 E:\SoftWare\xampp 7\htdocs\my_projects\testing\ci_dictionary\public\index.php(44): CodeIgniter\CodeIgniter->run()
#11 {main}
CRITICAL - 09:29 --> Array to string conversion
#0 E:\SoftWare\xampp 7\htdocs\my_projects\testing\ci_dictionary\app\Libraries\Elements\Handlers\Tag.php(20): CodeIgniter\Debug\Exceptions->errorHandler(8, 'Array to string...', 'E:\\SoftWare\\xam...', 20, Array)
#1 E:\SoftWare\xampp 7\htdocs\my_projects\testing\ci_dictionary\app\Libraries\Elements\Handlers\Tag.php(688): App\Libraries\Elements\Handlers\Tag->parse_attr(Array)
#2 E:\SoftWare\xampp 7\htdocs\my_projects\testing\ci_dictionary\app\Libraries\Elements\Elements.php(580): App\Libraries\Elements\Handlers\Tag->details('Hello how are y...', ' Lorem ipsum do...', Array)
#3 E:\SoftWare\xampp 7\htdocs\my_projects\testing\ci_dictionary\app\Controllers\Home.php(71): App\Libraries\Elements\Elements->details('Hello how are y...', ' Lorem ipsum do...')
#4 E:\SoftWare\xampp 7\htdocs\my_projects\testing\ci_dictionary\system\CodeIgniter.php(936): App\Controllers\Home->index()
#5 E:\SoftWare\xampp 7\htdocs\my_projects\testing\ci_dictionary\system\CodeIgniter.php(432): CodeIgniter\CodeIgniter->runController(Object(App\Controllers\Home))
#6 E:\SoftWare\xampp 7\htdocs\my_projects\testing\ci_dictionary\system\CodeIgniter.php(333): CodeIgniter\CodeIgniter->handleRequest(NULL, Object(Config\Cache), false)
#7 E:\SoftWare\xampp 7\htdocs\my_projects\testing\ci_dictionary\public\index.php(44): CodeIgniter\CodeIgniter->run()
#8 {main}
CRITICAL - 10:06 --> Return value of App\Libraries\Elements\Elements::socials_netword_icon() must be of the type string, none returned
#0 E:\SoftWare\xampp 7\htdocs\my_projects\testing\ci_dictionary\app\Libraries\Elements\Elements.php(620): App\Libraries\Elements\Elements->socials_netword_icon('0')
#1 E:\SoftWare\xampp 7\htdocs\my_projects\testing\ci_dictionary\app\Libraries\Elements\Elements.php(609): App\Libraries\Elements\Elements->socials_netword_items(Array)
#2 E:\SoftWare\xampp 7\htdocs\my_projects\testing\ci_dictionary\app\Controllers\Home.php(74): App\Libraries\Elements\Elements->socials_netword(Array)
#3 E:\SoftWare\xampp 7\htdocs\my_projects\testing\ci_dictionary\system\CodeIgniter.php(936): App\Controllers\Home->index()
#4 E:\SoftWare\xampp 7\htdocs\my_projects\testing\ci_dictionary\system\CodeIgniter.php(432): CodeIgniter\CodeIgniter->runController(Object(App\Controllers\Home))
#5 E:\SoftWare\xampp 7\htdocs\my_projects\testing\ci_dictionary\system\CodeIgniter.php(333): CodeIgniter\CodeIgniter->handleRequest(NULL, Object(Config\Cache), false)
#6 E:\SoftWare\xampp 7\htdocs\my_projects\testing\ci_dictionary\public\index.php(44): CodeIgniter\CodeIgniter->run()
#7 {main}
CRITICAL - 10:16 --> Too few arguments to function App\Libraries\Elements\Elements::nav_prepare_items(), 2 passed in E:\SoftWare\xampp 7\htdocs\my_projects\testing\ci_dictionary\app\Libraries\Elements\Elements.php on line 398 and exactly 3 expected
#0 E:\SoftWare\xampp 7\htdocs\my_projects\testing\ci_dictionary\app\Libraries\Elements\Elements.php(398): App\Libraries\Elements\Elements->nav_prepare_items(Array, '')
#1 E:\SoftWare\xampp 7\htdocs\my_projects\testing\ci_dictionary\app\Libraries\Elements\Elements.php(611): App\Libraries\Elements\Elements->hnav(Array)
#2 E:\SoftWare\xampp 7\htdocs\my_projects\testing\ci_dictionary\app\Controllers\Home.php(81): App\Libraries\Elements\Elements->socials_netword(Array)
#3 E:\SoftWare\xampp 7\htdocs\my_projects\testing\ci_dictionary\system\CodeIgniter.php(936): App\Controllers\Home->index()
#4 E:\SoftWare\xampp 7\htdocs\my_projects\testing\ci_dictionary\system\CodeIgniter.php(432): CodeIgniter\CodeIgniter->runController(Object(App\Controllers\Home))
#5 E:\SoftWare\xampp 7\htdocs\my_projects\testing\ci_dictionary\system\CodeIgniter.php(333): CodeIgniter\CodeIgniter->handleRequest(NULL, Object(Config\Cache), false)
#6 E:\SoftWare\xampp 7\htdocs\my_projects\testing\ci_dictionary\public\index.php(44): CodeIgniter\CodeIgniter->run()
#7 {main}
CRITICAL - 10:26 --> Too few arguments to function App\Libraries\Elements\Elements::nav_prepare_items(), 2 passed in E:\SoftWare\xampp 7\htdocs\my_projects\testing\ci_dictionary\app\Libraries\Elements\Elements.php on line 398 and exactly 3 expected
#0 E:\SoftWare\xampp 7\htdocs\my_projects\testing\ci_dictionary\app\Libraries\Elements\Elements.php(398): App\Libraries\Elements\Elements->nav_prepare_items(Array, '')
#1 E:\SoftWare\xampp 7\htdocs\my_projects\testing\ci_dictionary\app\Libraries\Elements\Elements.php(611): App\Libraries\Elements\Elements->hnav(Array)
#2 E:\SoftWare\xampp 7\htdocs\my_projects\testing\ci_dictionary\app\Controllers\Home.php(81): App\Libraries\Elements\Elements->socials_netword(Array)
#3 E:\SoftWare\xampp 7\htdocs\my_projects\testing\ci_dictionary\system\CodeIgniter.php(936): App\Controllers\Home->index()
#4 E:\SoftWare\xampp 7\htdocs\my_projects\testing\ci_dictionary\system\CodeIgniter.php(432): CodeIgniter\CodeIgniter->runController(Object(App\Controllers\Home))
#5 E:\SoftWare\xampp 7\htdocs\my_projects\testing\ci_dictionary\system\CodeIgniter.php(333): CodeIgniter\CodeIgniter->handleRequest(NULL, Object(Config\Cache), false)
#6 E:\SoftWare\xampp 7\htdocs\my_projects\testing\ci_dictionary\public\index.php(44): CodeIgniter\CodeIgniter->run()
#7 {main}
CRITICAL - 10:48 --> Argument 1 passed to App\Libraries\Elements\Handlers\Tag::div() must be of the type string, array given, called in E:\SoftWare\xampp 7\htdocs\my_projects\testing\ci_dictionary\app\Libraries\Elements\Elements.php on line 615
#0 E:\SoftWare\xampp 7\htdocs\my_projects\testing\ci_dictionary\app\Libraries\Elements\Elements.php(615): App\Libraries\Elements\Handlers\Tag->div(Array, Array)
#1 E:\SoftWare\xampp 7\htdocs\my_projects\testing\ci_dictionary\app\Controllers\Home.php(81): App\Libraries\Elements\Elements->socials_netword(Array)
#2 E:\SoftWare\xampp 7\htdocs\my_projects\testing\ci_dictionary\system\CodeIgniter.php(936): App\Controllers\Home->index()
#3 E:\SoftWare\xampp 7\htdocs\my_projects\testing\ci_dictionary\system\CodeIgniter.php(432): CodeIgniter\CodeIgniter->runController(Object(App\Controllers\Home))
#4 E:\SoftWare\xampp 7\htdocs\my_projects\testing\ci_dictionary\system\CodeIgniter.php(333): CodeIgniter\CodeIgniter->handleRequest(NULL, Object(Config\Cache), false)
#5 E:\SoftWare\xampp 7\htdocs\my_projects\testing\ci_dictionary\public\index.php(44): CodeIgniter\CodeIgniter->run()
#6 {main}
CRITICAL - 11:00 --> Return value of App\Libraries\Elements\Handlers\Styles::text_size() must be of the type string, none returned
#0 E:\SoftWare\xampp 7\htdocs\my_projects\testing\ci_dictionary\app\Libraries\Elements\Elements.php(648): App\Libraries\Elements\Handlers\Styles->text_size('')
#1 E:\SoftWare\xampp 7\htdocs\my_projects\testing\ci_dictionary\app\Libraries\Elements\Elements.php(631): App\Libraries\Elements\Elements->socials_netword_item_style('')
#2 E:\SoftWare\xampp 7\htdocs\my_projects\testing\ci_dictionary\app\Libraries\Elements\Elements.php(609): App\Libraries\Elements\Elements->socials_netword_items(Array, '')
#3 E:\SoftWare\xampp 7\htdocs\my_projects\testing\ci_dictionary\app\Controllers\Home.php(81): App\Libraries\Elements\Elements->socials_netword(Array)
#4 E:\SoftWare\xampp 7\htdocs\my_projects\testing\ci_dictionary\system\CodeIgniter.php(936): App\Controllers\Home->index()
#5 E:\SoftWare\xampp 7\htdocs\my_projects\testing\ci_dictionary\system\CodeIgniter.php(432): CodeIgniter\CodeIgniter->runController(Object(App\Controllers\Home))
#6 E:\SoftWare\xampp 7\htdocs\my_projects\testing\ci_dictionary\system\CodeIgniter.php(333): CodeIgniter\CodeIgniter->handleRequest(NULL, Object(Config\Cache), false)
#7 E:\SoftWare\xampp 7\htdocs\my_projects\testing\ci_dictionary\public\index.php(44): CodeIgniter\CodeIgniter->run()
#8 {main}
