CRITICAL - 2022-05-09 05:08:37 --> Class 'App\Libraries\Authentication' not found
#0 E:\SoftWare\xampp 7\htdocs\my_projects\testing\ci_dictionary\app\Controllers\BaseController.php(81): App\Controllers\BaseController->general_contect()
#1 E:\SoftWare\xampp 7\htdocs\my_projects\testing\ci_dictionary\app\Controllers\Home.php(51): App\Controllers\BaseController->load_page('VHome', Array)
#2 E:\SoftWare\xampp 7\htdocs\my_projects\testing\ci_dictionary\system\CodeIgniter.php(936): App\Controllers\Home->index()
#3 E:\SoftWare\xampp 7\htdocs\my_projects\testing\ci_dictionary\system\CodeIgniter.php(432): CodeIgniter\CodeIgniter->runController(Object(App\Controllers\Home))
#4 E:\SoftWare\xampp 7\htdocs\my_projects\testing\ci_dictionary\system\CodeIgniter.php(333): CodeIgniter\CodeIgniter->handleRequest(NULL, Object(Config\Cache), false)
#5 E:\SoftWare\xampp 7\htdocs\my_projects\testing\ci_dictionary\public\index.php(44): CodeIgniter\CodeIgniter->run()
#6 {main}
CRITICAL - 2022-05-09 05:10:00 --> Class 'App\Libraries\Authentication' not found
#0 E:\SoftWare\xampp 7\htdocs\my_projects\testing\ci_dictionary\app\Controllers\BaseController.php(81): App\Controllers\BaseController->general_contect()
#1 E:\SoftWare\xampp 7\htdocs\my_projects\testing\ci_dictionary\app\Controllers\Home.php(51): App\Controllers\BaseController->load_page('VHome', Array)
#2 E:\SoftWare\xampp 7\htdocs\my_projects\testing\ci_dictionary\system\CodeIgniter.php(936): App\Controllers\Home->index()
#3 E:\SoftWare\xampp 7\htdocs\my_projects\testing\ci_dictionary\system\CodeIgniter.php(432): CodeIgniter\CodeIgniter->runController(Object(App\Controllers\Home))
#4 E:\SoftWare\xampp 7\htdocs\my_projects\testing\ci_dictionary\system\CodeIgniter.php(333): CodeIgniter\CodeIgniter->handleRequest(NULL, Object(Config\Cache), false)
#5 E:\SoftWare\xampp 7\htdocs\my_projects\testing\ci_dictionary\public\index.php(44): CodeIgniter\CodeIgniter->run()
#6 {main}
CRITICAL - 2022-05-09 05:11:14 --> Class 'App\Libraries\Authentication' not found
#0 E:\SoftWare\xampp 7\htdocs\my_projects\testing\ci_dictionary\system\CodeIgniter.php(936): App\Controllers\Home->login()
#1 E:\SoftWare\xampp 7\htdocs\my_projects\testing\ci_dictionary\system\CodeIgniter.php(432): CodeIgniter\CodeIgniter->runController(Object(App\Controllers\Home))
#2 E:\SoftWare\xampp 7\htdocs\my_projects\testing\ci_dictionary\system\CodeIgniter.php(333): CodeIgniter\CodeIgniter->handleRequest(NULL, Object(Config\Cache), false)
#3 E:\SoftWare\xampp 7\htdocs\my_projects\testing\ci_dictionary\public\index.php(44): CodeIgniter\CodeIgniter->run()
#4 {main}
CRITICAL - 2022-05-09 05:13:05 --> Class 'App\Libraries\Authentication' not found
#0 E:\SoftWare\xampp 7\htdocs\my_projects\testing\ci_dictionary\system\CodeIgniter.php(936): App\Controllers\Logout->index()
#1 E:\SoftWare\xampp 7\htdocs\my_projects\testing\ci_dictionary\system\CodeIgniter.php(432): CodeIgniter\CodeIgniter->runController(Object(App\Controllers\Logout))
#2 E:\SoftWare\xampp 7\htdocs\my_projects\testing\ci_dictionary\system\CodeIgniter.php(333): CodeIgniter\CodeIgniter->handleRequest(NULL, Object(Config\Cache), false)
#3 E:\SoftWare\xampp 7\htdocs\my_projects\testing\ci_dictionary\public\index.php(44): CodeIgniter\CodeIgniter->run()
#4 {main}
CRITICAL - 2022-05-09 05:15:30 --> Class 'App\Libraries\Authentication' not found
#0 E:\SoftWare\xampp 7\htdocs\my_projects\testing\ci_dictionary\system\CodeIgniter.php(936): App\Controllers\Panel\Editprofile->index()
#1 E:\SoftWare\xampp 7\htdocs\my_projects\testing\ci_dictionary\system\CodeIgniter.php(432): CodeIgniter\CodeIgniter->runController(Object(App\Controllers\Panel\Editprofile))
#2 E:\SoftWare\xampp 7\htdocs\my_projects\testing\ci_dictionary\system\CodeIgniter.php(333): CodeIgniter\CodeIgniter->handleRequest(NULL, Object(Config\Cache), false)
#3 E:\SoftWare\xampp 7\htdocs\my_projects\testing\ci_dictionary\public\index.php(44): CodeIgniter\CodeIgniter->run()
#4 {main}
CRITICAL - 2022-05-09 05:17:00 --> Class 'App\Libraries\Authentication\EditProfile' not found
#0 E:\SoftWare\xampp 7\htdocs\my_projects\testing\ci_dictionary\app\Controllers\Panel\Editprofile.php(63): App\Libraries\Authentication\Authentication->edit_profile(Array, 'c_password', 'password', 'retype_password')
#1 E:\SoftWare\xampp 7\htdocs\my_projects\testing\ci_dictionary\system\CodeIgniter.php(936): App\Controllers\Panel\Editprofile->edit_profile()
#2 E:\SoftWare\xampp 7\htdocs\my_projects\testing\ci_dictionary\system\CodeIgniter.php(432): CodeIgniter\CodeIgniter->runController(Object(App\Controllers\Panel\Editprofile))
#3 E:\SoftWare\xampp 7\htdocs\my_projects\testing\ci_dictionary\system\CodeIgniter.php(333): CodeIgniter\CodeIgniter->handleRequest(NULL, Object(Config\Cache), false)
#4 E:\SoftWare\xampp 7\htdocs\my_projects\testing\ci_dictionary\public\index.php(44): CodeIgniter\CodeIgniter->run()
#5 {main}
CRITICAL - 2022-05-09 05:18:16 --> Class 'App\Libraries\Authentication\Handlers\Authentication' not found
#0 E:\SoftWare\xampp 7\htdocs\my_projects\testing\ci_dictionary\system\Autoloader\Autoloader.php(294): include_once()
#1 E:\SoftWare\xampp 7\htdocs\my_projects\testing\ci_dictionary\system\Autoloader\Autoloader.php(265): CodeIgniter\Autoloader\Autoloader->includeFile('E:\\SoftWare\\xam...')
#2 E:\SoftWare\xampp 7\htdocs\my_projects\testing\ci_dictionary\system\Autoloader\Autoloader.php(228): CodeIgniter\Autoloader\Autoloader->loadInNamespace('App\\Libraries\\A...')
#3 [internal function]: CodeIgniter\Autoloader\Autoloader->loadClass('App\\Libraries\\A...')
#4 E:\SoftWare\xampp 7\htdocs\my_projects\testing\ci_dictionary\app\Libraries\Authentication\Authentication.php(193): spl_autoload_call('App\\Libraries\\A...')
#5 E:\SoftWare\xampp 7\htdocs\my_projects\testing\ci_dictionary\app\Controllers\Panel\Editprofile.php(63): App\Libraries\Authentication\Authentication->edit_profile(Array, 'c_password', 'password', 'retype_password')
#6 E:\SoftWare\xampp 7\htdocs\my_projects\testing\ci_dictionary\system\CodeIgniter.php(936): App\Controllers\Panel\Editprofile->edit_profile()
#7 E:\SoftWare\xampp 7\htdocs\my_projects\testing\ci_dictionary\system\CodeIgniter.php(432): CodeIgniter\CodeIgniter->runController(Object(App\Controllers\Panel\Editprofile))
#8 E:\SoftWare\xampp 7\htdocs\my_projects\testing\ci_dictionary\system\CodeIgniter.php(333): CodeIgniter\CodeIgniter->handleRequest(NULL, Object(Config\Cache), false)
#9 E:\SoftWare\xampp 7\htdocs\my_projects\testing\ci_dictionary\public\index.php(44): CodeIgniter\CodeIgniter->run()
#10 {main}
ERROR - 2022-05-09 05:21:07 --> mysqli_sql_exception: Column 'password' cannot be null in E:\SoftWare\xampp 7\htdocs\my_projects\testing\ci_dictionary\system\Database\MySQLi\Connection.php:314
Stack trace:
#0 E:\SoftWare\xampp 7\htdocs\my_projects\testing\ci_dictionary\system\Database\MySQLi\Connection.php(314): mysqli->query('INSERT INTO `us...')
#1 E:\SoftWare\xampp 7\htdocs\my_projects\testing\ci_dictionary\system\Database\BaseConnection.php(713): CodeIgniter\Database\MySQLi\Connection->execute('INSERT INTO `us...')
#2 E:\SoftWare\xampp 7\htdocs\my_projects\testing\ci_dictionary\system\Database\BaseConnection.php(641): CodeIgniter\Database\BaseConnection->simpleQuery('INSERT INTO `us...')
#3 E:\SoftWare\xampp 7\htdocs\my_projects\testing\ci_dictionary\system\Database\BaseBuilder.php(2263): CodeIgniter\Database\BaseConnection->query('INSERT INTO `us...', Array, false)
#4 E:\SoftWare\xampp 7\htdocs\my_projects\testing\ci_dictionary\system\Model.php(278): CodeIgniter\Database\BaseBuilder->insert()
#5 E:\SoftWare\xampp 7\htdocs\my_projects\testing\ci_dictionary\system\BaseModel.php(758): CodeIgniter\Model->doInsert(Array)
#6 E:\SoftWare\xampp 7\htdocs\my_projects\testing\ci_dictionary\system\Model.php(705): CodeIgniter\BaseModel->insert(Array, true)
#7 E:\SoftWare\xampp 7\htdocs\my_projects\testing\ci_dictionary\app\Libraries\Authentication\Authentication.php(146): CodeIgniter\Model->insert(Array)
#8 E:\SoftWare\xampp 7\htdocs\my_projects\testing\ci_dictionary\app\Libraries\Authentication\Authentication.php(139): App\Libraries\Authentication\Authentication->save_user_data(Array)
#9 E:\SoftWare\xampp 7\htdocs\my_projects\testing\ci_dictionary\app\Controllers\Register.php(43): App\Libraries\Authentication\Authentication->register(Array)
#10 E:\SoftWare\xampp 7\htdocs\my_projects\testing\ci_dictionary\system\CodeIgniter.php(936): App\Controllers\Register->register()
#11 E:\SoftWare\xampp 7\htdocs\my_projects\testing\ci_dictionary\system\CodeIgniter.php(432): CodeIgniter\CodeIgniter->runController(Object(App\Controllers\Register))
#12 E:\SoftWare\xampp 7\htdocs\my_projects\testing\ci_dictionary\system\CodeIgniter.php(333): CodeIgniter\CodeIgniter->handleRequest(NULL, Object(Config\Cache), false)
#13 E:\SoftWare\xampp 7\htdocs\my_projects\testing\ci_dictionary\public\index.php(44): CodeIgniter\CodeIgniter->run()
#14 {main}
CRITICAL - 2022-05-09 05:21:07 --> Column 'password' cannot be null
#0 E:\SoftWare\xampp 7\htdocs\my_projects\testing\ci_dictionary\system\Database\MySQLi\Connection.php(314): mysqli->query('INSERT INTO `us...')
#1 E:\SoftWare\xampp 7\htdocs\my_projects\testing\ci_dictionary\system\Database\BaseConnection.php(713): CodeIgniter\Database\MySQLi\Connection->execute('INSERT INTO `us...')
#2 E:\SoftWare\xampp 7\htdocs\my_projects\testing\ci_dictionary\system\Database\BaseConnection.php(641): CodeIgniter\Database\BaseConnection->simpleQuery('INSERT INTO `us...')
#3 E:\SoftWare\xampp 7\htdocs\my_projects\testing\ci_dictionary\system\Database\BaseBuilder.php(2263): CodeIgniter\Database\BaseConnection->query('INSERT INTO `us...', Array, false)
#4 E:\SoftWare\xampp 7\htdocs\my_projects\testing\ci_dictionary\system\Model.php(278): CodeIgniter\Database\BaseBuilder->insert()
#5 E:\SoftWare\xampp 7\htdocs\my_projects\testing\ci_dictionary\system\BaseModel.php(758): CodeIgniter\Model->doInsert(Array)
#6 E:\SoftWare\xampp 7\htdocs\my_projects\testing\ci_dictionary\system\Model.php(705): CodeIgniter\BaseModel->insert(Array, true)
#7 E:\SoftWare\xampp 7\htdocs\my_projects\testing\ci_dictionary\app\Libraries\Authentication\Authentication.php(146): CodeIgniter\Model->insert(Array)
#8 E:\SoftWare\xampp 7\htdocs\my_projects\testing\ci_dictionary\app\Libraries\Authentication\Authentication.php(139): App\Libraries\Authentication\Authentication->save_user_data(Array)
#9 E:\SoftWare\xampp 7\htdocs\my_projects\testing\ci_dictionary\app\Controllers\Register.php(43): App\Libraries\Authentication\Authentication->register(Array)
#10 E:\SoftWare\xampp 7\htdocs\my_projects\testing\ci_dictionary\system\CodeIgniter.php(936): App\Controllers\Register->register()
#11 E:\SoftWare\xampp 7\htdocs\my_projects\testing\ci_dictionary\system\CodeIgniter.php(432): CodeIgniter\CodeIgniter->runController(Object(App\Controllers\Register))
#12 E:\SoftWare\xampp 7\htdocs\my_projects\testing\ci_dictionary\system\CodeIgniter.php(333): CodeIgniter\CodeIgniter->handleRequest(NULL, Object(Config\Cache), false)
#13 E:\SoftWare\xampp 7\htdocs\my_projects\testing\ci_dictionary\public\index.php(44): CodeIgniter\CodeIgniter->run()
#14 {main}
CRITICAL - 2022-05-09 06:52:31 --> Call to a member function setRules() on null
#0 E:\SoftWare\xampp 7\htdocs\my_projects\testing\ci_dictionary\system\BaseModel.php(722): CodeIgniter\BaseModel->validate(Array)
#1 E:\SoftWare\xampp 7\htdocs\my_projects\testing\ci_dictionary\system\Model.php(705): CodeIgniter\BaseModel->insert(Array, true)
#2 E:\SoftWare\xampp 7\htdocs\my_projects\testing\ci_dictionary\app\Libraries\Authentication\Authentication.php(148): CodeIgniter\Model->insert(Array)
#3 E:\SoftWare\xampp 7\htdocs\my_projects\testing\ci_dictionary\app\Libraries\Authentication\Authentication.php(141): App\Libraries\Authentication\Authentication->save_user_data(Array)
#4 E:\SoftWare\xampp 7\htdocs\my_projects\testing\ci_dictionary\app\Controllers\Register.php(43): App\Libraries\Authentication\Authentication->register(Array)
#5 E:\SoftWare\xampp 7\htdocs\my_projects\testing\ci_dictionary\system\CodeIgniter.php(936): App\Controllers\Register->register()
#6 E:\SoftWare\xampp 7\htdocs\my_projects\testing\ci_dictionary\system\CodeIgniter.php(432): CodeIgniter\CodeIgniter->runController(Object(App\Controllers\Register))
#7 E:\SoftWare\xampp 7\htdocs\my_projects\testing\ci_dictionary\system\CodeIgniter.php(333): CodeIgniter\CodeIgniter->handleRequest(NULL, Object(Config\Cache), false)
#8 E:\SoftWare\xampp 7\htdocs\my_projects\testing\ci_dictionary\public\index.php(44): CodeIgniter\CodeIgniter->run()
#9 {main}
CRITICAL - 2022-05-09 06:53:37 --> Call to a member function setRules() on bool
#0 E:\SoftWare\xampp 7\htdocs\my_projects\testing\ci_dictionary\system\BaseModel.php(722): CodeIgniter\BaseModel->validate(Array)
#1 E:\SoftWare\xampp 7\htdocs\my_projects\testing\ci_dictionary\system\Model.php(705): CodeIgniter\BaseModel->insert(Array, true)
#2 E:\SoftWare\xampp 7\htdocs\my_projects\testing\ci_dictionary\app\Libraries\Authentication\Authentication.php(148): CodeIgniter\Model->insert(Array)
#3 E:\SoftWare\xampp 7\htdocs\my_projects\testing\ci_dictionary\app\Libraries\Authentication\Authentication.php(141): App\Libraries\Authentication\Authentication->save_user_data(Array)
#4 E:\SoftWare\xampp 7\htdocs\my_projects\testing\ci_dictionary\app\Controllers\Register.php(43): App\Libraries\Authentication\Authentication->register(Array)
#5 E:\SoftWare\xampp 7\htdocs\my_projects\testing\ci_dictionary\system\CodeIgniter.php(936): App\Controllers\Register->register()
#6 E:\SoftWare\xampp 7\htdocs\my_projects\testing\ci_dictionary\system\CodeIgniter.php(432): CodeIgniter\CodeIgniter->runController(Object(App\Controllers\Register))
#7 E:\SoftWare\xampp 7\htdocs\my_projects\testing\ci_dictionary\system\CodeIgniter.php(333): CodeIgniter\CodeIgniter->handleRequest(NULL, Object(Config\Cache), false)
#8 E:\SoftWare\xampp 7\htdocs\my_projects\testing\ci_dictionary\public\index.php(44): CodeIgniter\CodeIgniter->run()
#9 {main}
CRITICAL - 2022-05-09 06:54:10 --> syntax error, unexpected '}'
#0 E:\SoftWare\xampp 7\htdocs\my_projects\testing\ci_dictionary\system\Autoloader\Autoloader.php(265): CodeIgniter\Autoloader\Autoloader->includeFile('E:\\SoftWare\\xam...')
#1 E:\SoftWare\xampp 7\htdocs\my_projects\testing\ci_dictionary\system\Autoloader\Autoloader.php(228): CodeIgniter\Autoloader\Autoloader->loadInNamespace('App\\Models\\MUse...')
#2 [internal function]: CodeIgniter\Autoloader\Autoloader->loadClass('App\\Models\\MUse...')
#3 E:\SoftWare\xampp 7\htdocs\my_projects\testing\ci_dictionary\app\Libraries\Authentication\Authentication.php(22): spl_autoload_call('App\\Models\\MUse...')
#4 E:\SoftWare\xampp 7\htdocs\my_projects\testing\ci_dictionary\app\Controllers\Register.php(41): App\Libraries\Authentication\Authentication->__construct(Array)
#5 E:\SoftWare\xampp 7\htdocs\my_projects\testing\ci_dictionary\system\CodeIgniter.php(936): App\Controllers\Register->register()
#6 E:\SoftWare\xampp 7\htdocs\my_projects\testing\ci_dictionary\system\CodeIgniter.php(432): CodeIgniter\CodeIgniter->runController(Object(App\Controllers\Register))
#7 E:\SoftWare\xampp 7\htdocs\my_projects\testing\ci_dictionary\system\CodeIgniter.php(333): CodeIgniter\CodeIgniter->handleRequest(NULL, Object(Config\Cache), false)
#8 E:\SoftWare\xampp 7\htdocs\my_projects\testing\ci_dictionary\public\index.php(44): CodeIgniter\CodeIgniter->run()
#9 {main}
CRITICAL - 2022-05-09 06:54:31 --> Call to a member function setRules() on array
#0 E:\SoftWare\xampp 7\htdocs\my_projects\testing\ci_dictionary\system\BaseModel.php(722): CodeIgniter\BaseModel->validate(Array)
#1 E:\SoftWare\xampp 7\htdocs\my_projects\testing\ci_dictionary\system\Model.php(705): CodeIgniter\BaseModel->insert(Array, true)
#2 E:\SoftWare\xampp 7\htdocs\my_projects\testing\ci_dictionary\app\Libraries\Authentication\Authentication.php(148): CodeIgniter\Model->insert(Array)
#3 E:\SoftWare\xampp 7\htdocs\my_projects\testing\ci_dictionary\app\Libraries\Authentication\Authentication.php(141): App\Libraries\Authentication\Authentication->save_user_data(Array)
#4 E:\SoftWare\xampp 7\htdocs\my_projects\testing\ci_dictionary\app\Controllers\Register.php(43): App\Libraries\Authentication\Authentication->register(Array)
#5 E:\SoftWare\xampp 7\htdocs\my_projects\testing\ci_dictionary\system\CodeIgniter.php(936): App\Controllers\Register->register()
#6 E:\SoftWare\xampp 7\htdocs\my_projects\testing\ci_dictionary\system\CodeIgniter.php(432): CodeIgniter\CodeIgniter->runController(Object(App\Controllers\Register))
#7 E:\SoftWare\xampp 7\htdocs\my_projects\testing\ci_dictionary\system\CodeIgniter.php(333): CodeIgniter\CodeIgniter->handleRequest(NULL, Object(Config\Cache), false)
#8 E:\SoftWare\xampp 7\htdocs\my_projects\testing\ci_dictionary\public\index.php(44): CodeIgniter\CodeIgniter->run()
#9 {main}
CRITICAL - 2022-05-09 06:54:54 --> Call to a member function setRules() on string
#0 E:\SoftWare\xampp 7\htdocs\my_projects\testing\ci_dictionary\system\BaseModel.php(722): CodeIgniter\BaseModel->validate(Array)
#1 E:\SoftWare\xampp 7\htdocs\my_projects\testing\ci_dictionary\system\Model.php(705): CodeIgniter\BaseModel->insert(Array, true)
#2 E:\SoftWare\xampp 7\htdocs\my_projects\testing\ci_dictionary\app\Libraries\Authentication\Authentication.php(148): CodeIgniter\Model->insert(Array)
#3 E:\SoftWare\xampp 7\htdocs\my_projects\testing\ci_dictionary\app\Libraries\Authentication\Authentication.php(141): App\Libraries\Authentication\Authentication->save_user_data(Array)
#4 E:\SoftWare\xampp 7\htdocs\my_projects\testing\ci_dictionary\app\Controllers\Register.php(43): App\Libraries\Authentication\Authentication->register(Array)
#5 E:\SoftWare\xampp 7\htdocs\my_projects\testing\ci_dictionary\system\CodeIgniter.php(936): App\Controllers\Register->register()
#6 E:\SoftWare\xampp 7\htdocs\my_projects\testing\ci_dictionary\system\CodeIgniter.php(432): CodeIgniter\CodeIgniter->runController(Object(App\Controllers\Register))
#7 E:\SoftWare\xampp 7\htdocs\my_projects\testing\ci_dictionary\system\CodeIgniter.php(333): CodeIgniter\CodeIgniter->handleRequest(NULL, Object(Config\Cache), false)
#8 E:\SoftWare\xampp 7\htdocs\my_projects\testing\ci_dictionary\public\index.php(44): CodeIgniter\CodeIgniter->run()
#9 {main}
CRITICAL - 2022-05-09 06:55:47 --> Call to a member function setRules() on int
#0 E:\SoftWare\xampp 7\htdocs\my_projects\testing\ci_dictionary\system\BaseModel.php(722): CodeIgniter\BaseModel->validate(Array)
#1 E:\SoftWare\xampp 7\htdocs\my_projects\testing\ci_dictionary\system\Model.php(705): CodeIgniter\BaseModel->insert(Array, true)
#2 E:\SoftWare\xampp 7\htdocs\my_projects\testing\ci_dictionary\app\Libraries\Authentication\Authentication.php(148): CodeIgniter\Model->insert(Array)
#3 E:\SoftWare\xampp 7\htdocs\my_projects\testing\ci_dictionary\app\Libraries\Authentication\Authentication.php(141): App\Libraries\Authentication\Authentication->save_user_data(Array)
#4 E:\SoftWare\xampp 7\htdocs\my_projects\testing\ci_dictionary\app\Controllers\Register.php(43): App\Libraries\Authentication\Authentication->register(Array)
#5 E:\SoftWare\xampp 7\htdocs\my_projects\testing\ci_dictionary\system\CodeIgniter.php(936): App\Controllers\Register->register()
#6 E:\SoftWare\xampp 7\htdocs\my_projects\testing\ci_dictionary\system\CodeIgniter.php(432): CodeIgniter\CodeIgniter->runController(Object(App\Controllers\Register))
#7 E:\SoftWare\xampp 7\htdocs\my_projects\testing\ci_dictionary\system\CodeIgniter.php(333): CodeIgniter\CodeIgniter->handleRequest(NULL, Object(Config\Cache), false)
#8 E:\SoftWare\xampp 7\htdocs\my_projects\testing\ci_dictionary\public\index.php(44): CodeIgniter\CodeIgniter->run()
#9 {main}
CRITICAL - 2022-05-09 06:56:47 --> Call to a member function setRules() on null
#0 E:\SoftWare\xampp 7\htdocs\my_projects\testing\ci_dictionary\system\BaseModel.php(722): CodeIgniter\BaseModel->validate(Array)
#1 E:\SoftWare\xampp 7\htdocs\my_projects\testing\ci_dictionary\system\Model.php(705): CodeIgniter\BaseModel->insert(Array, true)
#2 E:\SoftWare\xampp 7\htdocs\my_projects\testing\ci_dictionary\app\Libraries\Authentication\Authentication.php(148): CodeIgniter\Model->insert(Array)
#3 E:\SoftWare\xampp 7\htdocs\my_projects\testing\ci_dictionary\app\Libraries\Authentication\Authentication.php(141): App\Libraries\Authentication\Authentication->save_user_data(Array)
#4 E:\SoftWare\xampp 7\htdocs\my_projects\testing\ci_dictionary\app\Controllers\Register.php(43): App\Libraries\Authentication\Authentication->register(Array)
#5 E:\SoftWare\xampp 7\htdocs\my_projects\testing\ci_dictionary\system\CodeIgniter.php(936): App\Controllers\Register->register()
#6 E:\SoftWare\xampp 7\htdocs\my_projects\testing\ci_dictionary\system\CodeIgniter.php(432): CodeIgniter\CodeIgniter->runController(Object(App\Controllers\Register))
#7 E:\SoftWare\xampp 7\htdocs\my_projects\testing\ci_dictionary\system\CodeIgniter.php(333): CodeIgniter\CodeIgniter->handleRequest(NULL, Object(Config\Cache), false)
#8 E:\SoftWare\xampp 7\htdocs\my_projects\testing\ci_dictionary\public\index.php(44): CodeIgniter\CodeIgniter->run()
#9 {main}
ERROR - 2022-05-09 07:46:38 --> mysqli_sql_exception: Column 'password' cannot be null in E:\SoftWare\xampp 7\htdocs\my_projects\testing\ci_dictionary\system\Database\MySQLi\Connection.php:314
Stack trace:
#0 E:\SoftWare\xampp 7\htdocs\my_projects\testing\ci_dictionary\system\Database\MySQLi\Connection.php(314): mysqli->query('INSERT INTO `us...')
#1 E:\SoftWare\xampp 7\htdocs\my_projects\testing\ci_dictionary\system\Database\BaseConnection.php(713): CodeIgniter\Database\MySQLi\Connection->execute('INSERT INTO `us...')
#2 E:\SoftWare\xampp 7\htdocs\my_projects\testing\ci_dictionary\system\Database\BaseConnection.php(641): CodeIgniter\Database\BaseConnection->simpleQuery('INSERT INTO `us...')
#3 E:\SoftWare\xampp 7\htdocs\my_projects\testing\ci_dictionary\system\Database\BaseBuilder.php(2263): CodeIgniter\Database\BaseConnection->query('INSERT INTO `us...', Array, false)
#4 E:\SoftWare\xampp 7\htdocs\my_projects\testing\ci_dictionary\system\Model.php(278): CodeIgniter\Database\BaseBuilder->insert()
#5 E:\SoftWare\xampp 7\htdocs\my_projects\testing\ci_dictionary\system\BaseModel.php(758): CodeIgniter\Model->doInsert(Array)
#6 E:\SoftWare\xampp 7\htdocs\my_projects\testing\ci_dictionary\system\Model.php(705): CodeIgniter\BaseModel->insert(Array, true)
#7 E:\SoftWare\xampp 7\htdocs\my_projects\testing\ci_dictionary\app\Libraries\Authentication\Handlers\Register.php(60): CodeIgniter\Model->insert(Array)
#8 E:\SoftWare\xampp 7\htdocs\my_projects\testing\ci_dictionary\app\Libraries\Authentication\Handlers\Register.php(32): App\Libraries\Authentication\Handlers\Register->save_user_data(Array)
#9 E:\SoftWare\xampp 7\htdocs\my_projects\testing\ci_dictionary\app\Libraries\Authentication\Authentication.php(119): App\Libraries\Authentication\Handlers\Register->register(Array)
#10 E:\SoftWare\xampp 7\htdocs\my_projects\testing\ci_dictionary\app\Controllers\Register.php(43): App\Libraries\Authentication\Authentication->register_user(Array)
#11 E:\SoftWare\xampp 7\htdocs\my_projects\testing\ci_dictionary\system\CodeIgniter.php(936): App\Controllers\Register->register()
#12 E:\SoftWare\xampp 7\htdocs\my_projects\testing\ci_dictionary\system\CodeIgniter.php(432): CodeIgniter\CodeIgniter->runController(Object(App\Controllers\Register))
#13 E:\SoftWare\xampp 7\htdocs\my_projects\testing\ci_dictionary\system\CodeIgniter.php(333): CodeIgniter\CodeIgniter->handleRequest(NULL, Object(Config\Cache), false)
#14 E:\SoftWare\xampp 7\htdocs\my_projects\testing\ci_dictionary\public\index.php(44): CodeIgniter\CodeIgniter->run()
#15 {main}
CRITICAL - 2022-05-09 07:46:38 --> Column 'password' cannot be null
#0 E:\SoftWare\xampp 7\htdocs\my_projects\testing\ci_dictionary\system\Database\MySQLi\Connection.php(314): mysqli->query('INSERT INTO `us...')
#1 E:\SoftWare\xampp 7\htdocs\my_projects\testing\ci_dictionary\system\Database\BaseConnection.php(713): CodeIgniter\Database\MySQLi\Connection->execute('INSERT INTO `us...')
#2 E:\SoftWare\xampp 7\htdocs\my_projects\testing\ci_dictionary\system\Database\BaseConnection.php(641): CodeIgniter\Database\BaseConnection->simpleQuery('INSERT INTO `us...')
#3 E:\SoftWare\xampp 7\htdocs\my_projects\testing\ci_dictionary\system\Database\BaseBuilder.php(2263): CodeIgniter\Database\BaseConnection->query('INSERT INTO `us...', Array, false)
#4 E:\SoftWare\xampp 7\htdocs\my_projects\testing\ci_dictionary\system\Model.php(278): CodeIgniter\Database\BaseBuilder->insert()
#5 E:\SoftWare\xampp 7\htdocs\my_projects\testing\ci_dictionary\system\BaseModel.php(758): CodeIgniter\Model->doInsert(Array)
#6 E:\SoftWare\xampp 7\htdocs\my_projects\testing\ci_dictionary\system\Model.php(705): CodeIgniter\BaseModel->insert(Array, true)
#7 E:\SoftWare\xampp 7\htdocs\my_projects\testing\ci_dictionary\app\Libraries\Authentication\Handlers\Register.php(60): CodeIgniter\Model->insert(Array)
#8 E:\SoftWare\xampp 7\htdocs\my_projects\testing\ci_dictionary\app\Libraries\Authentication\Handlers\Register.php(32): App\Libraries\Authentication\Handlers\Register->save_user_data(Array)
#9 E:\SoftWare\xampp 7\htdocs\my_projects\testing\ci_dictionary\app\Libraries\Authentication\Authentication.php(119): App\Libraries\Authentication\Handlers\Register->register(Array)
#10 E:\SoftWare\xampp 7\htdocs\my_projects\testing\ci_dictionary\app\Controllers\Register.php(43): App\Libraries\Authentication\Authentication->register_user(Array)
#11 E:\SoftWare\xampp 7\htdocs\my_projects\testing\ci_dictionary\system\CodeIgniter.php(936): App\Controllers\Register->register()
#12 E:\SoftWare\xampp 7\htdocs\my_projects\testing\ci_dictionary\system\CodeIgniter.php(432): CodeIgniter\CodeIgniter->runController(Object(App\Controllers\Register))
#13 E:\SoftWare\xampp 7\htdocs\my_projects\testing\ci_dictionary\system\CodeIgniter.php(333): CodeIgniter\CodeIgniter->handleRequest(NULL, Object(Config\Cache), false)
#14 E:\SoftWare\xampp 7\htdocs\my_projects\testing\ci_dictionary\public\index.php(44): CodeIgniter\CodeIgniter->run()
#15 {main}
CRITICAL - 2022-05-09 07:47:53 --> Argument 2 passed to App\Libraries\Authentication\Authentication::login() must be of the type string, null given, called in E:\SoftWare\xampp 7\htdocs\my_projects\testing\ci_dictionary\app\Libraries\Authentication\Handlers\Register.php on line 63
#0 E:\SoftWare\xampp 7\htdocs\my_projects\testing\ci_dictionary\app\Libraries\Authentication\Handlers\Register.php(63): App\Libraries\Authentication\Authentication->login('second_user@ema...', NULL)
#1 E:\SoftWare\xampp 7\htdocs\my_projects\testing\ci_dictionary\app\Libraries\Authentication\Handlers\Register.php(32): App\Libraries\Authentication\Handlers\Register->save_user_data(Array)
#2 E:\SoftWare\xampp 7\htdocs\my_projects\testing\ci_dictionary\app\Libraries\Authentication\Authentication.php(119): App\Libraries\Authentication\Handlers\Register->register(Array)
#3 E:\SoftWare\xampp 7\htdocs\my_projects\testing\ci_dictionary\app\Controllers\Register.php(43): App\Libraries\Authentication\Authentication->register_user(Array)
#4 E:\SoftWare\xampp 7\htdocs\my_projects\testing\ci_dictionary\system\CodeIgniter.php(936): App\Controllers\Register->register()
#5 E:\SoftWare\xampp 7\htdocs\my_projects\testing\ci_dictionary\system\CodeIgniter.php(432): CodeIgniter\CodeIgniter->runController(Object(App\Controllers\Register))
#6 E:\SoftWare\xampp 7\htdocs\my_projects\testing\ci_dictionary\system\CodeIgniter.php(333): CodeIgniter\CodeIgniter->handleRequest(NULL, Object(Config\Cache), false)
#7 E:\SoftWare\xampp 7\htdocs\my_projects\testing\ci_dictionary\public\index.php(44): CodeIgniter\CodeIgniter->run()
#8 {main}
ERROR - 2022-05-09 07:50:37 --> mysqli_sql_exception: Duplicate entry '28734923847' for key 'tel' in E:\SoftWare\xampp 7\htdocs\my_projects\testing\ci_dictionary\system\Database\MySQLi\Connection.php:314
Stack trace:
#0 E:\SoftWare\xampp 7\htdocs\my_projects\testing\ci_dictionary\system\Database\MySQLi\Connection.php(314): mysqli->query('INSERT INTO `us...')
#1 E:\SoftWare\xampp 7\htdocs\my_projects\testing\ci_dictionary\system\Database\BaseConnection.php(713): CodeIgniter\Database\MySQLi\Connection->execute('INSERT INTO `us...')
#2 E:\SoftWare\xampp 7\htdocs\my_projects\testing\ci_dictionary\system\Database\BaseConnection.php(641): CodeIgniter\Database\BaseConnection->simpleQuery('INSERT INTO `us...')
#3 E:\SoftWare\xampp 7\htdocs\my_projects\testing\ci_dictionary\system\Database\BaseBuilder.php(2263): CodeIgniter\Database\BaseConnection->query('INSERT INTO `us...', Array, false)
#4 E:\SoftWare\xampp 7\htdocs\my_projects\testing\ci_dictionary\system\Model.php(278): CodeIgniter\Database\BaseBuilder->insert()
#5 E:\SoftWare\xampp 7\htdocs\my_projects\testing\ci_dictionary\system\BaseModel.php(758): CodeIgniter\Model->doInsert(Array)
#6 E:\SoftWare\xampp 7\htdocs\my_projects\testing\ci_dictionary\system\Model.php(705): CodeIgniter\BaseModel->insert(Array, true)
#7 E:\SoftWare\xampp 7\htdocs\my_projects\testing\ci_dictionary\app\Libraries\Authentication\Handlers\Register.php(60): CodeIgniter\Model->insert(Array)
#8 E:\SoftWare\xampp 7\htdocs\my_projects\testing\ci_dictionary\app\Libraries\Authentication\Handlers\Register.php(32): App\Libraries\Authentication\Handlers\Register->save_user_data(Array)
#9 E:\SoftWare\xampp 7\htdocs\my_projects\testing\ci_dictionary\app\Libraries\Authentication\Authentication.php(119): App\Libraries\Authentication\Handlers\Register->register(Array)
#10 E:\SoftWare\xampp 7\htdocs\my_projects\testing\ci_dictionary\app\Controllers\Register.php(43): App\Libraries\Authentication\Authentication->register_user(Array)
#11 E:\SoftWare\xampp 7\htdocs\my_projects\testing\ci_dictionary\system\CodeIgniter.php(936): App\Controllers\Register->register()
#12 E:\SoftWare\xampp 7\htdocs\my_projects\testing\ci_dictionary\system\CodeIgniter.php(432): CodeIgniter\CodeIgniter->runController(Object(App\Controllers\Register))
#13 E:\SoftWare\xampp 7\htdocs\my_projects\testing\ci_dictionary\system\CodeIgniter.php(333): CodeIgniter\CodeIgniter->handleRequest(NULL, Object(Config\Cache), false)
#14 E:\SoftWare\xampp 7\htdocs\my_projects\testing\ci_dictionary\public\index.php(44): CodeIgniter\CodeIgniter->run()
#15 {main}
CRITICAL - 2022-05-09 07:50:37 --> Duplicate entry '28734923847' for key 'tel'
#0 E:\SoftWare\xampp 7\htdocs\my_projects\testing\ci_dictionary\system\Database\MySQLi\Connection.php(314): mysqli->query('INSERT INTO `us...')
#1 E:\SoftWare\xampp 7\htdocs\my_projects\testing\ci_dictionary\system\Database\BaseConnection.php(713): CodeIgniter\Database\MySQLi\Connection->execute('INSERT INTO `us...')
#2 E:\SoftWare\xampp 7\htdocs\my_projects\testing\ci_dictionary\system\Database\BaseConnection.php(641): CodeIgniter\Database\BaseConnection->simpleQuery('INSERT INTO `us...')
#3 E:\SoftWare\xampp 7\htdocs\my_projects\testing\ci_dictionary\system\Database\BaseBuilder.php(2263): CodeIgniter\Database\BaseConnection->query('INSERT INTO `us...', Array, false)
#4 E:\SoftWare\xampp 7\htdocs\my_projects\testing\ci_dictionary\system\Model.php(278): CodeIgniter\Database\BaseBuilder->insert()
#5 E:\SoftWare\xampp 7\htdocs\my_projects\testing\ci_dictionary\system\BaseModel.php(758): CodeIgniter\Model->doInsert(Array)
#6 E:\SoftWare\xampp 7\htdocs\my_projects\testing\ci_dictionary\system\Model.php(705): CodeIgniter\BaseModel->insert(Array, true)
#7 E:\SoftWare\xampp 7\htdocs\my_projects\testing\ci_dictionary\app\Libraries\Authentication\Handlers\Register.php(60): CodeIgniter\Model->insert(Array)
#8 E:\SoftWare\xampp 7\htdocs\my_projects\testing\ci_dictionary\app\Libraries\Authentication\Handlers\Register.php(32): App\Libraries\Authentication\Handlers\Register->save_user_data(Array)
#9 E:\SoftWare\xampp 7\htdocs\my_projects\testing\ci_dictionary\app\Libraries\Authentication\Authentication.php(119): App\Libraries\Authentication\Handlers\Register->register(Array)
#10 E:\SoftWare\xampp 7\htdocs\my_projects\testing\ci_dictionary\app\Controllers\Register.php(43): App\Libraries\Authentication\Authentication->register_user(Array)
#11 E:\SoftWare\xampp 7\htdocs\my_projects\testing\ci_dictionary\system\CodeIgniter.php(936): App\Controllers\Register->register()
#12 E:\SoftWare\xampp 7\htdocs\my_projects\testing\ci_dictionary\system\CodeIgniter.php(432): CodeIgniter\CodeIgniter->runController(Object(App\Controllers\Register))
#13 E:\SoftWare\xampp 7\htdocs\my_projects\testing\ci_dictionary\system\CodeIgniter.php(333): CodeIgniter\CodeIgniter->handleRequest(NULL, Object(Config\Cache), false)
#14 E:\SoftWare\xampp 7\htdocs\my_projects\testing\ci_dictionary\public\index.php(44): CodeIgniter\CodeIgniter->run()
#15 {main}
CRITICAL - 2022-05-09 07:51:08 --> Argument 2 passed to App\Libraries\Authentication\Authentication::login() must be of the type string, null given, called in E:\SoftWare\xampp 7\htdocs\my_projects\testing\ci_dictionary\app\Libraries\Authentication\Handlers\Register.php on line 63
#0 E:\SoftWare\xampp 7\htdocs\my_projects\testing\ci_dictionary\app\Libraries\Authentication\Handlers\Register.php(63): App\Libraries\Authentication\Authentication->login('sdfdsfdsf', NULL)
#1 E:\SoftWare\xampp 7\htdocs\my_projects\testing\ci_dictionary\app\Libraries\Authentication\Handlers\Register.php(32): App\Libraries\Authentication\Handlers\Register->save_user_data(Array)
#2 E:\SoftWare\xampp 7\htdocs\my_projects\testing\ci_dictionary\app\Libraries\Authentication\Authentication.php(119): App\Libraries\Authentication\Handlers\Register->register(Array)
#3 E:\SoftWare\xampp 7\htdocs\my_projects\testing\ci_dictionary\app\Controllers\Register.php(43): App\Libraries\Authentication\Authentication->register_user(Array)
#4 E:\SoftWare\xampp 7\htdocs\my_projects\testing\ci_dictionary\system\CodeIgniter.php(936): App\Controllers\Register->register()
#5 E:\SoftWare\xampp 7\htdocs\my_projects\testing\ci_dictionary\system\CodeIgniter.php(432): CodeIgniter\CodeIgniter->runController(Object(App\Controllers\Register))
#6 E:\SoftWare\xampp 7\htdocs\my_projects\testing\ci_dictionary\system\CodeIgniter.php(333): CodeIgniter\CodeIgniter->handleRequest(NULL, Object(Config\Cache), false)
#7 E:\SoftWare\xampp 7\htdocs\my_projects\testing\ci_dictionary\public\index.php(44): CodeIgniter\CodeIgniter->run()
#8 {main}
ERROR - 2022-05-09 07:52:13 --> mysqli_sql_exception: Duplicate entry '108374444' for key 'tel' in E:\SoftWare\xampp 7\htdocs\my_projects\testing\ci_dictionary\system\Database\MySQLi\Connection.php:314
Stack trace:
#0 E:\SoftWare\xampp 7\htdocs\my_projects\testing\ci_dictionary\system\Database\MySQLi\Connection.php(314): mysqli->query('INSERT INTO `us...')
#1 E:\SoftWare\xampp 7\htdocs\my_projects\testing\ci_dictionary\system\Database\BaseConnection.php(713): CodeIgniter\Database\MySQLi\Connection->execute('INSERT INTO `us...')
#2 E:\SoftWare\xampp 7\htdocs\my_projects\testing\ci_dictionary\system\Database\BaseConnection.php(641): CodeIgniter\Database\BaseConnection->simpleQuery('INSERT INTO `us...')
#3 E:\SoftWare\xampp 7\htdocs\my_projects\testing\ci_dictionary\system\Database\BaseBuilder.php(2263): CodeIgniter\Database\BaseConnection->query('INSERT INTO `us...', Array, false)
#4 E:\SoftWare\xampp 7\htdocs\my_projects\testing\ci_dictionary\system\Model.php(278): CodeIgniter\Database\BaseBuilder->insert()
#5 E:\SoftWare\xampp 7\htdocs\my_projects\testing\ci_dictionary\system\BaseModel.php(758): CodeIgniter\Model->doInsert(Array)
#6 E:\SoftWare\xampp 7\htdocs\my_projects\testing\ci_dictionary\system\Model.php(705): CodeIgniter\BaseModel->insert(Array, true)
#7 E:\SoftWare\xampp 7\htdocs\my_projects\testing\ci_dictionary\app\Libraries\Authentication\Handlers\Register.php(60): CodeIgniter\Model->insert(Array)
#8 E:\SoftWare\xampp 7\htdocs\my_projects\testing\ci_dictionary\app\Libraries\Authentication\Handlers\Register.php(32): App\Libraries\Authentication\Handlers\Register->save_user_data(Array)
#9 E:\SoftWare\xampp 7\htdocs\my_projects\testing\ci_dictionary\app\Libraries\Authentication\Authentication.php(119): App\Libraries\Authentication\Handlers\Register->register(Array)
#10 E:\SoftWare\xampp 7\htdocs\my_projects\testing\ci_dictionary\app\Controllers\Register.php(43): App\Libraries\Authentication\Authentication->register_user(Array)
#11 E:\SoftWare\xampp 7\htdocs\my_projects\testing\ci_dictionary\system\CodeIgniter.php(936): App\Controllers\Register->register()
#12 E:\SoftWare\xampp 7\htdocs\my_projects\testing\ci_dictionary\system\CodeIgniter.php(432): CodeIgniter\CodeIgniter->runController(Object(App\Controllers\Register))
#13 E:\SoftWare\xampp 7\htdocs\my_projects\testing\ci_dictionary\system\CodeIgniter.php(333): CodeIgniter\CodeIgniter->handleRequest(NULL, Object(Config\Cache), false)
#14 E:\SoftWare\xampp 7\htdocs\my_projects\testing\ci_dictionary\public\index.php(44): CodeIgniter\CodeIgniter->run()
#15 {main}
CRITICAL - 2022-05-09 07:52:13 --> Duplicate entry '108374444' for key 'tel'
#0 E:\SoftWare\xampp 7\htdocs\my_projects\testing\ci_dictionary\system\Database\MySQLi\Connection.php(314): mysqli->query('INSERT INTO `us...')
#1 E:\SoftWare\xampp 7\htdocs\my_projects\testing\ci_dictionary\system\Database\BaseConnection.php(713): CodeIgniter\Database\MySQLi\Connection->execute('INSERT INTO `us...')
#2 E:\SoftWare\xampp 7\htdocs\my_projects\testing\ci_dictionary\system\Database\BaseConnection.php(641): CodeIgniter\Database\BaseConnection->simpleQuery('INSERT INTO `us...')
#3 E:\SoftWare\xampp 7\htdocs\my_projects\testing\ci_dictionary\system\Database\BaseBuilder.php(2263): CodeIgniter\Database\BaseConnection->query('INSERT INTO `us...', Array, false)
#4 E:\SoftWare\xampp 7\htdocs\my_projects\testing\ci_dictionary\system\Model.php(278): CodeIgniter\Database\BaseBuilder->insert()
#5 E:\SoftWare\xampp 7\htdocs\my_projects\testing\ci_dictionary\system\BaseModel.php(758): CodeIgniter\Model->doInsert(Array)
#6 E:\SoftWare\xampp 7\htdocs\my_projects\testing\ci_dictionary\system\Model.php(705): CodeIgniter\BaseModel->insert(Array, true)
#7 E:\SoftWare\xampp 7\htdocs\my_projects\testing\ci_dictionary\app\Libraries\Authentication\Handlers\Register.php(60): CodeIgniter\Model->insert(Array)
#8 E:\SoftWare\xampp 7\htdocs\my_projects\testing\ci_dictionary\app\Libraries\Authentication\Handlers\Register.php(32): App\Libraries\Authentication\Handlers\Register->save_user_data(Array)
#9 E:\SoftWare\xampp 7\htdocs\my_projects\testing\ci_dictionary\app\Libraries\Authentication\Authentication.php(119): App\Libraries\Authentication\Handlers\Register->register(Array)
#10 E:\SoftWare\xampp 7\htdocs\my_projects\testing\ci_dictionary\app\Controllers\Register.php(43): App\Libraries\Authentication\Authentication->register_user(Array)
#11 E:\SoftWare\xampp 7\htdocs\my_projects\testing\ci_dictionary\system\CodeIgniter.php(936): App\Controllers\Register->register()
#12 E:\SoftWare\xampp 7\htdocs\my_projects\testing\ci_dictionary\system\CodeIgniter.php(432): CodeIgniter\CodeIgniter->runController(Object(App\Controllers\Register))
#13 E:\SoftWare\xampp 7\htdocs\my_projects\testing\ci_dictionary\system\CodeIgniter.php(333): CodeIgniter\CodeIgniter->handleRequest(NULL, Object(Config\Cache), false)
#14 E:\SoftWare\xampp 7\htdocs\my_projects\testing\ci_dictionary\public\index.php(44): CodeIgniter\CodeIgniter->run()
#15 {main}
ERROR - 2022-05-09 07:52:31 --> mysqli_sql_exception: Unknown column 'fsdfsfs' in 'field list' in E:\SoftWare\xampp 7\htdocs\my_projects\testing\ci_dictionary\system\Database\MySQLi\Connection.php:314
Stack trace:
#0 E:\SoftWare\xampp 7\htdocs\my_projects\testing\ci_dictionary\system\Database\MySQLi\Connection.php(314): mysqli->query('SELECT `fsdfsfs...')
#1 E:\SoftWare\xampp 7\htdocs\my_projects\testing\ci_dictionary\system\Database\BaseConnection.php(713): CodeIgniter\Database\MySQLi\Connection->execute('SELECT `fsdfsfs...')
#2 E:\SoftWare\xampp 7\htdocs\my_projects\testing\ci_dictionary\system\Database\BaseConnection.php(641): CodeIgniter\Database\BaseConnection->simpleQuery('SELECT `fsdfsfs...')
#3 E:\SoftWare\xampp 7\htdocs\my_projects\testing\ci_dictionary\system\Database\BaseBuilder.php(1866): CodeIgniter\Database\BaseConnection->query('SELECT `fsdfsfs...', Array, false)
#4 E:\SoftWare\xampp 7\htdocs\my_projects\testing\ci_dictionary\app\Models\MUsers.php(31): CodeIgniter\Database\BaseBuilder->get()
#5 E:\SoftWare\xampp 7\htdocs\my_projects\testing\ci_dictionary\app\Libraries\Authentication\Authentication.php(82): App\Models\MUsers->get_user_by_email('sdfsdfsdf', 'fsdfsfs,sdfsdfs...')
#6 E:\SoftWare\xampp 7\htdocs\my_projects\testing\ci_dictionary\app\Libraries\Authentication\Handlers\Register.php(63): App\Libraries\Authentication\Authentication->login('sdfsdfsdf', '$2y$10$Mw7LHOhN...')
#7 E:\SoftWare\xampp 7\htdocs\my_projects\testing\ci_dictionary\app\Libraries\Authentication\Handlers\Register.php(32): App\Libraries\Authentication\Handlers\Register->save_user_data(Array)
#8 E:\SoftWare\xampp 7\htdocs\my_projects\testing\ci_dictionary\app\Libraries\Authentication\Authentication.php(119): App\Libraries\Authentication\Handlers\Register->register(Array)
#9 E:\SoftWare\xampp 7\htdocs\my_projects\testing\ci_dictionary\app\Controllers\Register.php(43): App\Libraries\Authentication\Authentication->register_user(Array)
#10 E:\SoftWare\xampp 7\htdocs\my_projects\testing\ci_dictionary\system\CodeIgniter.php(936): App\Controllers\Register->register()
#11 E:\SoftWare\xampp 7\htdocs\my_projects\testing\ci_dictionary\system\CodeIgniter.php(432): CodeIgniter\CodeIgniter->runController(Object(App\Controllers\Register))
#12 E:\SoftWare\xampp 7\htdocs\my_projects\testing\ci_dictionary\system\CodeIgniter.php(333): CodeIgniter\CodeIgniter->handleRequest(NULL, Object(Config\Cache), false)
#13 E:\SoftWare\xampp 7\htdocs\my_projects\testing\ci_dictionary\public\index.php(44): CodeIgniter\CodeIgniter->run()
#14 {main}
CRITICAL - 2022-05-09 07:52:31 --> Unknown column 'fsdfsfs' in 'field list'
#0 E:\SoftWare\xampp 7\htdocs\my_projects\testing\ci_dictionary\system\Database\MySQLi\Connection.php(314): mysqli->query('SELECT `fsdfsfs...')
#1 E:\SoftWare\xampp 7\htdocs\my_projects\testing\ci_dictionary\system\Database\BaseConnection.php(713): CodeIgniter\Database\MySQLi\Connection->execute('SELECT `fsdfsfs...')
#2 E:\SoftWare\xampp 7\htdocs\my_projects\testing\ci_dictionary\system\Database\BaseConnection.php(641): CodeIgniter\Database\BaseConnection->simpleQuery('SELECT `fsdfsfs...')
#3 E:\SoftWare\xampp 7\htdocs\my_projects\testing\ci_dictionary\system\Database\BaseBuilder.php(1866): CodeIgniter\Database\BaseConnection->query('SELECT `fsdfsfs...', Array, false)
#4 E:\SoftWare\xampp 7\htdocs\my_projects\testing\ci_dictionary\app\Models\MUsers.php(31): CodeIgniter\Database\BaseBuilder->get()
#5 E:\SoftWare\xampp 7\htdocs\my_projects\testing\ci_dictionary\app\Libraries\Authentication\Authentication.php(82): App\Models\MUsers->get_user_by_email('sdfsdfsdf', 'fsdfsfs,sdfsdfs...')
#6 E:\SoftWare\xampp 7\htdocs\my_projects\testing\ci_dictionary\app\Libraries\Authentication\Handlers\Register.php(63): App\Libraries\Authentication\Authentication->login('sdfsdfsdf', '$2y$10$Mw7LHOhN...')
#7 E:\SoftWare\xampp 7\htdocs\my_projects\testing\ci_dictionary\app\Libraries\Authentication\Handlers\Register.php(32): App\Libraries\Authentication\Handlers\Register->save_user_data(Array)
#8 E:\SoftWare\xampp 7\htdocs\my_projects\testing\ci_dictionary\app\Libraries\Authentication\Authentication.php(119): App\Libraries\Authentication\Handlers\Register->register(Array)
#9 E:\SoftWare\xampp 7\htdocs\my_projects\testing\ci_dictionary\app\Controllers\Register.php(43): App\Libraries\Authentication\Authentication->register_user(Array)
#10 E:\SoftWare\xampp 7\htdocs\my_projects\testing\ci_dictionary\system\CodeIgniter.php(936): App\Controllers\Register->register()
#11 E:\SoftWare\xampp 7\htdocs\my_projects\testing\ci_dictionary\system\CodeIgniter.php(432): CodeIgniter\CodeIgniter->runController(Object(App\Controllers\Register))
#12 E:\SoftWare\xampp 7\htdocs\my_projects\testing\ci_dictionary\system\CodeIgniter.php(333): CodeIgniter\CodeIgniter->handleRequest(NULL, Object(Config\Cache), false)
#13 E:\SoftWare\xampp 7\htdocs\my_projects\testing\ci_dictionary\public\index.php(44): CodeIgniter\CodeIgniter->run()
#14 {main}
ERROR - 2022-05-09 08:11:51 --> mysqli_sql_exception: Unknown column 'jj' in 'field list' in E:\SoftWare\xampp 7\htdocs\my_projects\testing\ci_dictionary\system\Database\MySQLi\Connection.php:314
Stack trace:
#0 E:\SoftWare\xampp 7\htdocs\my_projects\testing\ci_dictionary\system\Database\MySQLi\Connection.php(314): mysqli->query('SELECT `jj`, `j...')
#1 E:\SoftWare\xampp 7\htdocs\my_projects\testing\ci_dictionary\system\Database\BaseConnection.php(713): CodeIgniter\Database\MySQLi\Connection->execute('SELECT `jj`, `j...')
#2 E:\SoftWare\xampp 7\htdocs\my_projects\testing\ci_dictionary\system\Database\BaseConnection.php(641): CodeIgniter\Database\BaseConnection->simpleQuery('SELECT `jj`, `j...')
#3 E:\SoftWare\xampp 7\htdocs\my_projects\testing\ci_dictionary\system\Database\BaseBuilder.php(1866): CodeIgniter\Database\BaseConnection->query('SELECT `jj`, `j...', Array, false)
#4 E:\SoftWare\xampp 7\htdocs\my_projects\testing\ci_dictionary\app\Models\MUsers.php(31): CodeIgniter\Database\BaseBuilder->get()
#5 E:\SoftWare\xampp 7\htdocs\my_projects\testing\ci_dictionary\app\Libraries\Authentication\Authentication.php(82): App\Models\MUsers->get_user_by_email('jj@jj.jj', 'jj,jj@jj.jj,1j1...')
#6 E:\SoftWare\xampp 7\htdocs\my_projects\testing\ci_dictionary\app\Libraries\Authentication\Handlers\Register.php(63): App\Libraries\Authentication\Authentication->login('jj@jj.jj', '$2y$10$HAoLg4ZU...')
#7 E:\SoftWare\xampp 7\htdocs\my_projects\testing\ci_dictionary\app\Libraries\Authentication\Handlers\Register.php(32): App\Libraries\Authentication\Handlers\Register->save_user_data(Array)
#8 E:\SoftWare\xampp 7\htdocs\my_projects\testing\ci_dictionary\app\Libraries\Authentication\Authentication.php(119): App\Libraries\Authentication\Handlers\Register->register(Array)
#9 E:\SoftWare\xampp 7\htdocs\my_projects\testing\ci_dictionary\app\Controllers\Register.php(43): App\Libraries\Authentication\Authentication->register_user(Array)
#10 E:\SoftWare\xampp 7\htdocs\my_projects\testing\ci_dictionary\system\CodeIgniter.php(936): App\Controllers\Register->register()
#11 E:\SoftWare\xampp 7\htdocs\my_projects\testing\ci_dictionary\system\CodeIgniter.php(432): CodeIgniter\CodeIgniter->runController(Object(App\Controllers\Register))
#12 E:\SoftWare\xampp 7\htdocs\my_projects\testing\ci_dictionary\system\CodeIgniter.php(333): CodeIgniter\CodeIgniter->handleRequest(NULL, Object(Config\Cache), false)
#13 E:\SoftWare\xampp 7\htdocs\my_projects\testing\ci_dictionary\public\index.php(44): CodeIgniter\CodeIgniter->run()
#14 {main}
CRITICAL - 2022-05-09 08:11:51 --> Unknown column 'jj' in 'field list'
#0 E:\SoftWare\xampp 7\htdocs\my_projects\testing\ci_dictionary\system\Database\MySQLi\Connection.php(314): mysqli->query('SELECT `jj`, `j...')
#1 E:\SoftWare\xampp 7\htdocs\my_projects\testing\ci_dictionary\system\Database\BaseConnection.php(713): CodeIgniter\Database\MySQLi\Connection->execute('SELECT `jj`, `j...')
#2 E:\SoftWare\xampp 7\htdocs\my_projects\testing\ci_dictionary\system\Database\BaseConnection.php(641): CodeIgniter\Database\BaseConnection->simpleQuery('SELECT `jj`, `j...')
#3 E:\SoftWare\xampp 7\htdocs\my_projects\testing\ci_dictionary\system\Database\BaseBuilder.php(1866): CodeIgniter\Database\BaseConnection->query('SELECT `jj`, `j...', Array, false)
#4 E:\SoftWare\xampp 7\htdocs\my_projects\testing\ci_dictionary\app\Models\MUsers.php(31): CodeIgniter\Database\BaseBuilder->get()
#5 E:\SoftWare\xampp 7\htdocs\my_projects\testing\ci_dictionary\app\Libraries\Authentication\Authentication.php(82): App\Models\MUsers->get_user_by_email('jj@jj.jj', 'jj,jj@jj.jj,1j1...')
#6 E:\SoftWare\xampp 7\htdocs\my_projects\testing\ci_dictionary\app\Libraries\Authentication\Handlers\Register.php(63): App\Libraries\Authentication\Authentication->login('jj@jj.jj', '$2y$10$HAoLg4ZU...')
#7 E:\SoftWare\xampp 7\htdocs\my_projects\testing\ci_dictionary\app\Libraries\Authentication\Handlers\Register.php(32): App\Libraries\Authentication\Handlers\Register->save_user_data(Array)
#8 E:\SoftWare\xampp 7\htdocs\my_projects\testing\ci_dictionary\app\Libraries\Authentication\Authentication.php(119): App\Libraries\Authentication\Handlers\Register->register(Array)
#9 E:\SoftWare\xampp 7\htdocs\my_projects\testing\ci_dictionary\app\Controllers\Register.php(43): App\Libraries\Authentication\Authentication->register_user(Array)
#10 E:\SoftWare\xampp 7\htdocs\my_projects\testing\ci_dictionary\system\CodeIgniter.php(936): App\Controllers\Register->register()
#11 E:\SoftWare\xampp 7\htdocs\my_projects\testing\ci_dictionary\system\CodeIgniter.php(432): CodeIgniter\CodeIgniter->runController(Object(App\Controllers\Register))
#12 E:\SoftWare\xampp 7\htdocs\my_projects\testing\ci_dictionary\system\CodeIgniter.php(333): CodeIgniter\CodeIgniter->handleRequest(NULL, Object(Config\Cache), false)
#13 E:\SoftWare\xampp 7\htdocs\my_projects\testing\ci_dictionary\public\index.php(44): CodeIgniter\CodeIgniter->run()
#14 {main}
ERROR - 2022-05-09 08:15:51 --> mysqli_sql_exception: Duplicate entry '1j1j1j1j1' for key 'tel' in E:\SoftWare\xampp 7\htdocs\my_projects\testing\ci_dictionary\system\Database\MySQLi\Connection.php:314
Stack trace:
#0 E:\SoftWare\xampp 7\htdocs\my_projects\testing\ci_dictionary\system\Database\MySQLi\Connection.php(314): mysqli->query('INSERT INTO `us...')
#1 E:\SoftWare\xampp 7\htdocs\my_projects\testing\ci_dictionary\system\Database\BaseConnection.php(713): CodeIgniter\Database\MySQLi\Connection->execute('INSERT INTO `us...')
#2 E:\SoftWare\xampp 7\htdocs\my_projects\testing\ci_dictionary\system\Database\BaseConnection.php(641): CodeIgniter\Database\BaseConnection->simpleQuery('INSERT INTO `us...')
#3 E:\SoftWare\xampp 7\htdocs\my_projects\testing\ci_dictionary\system\Database\BaseBuilder.php(2263): CodeIgniter\Database\BaseConnection->query('INSERT INTO `us...', Array, false)
#4 E:\SoftWare\xampp 7\htdocs\my_projects\testing\ci_dictionary\system\Model.php(278): CodeIgniter\Database\BaseBuilder->insert()
#5 E:\SoftWare\xampp 7\htdocs\my_projects\testing\ci_dictionary\system\BaseModel.php(758): CodeIgniter\Model->doInsert(Array)
#6 E:\SoftWare\xampp 7\htdocs\my_projects\testing\ci_dictionary\system\Model.php(705): CodeIgniter\BaseModel->insert(Array, true)
#7 E:\SoftWare\xampp 7\htdocs\my_projects\testing\ci_dictionary\app\Libraries\Authentication\Handlers\Register.php(60): CodeIgniter\Model->insert(Array)
#8 E:\SoftWare\xampp 7\htdocs\my_projects\testing\ci_dictionary\app\Libraries\Authentication\Handlers\Register.php(32): App\Libraries\Authentication\Handlers\Register->save_user_data(Array)
#9 E:\SoftWare\xampp 7\htdocs\my_projects\testing\ci_dictionary\app\Libraries\Authentication\Authentication.php(119): App\Libraries\Authentication\Handlers\Register->register(Array)
#10 E:\SoftWare\xampp 7\htdocs\my_projects\testing\ci_dictionary\app\Controllers\Register.php(43): App\Libraries\Authentication\Authentication->register_user(Array)
#11 E:\SoftWare\xampp 7\htdocs\my_projects\testing\ci_dictionary\system\CodeIgniter.php(936): App\Controllers\Register->register()
#12 E:\SoftWare\xampp 7\htdocs\my_projects\testing\ci_dictionary\system\CodeIgniter.php(432): CodeIgniter\CodeIgniter->runController(Object(App\Controllers\Register))
#13 E:\SoftWare\xampp 7\htdocs\my_projects\testing\ci_dictionary\system\CodeIgniter.php(333): CodeIgniter\CodeIgniter->handleRequest(NULL, Object(Config\Cache), false)
#14 E:\SoftWare\xampp 7\htdocs\my_projects\testing\ci_dictionary\public\index.php(44): CodeIgniter\CodeIgniter->run()
#15 {main}
CRITICAL - 2022-05-09 08:15:51 --> Duplicate entry '1j1j1j1j1' for key 'tel'
#0 E:\SoftWare\xampp 7\htdocs\my_projects\testing\ci_dictionary\system\Database\MySQLi\Connection.php(314): mysqli->query('INSERT INTO `us...')
#1 E:\SoftWare\xampp 7\htdocs\my_projects\testing\ci_dictionary\system\Database\BaseConnection.php(713): CodeIgniter\Database\MySQLi\Connection->execute('INSERT INTO `us...')
#2 E:\SoftWare\xampp 7\htdocs\my_projects\testing\ci_dictionary\system\Database\BaseConnection.php(641): CodeIgniter\Database\BaseConnection->simpleQuery('INSERT INTO `us...')
#3 E:\SoftWare\xampp 7\htdocs\my_projects\testing\ci_dictionary\system\Database\BaseBuilder.php(2263): CodeIgniter\Database\BaseConnection->query('INSERT INTO `us...', Array, false)
#4 E:\SoftWare\xampp 7\htdocs\my_projects\testing\ci_dictionary\system\Model.php(278): CodeIgniter\Database\BaseBuilder->insert()
#5 E:\SoftWare\xampp 7\htdocs\my_projects\testing\ci_dictionary\system\BaseModel.php(758): CodeIgniter\Model->doInsert(Array)
#6 E:\SoftWare\xampp 7\htdocs\my_projects\testing\ci_dictionary\system\Model.php(705): CodeIgniter\BaseModel->insert(Array, true)
#7 E:\SoftWare\xampp 7\htdocs\my_projects\testing\ci_dictionary\app\Libraries\Authentication\Handlers\Register.php(60): CodeIgniter\Model->insert(Array)
#8 E:\SoftWare\xampp 7\htdocs\my_projects\testing\ci_dictionary\app\Libraries\Authentication\Handlers\Register.php(32): App\Libraries\Authentication\Handlers\Register->save_user_data(Array)
#9 E:\SoftWare\xampp 7\htdocs\my_projects\testing\ci_dictionary\app\Libraries\Authentication\Authentication.php(119): App\Libraries\Authentication\Handlers\Register->register(Array)
#10 E:\SoftWare\xampp 7\htdocs\my_projects\testing\ci_dictionary\app\Controllers\Register.php(43): App\Libraries\Authentication\Authentication->register_user(Array)
#11 E:\SoftWare\xampp 7\htdocs\my_projects\testing\ci_dictionary\system\CodeIgniter.php(936): App\Controllers\Register->register()
#12 E:\SoftWare\xampp 7\htdocs\my_projects\testing\ci_dictionary\system\CodeIgniter.php(432): CodeIgniter\CodeIgniter->runController(Object(App\Controllers\Register))
#13 E:\SoftWare\xampp 7\htdocs\my_projects\testing\ci_dictionary\system\CodeIgniter.php(333): CodeIgniter\CodeIgniter->handleRequest(NULL, Object(Config\Cache), false)
#14 E:\SoftWare\xampp 7\htdocs\my_projects\testing\ci_dictionary\public\index.php(44): CodeIgniter\CodeIgniter->run()
#15 {main}
CRITICAL - 2022-05-09 08:16:23 --> Argument 1 passed to App\Controllers\Register::index() must be of the type array, bool given, called in E:\SoftWare\xampp 7\htdocs\my_projects\testing\ci_dictionary\app\Controllers\Register.php on line 47
#0 E:\SoftWare\xampp 7\htdocs\my_projects\testing\ci_dictionary\app\Controllers\Register.php(47): App\Controllers\Register->index(false)
#1 E:\SoftWare\xampp 7\htdocs\my_projects\testing\ci_dictionary\system\CodeIgniter.php(936): App\Controllers\Register->register()
#2 E:\SoftWare\xampp 7\htdocs\my_projects\testing\ci_dictionary\system\CodeIgniter.php(432): CodeIgniter\CodeIgniter->runController(Object(App\Controllers\Register))
#3 E:\SoftWare\xampp 7\htdocs\my_projects\testing\ci_dictionary\system\CodeIgniter.php(333): CodeIgniter\CodeIgniter->handleRequest(NULL, Object(Config\Cache), false)
#4 E:\SoftWare\xampp 7\htdocs\my_projects\testing\ci_dictionary\public\index.php(44): CodeIgniter\CodeIgniter->run()
#5 {main}
ERROR - 2022-05-09 08:20:35 --> mysqli_sql_exception: Duplicate entry '1k1k1k1k' for key 'tel' in E:\SoftWare\xampp 7\htdocs\my_projects\testing\ci_dictionary\system\Database\MySQLi\Connection.php:314
Stack trace:
#0 E:\SoftWare\xampp 7\htdocs\my_projects\testing\ci_dictionary\system\Database\MySQLi\Connection.php(314): mysqli->query('INSERT INTO `us...')
#1 E:\SoftWare\xampp 7\htdocs\my_projects\testing\ci_dictionary\system\Database\BaseConnection.php(713): CodeIgniter\Database\MySQLi\Connection->execute('INSERT INTO `us...')
#2 E:\SoftWare\xampp 7\htdocs\my_projects\testing\ci_dictionary\system\Database\BaseConnection.php(641): CodeIgniter\Database\BaseConnection->simpleQuery('INSERT INTO `us...')
#3 E:\SoftWare\xampp 7\htdocs\my_projects\testing\ci_dictionary\system\Database\BaseBuilder.php(2263): CodeIgniter\Database\BaseConnection->query('INSERT INTO `us...', Array, false)
#4 E:\SoftWare\xampp 7\htdocs\my_projects\testing\ci_dictionary\system\Model.php(278): CodeIgniter\Database\BaseBuilder->insert()
#5 E:\SoftWare\xampp 7\htdocs\my_projects\testing\ci_dictionary\system\BaseModel.php(758): CodeIgniter\Model->doInsert(Array)
#6 E:\SoftWare\xampp 7\htdocs\my_projects\testing\ci_dictionary\system\Model.php(705): CodeIgniter\BaseModel->insert(Array, true)
#7 E:\SoftWare\xampp 7\htdocs\my_projects\testing\ci_dictionary\app\Libraries\Authentication\Handlers\Register.php(60): CodeIgniter\Model->insert(Array)
#8 E:\SoftWare\xampp 7\htdocs\my_projects\testing\ci_dictionary\app\Libraries\Authentication\Handlers\Register.php(32): App\Libraries\Authentication\Handlers\Register->save_user_data(Array)
#9 E:\SoftWare\xampp 7\htdocs\my_projects\testing\ci_dictionary\app\Libraries\Authentication\Authentication.php(119): App\Libraries\Authentication\Handlers\Register->register(Array)
#10 E:\SoftWare\xampp 7\htdocs\my_projects\testing\ci_dictionary\app\Controllers\Register.php(43): App\Libraries\Authentication\Authentication->register_user(Array)
#11 E:\SoftWare\xampp 7\htdocs\my_projects\testing\ci_dictionary\system\CodeIgniter.php(936): App\Controllers\Register->register()
#12 E:\SoftWare\xampp 7\htdocs\my_projects\testing\ci_dictionary\system\CodeIgniter.php(432): CodeIgniter\CodeIgniter->runController(Object(App\Controllers\Register))
#13 E:\SoftWare\xampp 7\htdocs\my_projects\testing\ci_dictionary\system\CodeIgniter.php(333): CodeIgniter\CodeIgniter->handleRequest(NULL, Object(Config\Cache), false)
#14 E:\SoftWare\xampp 7\htdocs\my_projects\testing\ci_dictionary\public\index.php(44): CodeIgniter\CodeIgniter->run()
#15 {main}
CRITICAL - 2022-05-09 08:20:35 --> Duplicate entry '1k1k1k1k' for key 'tel'
#0 E:\SoftWare\xampp 7\htdocs\my_projects\testing\ci_dictionary\system\Database\MySQLi\Connection.php(314): mysqli->query('INSERT INTO `us...')
#1 E:\SoftWare\xampp 7\htdocs\my_projects\testing\ci_dictionary\system\Database\BaseConnection.php(713): CodeIgniter\Database\MySQLi\Connection->execute('INSERT INTO `us...')
#2 E:\SoftWare\xampp 7\htdocs\my_projects\testing\ci_dictionary\system\Database\BaseConnection.php(641): CodeIgniter\Database\BaseConnection->simpleQuery('INSERT INTO `us...')
#3 E:\SoftWare\xampp 7\htdocs\my_projects\testing\ci_dictionary\system\Database\BaseBuilder.php(2263): CodeIgniter\Database\BaseConnection->query('INSERT INTO `us...', Array, false)
#4 E:\SoftWare\xampp 7\htdocs\my_projects\testing\ci_dictionary\system\Model.php(278): CodeIgniter\Database\BaseBuilder->insert()
#5 E:\SoftWare\xampp 7\htdocs\my_projects\testing\ci_dictionary\system\BaseModel.php(758): CodeIgniter\Model->doInsert(Array)
#6 E:\SoftWare\xampp 7\htdocs\my_projects\testing\ci_dictionary\system\Model.php(705): CodeIgniter\BaseModel->insert(Array, true)
#7 E:\SoftWare\xampp 7\htdocs\my_projects\testing\ci_dictionary\app\Libraries\Authentication\Handlers\Register.php(60): CodeIgniter\Model->insert(Array)
#8 E:\SoftWare\xampp 7\htdocs\my_projects\testing\ci_dictionary\app\Libraries\Authentication\Handlers\Register.php(32): App\Libraries\Authentication\Handlers\Register->save_user_data(Array)
#9 E:\SoftWare\xampp 7\htdocs\my_projects\testing\ci_dictionary\app\Libraries\Authentication\Authentication.php(119): App\Libraries\Authentication\Handlers\Register->register(Array)
#10 E:\SoftWare\xampp 7\htdocs\my_projects\testing\ci_dictionary\app\Controllers\Register.php(43): App\Libraries\Authentication\Authentication->register_user(Array)
#11 E:\SoftWare\xampp 7\htdocs\my_projects\testing\ci_dictionary\system\CodeIgniter.php(936): App\Controllers\Register->register()
#12 E:\SoftWare\xampp 7\htdocs\my_projects\testing\ci_dictionary\system\CodeIgniter.php(432): CodeIgniter\CodeIgniter->runController(Object(App\Controllers\Register))
#13 E:\SoftWare\xampp 7\htdocs\my_projects\testing\ci_dictionary\system\CodeIgniter.php(333): CodeIgniter\CodeIgniter->handleRequest(NULL, Object(Config\Cache), false)
#14 E:\SoftWare\xampp 7\htdocs\my_projects\testing\ci_dictionary\public\index.php(44): CodeIgniter\CodeIgniter->run()
#15 {main}
CRITICAL - 2022-05-09 08:21:05 --> Undefined variable: res
#0 E:\SoftWare\xampp 7\htdocs\my_projects\testing\ci_dictionary\app\Controllers\Register.php(49): CodeIgniter\Debug\Exceptions->errorHandler(8, 'Undefined varia...', 'E:\\SoftWare\\xam...', 49, Array)
#1 E:\SoftWare\xampp 7\htdocs\my_projects\testing\ci_dictionary\system\CodeIgniter.php(936): App\Controllers\Register->register()
#2 E:\SoftWare\xampp 7\htdocs\my_projects\testing\ci_dictionary\system\CodeIgniter.php(432): CodeIgniter\CodeIgniter->runController(Object(App\Controllers\Register))
#3 E:\SoftWare\xampp 7\htdocs\my_projects\testing\ci_dictionary\system\CodeIgniter.php(333): CodeIgniter\CodeIgniter->handleRequest(NULL, Object(Config\Cache), false)
#4 E:\SoftWare\xampp 7\htdocs\my_projects\testing\ci_dictionary\public\index.php(44): CodeIgniter\CodeIgniter->run()
#5 {main}
ERROR - 2022-05-09 08:21:37 --> mysqli_sql_exception: Duplicate entry '1l1l1l1l1' for key 'tel' in E:\SoftWare\xampp 7\htdocs\my_projects\testing\ci_dictionary\system\Database\MySQLi\Connection.php:314
Stack trace:
#0 E:\SoftWare\xampp 7\htdocs\my_projects\testing\ci_dictionary\system\Database\MySQLi\Connection.php(314): mysqli->query('INSERT INTO `us...')
#1 E:\SoftWare\xampp 7\htdocs\my_projects\testing\ci_dictionary\system\Database\BaseConnection.php(713): CodeIgniter\Database\MySQLi\Connection->execute('INSERT INTO `us...')
#2 E:\SoftWare\xampp 7\htdocs\my_projects\testing\ci_dictionary\system\Database\BaseConnection.php(641): CodeIgniter\Database\BaseConnection->simpleQuery('INSERT INTO `us...')
#3 E:\SoftWare\xampp 7\htdocs\my_projects\testing\ci_dictionary\system\Database\BaseBuilder.php(2263): CodeIgniter\Database\BaseConnection->query('INSERT INTO `us...', Array, false)
#4 E:\SoftWare\xampp 7\htdocs\my_projects\testing\ci_dictionary\system\Model.php(278): CodeIgniter\Database\BaseBuilder->insert()
#5 E:\SoftWare\xampp 7\htdocs\my_projects\testing\ci_dictionary\system\BaseModel.php(758): CodeIgniter\Model->doInsert(Array)
#6 E:\SoftWare\xampp 7\htdocs\my_projects\testing\ci_dictionary\system\Model.php(705): CodeIgniter\BaseModel->insert(Array, true)
#7 E:\SoftWare\xampp 7\htdocs\my_projects\testing\ci_dictionary\app\Libraries\Authentication\Handlers\Register.php(60): CodeIgniter\Model->insert(Array)
#8 E:\SoftWare\xampp 7\htdocs\my_projects\testing\ci_dictionary\app\Libraries\Authentication\Handlers\Register.php(32): App\Libraries\Authentication\Handlers\Register->save_user_data(Array)
#9 E:\SoftWare\xampp 7\htdocs\my_projects\testing\ci_dictionary\app\Libraries\Authentication\Authentication.php(119): App\Libraries\Authentication\Handlers\Register->register(Array)
#10 E:\SoftWare\xampp 7\htdocs\my_projects\testing\ci_dictionary\app\Controllers\Register.php(43): App\Libraries\Authentication\Authentication->register_user(Array)
#11 E:\SoftWare\xampp 7\htdocs\my_projects\testing\ci_dictionary\system\CodeIgniter.php(936): App\Controllers\Register->register()
#12 E:\SoftWare\xampp 7\htdocs\my_projects\testing\ci_dictionary\system\CodeIgniter.php(432): CodeIgniter\CodeIgniter->runController(Object(App\Controllers\Register))
#13 E:\SoftWare\xampp 7\htdocs\my_projects\testing\ci_dictionary\system\CodeIgniter.php(333): CodeIgniter\CodeIgniter->handleRequest(NULL, Object(Config\Cache), false)
#14 E:\SoftWare\xampp 7\htdocs\my_projects\testing\ci_dictionary\public\index.php(44): CodeIgniter\CodeIgniter->run()
#15 {main}
CRITICAL - 2022-05-09 08:21:37 --> Duplicate entry '1l1l1l1l1' for key 'tel'
#0 E:\SoftWare\xampp 7\htdocs\my_projects\testing\ci_dictionary\system\Database\MySQLi\Connection.php(314): mysqli->query('INSERT INTO `us...')
#1 E:\SoftWare\xampp 7\htdocs\my_projects\testing\ci_dictionary\system\Database\BaseConnection.php(713): CodeIgniter\Database\MySQLi\Connection->execute('INSERT INTO `us...')
#2 E:\SoftWare\xampp 7\htdocs\my_projects\testing\ci_dictionary\system\Database\BaseConnection.php(641): CodeIgniter\Database\BaseConnection->simpleQuery('INSERT INTO `us...')
#3 E:\SoftWare\xampp 7\htdocs\my_projects\testing\ci_dictionary\system\Database\BaseBuilder.php(2263): CodeIgniter\Database\BaseConnection->query('INSERT INTO `us...', Array, false)
#4 E:\SoftWare\xampp 7\htdocs\my_projects\testing\ci_dictionary\system\Model.php(278): CodeIgniter\Database\BaseBuilder->insert()
#5 E:\SoftWare\xampp 7\htdocs\my_projects\testing\ci_dictionary\system\BaseModel.php(758): CodeIgniter\Model->doInsert(Array)
#6 E:\SoftWare\xampp 7\htdocs\my_projects\testing\ci_dictionary\system\Model.php(705): CodeIgniter\BaseModel->insert(Array, true)
#7 E:\SoftWare\xampp 7\htdocs\my_projects\testing\ci_dictionary\app\Libraries\Authentication\Handlers\Register.php(60): CodeIgniter\Model->insert(Array)
#8 E:\SoftWare\xampp 7\htdocs\my_projects\testing\ci_dictionary\app\Libraries\Authentication\Handlers\Register.php(32): App\Libraries\Authentication\Handlers\Register->save_user_data(Array)
#9 E:\SoftWare\xampp 7\htdocs\my_projects\testing\ci_dictionary\app\Libraries\Authentication\Authentication.php(119): App\Libraries\Authentication\Handlers\Register->register(Array)
#10 E:\SoftWare\xampp 7\htdocs\my_projects\testing\ci_dictionary\app\Controllers\Register.php(43): App\Libraries\Authentication\Authentication->register_user(Array)
#11 E:\SoftWare\xampp 7\htdocs\my_projects\testing\ci_dictionary\system\CodeIgniter.php(936): App\Controllers\Register->register()
#12 E:\SoftWare\xampp 7\htdocs\my_projects\testing\ci_dictionary\system\CodeIgniter.php(432): CodeIgniter\CodeIgniter->runController(Object(App\Controllers\Register))
#13 E:\SoftWare\xampp 7\htdocs\my_projects\testing\ci_dictionary\system\CodeIgniter.php(333): CodeIgniter\CodeIgniter->handleRequest(NULL, Object(Config\Cache), false)
#14 E:\SoftWare\xampp 7\htdocs\my_projects\testing\ci_dictionary\public\index.php(44): CodeIgniter\CodeIgniter->run()
#15 {main}
CRITICAL - 2022-05-09 08:27:45 --> Argument 2 passed to App\Libraries\Authentication\Authentication::login() must be of the type string, null given, called in E:\SoftWare\xampp 7\htdocs\my_projects\testing\ci_dictionary\app\Libraries\Authentication\Handlers\Register.php on line 63
#0 E:\SoftWare\xampp 7\htdocs\my_projects\testing\ci_dictionary\app\Libraries\Authentication\Handlers\Register.php(63): App\Libraries\Authentication\Authentication->login('uu@uu.uu', NULL)
#1 E:\SoftWare\xampp 7\htdocs\my_projects\testing\ci_dictionary\app\Libraries\Authentication\Handlers\Register.php(32): App\Libraries\Authentication\Handlers\Register->save_user_data(Array)
#2 E:\SoftWare\xampp 7\htdocs\my_projects\testing\ci_dictionary\app\Libraries\Authentication\Authentication.php(119): App\Libraries\Authentication\Handlers\Register->register(Array)
#3 E:\SoftWare\xampp 7\htdocs\my_projects\testing\ci_dictionary\app\Controllers\Register.php(43): App\Libraries\Authentication\Authentication->register_user(Array)
#4 E:\SoftWare\xampp 7\htdocs\my_projects\testing\ci_dictionary\system\CodeIgniter.php(936): App\Controllers\Register->register()
#5 E:\SoftWare\xampp 7\htdocs\my_projects\testing\ci_dictionary\system\CodeIgniter.php(432): CodeIgniter\CodeIgniter->runController(Object(App\Controllers\Register))
#6 E:\SoftWare\xampp 7\htdocs\my_projects\testing\ci_dictionary\system\CodeIgniter.php(333): CodeIgniter\CodeIgniter->handleRequest(NULL, Object(Config\Cache), false)
#7 E:\SoftWare\xampp 7\htdocs\my_projects\testing\ci_dictionary\public\index.php(44): CodeIgniter\CodeIgniter->run()
#8 {main}
ERROR - 2022-05-09 08:29:31 --> mysqli_sql_exception: Duplicate entry '1u1u1u1u1' for key 'tel' in E:\SoftWare\xampp 7\htdocs\my_projects\testing\ci_dictionary\system\Database\MySQLi\Connection.php:314
Stack trace:
#0 E:\SoftWare\xampp 7\htdocs\my_projects\testing\ci_dictionary\system\Database\MySQLi\Connection.php(314): mysqli->query('INSERT INTO `us...')
#1 E:\SoftWare\xampp 7\htdocs\my_projects\testing\ci_dictionary\system\Database\BaseConnection.php(713): CodeIgniter\Database\MySQLi\Connection->execute('INSERT INTO `us...')
#2 E:\SoftWare\xampp 7\htdocs\my_projects\testing\ci_dictionary\system\Database\BaseConnection.php(641): CodeIgniter\Database\BaseConnection->simpleQuery('INSERT INTO `us...')
#3 E:\SoftWare\xampp 7\htdocs\my_projects\testing\ci_dictionary\system\Database\BaseBuilder.php(2263): CodeIgniter\Database\BaseConnection->query('INSERT INTO `us...', Array, false)
#4 E:\SoftWare\xampp 7\htdocs\my_projects\testing\ci_dictionary\system\Model.php(278): CodeIgniter\Database\BaseBuilder->insert()
#5 E:\SoftWare\xampp 7\htdocs\my_projects\testing\ci_dictionary\system\BaseModel.php(758): CodeIgniter\Model->doInsert(Array)
#6 E:\SoftWare\xampp 7\htdocs\my_projects\testing\ci_dictionary\system\Model.php(705): CodeIgniter\BaseModel->insert(Array, true)
#7 E:\SoftWare\xampp 7\htdocs\my_projects\testing\ci_dictionary\app\Libraries\Authentication\Handlers\Register.php(61): CodeIgniter\Model->insert(Array)
#8 E:\SoftWare\xampp 7\htdocs\my_projects\testing\ci_dictionary\app\Libraries\Authentication\Handlers\Register.php(32): App\Libraries\Authentication\Handlers\Register->save_user_data(Array)
#9 E:\SoftWare\xampp 7\htdocs\my_projects\testing\ci_dictionary\app\Libraries\Authentication\Authentication.php(119): App\Libraries\Authentication\Handlers\Register->register(Array)
#10 E:\SoftWare\xampp 7\htdocs\my_projects\testing\ci_dictionary\app\Controllers\Register.php(43): App\Libraries\Authentication\Authentication->register_user(Array)
#11 E:\SoftWare\xampp 7\htdocs\my_projects\testing\ci_dictionary\system\CodeIgniter.php(936): App\Controllers\Register->register()
#12 E:\SoftWare\xampp 7\htdocs\my_projects\testing\ci_dictionary\system\CodeIgniter.php(432): CodeIgniter\CodeIgniter->runController(Object(App\Controllers\Register))
#13 E:\SoftWare\xampp 7\htdocs\my_projects\testing\ci_dictionary\system\CodeIgniter.php(333): CodeIgniter\CodeIgniter->handleRequest(NULL, Object(Config\Cache), false)
#14 E:\SoftWare\xampp 7\htdocs\my_projects\testing\ci_dictionary\public\index.php(44): CodeIgniter\CodeIgniter->run()
#15 {main}
CRITICAL - 2022-05-09 08:29:31 --> Duplicate entry '1u1u1u1u1' for key 'tel'
#0 E:\SoftWare\xampp 7\htdocs\my_projects\testing\ci_dictionary\system\Database\MySQLi\Connection.php(314): mysqli->query('INSERT INTO `us...')
#1 E:\SoftWare\xampp 7\htdocs\my_projects\testing\ci_dictionary\system\Database\BaseConnection.php(713): CodeIgniter\Database\MySQLi\Connection->execute('INSERT INTO `us...')
#2 E:\SoftWare\xampp 7\htdocs\my_projects\testing\ci_dictionary\system\Database\BaseConnection.php(641): CodeIgniter\Database\BaseConnection->simpleQuery('INSERT INTO `us...')
#3 E:\SoftWare\xampp 7\htdocs\my_projects\testing\ci_dictionary\system\Database\BaseBuilder.php(2263): CodeIgniter\Database\BaseConnection->query('INSERT INTO `us...', Array, false)
#4 E:\SoftWare\xampp 7\htdocs\my_projects\testing\ci_dictionary\system\Model.php(278): CodeIgniter\Database\BaseBuilder->insert()
#5 E:\SoftWare\xampp 7\htdocs\my_projects\testing\ci_dictionary\system\BaseModel.php(758): CodeIgniter\Model->doInsert(Array)
#6 E:\SoftWare\xampp 7\htdocs\my_projects\testing\ci_dictionary\system\Model.php(705): CodeIgniter\BaseModel->insert(Array, true)
#7 E:\SoftWare\xampp 7\htdocs\my_projects\testing\ci_dictionary\app\Libraries\Authentication\Handlers\Register.php(61): CodeIgniter\Model->insert(Array)
#8 E:\SoftWare\xampp 7\htdocs\my_projects\testing\ci_dictionary\app\Libraries\Authentication\Handlers\Register.php(32): App\Libraries\Authentication\Handlers\Register->save_user_data(Array)
#9 E:\SoftWare\xampp 7\htdocs\my_projects\testing\ci_dictionary\app\Libraries\Authentication\Authentication.php(119): App\Libraries\Authentication\Handlers\Register->register(Array)
#10 E:\SoftWare\xampp 7\htdocs\my_projects\testing\ci_dictionary\app\Controllers\Register.php(43): App\Libraries\Authentication\Authentication->register_user(Array)
#11 E:\SoftWare\xampp 7\htdocs\my_projects\testing\ci_dictionary\system\CodeIgniter.php(936): App\Controllers\Register->register()
#12 E:\SoftWare\xampp 7\htdocs\my_projects\testing\ci_dictionary\system\CodeIgniter.php(432): CodeIgniter\CodeIgniter->runController(Object(App\Controllers\Register))
#13 E:\SoftWare\xampp 7\htdocs\my_projects\testing\ci_dictionary\system\CodeIgniter.php(333): CodeIgniter\CodeIgniter->handleRequest(NULL, Object(Config\Cache), false)
#14 E:\SoftWare\xampp 7\htdocs\my_projects\testing\ci_dictionary\public\index.php(44): CodeIgniter\CodeIgniter->run()
#15 {main}
