CRITICAL - 2022-07-11 02:18:47 --> Argument 1 passed to App\Libraries\KingAuth\KingAuth::get_user() must be of the type string, array given, called in E:\SoftWare\xampp 7\htdocs\my_projects\testing\ci_dictionary\app\Libraries\KingAuth\Handlers\EditProfile.php on line 64
#0 E:\SoftWare\xampp 7\htdocs\my_projects\testing\ci_dictionary\app\Libraries\KingAuth\Handlers\EditProfile.php(64): App\Libraries\KingAuth\KingAuth->get_user(Array, 'str_id,first_na...')
#1 E:\SoftWare\xampp 7\htdocs\my_projects\testing\ci_dictionary\app\Libraries\KingAuth\Handlers\EditProfile.php(30): App\Libraries\KingAuth\Handlers\EditProfile->init_user()
#2 E:\SoftWare\xampp 7\htdocs\my_projects\testing\ci_dictionary\app\Libraries\KingAuth\KingAuth.php(253): App\Libraries\KingAuth\Handlers\EditProfile->edit(Array, 'current_passwor...', 'password', 'repass')
#3 E:\SoftWare\xampp 7\htdocs\my_projects\testing\ci_dictionary\app\Controllers\Panel\Editprofile.php(152): App\Libraries\KingAuth\KingAuth->edit_profile(Array, 'current_passwor...', 'password', 'repass')
#4 E:\SoftWare\xampp 7\htdocs\my_projects\testing\ci_dictionary\app\Controllers\Panel\Editprofile.php(135): App\Controllers\Panel\Editprofile->assist_operation(Array)
#5 E:\SoftWare\xampp 7\htdocs\my_projects\testing\ci_dictionary\system\CodeIgniter.php(936): App\Controllers\Panel\Editprofile->operations()
#6 E:\SoftWare\xampp 7\htdocs\my_projects\testing\ci_dictionary\system\CodeIgniter.php(432): CodeIgniter\CodeIgniter->runController(Object(App\Controllers\Panel\Editprofile))
#7 E:\SoftWare\xampp 7\htdocs\my_projects\testing\ci_dictionary\system\CodeIgniter.php(333): CodeIgniter\CodeIgniter->handleRequest(NULL, Object(Config\Cache), false)
#8 E:\SoftWare\xampp 7\htdocs\my_projects\testing\ci_dictionary\public\index.php(44): CodeIgniter\CodeIgniter->run()
#9 {main}
CRITICAL - 2022-07-11 02:27:59 --> Argument 1 passed to App\Libraries\KingAuth\KingAuth::get_user() must be of the type string, array given, called in E:\SoftWare\xampp 7\htdocs\my_projects\testing\ci_dictionary\app\Libraries\KingAuth\Handlers\EditProfile.php on line 69
#0 E:\SoftWare\xampp 7\htdocs\my_projects\testing\ci_dictionary\app\Libraries\KingAuth\Handlers\EditProfile.php(69): App\Libraries\KingAuth\KingAuth->get_user(Array, 'str_id,first_na...')
#1 E:\SoftWare\xampp 7\htdocs\my_projects\testing\ci_dictionary\app\Libraries\KingAuth\Handlers\EditProfile.php(30): App\Libraries\KingAuth\Handlers\EditProfile->init_user()
#2 E:\SoftWare\xampp 7\htdocs\my_projects\testing\ci_dictionary\app\Libraries\KingAuth\KingAuth.php(253): App\Libraries\KingAuth\Handlers\EditProfile->edit(Array, 'current_passwor...', 'password', 'repass')
#3 E:\SoftWare\xampp 7\htdocs\my_projects\testing\ci_dictionary\app\Controllers\Panel\Editprofile.php(152): App\Libraries\KingAuth\KingAuth->edit_profile(Array, 'current_passwor...', 'password', 'repass')
#4 E:\SoftWare\xampp 7\htdocs\my_projects\testing\ci_dictionary\app\Controllers\Panel\Editprofile.php(135): App\Controllers\Panel\Editprofile->assist_operation(Array)
#5 E:\SoftWare\xampp 7\htdocs\my_projects\testing\ci_dictionary\system\CodeIgniter.php(936): App\Controllers\Panel\Editprofile->operations()
#6 E:\SoftWare\xampp 7\htdocs\my_projects\testing\ci_dictionary\system\CodeIgniter.php(432): CodeIgniter\CodeIgniter->runController(Object(App\Controllers\Panel\Editprofile))
#7 E:\SoftWare\xampp 7\htdocs\my_projects\testing\ci_dictionary\system\CodeIgniter.php(333): CodeIgniter\CodeIgniter->handleRequest(NULL, Object(Config\Cache), false)
#8 E:\SoftWare\xampp 7\htdocs\my_projects\testing\ci_dictionary\public\index.php(44): CodeIgniter\CodeIgniter->run()
#9 {main}
CRITICAL - 2022-07-11 02:28:41 --> Argument 1 passed to App\Libraries\KingAuth\KingAuth::get_user() must be of the type string, array given, called in E:\SoftWare\xampp 7\htdocs\my_projects\testing\ci_dictionary\app\Libraries\KingAuth\Handlers\EditProfile.php on line 69
#0 E:\SoftWare\xampp 7\htdocs\my_projects\testing\ci_dictionary\app\Libraries\KingAuth\Handlers\EditProfile.php(69): App\Libraries\KingAuth\KingAuth->get_user(Array, 'str_id,first_na...')
#1 E:\SoftWare\xampp 7\htdocs\my_projects\testing\ci_dictionary\app\Libraries\KingAuth\Handlers\EditProfile.php(30): App\Libraries\KingAuth\Handlers\EditProfile->init_user()
#2 E:\SoftWare\xampp 7\htdocs\my_projects\testing\ci_dictionary\app\Libraries\KingAuth\KingAuth.php(253): App\Libraries\KingAuth\Handlers\EditProfile->edit(Array, 'current_passwor...', 'password', 'repass')
#3 E:\SoftWare\xampp 7\htdocs\my_projects\testing\ci_dictionary\app\Controllers\Panel\Editprofile.php(152): App\Libraries\KingAuth\KingAuth->edit_profile(Array, 'current_passwor...', 'password', 'repass')
#4 E:\SoftWare\xampp 7\htdocs\my_projects\testing\ci_dictionary\app\Controllers\Panel\Editprofile.php(135): App\Controllers\Panel\Editprofile->assist_operation(Array)
#5 E:\SoftWare\xampp 7\htdocs\my_projects\testing\ci_dictionary\system\CodeIgniter.php(936): App\Controllers\Panel\Editprofile->operations()
#6 E:\SoftWare\xampp 7\htdocs\my_projects\testing\ci_dictionary\system\CodeIgniter.php(432): CodeIgniter\CodeIgniter->runController(Object(App\Controllers\Panel\Editprofile))
#7 E:\SoftWare\xampp 7\htdocs\my_projects\testing\ci_dictionary\system\CodeIgniter.php(333): CodeIgniter\CodeIgniter->handleRequest(NULL, Object(Config\Cache), false)
#8 E:\SoftWare\xampp 7\htdocs\my_projects\testing\ci_dictionary\public\index.php(44): CodeIgniter\CodeIgniter->run()
#9 {main}
ERROR - 2022-07-11 02:29:23 --> mysqli_sql_exception: Unknown column 'btnEdit' in 'field list' in E:\SoftWare\xampp 7\htdocs\my_projects\testing\ci_dictionary\system\Database\MySQLi\Connection.php:314
Stack trace:
#0 E:\SoftWare\xampp 7\htdocs\my_projects\testing\ci_dictionary\system\Database\MySQLi\Connection.php(314): mysqli->query('SELECT `str_id`...')
#1 E:\SoftWare\xampp 7\htdocs\my_projects\testing\ci_dictionary\system\Database\BaseConnection.php(713): CodeIgniter\Database\MySQLi\Connection->execute('SELECT `str_id`...')
#2 E:\SoftWare\xampp 7\htdocs\my_projects\testing\ci_dictionary\system\Database\BaseConnection.php(641): CodeIgniter\Database\BaseConnection->simpleQuery('SELECT `str_id`...')
#3 E:\SoftWare\xampp 7\htdocs\my_projects\testing\ci_dictionary\system\Database\BaseBuilder.php(1866): CodeIgniter\Database\BaseConnection->query('SELECT `str_id`...', Array, false)
#4 E:\SoftWare\xampp 7\htdocs\my_projects\testing\ci_dictionary\system\Model.php(174): CodeIgniter\Database\BaseBuilder->get()
#5 E:\SoftWare\xampp 7\htdocs\my_projects\testing\ci_dictionary\system\BaseModel.php(518): CodeIgniter\Model->doFind(false, NULL)
#6 E:\SoftWare\xampp 7\htdocs\my_projects\testing\ci_dictionary\app\Libraries\KingAuth\Handlers\GetUser.php(27): CodeIgniter\BaseModel->find()
#7 E:\SoftWare\xampp 7\htdocs\my_projects\testing\ci_dictionary\app\Libraries\KingAuth\KingAuth.php(176): App\Libraries\KingAuth\Handlers\GetUser->get('MAssist', Array, 'str_id,first_na...')
#8 E:\SoftWare\xampp 7\htdocs\my_projects\testing\ci_dictionary\app\Libraries\KingAuth\Handlers\EditProfile.php(69): App\Libraries\KingAuth\KingAuth->get_user('MAssist', Array, 'str_id,first_na...')
#9 E:\SoftWare\xampp 7\htdocs\my_projects\testing\ci_dictionary\app\Libraries\KingAuth\Handlers\EditProfile.php(30): App\Libraries\KingAuth\Handlers\EditProfile->init_user()
#10 E:\SoftWare\xampp 7\htdocs\my_projects\testing\ci_dictionary\app\Libraries\KingAuth\KingAuth.php(253): App\Libraries\KingAuth\Handlers\EditProfile->edit(Array, 'current_passwor...', 'password', 'repass')
#11 E:\SoftWare\xampp 7\htdocs\my_projects\testing\ci_dictionary\app\Controllers\Panel\Editprofile.php(152): App\Libraries\KingAuth\KingAuth->edit_profile(Array, 'current_passwor...', 'password', 'repass')
#12 E:\SoftWare\xampp 7\htdocs\my_projects\testing\ci_dictionary\app\Controllers\Panel\Editprofile.php(135): App\Controllers\Panel\Editprofile->assist_operation(Array)
#13 E:\SoftWare\xampp 7\htdocs\my_projects\testing\ci_dictionary\system\CodeIgniter.php(936): App\Controllers\Panel\Editprofile->operations()
#14 E:\SoftWare\xampp 7\htdocs\my_projects\testing\ci_dictionary\system\CodeIgniter.php(432): CodeIgniter\CodeIgniter->runController(Object(App\Controllers\Panel\Editprofile))
#15 E:\SoftWare\xampp 7\htdocs\my_projects\testing\ci_dictionary\system\CodeIgniter.php(333): CodeIgniter\CodeIgniter->handleRequest(NULL, Object(Config\Cache), false)
#16 E:\SoftWare\xampp 7\htdocs\my_projects\testing\ci_dictionary\public\index.php(44): CodeIgniter\CodeIgniter->run()
#17 {main}
CRITICAL - 2022-07-11 02:29:23 --> Unknown column 'btnEdit' in 'field list'
#0 E:\SoftWare\xampp 7\htdocs\my_projects\testing\ci_dictionary\system\Database\MySQLi\Connection.php(314): mysqli->query('SELECT `str_id`...')
#1 E:\SoftWare\xampp 7\htdocs\my_projects\testing\ci_dictionary\system\Database\BaseConnection.php(713): CodeIgniter\Database\MySQLi\Connection->execute('SELECT `str_id`...')
#2 E:\SoftWare\xampp 7\htdocs\my_projects\testing\ci_dictionary\system\Database\BaseConnection.php(641): CodeIgniter\Database\BaseConnection->simpleQuery('SELECT `str_id`...')
#3 E:\SoftWare\xampp 7\htdocs\my_projects\testing\ci_dictionary\system\Database\BaseBuilder.php(1866): CodeIgniter\Database\BaseConnection->query('SELECT `str_id`...', Array, false)
#4 E:\SoftWare\xampp 7\htdocs\my_projects\testing\ci_dictionary\system\Model.php(174): CodeIgniter\Database\BaseBuilder->get()
#5 E:\SoftWare\xampp 7\htdocs\my_projects\testing\ci_dictionary\system\BaseModel.php(518): CodeIgniter\Model->doFind(false, NULL)
#6 E:\SoftWare\xampp 7\htdocs\my_projects\testing\ci_dictionary\app\Libraries\KingAuth\Handlers\GetUser.php(27): CodeIgniter\BaseModel->find()
#7 E:\SoftWare\xampp 7\htdocs\my_projects\testing\ci_dictionary\app\Libraries\KingAuth\KingAuth.php(176): App\Libraries\KingAuth\Handlers\GetUser->get('MAssist', Array, 'str_id,first_na...')
#8 E:\SoftWare\xampp 7\htdocs\my_projects\testing\ci_dictionary\app\Libraries\KingAuth\Handlers\EditProfile.php(69): App\Libraries\KingAuth\KingAuth->get_user('MAssist', Array, 'str_id,first_na...')
#9 E:\SoftWare\xampp 7\htdocs\my_projects\testing\ci_dictionary\app\Libraries\KingAuth\Handlers\EditProfile.php(30): App\Libraries\KingAuth\Handlers\EditProfile->init_user()
#10 E:\SoftWare\xampp 7\htdocs\my_projects\testing\ci_dictionary\app\Libraries\KingAuth\KingAuth.php(253): App\Libraries\KingAuth\Handlers\EditProfile->edit(Array, 'current_passwor...', 'password', 'repass')
#11 E:\SoftWare\xampp 7\htdocs\my_projects\testing\ci_dictionary\app\Controllers\Panel\Editprofile.php(152): App\Libraries\KingAuth\KingAuth->edit_profile(Array, 'current_passwor...', 'password', 'repass')
#12 E:\SoftWare\xampp 7\htdocs\my_projects\testing\ci_dictionary\app\Controllers\Panel\Editprofile.php(135): App\Controllers\Panel\Editprofile->assist_operation(Array)
#13 E:\SoftWare\xampp 7\htdocs\my_projects\testing\ci_dictionary\system\CodeIgniter.php(936): App\Controllers\Panel\Editprofile->operations()
#14 E:\SoftWare\xampp 7\htdocs\my_projects\testing\ci_dictionary\system\CodeIgniter.php(432): CodeIgniter\CodeIgniter->runController(Object(App\Controllers\Panel\Editprofile))
#15 E:\SoftWare\xampp 7\htdocs\my_projects\testing\ci_dictionary\system\CodeIgniter.php(333): CodeIgniter\CodeIgniter->handleRequest(NULL, Object(Config\Cache), false)
#16 E:\SoftWare\xampp 7\htdocs\my_projects\testing\ci_dictionary\public\index.php(44): CodeIgniter\CodeIgniter->run()
#17 {main}
CRITICAL - 2022-07-11 03:07:31 --> password_hash() expects parameter 1 to be string, array given
#0 [internal function]: CodeIgniter\Debug\Exceptions->errorHandler(2, 'password_hash()...', 'E:\\SoftWare\\xam...', 148, Array)
#1 E:\SoftWare\xampp 7\htdocs\my_projects\testing\ci_dictionary\app\Libraries\KingAuth\Handlers\EditProfile.php(148): password_hash(Array, '2y')
#2 E:\SoftWare\xampp 7\htdocs\my_projects\testing\ci_dictionary\app\Libraries\KingAuth\Handlers\EditProfile.php(103): App\Libraries\KingAuth\Handlers\EditProfile->hashing_pass()
#3 E:\SoftWare\xampp 7\htdocs\my_projects\testing\ci_dictionary\app\Libraries\KingAuth\Handlers\EditProfile.php(34): App\Libraries\KingAuth\Handlers\EditProfile->update_profile()
#4 E:\SoftWare\xampp 7\htdocs\my_projects\testing\ci_dictionary\app\Libraries\KingAuth\KingAuth.php(253): App\Libraries\KingAuth\Handlers\EditProfile->edit(Array, 'current_passwor...', 'password', 'repass')
#5 E:\SoftWare\xampp 7\htdocs\my_projects\testing\ci_dictionary\app\Controllers\Panel\Editprofile.php(152): App\Libraries\KingAuth\KingAuth->edit_profile(Array, 'current_passwor...', 'password', 'repass')
#6 E:\SoftWare\xampp 7\htdocs\my_projects\testing\ci_dictionary\app\Controllers\Panel\Editprofile.php(135): App\Controllers\Panel\Editprofile->assist_operation(Array)
#7 E:\SoftWare\xampp 7\htdocs\my_projects\testing\ci_dictionary\system\CodeIgniter.php(936): App\Controllers\Panel\Editprofile->operations()
#8 E:\SoftWare\xampp 7\htdocs\my_projects\testing\ci_dictionary\system\CodeIgniter.php(432): CodeIgniter\CodeIgniter->runController(Object(App\Controllers\Panel\Editprofile))
#9 E:\SoftWare\xampp 7\htdocs\my_projects\testing\ci_dictionary\system\CodeIgniter.php(333): CodeIgniter\CodeIgniter->handleRequest(NULL, Object(Config\Cache), false)
#10 E:\SoftWare\xampp 7\htdocs\my_projects\testing\ci_dictionary\public\index.php(44): CodeIgniter\CodeIgniter->run()
#11 {main}
CRITICAL - 2022-07-11 03:12:36 --> Trying to access array offset on value of type bool
#0 E:\SoftWare\xampp 7\htdocs\my_projects\testing\ci_dictionary\app\Controllers\Panel\Editprofile.php(108): CodeIgniter\Debug\Exceptions->errorHandler(8, 'Trying to acces...', 'E:\\SoftWare\\xam...', 108, Array)
#1 E:\SoftWare\xampp 7\htdocs\my_projects\testing\ci_dictionary\app\Controllers\Panel\Editprofile.php(78): App\Controllers\Panel\Editprofile->generate_assist_form(Object(App\Libraries\KingAuth\KingAuth))
#2 E:\SoftWare\xampp 7\htdocs\my_projects\testing\ci_dictionary\app\Controllers\Panel\Editprofile.php(44): App\Controllers\Panel\Editprofile->form(Object(App\Libraries\KingAuth\KingAuth))
#3 E:\SoftWare\xampp 7\htdocs\my_projects\testing\ci_dictionary\system\CodeIgniter.php(936): App\Controllers\Panel\Editprofile->index()
#4 E:\SoftWare\xampp 7\htdocs\my_projects\testing\ci_dictionary\system\CodeIgniter.php(432): CodeIgniter\CodeIgniter->runController(Object(App\Controllers\Panel\Editprofile))
#5 E:\SoftWare\xampp 7\htdocs\my_projects\testing\ci_dictionary\system\CodeIgniter.php(333): CodeIgniter\CodeIgniter->handleRequest(NULL, Object(Config\Cache), false)
#6 E:\SoftWare\xampp 7\htdocs\my_projects\testing\ci_dictionary\public\index.php(44): CodeIgniter\CodeIgniter->run()
#7 {main}
CRITICAL - 2022-07-11 03:12:45 --> Trying to access array offset on value of type bool
#0 E:\SoftWare\xampp 7\htdocs\my_projects\testing\ci_dictionary\app\Controllers\Panel\Editprofile.php(108): CodeIgniter\Debug\Exceptions->errorHandler(8, 'Trying to acces...', 'E:\\SoftWare\\xam...', 108, Array)
#1 E:\SoftWare\xampp 7\htdocs\my_projects\testing\ci_dictionary\app\Controllers\Panel\Editprofile.php(78): App\Controllers\Panel\Editprofile->generate_assist_form(Object(App\Libraries\KingAuth\KingAuth))
#2 E:\SoftWare\xampp 7\htdocs\my_projects\testing\ci_dictionary\app\Controllers\Panel\Editprofile.php(44): App\Controllers\Panel\Editprofile->form(Object(App\Libraries\KingAuth\KingAuth))
#3 E:\SoftWare\xampp 7\htdocs\my_projects\testing\ci_dictionary\system\CodeIgniter.php(936): App\Controllers\Panel\Editprofile->index()
#4 E:\SoftWare\xampp 7\htdocs\my_projects\testing\ci_dictionary\system\CodeIgniter.php(432): CodeIgniter\CodeIgniter->runController(Object(App\Controllers\Panel\Editprofile))
#5 E:\SoftWare\xampp 7\htdocs\my_projects\testing\ci_dictionary\system\CodeIgniter.php(333): CodeIgniter\CodeIgniter->handleRequest(NULL, Object(Config\Cache), false)
#6 E:\SoftWare\xampp 7\htdocs\my_projects\testing\ci_dictionary\public\index.php(44): CodeIgniter\CodeIgniter->run()
#7 {main}
CRITICAL - 2022-07-11 03:21:52 --> Trying to access array offset on value of type bool
#0 E:\SoftWare\xampp 7\htdocs\my_projects\testing\ci_dictionary\app\Controllers\Panel\Editprofile.php(108): CodeIgniter\Debug\Exceptions->errorHandler(8, 'Trying to acces...', 'E:\\SoftWare\\xam...', 108, Array)
#1 E:\SoftWare\xampp 7\htdocs\my_projects\testing\ci_dictionary\app\Controllers\Panel\Editprofile.php(78): App\Controllers\Panel\Editprofile->generate_assist_form(Object(App\Libraries\KingAuth\KingAuth))
#2 E:\SoftWare\xampp 7\htdocs\my_projects\testing\ci_dictionary\app\Controllers\Panel\Editprofile.php(44): App\Controllers\Panel\Editprofile->form(Object(App\Libraries\KingAuth\KingAuth))
#3 E:\SoftWare\xampp 7\htdocs\my_projects\testing\ci_dictionary\system\CodeIgniter.php(936): App\Controllers\Panel\Editprofile->index()
#4 E:\SoftWare\xampp 7\htdocs\my_projects\testing\ci_dictionary\system\CodeIgniter.php(432): CodeIgniter\CodeIgniter->runController(Object(App\Controllers\Panel\Editprofile))
#5 E:\SoftWare\xampp 7\htdocs\my_projects\testing\ci_dictionary\system\CodeIgniter.php(333): CodeIgniter\CodeIgniter->handleRequest(NULL, Object(Config\Cache), false)
#6 E:\SoftWare\xampp 7\htdocs\my_projects\testing\ci_dictionary\public\index.php(44): CodeIgniter\CodeIgniter->run()
#7 {main}
CRITICAL - 2022-07-11 03:52:36 --> password_hash() expects parameter 1 to be string, array given
#0 [internal function]: CodeIgniter\Debug\Exceptions->errorHandler(2, 'password_hash()...', 'E:\\SoftWare\\xam...', 152, Array)
#1 E:\SoftWare\xampp 7\htdocs\my_projects\testing\ci_dictionary\app\Libraries\KingAuth\Handlers\EditProfile.php(152): password_hash(Array, '2y')
#2 E:\SoftWare\xampp 7\htdocs\my_projects\testing\ci_dictionary\app\Libraries\KingAuth\Handlers\EditProfile.php(103): App\Libraries\KingAuth\Handlers\EditProfile->hashing_pass()
#3 E:\SoftWare\xampp 7\htdocs\my_projects\testing\ci_dictionary\app\Libraries\KingAuth\Handlers\EditProfile.php(34): App\Libraries\KingAuth\Handlers\EditProfile->update_profile()
#4 E:\SoftWare\xampp 7\htdocs\my_projects\testing\ci_dictionary\app\Libraries\KingAuth\KingAuth.php(253): App\Libraries\KingAuth\Handlers\EditProfile->edit(Array, 'current_passwor...', 'password', 'repass')
#5 E:\SoftWare\xampp 7\htdocs\my_projects\testing\ci_dictionary\app\Controllers\Panel\Editprofile.php(152): App\Libraries\KingAuth\KingAuth->edit_profile(Array, 'current_passwor...', 'password', 'repass')
#6 E:\SoftWare\xampp 7\htdocs\my_projects\testing\ci_dictionary\app\Controllers\Panel\Editprofile.php(135): App\Controllers\Panel\Editprofile->assist_operation(Array)
#7 E:\SoftWare\xampp 7\htdocs\my_projects\testing\ci_dictionary\system\CodeIgniter.php(936): App\Controllers\Panel\Editprofile->operations()
#8 E:\SoftWare\xampp 7\htdocs\my_projects\testing\ci_dictionary\system\CodeIgniter.php(432): CodeIgniter\CodeIgniter->runController(Object(App\Controllers\Panel\Editprofile))
#9 E:\SoftWare\xampp 7\htdocs\my_projects\testing\ci_dictionary\system\CodeIgniter.php(333): CodeIgniter\CodeIgniter->handleRequest(NULL, Object(Config\Cache), false)
#10 E:\SoftWare\xampp 7\htdocs\my_projects\testing\ci_dictionary\public\index.php(44): CodeIgniter\CodeIgniter->run()
#11 {main}
ERROR - 2022-07-11 05:41:55 --> mysqli_sql_exception: Unknown column 'repass' in 'where clause' in E:\SoftWare\xampp 7\htdocs\my_projects\testing\ci_dictionary\system\Database\MySQLi\Connection.php:314
Stack trace:
#0 E:\SoftWare\xampp 7\htdocs\my_projects\testing\ci_dictionary\system\Database\MySQLi\Connection.php(314): mysqli->query('SELECT `passwor...')
#1 E:\SoftWare\xampp 7\htdocs\my_projects\testing\ci_dictionary\system\Database\BaseConnection.php(713): CodeIgniter\Database\MySQLi\Connection->execute('SELECT `passwor...')
#2 E:\SoftWare\xampp 7\htdocs\my_projects\testing\ci_dictionary\system\Database\BaseConnection.php(641): CodeIgniter\Database\BaseConnection->simpleQuery('SELECT `passwor...')
#3 E:\SoftWare\xampp 7\htdocs\my_projects\testing\ci_dictionary\system\Database\BaseBuilder.php(1866): CodeIgniter\Database\BaseConnection->query('SELECT `passwor...', Array, false)
#4 E:\SoftWare\xampp 7\htdocs\my_projects\testing\ci_dictionary\system\Model.php(247): CodeIgniter\Database\BaseBuilder->get()
#5 E:\SoftWare\xampp 7\htdocs\my_projects\testing\ci_dictionary\system\BaseModel.php(624): CodeIgniter\Model->doFirst()
#6 E:\SoftWare\xampp 7\htdocs\my_projects\testing\ci_dictionary\app\Libraries\KingAuth\Handlers\EditProfile.php(150): CodeIgniter\BaseModel->first()
#7 E:\SoftWare\xampp 7\htdocs\my_projects\testing\ci_dictionary\app\Libraries\KingAuth\Handlers\EditProfile.php(103): App\Libraries\KingAuth\Handlers\EditProfile->hashing_pass()
#8 E:\SoftWare\xampp 7\htdocs\my_projects\testing\ci_dictionary\app\Libraries\KingAuth\Handlers\EditProfile.php(34): App\Libraries\KingAuth\Handlers\EditProfile->update_profile()
#9 E:\SoftWare\xampp 7\htdocs\my_projects\testing\ci_dictionary\app\Libraries\KingAuth\KingAuth.php(253): App\Libraries\KingAuth\Handlers\EditProfile->edit(Array, 'current_passwor...', 'password', 'repass')
#10 E:\SoftWare\xampp 7\htdocs\my_projects\testing\ci_dictionary\app\Controllers\Panel\Editprofile.php(152): App\Libraries\KingAuth\KingAuth->edit_profile(Array, 'current_passwor...', 'password', 'repass')
#11 E:\SoftWare\xampp 7\htdocs\my_projects\testing\ci_dictionary\app\Controllers\Panel\Editprofile.php(135): App\Controllers\Panel\Editprofile->assist_operation(Array)
#12 E:\SoftWare\xampp 7\htdocs\my_projects\testing\ci_dictionary\system\CodeIgniter.php(936): App\Controllers\Panel\Editprofile->operations()
#13 E:\SoftWare\xampp 7\htdocs\my_projects\testing\ci_dictionary\system\CodeIgniter.php(432): CodeIgniter\CodeIgniter->runController(Object(App\Controllers\Panel\Editprofile))
#14 E:\SoftWare\xampp 7\htdocs\my_projects\testing\ci_dictionary\system\CodeIgniter.php(333): CodeIgniter\CodeIgniter->handleRequest(NULL, Object(Config\Cache), false)
#15 E:\SoftWare\xampp 7\htdocs\my_projects\testing\ci_dictionary\public\index.php(44): CodeIgniter\CodeIgniter->run()
#16 {main}
CRITICAL - 2022-07-11 05:41:55 --> Unknown column 'repass' in 'where clause'
#0 E:\SoftWare\xampp 7\htdocs\my_projects\testing\ci_dictionary\system\Database\MySQLi\Connection.php(314): mysqli->query('SELECT `passwor...')
#1 E:\SoftWare\xampp 7\htdocs\my_projects\testing\ci_dictionary\system\Database\BaseConnection.php(713): CodeIgniter\Database\MySQLi\Connection->execute('SELECT `passwor...')
#2 E:\SoftWare\xampp 7\htdocs\my_projects\testing\ci_dictionary\system\Database\BaseConnection.php(641): CodeIgniter\Database\BaseConnection->simpleQuery('SELECT `passwor...')
#3 E:\SoftWare\xampp 7\htdocs\my_projects\testing\ci_dictionary\system\Database\BaseBuilder.php(1866): CodeIgniter\Database\BaseConnection->query('SELECT `passwor...', Array, false)
#4 E:\SoftWare\xampp 7\htdocs\my_projects\testing\ci_dictionary\system\Model.php(247): CodeIgniter\Database\BaseBuilder->get()
#5 E:\SoftWare\xampp 7\htdocs\my_projects\testing\ci_dictionary\system\BaseModel.php(624): CodeIgniter\Model->doFirst()
#6 E:\SoftWare\xampp 7\htdocs\my_projects\testing\ci_dictionary\app\Libraries\KingAuth\Handlers\EditProfile.php(150): CodeIgniter\BaseModel->first()
#7 E:\SoftWare\xampp 7\htdocs\my_projects\testing\ci_dictionary\app\Libraries\KingAuth\Handlers\EditProfile.php(103): App\Libraries\KingAuth\Handlers\EditProfile->hashing_pass()
#8 E:\SoftWare\xampp 7\htdocs\my_projects\testing\ci_dictionary\app\Libraries\KingAuth\Handlers\EditProfile.php(34): App\Libraries\KingAuth\Handlers\EditProfile->update_profile()
#9 E:\SoftWare\xampp 7\htdocs\my_projects\testing\ci_dictionary\app\Libraries\KingAuth\KingAuth.php(253): App\Libraries\KingAuth\Handlers\EditProfile->edit(Array, 'current_passwor...', 'password', 'repass')
#10 E:\SoftWare\xampp 7\htdocs\my_projects\testing\ci_dictionary\app\Controllers\Panel\Editprofile.php(152): App\Libraries\KingAuth\KingAuth->edit_profile(Array, 'current_passwor...', 'password', 'repass')
#11 E:\SoftWare\xampp 7\htdocs\my_projects\testing\ci_dictionary\app\Controllers\Panel\Editprofile.php(135): App\Controllers\Panel\Editprofile->assist_operation(Array)
#12 E:\SoftWare\xampp 7\htdocs\my_projects\testing\ci_dictionary\system\CodeIgniter.php(936): App\Controllers\Panel\Editprofile->operations()
#13 E:\SoftWare\xampp 7\htdocs\my_projects\testing\ci_dictionary\system\CodeIgniter.php(432): CodeIgniter\CodeIgniter->runController(Object(App\Controllers\Panel\Editprofile))
#14 E:\SoftWare\xampp 7\htdocs\my_projects\testing\ci_dictionary\system\CodeIgniter.php(333): CodeIgniter\CodeIgniter->handleRequest(NULL, Object(Config\Cache), false)
#15 E:\SoftWare\xampp 7\htdocs\my_projects\testing\ci_dictionary\public\index.php(44): CodeIgniter\CodeIgniter->run()
#16 {main}
ERROR - 2022-07-11 05:48:28 --> mysqli_sql_exception: Unknown column 'btnEdit' in 'field list' in E:\SoftWare\xampp 7\htdocs\my_projects\testing\ci_dictionary\system\Database\MySQLi\Connection.php:314
Stack trace:
#0 E:\SoftWare\xampp 7\htdocs\my_projects\testing\ci_dictionary\system\Database\MySQLi\Connection.php(314): mysqli->query('SELECT `name`, ...')
#1 E:\SoftWare\xampp 7\htdocs\my_projects\testing\ci_dictionary\system\Database\BaseConnection.php(713): CodeIgniter\Database\MySQLi\Connection->execute('SELECT `name`, ...')
#2 E:\SoftWare\xampp 7\htdocs\my_projects\testing\ci_dictionary\system\Database\BaseConnection.php(641): CodeIgniter\Database\BaseConnection->simpleQuery('SELECT `name`, ...')
#3 E:\SoftWare\xampp 7\htdocs\my_projects\testing\ci_dictionary\system\Database\BaseBuilder.php(1866): CodeIgniter\Database\BaseConnection->query('SELECT `name`, ...', Array, false)
#4 E:\SoftWare\xampp 7\htdocs\my_projects\testing\ci_dictionary\system\Model.php(174): CodeIgniter\Database\BaseBuilder->get()
#5 E:\SoftWare\xampp 7\htdocs\my_projects\testing\ci_dictionary\system\BaseModel.php(518): CodeIgniter\Model->doFind(false, NULL)
#6 E:\SoftWare\xampp 7\htdocs\my_projects\testing\ci_dictionary\app\Libraries\KingAuth\Handlers\GetUser.php(27): CodeIgniter\BaseModel->find()
#7 E:\SoftWare\xampp 7\htdocs\my_projects\testing\ci_dictionary\app\Libraries\KingAuth\KingAuth.php(176): App\Libraries\KingAuth\Handlers\GetUser->get('MUsers', Array, 'name,email,tel,...')
#8 E:\SoftWare\xampp 7\htdocs\my_projects\testing\ci_dictionary\app\Libraries\KingAuth\Handlers\EditProfile.php(69): App\Libraries\KingAuth\KingAuth->get_user('MUsers', Array, 'name,email,tel,...')
#9 E:\SoftWare\xampp 7\htdocs\my_projects\testing\ci_dictionary\app\Libraries\KingAuth\Handlers\EditProfile.php(30): App\Libraries\KingAuth\Handlers\EditProfile->init_user()
#10 E:\SoftWare\xampp 7\htdocs\my_projects\testing\ci_dictionary\app\Libraries\KingAuth\KingAuth.php(253): App\Libraries\KingAuth\Handlers\EditProfile->edit(Array, 'current_passwor...', 'password', 'repass')
#11 E:\SoftWare\xampp 7\htdocs\my_projects\testing\ci_dictionary\app\Controllers\Panel\Editprofile.php(144): App\Libraries\KingAuth\KingAuth->edit_profile(Array, 'current_passwor...', 'password', 'repass')
#12 E:\SoftWare\xampp 7\htdocs\my_projects\testing\ci_dictionary\app\Controllers\Panel\Editprofile.php(132): App\Controllers\Panel\Editprofile->user_operation(Array)
#13 E:\SoftWare\xampp 7\htdocs\my_projects\testing\ci_dictionary\system\CodeIgniter.php(936): App\Controllers\Panel\Editprofile->operations()
#14 E:\SoftWare\xampp 7\htdocs\my_projects\testing\ci_dictionary\system\CodeIgniter.php(432): CodeIgniter\CodeIgniter->runController(Object(App\Controllers\Panel\Editprofile))
#15 E:\SoftWare\xampp 7\htdocs\my_projects\testing\ci_dictionary\system\CodeIgniter.php(333): CodeIgniter\CodeIgniter->handleRequest(NULL, Object(Config\Cache), false)
#16 E:\SoftWare\xampp 7\htdocs\my_projects\testing\ci_dictionary\public\index.php(44): CodeIgniter\CodeIgniter->run()
#17 {main}
CRITICAL - 2022-07-11 05:48:28 --> Unknown column 'btnEdit' in 'field list'
#0 E:\SoftWare\xampp 7\htdocs\my_projects\testing\ci_dictionary\system\Database\MySQLi\Connection.php(314): mysqli->query('SELECT `name`, ...')
#1 E:\SoftWare\xampp 7\htdocs\my_projects\testing\ci_dictionary\system\Database\BaseConnection.php(713): CodeIgniter\Database\MySQLi\Connection->execute('SELECT `name`, ...')
#2 E:\SoftWare\xampp 7\htdocs\my_projects\testing\ci_dictionary\system\Database\BaseConnection.php(641): CodeIgniter\Database\BaseConnection->simpleQuery('SELECT `name`, ...')
#3 E:\SoftWare\xampp 7\htdocs\my_projects\testing\ci_dictionary\system\Database\BaseBuilder.php(1866): CodeIgniter\Database\BaseConnection->query('SELECT `name`, ...', Array, false)
#4 E:\SoftWare\xampp 7\htdocs\my_projects\testing\ci_dictionary\system\Model.php(174): CodeIgniter\Database\BaseBuilder->get()
#5 E:\SoftWare\xampp 7\htdocs\my_projects\testing\ci_dictionary\system\BaseModel.php(518): CodeIgniter\Model->doFind(false, NULL)
#6 E:\SoftWare\xampp 7\htdocs\my_projects\testing\ci_dictionary\app\Libraries\KingAuth\Handlers\GetUser.php(27): CodeIgniter\BaseModel->find()
#7 E:\SoftWare\xampp 7\htdocs\my_projects\testing\ci_dictionary\app\Libraries\KingAuth\KingAuth.php(176): App\Libraries\KingAuth\Handlers\GetUser->get('MUsers', Array, 'name,email,tel,...')
#8 E:\SoftWare\xampp 7\htdocs\my_projects\testing\ci_dictionary\app\Libraries\KingAuth\Handlers\EditProfile.php(69): App\Libraries\KingAuth\KingAuth->get_user('MUsers', Array, 'name,email,tel,...')
#9 E:\SoftWare\xampp 7\htdocs\my_projects\testing\ci_dictionary\app\Libraries\KingAuth\Handlers\EditProfile.php(30): App\Libraries\KingAuth\Handlers\EditProfile->init_user()
#10 E:\SoftWare\xampp 7\htdocs\my_projects\testing\ci_dictionary\app\Libraries\KingAuth\KingAuth.php(253): App\Libraries\KingAuth\Handlers\EditProfile->edit(Array, 'current_passwor...', 'password', 'repass')
#11 E:\SoftWare\xampp 7\htdocs\my_projects\testing\ci_dictionary\app\Controllers\Panel\Editprofile.php(144): App\Libraries\KingAuth\KingAuth->edit_profile(Array, 'current_passwor...', 'password', 'repass')
#12 E:\SoftWare\xampp 7\htdocs\my_projects\testing\ci_dictionary\app\Controllers\Panel\Editprofile.php(132): App\Controllers\Panel\Editprofile->user_operation(Array)
#13 E:\SoftWare\xampp 7\htdocs\my_projects\testing\ci_dictionary\system\CodeIgniter.php(936): App\Controllers\Panel\Editprofile->operations()
#14 E:\SoftWare\xampp 7\htdocs\my_projects\testing\ci_dictionary\system\CodeIgniter.php(432): CodeIgniter\CodeIgniter->runController(Object(App\Controllers\Panel\Editprofile))
#15 E:\SoftWare\xampp 7\htdocs\my_projects\testing\ci_dictionary\system\CodeIgniter.php(333): CodeIgniter\CodeIgniter->handleRequest(NULL, Object(Config\Cache), false)
#16 E:\SoftWare\xampp 7\htdocs\my_projects\testing\ci_dictionary\public\index.php(44): CodeIgniter\CodeIgniter->run()
#17 {main}
