CRITICAL - 2022-05-30 00:32:17 --> Default value for parameters with a string type can only be string or NULL
#0 [internal function]: CodeIgniter\Debug\Exceptions->shutdownHandler()
#1 {main}
CRITICAL - 2022-05-30 00:32:51 --> Default value for parameters with a string type can only be string or NULL
#0 [internal function]: CodeIgniter\Debug\Exceptions->shutdownHandler()
#1 {main}
CRITICAL - 2022-05-30 01:40:47 --> Return value of App\Controllers\Panel\ManageTranslate::operations() must be an object, none returned
#0 E:\SoftWare\xampp 7\htdocs\my_projects\testing\ci_dictionary\system\CodeIgniter.php(936): App\Controllers\Panel\ManageTranslate->operations()
#1 E:\SoftWare\xampp 7\htdocs\my_projects\testing\ci_dictionary\system\CodeIgniter.php(432): CodeIgniter\CodeIgniter->runController(Object(App\Controllers\Panel\ManageTranslate))
#2 E:\SoftWare\xampp 7\htdocs\my_projects\testing\ci_dictionary\system\CodeIgniter.php(333): CodeIgniter\CodeIgniter->handleRequest(NULL, Object(Config\Cache), false)
#3 E:\SoftWare\xampp 7\htdocs\my_projects\testing\ci_dictionary\public\index.php(44): CodeIgniter\CodeIgniter->run()
#4 {main}
CRITICAL - 2022-05-30 01:40:48 --> Return value of App\Controllers\Panel\ManageTranslate::operations() must be an object, none returned
#0 E:\SoftWare\xampp 7\htdocs\my_projects\testing\ci_dictionary\system\CodeIgniter.php(936): App\Controllers\Panel\ManageTranslate->operations()
#1 E:\SoftWare\xampp 7\htdocs\my_projects\testing\ci_dictionary\system\CodeIgniter.php(432): CodeIgniter\CodeIgniter->runController(Object(App\Controllers\Panel\ManageTranslate))
#2 E:\SoftWare\xampp 7\htdocs\my_projects\testing\ci_dictionary\system\CodeIgniter.php(333): CodeIgniter\CodeIgniter->handleRequest(NULL, Object(Config\Cache), false)
#3 E:\SoftWare\xampp 7\htdocs\my_projects\testing\ci_dictionary\public\index.php(44): CodeIgniter\CodeIgniter->run()
#4 {main}
CRITICAL - 2022-05-30 01:40:49 --> Return value of App\Controllers\Panel\ManageTranslate::operations() must be an object, none returned
#0 E:\SoftWare\xampp 7\htdocs\my_projects\testing\ci_dictionary\system\CodeIgniter.php(936): App\Controllers\Panel\ManageTranslate->operations()
#1 E:\SoftWare\xampp 7\htdocs\my_projects\testing\ci_dictionary\system\CodeIgniter.php(432): CodeIgniter\CodeIgniter->runController(Object(App\Controllers\Panel\ManageTranslate))
#2 E:\SoftWare\xampp 7\htdocs\my_projects\testing\ci_dictionary\system\CodeIgniter.php(333): CodeIgniter\CodeIgniter->handleRequest(NULL, Object(Config\Cache), false)
#3 E:\SoftWare\xampp 7\htdocs\my_projects\testing\ci_dictionary\public\index.php(44): CodeIgniter\CodeIgniter->run()
#4 {main}
CRITICAL - 2022-05-30 01:40:51 --> Return value of App\Controllers\Panel\ManageTranslate::operations() must be an object, none returned
#0 E:\SoftWare\xampp 7\htdocs\my_projects\testing\ci_dictionary\system\CodeIgniter.php(936): App\Controllers\Panel\ManageTranslate->operations()
#1 E:\SoftWare\xampp 7\htdocs\my_projects\testing\ci_dictionary\system\CodeIgniter.php(432): CodeIgniter\CodeIgniter->runController(Object(App\Controllers\Panel\ManageTranslate))
#2 E:\SoftWare\xampp 7\htdocs\my_projects\testing\ci_dictionary\system\CodeIgniter.php(333): CodeIgniter\CodeIgniter->handleRequest(NULL, Object(Config\Cache), false)
#3 E:\SoftWare\xampp 7\htdocs\my_projects\testing\ci_dictionary\public\index.php(44): CodeIgniter\CodeIgniter->run()
#4 {main}
CRITICAL - 2022-05-30 01:59:50 --> syntax error, unexpected '}', expecting ';'
#0 E:\SoftWare\xampp 7\htdocs\my_projects\testing\ci_dictionary\app\Controllers\Panel\ManageTranslate.php(111): helper(Array)
#1 E:\SoftWare\xampp 7\htdocs\my_projects\testing\ci_dictionary\system\CodeIgniter.php(936): App\Controllers\Panel\ManageTranslate->search()
#2 E:\SoftWare\xampp 7\htdocs\my_projects\testing\ci_dictionary\system\CodeIgniter.php(432): CodeIgniter\CodeIgniter->runController(Object(App\Controllers\Panel\ManageTranslate))
#3 E:\SoftWare\xampp 7\htdocs\my_projects\testing\ci_dictionary\system\CodeIgniter.php(333): CodeIgniter\CodeIgniter->handleRequest(NULL, Object(Config\Cache), false)
#4 E:\SoftWare\xampp 7\htdocs\my_projects\testing\ci_dictionary\public\index.php(44): CodeIgniter\CodeIgniter->run()
#5 {main}
CRITICAL - 2022-05-30 01:59:51 --> syntax error, unexpected '}', expecting ';'
#0 E:\SoftWare\xampp 7\htdocs\my_projects\testing\ci_dictionary\app\Controllers\Panel\ManageTranslate.php(111): helper(Array)
#1 E:\SoftWare\xampp 7\htdocs\my_projects\testing\ci_dictionary\system\CodeIgniter.php(936): App\Controllers\Panel\ManageTranslate->search()
#2 E:\SoftWare\xampp 7\htdocs\my_projects\testing\ci_dictionary\system\CodeIgniter.php(432): CodeIgniter\CodeIgniter->runController(Object(App\Controllers\Panel\ManageTranslate))
#3 E:\SoftWare\xampp 7\htdocs\my_projects\testing\ci_dictionary\system\CodeIgniter.php(333): CodeIgniter\CodeIgniter->handleRequest(NULL, Object(Config\Cache), false)
#4 E:\SoftWare\xampp 7\htdocs\my_projects\testing\ci_dictionary\public\index.php(44): CodeIgniter\CodeIgniter->run()
#5 {main}
CRITICAL - 2022-05-30 01:59:51 --> syntax error, unexpected '}', expecting ';'
#0 E:\SoftWare\xampp 7\htdocs\my_projects\testing\ci_dictionary\app\Controllers\Panel\ManageTranslate.php(111): helper(Array)
#1 E:\SoftWare\xampp 7\htdocs\my_projects\testing\ci_dictionary\system\CodeIgniter.php(936): App\Controllers\Panel\ManageTranslate->search()
#2 E:\SoftWare\xampp 7\htdocs\my_projects\testing\ci_dictionary\system\CodeIgniter.php(432): CodeIgniter\CodeIgniter->runController(Object(App\Controllers\Panel\ManageTranslate))
#3 E:\SoftWare\xampp 7\htdocs\my_projects\testing\ci_dictionary\system\CodeIgniter.php(333): CodeIgniter\CodeIgniter->handleRequest(NULL, Object(Config\Cache), false)
#4 E:\SoftWare\xampp 7\htdocs\my_projects\testing\ci_dictionary\public\index.php(44): CodeIgniter\CodeIgniter->run()
#5 {main}
CRITICAL - 2022-05-30 01:59:52 --> syntax error, unexpected '}', expecting ';'
#0 E:\SoftWare\xampp 7\htdocs\my_projects\testing\ci_dictionary\app\Controllers\Panel\ManageTranslate.php(111): helper(Array)
#1 E:\SoftWare\xampp 7\htdocs\my_projects\testing\ci_dictionary\system\CodeIgniter.php(936): App\Controllers\Panel\ManageTranslate->search()
#2 E:\SoftWare\xampp 7\htdocs\my_projects\testing\ci_dictionary\system\CodeIgniter.php(432): CodeIgniter\CodeIgniter->runController(Object(App\Controllers\Panel\ManageTranslate))
#3 E:\SoftWare\xampp 7\htdocs\my_projects\testing\ci_dictionary\system\CodeIgniter.php(333): CodeIgniter\CodeIgniter->handleRequest(NULL, Object(Config\Cache), false)
#4 E:\SoftWare\xampp 7\htdocs\my_projects\testing\ci_dictionary\public\index.php(44): CodeIgniter\CodeIgniter->run()
#5 {main}
CRITICAL - 2022-05-30 01:59:57 --> syntax error, unexpected '}', expecting ';'
#0 E:\SoftWare\xampp 7\htdocs\my_projects\testing\ci_dictionary\app\Controllers\Panel\ManageTranslate.php(111): helper(Array)
#1 E:\SoftWare\xampp 7\htdocs\my_projects\testing\ci_dictionary\system\CodeIgniter.php(936): App\Controllers\Panel\ManageTranslate->search()
#2 E:\SoftWare\xampp 7\htdocs\my_projects\testing\ci_dictionary\system\CodeIgniter.php(432): CodeIgniter\CodeIgniter->runController(Object(App\Controllers\Panel\ManageTranslate))
#3 E:\SoftWare\xampp 7\htdocs\my_projects\testing\ci_dictionary\system\CodeIgniter.php(333): CodeIgniter\CodeIgniter->handleRequest(NULL, Object(Config\Cache), false)
#4 E:\SoftWare\xampp 7\htdocs\my_projects\testing\ci_dictionary\public\index.php(44): CodeIgniter\CodeIgniter->run()
#5 {main}
CRITICAL - 2022-05-30 01:59:59 --> syntax error, unexpected '}', expecting ';'
#0 E:\SoftWare\xampp 7\htdocs\my_projects\testing\ci_dictionary\app\Controllers\Panel\ManageTranslate.php(111): helper(Array)
#1 E:\SoftWare\xampp 7\htdocs\my_projects\testing\ci_dictionary\system\CodeIgniter.php(936): App\Controllers\Panel\ManageTranslate->search()
#2 E:\SoftWare\xampp 7\htdocs\my_projects\testing\ci_dictionary\system\CodeIgniter.php(432): CodeIgniter\CodeIgniter->runController(Object(App\Controllers\Panel\ManageTranslate))
#3 E:\SoftWare\xampp 7\htdocs\my_projects\testing\ci_dictionary\system\CodeIgniter.php(333): CodeIgniter\CodeIgniter->handleRequest(NULL, Object(Config\Cache), false)
#4 E:\SoftWare\xampp 7\htdocs\my_projects\testing\ci_dictionary\public\index.php(44): CodeIgniter\CodeIgniter->run()
#5 {main}
CRITICAL - 2022-05-30 02:00:01 --> syntax error, unexpected '}', expecting ';'
#0 E:\SoftWare\xampp 7\htdocs\my_projects\testing\ci_dictionary\app\Controllers\Panel\ManageTranslate.php(111): helper(Array)
#1 E:\SoftWare\xampp 7\htdocs\my_projects\testing\ci_dictionary\system\CodeIgniter.php(936): App\Controllers\Panel\ManageTranslate->search()
#2 E:\SoftWare\xampp 7\htdocs\my_projects\testing\ci_dictionary\system\CodeIgniter.php(432): CodeIgniter\CodeIgniter->runController(Object(App\Controllers\Panel\ManageTranslate))
#3 E:\SoftWare\xampp 7\htdocs\my_projects\testing\ci_dictionary\system\CodeIgniter.php(333): CodeIgniter\CodeIgniter->handleRequest(NULL, Object(Config\Cache), false)
#4 E:\SoftWare\xampp 7\htdocs\my_projects\testing\ci_dictionary\public\index.php(44): CodeIgniter\CodeIgniter->run()
#5 {main}
CRITICAL - 2022-05-30 02:00:02 --> syntax error, unexpected '}', expecting ';'
#0 E:\SoftWare\xampp 7\htdocs\my_projects\testing\ci_dictionary\app\Controllers\Panel\ManageTranslate.php(111): helper(Array)
#1 E:\SoftWare\xampp 7\htdocs\my_projects\testing\ci_dictionary\system\CodeIgniter.php(936): App\Controllers\Panel\ManageTranslate->search()
#2 E:\SoftWare\xampp 7\htdocs\my_projects\testing\ci_dictionary\system\CodeIgniter.php(432): CodeIgniter\CodeIgniter->runController(Object(App\Controllers\Panel\ManageTranslate))
#3 E:\SoftWare\xampp 7\htdocs\my_projects\testing\ci_dictionary\system\CodeIgniter.php(333): CodeIgniter\CodeIgniter->handleRequest(NULL, Object(Config\Cache), false)
#4 E:\SoftWare\xampp 7\htdocs\my_projects\testing\ci_dictionary\public\index.php(44): CodeIgniter\CodeIgniter->run()
#5 {main}
CRITICAL - 2022-05-30 02:00:03 --> syntax error, unexpected '}', expecting ';'
#0 E:\SoftWare\xampp 7\htdocs\my_projects\testing\ci_dictionary\app\Controllers\Panel\ManageTranslate.php(111): helper(Array)
#1 E:\SoftWare\xampp 7\htdocs\my_projects\testing\ci_dictionary\system\CodeIgniter.php(936): App\Controllers\Panel\ManageTranslate->search()
#2 E:\SoftWare\xampp 7\htdocs\my_projects\testing\ci_dictionary\system\CodeIgniter.php(432): CodeIgniter\CodeIgniter->runController(Object(App\Controllers\Panel\ManageTranslate))
#3 E:\SoftWare\xampp 7\htdocs\my_projects\testing\ci_dictionary\system\CodeIgniter.php(333): CodeIgniter\CodeIgniter->handleRequest(NULL, Object(Config\Cache), false)
#4 E:\SoftWare\xampp 7\htdocs\my_projects\testing\ci_dictionary\public\index.php(44): CodeIgniter\CodeIgniter->run()
#5 {main}
CRITICAL - 2022-05-30 02:02:47 --> syntax error, unexpected '}', expecting ';'
#0 E:\SoftWare\xampp 7\htdocs\my_projects\testing\ci_dictionary\app\Controllers\Panel\ManageTranslate.php(111): helper(Array)
#1 E:\SoftWare\xampp 7\htdocs\my_projects\testing\ci_dictionary\system\CodeIgniter.php(936): App\Controllers\Panel\ManageTranslate->search()
#2 E:\SoftWare\xampp 7\htdocs\my_projects\testing\ci_dictionary\system\CodeIgniter.php(432): CodeIgniter\CodeIgniter->runController(Object(App\Controllers\Panel\ManageTranslate))
#3 E:\SoftWare\xampp 7\htdocs\my_projects\testing\ci_dictionary\system\CodeIgniter.php(333): CodeIgniter\CodeIgniter->handleRequest(NULL, Object(Config\Cache), false)
#4 E:\SoftWare\xampp 7\htdocs\my_projects\testing\ci_dictionary\public\index.php(44): CodeIgniter\CodeIgniter->run()
#5 {main}
CRITICAL - 2022-05-30 02:04:02 --> syntax error, unexpected '}', expecting ';'
#0 E:\SoftWare\xampp 7\htdocs\my_projects\testing\ci_dictionary\app\Controllers\Panel\ManageTranslate.php(111): helper(Array)
#1 E:\SoftWare\xampp 7\htdocs\my_projects\testing\ci_dictionary\system\CodeIgniter.php(936): App\Controllers\Panel\ManageTranslate->search()
#2 E:\SoftWare\xampp 7\htdocs\my_projects\testing\ci_dictionary\system\CodeIgniter.php(432): CodeIgniter\CodeIgniter->runController(Object(App\Controllers\Panel\ManageTranslate))
#3 E:\SoftWare\xampp 7\htdocs\my_projects\testing\ci_dictionary\system\CodeIgniter.php(333): CodeIgniter\CodeIgniter->handleRequest(NULL, Object(Config\Cache), false)
#4 E:\SoftWare\xampp 7\htdocs\my_projects\testing\ci_dictionary\public\index.php(44): CodeIgniter\CodeIgniter->run()
#5 {main}
CRITICAL - 2022-05-30 02:04:19 --> syntax error, unexpected '}', expecting ';'
#0 E:\SoftWare\xampp 7\htdocs\my_projects\testing\ci_dictionary\app\Controllers\Panel\ManageTranslate.php(111): helper(Array)
#1 E:\SoftWare\xampp 7\htdocs\my_projects\testing\ci_dictionary\system\CodeIgniter.php(936): App\Controllers\Panel\ManageTranslate->search()
#2 E:\SoftWare\xampp 7\htdocs\my_projects\testing\ci_dictionary\system\CodeIgniter.php(432): CodeIgniter\CodeIgniter->runController(Object(App\Controllers\Panel\ManageTranslate))
#3 E:\SoftWare\xampp 7\htdocs\my_projects\testing\ci_dictionary\system\CodeIgniter.php(333): CodeIgniter\CodeIgniter->handleRequest(NULL, Object(Config\Cache), false)
#4 E:\SoftWare\xampp 7\htdocs\my_projects\testing\ci_dictionary\public\index.php(44): CodeIgniter\CodeIgniter->run()
#5 {main}
CRITICAL - 2022-05-30 02:05:37 --> syntax error, unexpected '}', expecting ';'
#0 E:\SoftWare\xampp 7\htdocs\my_projects\testing\ci_dictionary\app\Controllers\Panel\ManageTranslate.php(111): helper(Array)
#1 E:\SoftWare\xampp 7\htdocs\my_projects\testing\ci_dictionary\system\CodeIgniter.php(936): App\Controllers\Panel\ManageTranslate->search()
#2 E:\SoftWare\xampp 7\htdocs\my_projects\testing\ci_dictionary\system\CodeIgniter.php(432): CodeIgniter\CodeIgniter->runController(Object(App\Controllers\Panel\ManageTranslate))
#3 E:\SoftWare\xampp 7\htdocs\my_projects\testing\ci_dictionary\system\CodeIgniter.php(333): CodeIgniter\CodeIgniter->handleRequest(NULL, Object(Config\Cache), false)
#4 E:\SoftWare\xampp 7\htdocs\my_projects\testing\ci_dictionary\public\index.php(44): CodeIgniter\CodeIgniter->run()
#5 {main}
CRITICAL - 2022-05-30 02:06:53 --> Call to undefined function App\Controllers\Panel\json_encoder()
#0 E:\SoftWare\xampp 7\htdocs\my_projects\testing\ci_dictionary\system\CodeIgniter.php(936): App\Controllers\Panel\ManageTranslate->search()
#1 E:\SoftWare\xampp 7\htdocs\my_projects\testing\ci_dictionary\system\CodeIgniter.php(432): CodeIgniter\CodeIgniter->runController(Object(App\Controllers\Panel\ManageTranslate))
#2 E:\SoftWare\xampp 7\htdocs\my_projects\testing\ci_dictionary\system\CodeIgniter.php(333): CodeIgniter\CodeIgniter->handleRequest(NULL, Object(Config\Cache), false)
#3 E:\SoftWare\xampp 7\htdocs\my_projects\testing\ci_dictionary\public\index.php(44): CodeIgniter\CodeIgniter->run()
#4 {main}
