CRITICAL - 2022-04-17 09:40:41 --> Class 'App\Controllers\BaseController' not found
#0 E:\SoftWare\xampp 7\htdocs\my_projects\testing\ci_dictionary\system\Router\Router.php(562): include_once()
#1 E:\SoftWare\xampp 7\htdocs\my_projects\testing\ci_dictionary\system\Router\Router.php(170): CodeIgniter\Router\Router->autoRoute('PublicPages')
#2 E:\SoftWare\xampp 7\htdocs\my_projects\testing\ci_dictionary\system\CodeIgniter.php(816): CodeIgniter\Router\Router->handle('PublicPages')
#3 E:\SoftWare\xampp 7\htdocs\my_projects\testing\ci_dictionary\system\CodeIgniter.php(385): CodeIgniter\CodeIgniter->tryToRouteIt(Object(CodeIgniter\Router\RouteCollection))
#4 E:\SoftWare\xampp 7\htdocs\my_projects\testing\ci_dictionary\system\CodeIgniter.php(333): CodeIgniter\CodeIgniter->handleRequest(NULL, Object(Config\Cache), false)
#5 E:\SoftWare\xampp 7\htdocs\my_projects\testing\ci_dictionary\public\index.php(44): CodeIgniter\CodeIgniter->run()
#6 {main}
CRITICAL - 2022-04-17 09:48:13 --> Class 'App\Controllers\PublicPages\BaseController' not found
#0 E:\SoftWare\xampp 7\htdocs\my_projects\testing\ci_dictionary\system\Router\Router.php(562): include_once()
#1 E:\SoftWare\xampp 7\htdocs\my_projects\testing\ci_dictionary\system\Router\Router.php(170): CodeIgniter\Router\Router->autoRoute('PublicPages')
#2 E:\SoftWare\xampp 7\htdocs\my_projects\testing\ci_dictionary\system\CodeIgniter.php(816): CodeIgniter\Router\Router->handle('PublicPages')
#3 E:\SoftWare\xampp 7\htdocs\my_projects\testing\ci_dictionary\system\CodeIgniter.php(385): CodeIgniter\CodeIgniter->tryToRouteIt(Object(CodeIgniter\Router\RouteCollection))
#4 E:\SoftWare\xampp 7\htdocs\my_projects\testing\ci_dictionary\system\CodeIgniter.php(333): CodeIgniter\CodeIgniter->handleRequest(NULL, Object(Config\Cache), false)
#5 E:\SoftWare\xampp 7\htdocs\my_projects\testing\ci_dictionary\public\index.php(44): CodeIgniter\CodeIgniter->run()
#6 {main}
CRITICAL - 2022-04-17 09:48:27 --> Class 'App\Controllers\PublicPages\BaseController' not found
#0 E:\SoftWare\xampp 7\htdocs\my_projects\testing\ci_dictionary\system\Router\Router.php(562): include_once()
#1 E:\SoftWare\xampp 7\htdocs\my_projects\testing\ci_dictionary\system\Router\Router.php(170): CodeIgniter\Router\Router->autoRoute('PublicPages/Hom...')
#2 E:\SoftWare\xampp 7\htdocs\my_projects\testing\ci_dictionary\system\CodeIgniter.php(816): CodeIgniter\Router\Router->handle('PublicPages/Hom...')
#3 E:\SoftWare\xampp 7\htdocs\my_projects\testing\ci_dictionary\system\CodeIgniter.php(385): CodeIgniter\CodeIgniter->tryToRouteIt(Object(CodeIgniter\Router\RouteCollection))
#4 E:\SoftWare\xampp 7\htdocs\my_projects\testing\ci_dictionary\system\CodeIgniter.php(333): CodeIgniter\CodeIgniter->handleRequest(NULL, Object(Config\Cache), false)
#5 E:\SoftWare\xampp 7\htdocs\my_projects\testing\ci_dictionary\public\index.php(44): CodeIgniter\CodeIgniter->run()
#6 {main}
CRITICAL - 2022-04-17 09:49:06 --> Class 'App\Controllers\PublicPages\BaseController' not found
#0 E:\SoftWare\xampp 7\htdocs\my_projects\testing\ci_dictionary\system\Router\Router.php(562): include_once()
#1 E:\SoftWare\xampp 7\htdocs\my_projects\testing\ci_dictionary\system\Router\Router.php(170): CodeIgniter\Router\Router->autoRoute('PublicPages/Hom...')
#2 E:\SoftWare\xampp 7\htdocs\my_projects\testing\ci_dictionary\system\CodeIgniter.php(816): CodeIgniter\Router\Router->handle('PublicPages/Hom...')
#3 E:\SoftWare\xampp 7\htdocs\my_projects\testing\ci_dictionary\system\CodeIgniter.php(385): CodeIgniter\CodeIgniter->tryToRouteIt(Object(CodeIgniter\Router\RouteCollection))
#4 E:\SoftWare\xampp 7\htdocs\my_projects\testing\ci_dictionary\system\CodeIgniter.php(333): CodeIgniter\CodeIgniter->handleRequest(NULL, Object(Config\Cache), false)
#5 E:\SoftWare\xampp 7\htdocs\my_projects\testing\ci_dictionary\public\index.php(44): CodeIgniter\CodeIgniter->run()
#6 {main}
CRITICAL - 2022-04-17 09:49:10 --> Class 'App\Controllers\PublicPages\BaseController' not found
#0 E:\SoftWare\xampp 7\htdocs\my_projects\testing\ci_dictionary\system\Router\Router.php(562): include_once()
#1 E:\SoftWare\xampp 7\htdocs\my_projects\testing\ci_dictionary\system\Router\Router.php(170): CodeIgniter\Router\Router->autoRoute('PublicPages/Hom...')
#2 E:\SoftWare\xampp 7\htdocs\my_projects\testing\ci_dictionary\system\CodeIgniter.php(816): CodeIgniter\Router\Router->handle('PublicPages/Hom...')
#3 E:\SoftWare\xampp 7\htdocs\my_projects\testing\ci_dictionary\system\CodeIgniter.php(385): CodeIgniter\CodeIgniter->tryToRouteIt(Object(CodeIgniter\Router\RouteCollection))
#4 E:\SoftWare\xampp 7\htdocs\my_projects\testing\ci_dictionary\system\CodeIgniter.php(333): CodeIgniter\CodeIgniter->handleRequest(NULL, Object(Config\Cache), false)
#5 E:\SoftWare\xampp 7\htdocs\my_projects\testing\ci_dictionary\public\index.php(44): CodeIgniter\CodeIgniter->run()
#6 {main}
CRITICAL - 2022-04-17 09:49:10 --> Class 'App\Controllers\PublicPages\BaseController' not found
#0 E:\SoftWare\xampp 7\htdocs\my_projects\testing\ci_dictionary\system\Router\Router.php(562): include_once()
#1 E:\SoftWare\xampp 7\htdocs\my_projects\testing\ci_dictionary\system\Router\Router.php(170): CodeIgniter\Router\Router->autoRoute('PublicPages/Hom...')
#2 E:\SoftWare\xampp 7\htdocs\my_projects\testing\ci_dictionary\system\CodeIgniter.php(816): CodeIgniter\Router\Router->handle('PublicPages/Hom...')
#3 E:\SoftWare\xampp 7\htdocs\my_projects\testing\ci_dictionary\system\CodeIgniter.php(385): CodeIgniter\CodeIgniter->tryToRouteIt(Object(CodeIgniter\Router\RouteCollection))
#4 E:\SoftWare\xampp 7\htdocs\my_projects\testing\ci_dictionary\system\CodeIgniter.php(333): CodeIgniter\CodeIgniter->handleRequest(NULL, Object(Config\Cache), false)
#5 E:\SoftWare\xampp 7\htdocs\my_projects\testing\ci_dictionary\public\index.php(44): CodeIgniter\CodeIgniter->run()
#6 {main}
CRITICAL - 2022-04-17 09:49:39 --> Class 'App\Controllers\PublicPages\BaseController' not found
#0 E:\SoftWare\xampp 7\htdocs\my_projects\testing\ci_dictionary\system\Router\Router.php(562): include_once()
#1 E:\SoftWare\xampp 7\htdocs\my_projects\testing\ci_dictionary\system\Router\Router.php(170): CodeIgniter\Router\Router->autoRoute('PublicPages/Hom...')
#2 E:\SoftWare\xampp 7\htdocs\my_projects\testing\ci_dictionary\system\CodeIgniter.php(816): CodeIgniter\Router\Router->handle('PublicPages/Hom...')
#3 E:\SoftWare\xampp 7\htdocs\my_projects\testing\ci_dictionary\system\CodeIgniter.php(385): CodeIgniter\CodeIgniter->tryToRouteIt(Object(CodeIgniter\Router\RouteCollection))
#4 E:\SoftWare\xampp 7\htdocs\my_projects\testing\ci_dictionary\system\CodeIgniter.php(333): CodeIgniter\CodeIgniter->handleRequest(NULL, Object(Config\Cache), false)
#5 E:\SoftWare\xampp 7\htdocs\my_projects\testing\ci_dictionary\public\index.php(44): CodeIgniter\CodeIgniter->run()
#6 {main}
CRITICAL - 2022-04-17 09:58:32 --> Undefined offset: 1
#0 E:\SoftWare\xampp 7\htdocs\my_projects\testing\ci_dictionary\system\Router\Router.php(465): CodeIgniter\Debug\Exceptions->errorHandler(8, 'Undefined offse...', 'E:\\SoftWare\\xam...', 465, Array)
#1 E:\SoftWare\xampp 7\htdocs\my_projects\testing\ci_dictionary\system\Router\Router.php(152): CodeIgniter\Router\Router->checkRoutes('p/Home')
#2 E:\SoftWare\xampp 7\htdocs\my_projects\testing\ci_dictionary\system\CodeIgniter.php(816): CodeIgniter\Router\Router->handle('p/Home')
#3 E:\SoftWare\xampp 7\htdocs\my_projects\testing\ci_dictionary\system\CodeIgniter.php(385): CodeIgniter\CodeIgniter->tryToRouteIt(Object(CodeIgniter\Router\RouteCollection))
#4 E:\SoftWare\xampp 7\htdocs\my_projects\testing\ci_dictionary\system\CodeIgniter.php(333): CodeIgniter\CodeIgniter->handleRequest(NULL, Object(Config\Cache), false)
#5 E:\SoftWare\xampp 7\htdocs\my_projects\testing\ci_dictionary\public\index.php(44): CodeIgniter\CodeIgniter->run()
#6 {main}
CRITICAL - 2022-04-17 10:06:00 --> Undefined offset: 1
#0 E:\SoftWare\xampp 7\htdocs\my_projects\testing\ci_dictionary\system\Router\Router.php(465): CodeIgniter\Debug\Exceptions->errorHandler(8, 'Undefined offse...', 'E:\\SoftWare\\xam...', 465, Array)
#1 E:\SoftWare\xampp 7\htdocs\my_projects\testing\ci_dictionary\system\Router\Router.php(152): CodeIgniter\Router\Router->checkRoutes('p/Home')
#2 E:\SoftWare\xampp 7\htdocs\my_projects\testing\ci_dictionary\system\CodeIgniter.php(816): CodeIgniter\Router\Router->handle('p/Home')
#3 E:\SoftWare\xampp 7\htdocs\my_projects\testing\ci_dictionary\system\CodeIgniter.php(385): CodeIgniter\CodeIgniter->tryToRouteIt(Object(CodeIgniter\Router\RouteCollection))
#4 E:\SoftWare\xampp 7\htdocs\my_projects\testing\ci_dictionary\system\CodeIgniter.php(333): CodeIgniter\CodeIgniter->handleRequest(NULL, Object(Config\Cache), false)
#5 E:\SoftWare\xampp 7\htdocs\my_projects\testing\ci_dictionary\public\index.php(44): CodeIgniter\CodeIgniter->run()
#6 {main}
