CRITICAL - 2022-06-02 23:28:57 --> Cannot use App\Models\MWords as MWords because the name is already in use
#0 [internal function]: CodeIgniter\Debug\Exceptions->shutdownHandler()
#1 {main}
CRITICAL - 2022-06-02 23:39:02 --> Undefined variable: t
#0 E:\SoftWare\xampp 7\htdocs\my_projects\testing\ci_dictionary\app\Controllers\Panel\NotTranslate.php(138): CodeIgniter\Debug\Exceptions->errorHandler(8, 'Undefined varia...', 'E:\\SoftWare\\xam...', 138, Array)
#1 E:\SoftWare\xampp 7\htdocs\my_projects\testing\ci_dictionary\system\CodeIgniter.php(936): App\Controllers\Panel\NotTranslate->AddNewWord()
#2 E:\SoftWare\xampp 7\htdocs\my_projects\testing\ci_dictionary\system\CodeIgniter.php(432): CodeIgniter\CodeIgniter->runController(Object(App\Controllers\Panel\NotTranslate))
#3 E:\SoftWare\xampp 7\htdocs\my_projects\testing\ci_dictionary\system\CodeIgniter.php(333): CodeIgniter\CodeIgniter->handleRequest(NULL, Object(Config\Cache), false)
#4 E:\SoftWare\xampp 7\htdocs\my_projects\testing\ci_dictionary\public\index.php(44): CodeIgniter\CodeIgniter->run()
#5 {main}
CRITICAL - 2022-06-02 23:42:44 --> Return value of App\Controllers\Panel\NotTranslate::AddNewWord() must be an object, none returned
#0 E:\SoftWare\xampp 7\htdocs\my_projects\testing\ci_dictionary\system\CodeIgniter.php(936): App\Controllers\Panel\NotTranslate->AddNewWord()
#1 E:\SoftWare\xampp 7\htdocs\my_projects\testing\ci_dictionary\system\CodeIgniter.php(432): CodeIgniter\CodeIgniter->runController(Object(App\Controllers\Panel\NotTranslate))
#2 E:\SoftWare\xampp 7\htdocs\my_projects\testing\ci_dictionary\system\CodeIgniter.php(333): CodeIgniter\CodeIgniter->handleRequest(NULL, Object(Config\Cache), false)
#3 E:\SoftWare\xampp 7\htdocs\my_projects\testing\ci_dictionary\public\index.php(44): CodeIgniter\CodeIgniter->run()
#4 {main}
ERROR - 2022-06-02 23:45:27 --> mysqli_sql_exception: Duplicate entry 'سمنیبمنیست' for key 'fa' in E:\SoftWare\xampp 7\htdocs\my_projects\testing\ci_dictionary\system\Database\MySQLi\Connection.php:314
Stack trace:
#0 E:\SoftWare\xampp 7\htdocs\my_projects\testing\ci_dictionary\system\Database\MySQLi\Connection.php(314): mysqli->query('INSERT INTO `wo...')
#1 E:\SoftWare\xampp 7\htdocs\my_projects\testing\ci_dictionary\system\Database\BaseConnection.php(713): CodeIgniter\Database\MySQLi\Connection->execute('INSERT INTO `wo...')
#2 E:\SoftWare\xampp 7\htdocs\my_projects\testing\ci_dictionary\system\Database\BaseConnection.php(641): CodeIgniter\Database\BaseConnection->simpleQuery('INSERT INTO `wo...')
#3 E:\SoftWare\xampp 7\htdocs\my_projects\testing\ci_dictionary\system\Database\BaseBuilder.php(2263): CodeIgniter\Database\BaseConnection->query('INSERT INTO `wo...', Array, false)
#4 E:\SoftWare\xampp 7\htdocs\my_projects\testing\ci_dictionary\system\Model.php(278): CodeIgniter\Database\BaseBuilder->insert()
#5 E:\SoftWare\xampp 7\htdocs\my_projects\testing\ci_dictionary\system\BaseModel.php(758): CodeIgniter\Model->doInsert(Array)
#6 E:\SoftWare\xampp 7\htdocs\my_projects\testing\ci_dictionary\system\Model.php(705): CodeIgniter\BaseModel->insert(Array, true)
#7 E:\SoftWare\xampp 7\htdocs\my_projects\testing\ci_dictionary\app\Controllers\Panel\NotTranslate.php(150): CodeIgniter\Model->insert(Array)
#8 E:\SoftWare\xampp 7\htdocs\my_projects\testing\ci_dictionary\app\Controllers\Panel\NotTranslate.php(143): App\Controllers\Panel\NotTranslate->insert_word(Array)
#9 E:\SoftWare\xampp 7\htdocs\my_projects\testing\ci_dictionary\system\CodeIgniter.php(936): App\Controllers\Panel\NotTranslate->AddNewWord()
#10 E:\SoftWare\xampp 7\htdocs\my_projects\testing\ci_dictionary\system\CodeIgniter.php(432): CodeIgniter\CodeIgniter->runController(Object(App\Controllers\Panel\NotTranslate))
#11 E:\SoftWare\xampp 7\htdocs\my_projects\testing\ci_dictionary\system\CodeIgniter.php(333): CodeIgniter\CodeIgniter->handleRequest(NULL, Object(Config\Cache), false)
#12 E:\SoftWare\xampp 7\htdocs\my_projects\testing\ci_dictionary\public\index.php(44): CodeIgniter\CodeIgniter->run()
#13 {main}
CRITICAL - 2022-06-02 23:45:27 --> Duplicate entry 'سمنیبمنیست' for key 'fa'
#0 E:\SoftWare\xampp 7\htdocs\my_projects\testing\ci_dictionary\system\Database\MySQLi\Connection.php(314): mysqli->query('INSERT INTO `wo...')
#1 E:\SoftWare\xampp 7\htdocs\my_projects\testing\ci_dictionary\system\Database\BaseConnection.php(713): CodeIgniter\Database\MySQLi\Connection->execute('INSERT INTO `wo...')
#2 E:\SoftWare\xampp 7\htdocs\my_projects\testing\ci_dictionary\system\Database\BaseConnection.php(641): CodeIgniter\Database\BaseConnection->simpleQuery('INSERT INTO `wo...')
#3 E:\SoftWare\xampp 7\htdocs\my_projects\testing\ci_dictionary\system\Database\BaseBuilder.php(2263): CodeIgniter\Database\BaseConnection->query('INSERT INTO `wo...', Array, false)
#4 E:\SoftWare\xampp 7\htdocs\my_projects\testing\ci_dictionary\system\Model.php(278): CodeIgniter\Database\BaseBuilder->insert()
#5 E:\SoftWare\xampp 7\htdocs\my_projects\testing\ci_dictionary\system\BaseModel.php(758): CodeIgniter\Model->doInsert(Array)
#6 E:\SoftWare\xampp 7\htdocs\my_projects\testing\ci_dictionary\system\Model.php(705): CodeIgniter\BaseModel->insert(Array, true)
#7 E:\SoftWare\xampp 7\htdocs\my_projects\testing\ci_dictionary\app\Controllers\Panel\NotTranslate.php(150): CodeIgniter\Model->insert(Array)
#8 E:\SoftWare\xampp 7\htdocs\my_projects\testing\ci_dictionary\app\Controllers\Panel\NotTranslate.php(143): App\Controllers\Panel\NotTranslate->insert_word(Array)
#9 E:\SoftWare\xampp 7\htdocs\my_projects\testing\ci_dictionary\system\CodeIgniter.php(936): App\Controllers\Panel\NotTranslate->AddNewWord()
#10 E:\SoftWare\xampp 7\htdocs\my_projects\testing\ci_dictionary\system\CodeIgniter.php(432): CodeIgniter\CodeIgniter->runController(Object(App\Controllers\Panel\NotTranslate))
#11 E:\SoftWare\xampp 7\htdocs\my_projects\testing\ci_dictionary\system\CodeIgniter.php(333): CodeIgniter\CodeIgniter->handleRequest(NULL, Object(Config\Cache), false)
#12 E:\SoftWare\xampp 7\htdocs\my_projects\testing\ci_dictionary\public\index.php(44): CodeIgniter\CodeIgniter->run()
#13 {main}
CRITICAL - 2022-06-02 23:45:43 --> Return value of App\Controllers\Panel\NotTranslate::AddNewWord() must be an object, none returned
#0 E:\SoftWare\xampp 7\htdocs\my_projects\testing\ci_dictionary\system\CodeIgniter.php(936): App\Controllers\Panel\NotTranslate->AddNewWord()
#1 E:\SoftWare\xampp 7\htdocs\my_projects\testing\ci_dictionary\system\CodeIgniter.php(432): CodeIgniter\CodeIgniter->runController(Object(App\Controllers\Panel\NotTranslate))
#2 E:\SoftWare\xampp 7\htdocs\my_projects\testing\ci_dictionary\system\CodeIgniter.php(333): CodeIgniter\CodeIgniter->handleRequest(NULL, Object(Config\Cache), false)
#3 E:\SoftWare\xampp 7\htdocs\my_projects\testing\ci_dictionary\public\index.php(44): CodeIgniter\CodeIgniter->run()
#4 {main}
ERROR - 2022-06-02 23:46:24 --> mysqli_sql_exception: Duplicate entry 'شششششش' for key 'fa' in E:\SoftWare\xampp 7\htdocs\my_projects\testing\ci_dictionary\system\Database\MySQLi\Connection.php:314
Stack trace:
#0 E:\SoftWare\xampp 7\htdocs\my_projects\testing\ci_dictionary\system\Database\MySQLi\Connection.php(314): mysqli->query('INSERT INTO `wo...')
#1 E:\SoftWare\xampp 7\htdocs\my_projects\testing\ci_dictionary\system\Database\BaseConnection.php(713): CodeIgniter\Database\MySQLi\Connection->execute('INSERT INTO `wo...')
#2 E:\SoftWare\xampp 7\htdocs\my_projects\testing\ci_dictionary\system\Database\BaseConnection.php(641): CodeIgniter\Database\BaseConnection->simpleQuery('INSERT INTO `wo...')
#3 E:\SoftWare\xampp 7\htdocs\my_projects\testing\ci_dictionary\system\Database\BaseBuilder.php(2263): CodeIgniter\Database\BaseConnection->query('INSERT INTO `wo...', Array, false)
#4 E:\SoftWare\xampp 7\htdocs\my_projects\testing\ci_dictionary\system\Model.php(278): CodeIgniter\Database\BaseBuilder->insert()
#5 E:\SoftWare\xampp 7\htdocs\my_projects\testing\ci_dictionary\system\BaseModel.php(758): CodeIgniter\Model->doInsert(Array)
#6 E:\SoftWare\xampp 7\htdocs\my_projects\testing\ci_dictionary\system\Model.php(705): CodeIgniter\BaseModel->insert(Array, true)
#7 E:\SoftWare\xampp 7\htdocs\my_projects\testing\ci_dictionary\app\Controllers\Panel\NotTranslate.php(150): CodeIgniter\Model->insert(Array)
#8 E:\SoftWare\xampp 7\htdocs\my_projects\testing\ci_dictionary\app\Controllers\Panel\NotTranslate.php(143): App\Controllers\Panel\NotTranslate->insert_word(Array)
#9 E:\SoftWare\xampp 7\htdocs\my_projects\testing\ci_dictionary\system\CodeIgniter.php(936): App\Controllers\Panel\NotTranslate->AddNewWord()
#10 E:\SoftWare\xampp 7\htdocs\my_projects\testing\ci_dictionary\system\CodeIgniter.php(432): CodeIgniter\CodeIgniter->runController(Object(App\Controllers\Panel\NotTranslate))
#11 E:\SoftWare\xampp 7\htdocs\my_projects\testing\ci_dictionary\system\CodeIgniter.php(333): CodeIgniter\CodeIgniter->handleRequest(NULL, Object(Config\Cache), false)
#12 E:\SoftWare\xampp 7\htdocs\my_projects\testing\ci_dictionary\public\index.php(44): CodeIgniter\CodeIgniter->run()
#13 {main}
CRITICAL - 2022-06-02 23:46:24 --> Duplicate entry 'شششششش' for key 'fa'
#0 E:\SoftWare\xampp 7\htdocs\my_projects\testing\ci_dictionary\system\Database\MySQLi\Connection.php(314): mysqli->query('INSERT INTO `wo...')
#1 E:\SoftWare\xampp 7\htdocs\my_projects\testing\ci_dictionary\system\Database\BaseConnection.php(713): CodeIgniter\Database\MySQLi\Connection->execute('INSERT INTO `wo...')
#2 E:\SoftWare\xampp 7\htdocs\my_projects\testing\ci_dictionary\system\Database\BaseConnection.php(641): CodeIgniter\Database\BaseConnection->simpleQuery('INSERT INTO `wo...')
#3 E:\SoftWare\xampp 7\htdocs\my_projects\testing\ci_dictionary\system\Database\BaseBuilder.php(2263): CodeIgniter\Database\BaseConnection->query('INSERT INTO `wo...', Array, false)
#4 E:\SoftWare\xampp 7\htdocs\my_projects\testing\ci_dictionary\system\Model.php(278): CodeIgniter\Database\BaseBuilder->insert()
#5 E:\SoftWare\xampp 7\htdocs\my_projects\testing\ci_dictionary\system\BaseModel.php(758): CodeIgniter\Model->doInsert(Array)
#6 E:\SoftWare\xampp 7\htdocs\my_projects\testing\ci_dictionary\system\Model.php(705): CodeIgniter\BaseModel->insert(Array, true)
#7 E:\SoftWare\xampp 7\htdocs\my_projects\testing\ci_dictionary\app\Controllers\Panel\NotTranslate.php(150): CodeIgniter\Model->insert(Array)
#8 E:\SoftWare\xampp 7\htdocs\my_projects\testing\ci_dictionary\app\Controllers\Panel\NotTranslate.php(143): App\Controllers\Panel\NotTranslate->insert_word(Array)
#9 E:\SoftWare\xampp 7\htdocs\my_projects\testing\ci_dictionary\system\CodeIgniter.php(936): App\Controllers\Panel\NotTranslate->AddNewWord()
#10 E:\SoftWare\xampp 7\htdocs\my_projects\testing\ci_dictionary\system\CodeIgniter.php(432): CodeIgniter\CodeIgniter->runController(Object(App\Controllers\Panel\NotTranslate))
#11 E:\SoftWare\xampp 7\htdocs\my_projects\testing\ci_dictionary\system\CodeIgniter.php(333): CodeIgniter\CodeIgniter->handleRequest(NULL, Object(Config\Cache), false)
#12 E:\SoftWare\xampp 7\htdocs\my_projects\testing\ci_dictionary\public\index.php(44): CodeIgniter\CodeIgniter->run()
#13 {main}
CRITICAL - 2022-06-02 23:51:20 --> Class 'App\Models\NotTranslate' not found
#0 E:\SoftWare\xampp 7\htdocs\my_projects\testing\ci_dictionary\app\Controllers\Panel\Dashboard.php(39): App\Controllers\Panel\Dashboard->search('\xDA\xA9\xD9\x81\xD8\xB4', Object(App\Libraries\Translate))
#1 E:\SoftWare\xampp 7\htdocs\my_projects\testing\ci_dictionary\system\CodeIgniter.php(936): App\Controllers\Panel\Dashboard->translate()
#2 E:\SoftWare\xampp 7\htdocs\my_projects\testing\ci_dictionary\system\CodeIgniter.php(432): CodeIgniter\CodeIgniter->runController(Object(App\Controllers\Panel\Dashboard))
#3 E:\SoftWare\xampp 7\htdocs\my_projects\testing\ci_dictionary\system\CodeIgniter.php(333): CodeIgniter\CodeIgniter->handleRequest(NULL, Object(Config\Cache), false)
#4 E:\SoftWare\xampp 7\htdocs\my_projects\testing\ci_dictionary\public\index.php(44): CodeIgniter\CodeIgniter->run()
#5 {main}
CRITICAL - 2022-06-02 23:52:15 --> Class 'App\Models\NotTranslate' not found
#0 E:\SoftWare\xampp 7\htdocs\my_projects\testing\ci_dictionary\app\Controllers\Panel\Dashboard.php(39): App\Controllers\Panel\Dashboard->search('rectzzzzz', Object(App\Libraries\Translate))
#1 E:\SoftWare\xampp 7\htdocs\my_projects\testing\ci_dictionary\system\CodeIgniter.php(936): App\Controllers\Panel\Dashboard->translate()
#2 E:\SoftWare\xampp 7\htdocs\my_projects\testing\ci_dictionary\system\CodeIgniter.php(432): CodeIgniter\CodeIgniter->runController(Object(App\Controllers\Panel\Dashboard))
#3 E:\SoftWare\xampp 7\htdocs\my_projects\testing\ci_dictionary\system\CodeIgniter.php(333): CodeIgniter\CodeIgniter->handleRequest(NULL, Object(Config\Cache), false)
#4 E:\SoftWare\xampp 7\htdocs\my_projects\testing\ci_dictionary\public\index.php(44): CodeIgniter\CodeIgniter->run()
#5 {main}
CRITICAL - 2022-06-02 23:52:17 --> Class 'App\Models\NotTranslate' not found
#0 E:\SoftWare\xampp 7\htdocs\my_projects\testing\ci_dictionary\app\Controllers\Panel\Dashboard.php(39): App\Controllers\Panel\Dashboard->search('rectzzzzz', Object(App\Libraries\Translate))
#1 E:\SoftWare\xampp 7\htdocs\my_projects\testing\ci_dictionary\system\CodeIgniter.php(936): App\Controllers\Panel\Dashboard->translate()
#2 E:\SoftWare\xampp 7\htdocs\my_projects\testing\ci_dictionary\system\CodeIgniter.php(432): CodeIgniter\CodeIgniter->runController(Object(App\Controllers\Panel\Dashboard))
#3 E:\SoftWare\xampp 7\htdocs\my_projects\testing\ci_dictionary\system\CodeIgniter.php(333): CodeIgniter\CodeIgniter->handleRequest(NULL, Object(Config\Cache), false)
#4 E:\SoftWare\xampp 7\htdocs\my_projects\testing\ci_dictionary\public\index.php(44): CodeIgniter\CodeIgniter->run()
#5 {main}
