CRITICAL - 2022-04-28 04:18:25 --> Call to undefined method CodeIgniter\Database\MySQLi\Connection::insert()
#0 E:\SoftWare\xampp 7\htdocs\my_projects\testing\ci_dictionary\app\Controllers\Register.php(34): App\Models\MUsers->register_user(Array)
#1 E:\SoftWare\xampp 7\htdocs\my_projects\testing\ci_dictionary\system\CodeIgniter.php(936): App\Controllers\Register->register()
#2 E:\SoftWare\xampp 7\htdocs\my_projects\testing\ci_dictionary\system\CodeIgniter.php(432): CodeIgniter\CodeIgniter->runController(Object(App\Controllers\Register))
#3 E:\SoftWare\xampp 7\htdocs\my_projects\testing\ci_dictionary\system\CodeIgniter.php(333): CodeIgniter\CodeIgniter->handleRequest(NULL, Object(Config\Cache), false)
#4 E:\SoftWare\xampp 7\htdocs\my_projects\testing\ci_dictionary\public\index.php(44): CodeIgniter\CodeIgniter->run()
#5 {main}
CRITICAL - 2022-04-28 04:19:39 --> Call to undefined method CodeIgniter\Database\MySQLi\Connection::insert()
#0 E:\SoftWare\xampp 7\htdocs\my_projects\testing\ci_dictionary\app\Controllers\Register.php(34): App\Models\MUsers->register_user(Array)
#1 E:\SoftWare\xampp 7\htdocs\my_projects\testing\ci_dictionary\system\CodeIgniter.php(936): App\Controllers\Register->register()
#2 E:\SoftWare\xampp 7\htdocs\my_projects\testing\ci_dictionary\system\CodeIgniter.php(432): CodeIgniter\CodeIgniter->runController(Object(App\Controllers\Register))
#3 E:\SoftWare\xampp 7\htdocs\my_projects\testing\ci_dictionary\system\CodeIgniter.php(333): CodeIgniter\CodeIgniter->handleRequest(NULL, Object(Config\Cache), false)
#4 E:\SoftWare\xampp 7\htdocs\my_projects\testing\ci_dictionary\public\index.php(44): CodeIgniter\CodeIgniter->run()
#5 {main}
CRITICAL - 2022-04-28 04:20:27 --> Call to undefined method CodeIgniter\Database\MySQLi\Connection::insert()
#0 E:\SoftWare\xampp 7\htdocs\my_projects\testing\ci_dictionary\app\Controllers\Register.php(35): App\Models\MUsers->register_user(Array)
#1 E:\SoftWare\xampp 7\htdocs\my_projects\testing\ci_dictionary\system\CodeIgniter.php(936): App\Controllers\Register->register()
#2 E:\SoftWare\xampp 7\htdocs\my_projects\testing\ci_dictionary\system\CodeIgniter.php(432): CodeIgniter\CodeIgniter->runController(Object(App\Controllers\Register))
#3 E:\SoftWare\xampp 7\htdocs\my_projects\testing\ci_dictionary\system\CodeIgniter.php(333): CodeIgniter\CodeIgniter->handleRequest(NULL, Object(Config\Cache), false)
#4 E:\SoftWare\xampp 7\htdocs\my_projects\testing\ci_dictionary\public\index.php(44): CodeIgniter\CodeIgniter->run()
#5 {main}
CRITICAL - 2022-04-28 04:21:24 --> Call to a member function insert() on null
#0 E:\SoftWare\xampp 7\htdocs\my_projects\testing\ci_dictionary\app\Controllers\Register.php(35): App\Models\MUsers->register_user(Array)
#1 E:\SoftWare\xampp 7\htdocs\my_projects\testing\ci_dictionary\system\CodeIgniter.php(936): App\Controllers\Register->register()
#2 E:\SoftWare\xampp 7\htdocs\my_projects\testing\ci_dictionary\system\CodeIgniter.php(432): CodeIgniter\CodeIgniter->runController(Object(App\Controllers\Register))
#3 E:\SoftWare\xampp 7\htdocs\my_projects\testing\ci_dictionary\system\CodeIgniter.php(333): CodeIgniter\CodeIgniter->handleRequest(NULL, Object(Config\Cache), false)
#4 E:\SoftWare\xampp 7\htdocs\my_projects\testing\ci_dictionary\public\index.php(44): CodeIgniter\CodeIgniter->run()
#5 {main}
CRITICAL - 2022-04-28 04:22:06 --> Call to a member function insert() on null
#0 E:\SoftWare\xampp 7\htdocs\my_projects\testing\ci_dictionary\app\Controllers\Register.php(35): App\Models\MUsers->register_user(Array)
#1 E:\SoftWare\xampp 7\htdocs\my_projects\testing\ci_dictionary\system\CodeIgniter.php(936): App\Controllers\Register->register()
#2 E:\SoftWare\xampp 7\htdocs\my_projects\testing\ci_dictionary\system\CodeIgniter.php(432): CodeIgniter\CodeIgniter->runController(Object(App\Controllers\Register))
#3 E:\SoftWare\xampp 7\htdocs\my_projects\testing\ci_dictionary\system\CodeIgniter.php(333): CodeIgniter\CodeIgniter->handleRequest(NULL, Object(Config\Cache), false)
#4 E:\SoftWare\xampp 7\htdocs\my_projects\testing\ci_dictionary\public\index.php(44): CodeIgniter\CodeIgniter->run()
#5 {main}
CRITICAL - 2022-04-28 04:23:57 --> Call to a member function insert() on null
#0 E:\SoftWare\xampp 7\htdocs\my_projects\testing\ci_dictionary\app\Controllers\Register.php(37): App\Models\MUsers->register_user(Array)
#1 E:\SoftWare\xampp 7\htdocs\my_projects\testing\ci_dictionary\system\CodeIgniter.php(936): App\Controllers\Register->register()
#2 E:\SoftWare\xampp 7\htdocs\my_projects\testing\ci_dictionary\system\CodeIgniter.php(432): CodeIgniter\CodeIgniter->runController(Object(App\Controllers\Register))
#3 E:\SoftWare\xampp 7\htdocs\my_projects\testing\ci_dictionary\system\CodeIgniter.php(333): CodeIgniter\CodeIgniter->handleRequest(NULL, Object(Config\Cache), false)
#4 E:\SoftWare\xampp 7\htdocs\my_projects\testing\ci_dictionary\public\index.php(44): CodeIgniter\CodeIgniter->run()
#5 {main}
CRITICAL - 2022-04-28 04:36:25 --> Call to a member function setRules() on null
#0 E:\SoftWare\xampp 7\htdocs\my_projects\testing\ci_dictionary\system\BaseModel.php(722): CodeIgniter\BaseModel->validate(Array)
#1 E:\SoftWare\xampp 7\htdocs\my_projects\testing\ci_dictionary\system\Model.php(705): CodeIgniter\BaseModel->insert(Array, true)
#2 E:\SoftWare\xampp 7\htdocs\my_projects\testing\ci_dictionary\app\Controllers\Register.php(36): CodeIgniter\Model->insert(Array)
#3 E:\SoftWare\xampp 7\htdocs\my_projects\testing\ci_dictionary\system\CodeIgniter.php(936): App\Controllers\Register->register()
#4 E:\SoftWare\xampp 7\htdocs\my_projects\testing\ci_dictionary\system\CodeIgniter.php(432): CodeIgniter\CodeIgniter->runController(Object(App\Controllers\Register))
#5 E:\SoftWare\xampp 7\htdocs\my_projects\testing\ci_dictionary\system\CodeIgniter.php(333): CodeIgniter\CodeIgniter->handleRequest(NULL, Object(Config\Cache), false)
#6 E:\SoftWare\xampp 7\htdocs\my_projects\testing\ci_dictionary\public\index.php(44): CodeIgniter\CodeIgniter->run()
#7 {main}
CRITICAL - 2022-04-28 04:39:46 --> Call to a member function setRules() on null
#0 E:\SoftWare\xampp 7\htdocs\my_projects\testing\ci_dictionary\system\BaseModel.php(722): CodeIgniter\BaseModel->validate(Array)
#1 E:\SoftWare\xampp 7\htdocs\my_projects\testing\ci_dictionary\system\Model.php(705): CodeIgniter\BaseModel->insert(Array, true)
#2 E:\SoftWare\xampp 7\htdocs\my_projects\testing\ci_dictionary\app\Controllers\Register.php(41): CodeIgniter\Model->insert(Array)
#3 E:\SoftWare\xampp 7\htdocs\my_projects\testing\ci_dictionary\system\CodeIgniter.php(936): App\Controllers\Register->register()
#4 E:\SoftWare\xampp 7\htdocs\my_projects\testing\ci_dictionary\system\CodeIgniter.php(432): CodeIgniter\CodeIgniter->runController(Object(App\Controllers\Register))
#5 E:\SoftWare\xampp 7\htdocs\my_projects\testing\ci_dictionary\system\CodeIgniter.php(333): CodeIgniter\CodeIgniter->handleRequest(NULL, Object(Config\Cache), false)
#6 E:\SoftWare\xampp 7\htdocs\my_projects\testing\ci_dictionary\public\index.php(44): CodeIgniter\CodeIgniter->run()
#7 {main}
CRITICAL - 2022-04-28 04:42:10 --> Call to a member function setRules() on null
#0 E:\SoftWare\xampp 7\htdocs\my_projects\testing\ci_dictionary\system\BaseModel.php(722): CodeIgniter\BaseModel->validate(Array)
#1 E:\SoftWare\xampp 7\htdocs\my_projects\testing\ci_dictionary\system\Model.php(705): CodeIgniter\BaseModel->insert(Array, true)
#2 E:\SoftWare\xampp 7\htdocs\my_projects\testing\ci_dictionary\app\Controllers\Register.php(41): CodeIgniter\Model->insert(Array)
#3 E:\SoftWare\xampp 7\htdocs\my_projects\testing\ci_dictionary\system\CodeIgniter.php(936): App\Controllers\Register->register()
#4 E:\SoftWare\xampp 7\htdocs\my_projects\testing\ci_dictionary\system\CodeIgniter.php(432): CodeIgniter\CodeIgniter->runController(Object(App\Controllers\Register))
#5 E:\SoftWare\xampp 7\htdocs\my_projects\testing\ci_dictionary\system\CodeIgniter.php(333): CodeIgniter\CodeIgniter->handleRequest(NULL, Object(Config\Cache), false)
#6 E:\SoftWare\xampp 7\htdocs\my_projects\testing\ci_dictionary\public\index.php(44): CodeIgniter\CodeIgniter->run()
#7 {main}
CRITICAL - 2022-04-28 04:54:06 --> Call to a member function setRules() on null
#0 E:\SoftWare\xampp 7\htdocs\my_projects\testing\ci_dictionary\system\BaseModel.php(722): CodeIgniter\BaseModel->validate(Array)
#1 E:\SoftWare\xampp 7\htdocs\my_projects\testing\ci_dictionary\system\Model.php(705): CodeIgniter\BaseModel->insert(Array, true)
#2 E:\SoftWare\xampp 7\htdocs\my_projects\testing\ci_dictionary\app\Controllers\Register.php(44): CodeIgniter\Model->insert(Array)
#3 E:\SoftWare\xampp 7\htdocs\my_projects\testing\ci_dictionary\system\CodeIgniter.php(936): App\Controllers\Register->register()
#4 E:\SoftWare\xampp 7\htdocs\my_projects\testing\ci_dictionary\system\CodeIgniter.php(432): CodeIgniter\CodeIgniter->runController(Object(App\Controllers\Register))
#5 E:\SoftWare\xampp 7\htdocs\my_projects\testing\ci_dictionary\system\CodeIgniter.php(333): CodeIgniter\CodeIgniter->handleRequest(NULL, Object(Config\Cache), false)
#6 E:\SoftWare\xampp 7\htdocs\my_projects\testing\ci_dictionary\public\index.php(44): CodeIgniter\CodeIgniter->run()
#7 {main}
CRITICAL - 2022-04-28 04:54:53 --> Call to a member function setRules() on null
#0 E:\SoftWare\xampp 7\htdocs\my_projects\testing\ci_dictionary\system\BaseModel.php(722): CodeIgniter\BaseModel->validate(Array)
#1 E:\SoftWare\xampp 7\htdocs\my_projects\testing\ci_dictionary\system\Model.php(705): CodeIgniter\BaseModel->insert(Array, true)
#2 E:\SoftWare\xampp 7\htdocs\my_projects\testing\ci_dictionary\app\Controllers\Register.php(44): CodeIgniter\Model->insert(Array)
#3 E:\SoftWare\xampp 7\htdocs\my_projects\testing\ci_dictionary\system\CodeIgniter.php(936): App\Controllers\Register->register()
#4 E:\SoftWare\xampp 7\htdocs\my_projects\testing\ci_dictionary\system\CodeIgniter.php(432): CodeIgniter\CodeIgniter->runController(Object(App\Controllers\Register))
#5 E:\SoftWare\xampp 7\htdocs\my_projects\testing\ci_dictionary\system\CodeIgniter.php(333): CodeIgniter\CodeIgniter->handleRequest(NULL, Object(Config\Cache), false)
#6 E:\SoftWare\xampp 7\htdocs\my_projects\testing\ci_dictionary\public\index.php(44): CodeIgniter\CodeIgniter->run()
#7 {main}
CRITICAL - 2022-04-28 05:00:02 --> Call to a member function setRules() on null
#0 E:\SoftWare\xampp 7\htdocs\my_projects\testing\ci_dictionary\system\BaseModel.php(722): CodeIgniter\BaseModel->validate(Array)
#1 E:\SoftWare\xampp 7\htdocs\my_projects\testing\ci_dictionary\system\Model.php(705): CodeIgniter\BaseModel->insert(Array, true)
#2 E:\SoftWare\xampp 7\htdocs\my_projects\testing\ci_dictionary\app\Controllers\Register.php(45): CodeIgniter\Model->insert(Array)
#3 E:\SoftWare\xampp 7\htdocs\my_projects\testing\ci_dictionary\system\CodeIgniter.php(936): App\Controllers\Register->register()
#4 E:\SoftWare\xampp 7\htdocs\my_projects\testing\ci_dictionary\system\CodeIgniter.php(432): CodeIgniter\CodeIgniter->runController(Object(App\Controllers\Register))
#5 E:\SoftWare\xampp 7\htdocs\my_projects\testing\ci_dictionary\system\CodeIgniter.php(333): CodeIgniter\CodeIgniter->handleRequest(NULL, Object(Config\Cache), false)
#6 E:\SoftWare\xampp 7\htdocs\my_projects\testing\ci_dictionary\public\index.php(44): CodeIgniter\CodeIgniter->run()
#7 {main}
ERROR - 2022-04-28 05:00:17 --> mysqli_sql_exception: Duplicate entry '111111' for key 'tel' in E:\SoftWare\xampp 7\htdocs\my_projects\testing\ci_dictionary\system\Database\MySQLi\Connection.php:314
Stack trace:
#0 E:\SoftWare\xampp 7\htdocs\my_projects\testing\ci_dictionary\system\Database\MySQLi\Connection.php(314): mysqli->query('INSERT INTO `us...')
#1 E:\SoftWare\xampp 7\htdocs\my_projects\testing\ci_dictionary\system\Database\BaseConnection.php(713): CodeIgniter\Database\MySQLi\Connection->execute('INSERT INTO `us...')
#2 E:\SoftWare\xampp 7\htdocs\my_projects\testing\ci_dictionary\system\Database\BaseConnection.php(641): CodeIgniter\Database\BaseConnection->simpleQuery('INSERT INTO `us...')
#3 E:\SoftWare\xampp 7\htdocs\my_projects\testing\ci_dictionary\system\Database\BaseBuilder.php(2263): CodeIgniter\Database\BaseConnection->query('INSERT INTO `us...', Array, false)
#4 E:\SoftWare\xampp 7\htdocs\my_projects\testing\ci_dictionary\system\Model.php(278): CodeIgniter\Database\BaseBuilder->insert()
#5 E:\SoftWare\xampp 7\htdocs\my_projects\testing\ci_dictionary\system\BaseModel.php(758): CodeIgniter\Model->doInsert(Array)
#6 E:\SoftWare\xampp 7\htdocs\my_projects\testing\ci_dictionary\system\Model.php(705): CodeIgniter\BaseModel->insert(Array, true)
#7 E:\SoftWare\xampp 7\htdocs\my_projects\testing\ci_dictionary\app\Controllers\Register.php(45): CodeIgniter\Model->insert(Array)
#8 E:\SoftWare\xampp 7\htdocs\my_projects\testing\ci_dictionary\system\CodeIgniter.php(936): App\Controllers\Register->register()
#9 E:\SoftWare\xampp 7\htdocs\my_projects\testing\ci_dictionary\system\CodeIgniter.php(432): CodeIgniter\CodeIgniter->runController(Object(App\Controllers\Register))
#10 E:\SoftWare\xampp 7\htdocs\my_projects\testing\ci_dictionary\system\CodeIgniter.php(333): CodeIgniter\CodeIgniter->handleRequest(NULL, Object(Config\Cache), false)
#11 E:\SoftWare\xampp 7\htdocs\my_projects\testing\ci_dictionary\public\index.php(44): CodeIgniter\CodeIgniter->run()
#12 {main}
CRITICAL - 2022-04-28 05:00:17 --> Duplicate entry '111111' for key 'tel'
#0 E:\SoftWare\xampp 7\htdocs\my_projects\testing\ci_dictionary\system\Database\MySQLi\Connection.php(314): mysqli->query('INSERT INTO `us...')
#1 E:\SoftWare\xampp 7\htdocs\my_projects\testing\ci_dictionary\system\Database\BaseConnection.php(713): CodeIgniter\Database\MySQLi\Connection->execute('INSERT INTO `us...')
#2 E:\SoftWare\xampp 7\htdocs\my_projects\testing\ci_dictionary\system\Database\BaseConnection.php(641): CodeIgniter\Database\BaseConnection->simpleQuery('INSERT INTO `us...')
#3 E:\SoftWare\xampp 7\htdocs\my_projects\testing\ci_dictionary\system\Database\BaseBuilder.php(2263): CodeIgniter\Database\BaseConnection->query('INSERT INTO `us...', Array, false)
#4 E:\SoftWare\xampp 7\htdocs\my_projects\testing\ci_dictionary\system\Model.php(278): CodeIgniter\Database\BaseBuilder->insert()
#5 E:\SoftWare\xampp 7\htdocs\my_projects\testing\ci_dictionary\system\BaseModel.php(758): CodeIgniter\Model->doInsert(Array)
#6 E:\SoftWare\xampp 7\htdocs\my_projects\testing\ci_dictionary\system\Model.php(705): CodeIgniter\BaseModel->insert(Array, true)
#7 E:\SoftWare\xampp 7\htdocs\my_projects\testing\ci_dictionary\app\Controllers\Register.php(45): CodeIgniter\Model->insert(Array)
#8 E:\SoftWare\xampp 7\htdocs\my_projects\testing\ci_dictionary\system\CodeIgniter.php(936): App\Controllers\Register->register()
#9 E:\SoftWare\xampp 7\htdocs\my_projects\testing\ci_dictionary\system\CodeIgniter.php(432): CodeIgniter\CodeIgniter->runController(Object(App\Controllers\Register))
#10 E:\SoftWare\xampp 7\htdocs\my_projects\testing\ci_dictionary\system\CodeIgniter.php(333): CodeIgniter\CodeIgniter->handleRequest(NULL, Object(Config\Cache), false)
#11 E:\SoftWare\xampp 7\htdocs\my_projects\testing\ci_dictionary\public\index.php(44): CodeIgniter\CodeIgniter->run()
#12 {main}
ERROR - 2022-04-28 05:00:34 --> mysqli_sql_exception: Duplicate entry '111111' for key 'tel' in E:\SoftWare\xampp 7\htdocs\my_projects\testing\ci_dictionary\system\Database\MySQLi\Connection.php:314
Stack trace:
#0 E:\SoftWare\xampp 7\htdocs\my_projects\testing\ci_dictionary\system\Database\MySQLi\Connection.php(314): mysqli->query('INSERT INTO `us...')
#1 E:\SoftWare\xampp 7\htdocs\my_projects\testing\ci_dictionary\system\Database\BaseConnection.php(713): CodeIgniter\Database\MySQLi\Connection->execute('INSERT INTO `us...')
#2 E:\SoftWare\xampp 7\htdocs\my_projects\testing\ci_dictionary\system\Database\BaseConnection.php(641): CodeIgniter\Database\BaseConnection->simpleQuery('INSERT INTO `us...')
#3 E:\SoftWare\xampp 7\htdocs\my_projects\testing\ci_dictionary\system\Database\BaseBuilder.php(2263): CodeIgniter\Database\BaseConnection->query('INSERT INTO `us...', Array, false)
#4 E:\SoftWare\xampp 7\htdocs\my_projects\testing\ci_dictionary\system\Model.php(278): CodeIgniter\Database\BaseBuilder->insert()
#5 E:\SoftWare\xampp 7\htdocs\my_projects\testing\ci_dictionary\system\BaseModel.php(758): CodeIgniter\Model->doInsert(Array)
#6 E:\SoftWare\xampp 7\htdocs\my_projects\testing\ci_dictionary\system\Model.php(705): CodeIgniter\BaseModel->insert(Array, true)
#7 E:\SoftWare\xampp 7\htdocs\my_projects\testing\ci_dictionary\app\Controllers\Register.php(45): CodeIgniter\Model->insert(Array)
#8 E:\SoftWare\xampp 7\htdocs\my_projects\testing\ci_dictionary\system\CodeIgniter.php(936): App\Controllers\Register->register()
#9 E:\SoftWare\xampp 7\htdocs\my_projects\testing\ci_dictionary\system\CodeIgniter.php(432): CodeIgniter\CodeIgniter->runController(Object(App\Controllers\Register))
#10 E:\SoftWare\xampp 7\htdocs\my_projects\testing\ci_dictionary\system\CodeIgniter.php(333): CodeIgniter\CodeIgniter->handleRequest(NULL, Object(Config\Cache), false)
#11 E:\SoftWare\xampp 7\htdocs\my_projects\testing\ci_dictionary\public\index.php(44): CodeIgniter\CodeIgniter->run()
#12 {main}
CRITICAL - 2022-04-28 05:00:34 --> Duplicate entry '111111' for key 'tel'
#0 E:\SoftWare\xampp 7\htdocs\my_projects\testing\ci_dictionary\system\Database\MySQLi\Connection.php(314): mysqli->query('INSERT INTO `us...')
#1 E:\SoftWare\xampp 7\htdocs\my_projects\testing\ci_dictionary\system\Database\BaseConnection.php(713): CodeIgniter\Database\MySQLi\Connection->execute('INSERT INTO `us...')
#2 E:\SoftWare\xampp 7\htdocs\my_projects\testing\ci_dictionary\system\Database\BaseConnection.php(641): CodeIgniter\Database\BaseConnection->simpleQuery('INSERT INTO `us...')
#3 E:\SoftWare\xampp 7\htdocs\my_projects\testing\ci_dictionary\system\Database\BaseBuilder.php(2263): CodeIgniter\Database\BaseConnection->query('INSERT INTO `us...', Array, false)
#4 E:\SoftWare\xampp 7\htdocs\my_projects\testing\ci_dictionary\system\Model.php(278): CodeIgniter\Database\BaseBuilder->insert()
#5 E:\SoftWare\xampp 7\htdocs\my_projects\testing\ci_dictionary\system\BaseModel.php(758): CodeIgniter\Model->doInsert(Array)
#6 E:\SoftWare\xampp 7\htdocs\my_projects\testing\ci_dictionary\system\Model.php(705): CodeIgniter\BaseModel->insert(Array, true)
#7 E:\SoftWare\xampp 7\htdocs\my_projects\testing\ci_dictionary\app\Controllers\Register.php(45): CodeIgniter\Model->insert(Array)
#8 E:\SoftWare\xampp 7\htdocs\my_projects\testing\ci_dictionary\system\CodeIgniter.php(936): App\Controllers\Register->register()
#9 E:\SoftWare\xampp 7\htdocs\my_projects\testing\ci_dictionary\system\CodeIgniter.php(432): CodeIgniter\CodeIgniter->runController(Object(App\Controllers\Register))
#10 E:\SoftWare\xampp 7\htdocs\my_projects\testing\ci_dictionary\system\CodeIgniter.php(333): CodeIgniter\CodeIgniter->handleRequest(NULL, Object(Config\Cache), false)
#11 E:\SoftWare\xampp 7\htdocs\my_projects\testing\ci_dictionary\public\index.php(44): CodeIgniter\CodeIgniter->run()
#12 {main}
CRITICAL - 2022-04-28 05:02:02 --> Call to a member function setRules() on null
#0 E:\SoftWare\xampp 7\htdocs\my_projects\testing\ci_dictionary\system\BaseModel.php(722): CodeIgniter\BaseModel->validate(Array)
#1 E:\SoftWare\xampp 7\htdocs\my_projects\testing\ci_dictionary\system\Model.php(705): CodeIgniter\BaseModel->insert(Array, true)
#2 E:\SoftWare\xampp 7\htdocs\my_projects\testing\ci_dictionary\app\Controllers\Register.php(45): CodeIgniter\Model->insert(Array)
#3 E:\SoftWare\xampp 7\htdocs\my_projects\testing\ci_dictionary\system\CodeIgniter.php(936): App\Controllers\Register->register()
#4 E:\SoftWare\xampp 7\htdocs\my_projects\testing\ci_dictionary\system\CodeIgniter.php(432): CodeIgniter\CodeIgniter->runController(Object(App\Controllers\Register))
#5 E:\SoftWare\xampp 7\htdocs\my_projects\testing\ci_dictionary\system\CodeIgniter.php(333): CodeIgniter\CodeIgniter->handleRequest(NULL, Object(Config\Cache), false)
#6 E:\SoftWare\xampp 7\htdocs\my_projects\testing\ci_dictionary\public\index.php(44): CodeIgniter\CodeIgniter->run()
#7 {main}
CRITICAL - 2022-04-28 05:19:19 --> Call to a member function setRules() on null
#0 E:\SoftWare\xampp 7\htdocs\my_projects\testing\ci_dictionary\system\BaseModel.php(722): CodeIgniter\BaseModel->validate(Array)
#1 E:\SoftWare\xampp 7\htdocs\my_projects\testing\ci_dictionary\system\Model.php(705): CodeIgniter\BaseModel->insert(Array, true)
#2 E:\SoftWare\xampp 7\htdocs\my_projects\testing\ci_dictionary\app\Controllers\Register.php(45): CodeIgniter\Model->insert(Array)
#3 E:\SoftWare\xampp 7\htdocs\my_projects\testing\ci_dictionary\system\CodeIgniter.php(936): App\Controllers\Register->register()
#4 E:\SoftWare\xampp 7\htdocs\my_projects\testing\ci_dictionary\system\CodeIgniter.php(432): CodeIgniter\CodeIgniter->runController(Object(App\Controllers\Register))
#5 E:\SoftWare\xampp 7\htdocs\my_projects\testing\ci_dictionary\system\CodeIgniter.php(333): CodeIgniter\CodeIgniter->handleRequest(NULL, Object(Config\Cache), false)
#6 E:\SoftWare\xampp 7\htdocs\my_projects\testing\ci_dictionary\public\index.php(44): CodeIgniter\CodeIgniter->run()
#7 {main}
CRITICAL - 2022-04-28 05:29:32 --> Call to a member function setRules() on null
#0 E:\SoftWare\xampp 7\htdocs\my_projects\testing\ci_dictionary\system\BaseModel.php(722): CodeIgniter\BaseModel->validate(Array)
#1 E:\SoftWare\xampp 7\htdocs\my_projects\testing\ci_dictionary\system\Model.php(705): CodeIgniter\BaseModel->insert(Array, true)
#2 E:\SoftWare\xampp 7\htdocs\my_projects\testing\ci_dictionary\app\Controllers\Register.php(45): CodeIgniter\Model->insert(Array)
#3 E:\SoftWare\xampp 7\htdocs\my_projects\testing\ci_dictionary\system\CodeIgniter.php(936): App\Controllers\Register->register()
#4 E:\SoftWare\xampp 7\htdocs\my_projects\testing\ci_dictionary\system\CodeIgniter.php(432): CodeIgniter\CodeIgniter->runController(Object(App\Controllers\Register))
#5 E:\SoftWare\xampp 7\htdocs\my_projects\testing\ci_dictionary\system\CodeIgniter.php(333): CodeIgniter\CodeIgniter->handleRequest(NULL, Object(Config\Cache), false)
#6 E:\SoftWare\xampp 7\htdocs\my_projects\testing\ci_dictionary\public\index.php(44): CodeIgniter\CodeIgniter->run()
#7 {main}
CRITICAL - 2022-04-28 05:36:19 --> Call to a member function setRules() on null
#0 E:\SoftWare\xampp 7\htdocs\my_projects\testing\ci_dictionary\system\BaseModel.php(722): CodeIgniter\BaseModel->validate(Array)
#1 E:\SoftWare\xampp 7\htdocs\my_projects\testing\ci_dictionary\system\Model.php(705): CodeIgniter\BaseModel->insert(Array, true)
#2 E:\SoftWare\xampp 7\htdocs\my_projects\testing\ci_dictionary\app\Controllers\Register.php(45): CodeIgniter\Model->insert(Array)
#3 E:\SoftWare\xampp 7\htdocs\my_projects\testing\ci_dictionary\system\CodeIgniter.php(936): App\Controllers\Register->register()
#4 E:\SoftWare\xampp 7\htdocs\my_projects\testing\ci_dictionary\system\CodeIgniter.php(432): CodeIgniter\CodeIgniter->runController(Object(App\Controllers\Register))
#5 E:\SoftWare\xampp 7\htdocs\my_projects\testing\ci_dictionary\system\CodeIgniter.php(333): CodeIgniter\CodeIgniter->handleRequest(NULL, Object(Config\Cache), false)
#6 E:\SoftWare\xampp 7\htdocs\my_projects\testing\ci_dictionary\public\index.php(44): CodeIgniter\CodeIgniter->run()
#7 {main}
ERROR - 2022-04-28 05:36:37 --> mysqli_sql_exception: Duplicate entry '111111' for key 'tel' in E:\SoftWare\xampp 7\htdocs\my_projects\testing\ci_dictionary\system\Database\MySQLi\Connection.php:314
Stack trace:
#0 E:\SoftWare\xampp 7\htdocs\my_projects\testing\ci_dictionary\system\Database\MySQLi\Connection.php(314): mysqli->query('INSERT INTO `us...')
#1 E:\SoftWare\xampp 7\htdocs\my_projects\testing\ci_dictionary\system\Database\BaseConnection.php(713): CodeIgniter\Database\MySQLi\Connection->execute('INSERT INTO `us...')
#2 E:\SoftWare\xampp 7\htdocs\my_projects\testing\ci_dictionary\system\Database\BaseConnection.php(641): CodeIgniter\Database\BaseConnection->simpleQuery('INSERT INTO `us...')
#3 E:\SoftWare\xampp 7\htdocs\my_projects\testing\ci_dictionary\system\Database\BaseBuilder.php(2263): CodeIgniter\Database\BaseConnection->query('INSERT INTO `us...', Array, false)
#4 E:\SoftWare\xampp 7\htdocs\my_projects\testing\ci_dictionary\system\Model.php(278): CodeIgniter\Database\BaseBuilder->insert()
#5 E:\SoftWare\xampp 7\htdocs\my_projects\testing\ci_dictionary\system\BaseModel.php(758): CodeIgniter\Model->doInsert(Array)
#6 E:\SoftWare\xampp 7\htdocs\my_projects\testing\ci_dictionary\system\Model.php(705): CodeIgniter\BaseModel->insert(Array, true)
#7 E:\SoftWare\xampp 7\htdocs\my_projects\testing\ci_dictionary\app\Controllers\Register.php(45): CodeIgniter\Model->insert(Array)
#8 E:\SoftWare\xampp 7\htdocs\my_projects\testing\ci_dictionary\system\CodeIgniter.php(936): App\Controllers\Register->register()
#9 E:\SoftWare\xampp 7\htdocs\my_projects\testing\ci_dictionary\system\CodeIgniter.php(432): CodeIgniter\CodeIgniter->runController(Object(App\Controllers\Register))
#10 E:\SoftWare\xampp 7\htdocs\my_projects\testing\ci_dictionary\system\CodeIgniter.php(333): CodeIgniter\CodeIgniter->handleRequest(NULL, Object(Config\Cache), false)
#11 E:\SoftWare\xampp 7\htdocs\my_projects\testing\ci_dictionary\public\index.php(44): CodeIgniter\CodeIgniter->run()
#12 {main}
CRITICAL - 2022-04-28 05:36:37 --> Duplicate entry '111111' for key 'tel'
#0 E:\SoftWare\xampp 7\htdocs\my_projects\testing\ci_dictionary\system\Database\MySQLi\Connection.php(314): mysqli->query('INSERT INTO `us...')
#1 E:\SoftWare\xampp 7\htdocs\my_projects\testing\ci_dictionary\system\Database\BaseConnection.php(713): CodeIgniter\Database\MySQLi\Connection->execute('INSERT INTO `us...')
#2 E:\SoftWare\xampp 7\htdocs\my_projects\testing\ci_dictionary\system\Database\BaseConnection.php(641): CodeIgniter\Database\BaseConnection->simpleQuery('INSERT INTO `us...')
#3 E:\SoftWare\xampp 7\htdocs\my_projects\testing\ci_dictionary\system\Database\BaseBuilder.php(2263): CodeIgniter\Database\BaseConnection->query('INSERT INTO `us...', Array, false)
#4 E:\SoftWare\xampp 7\htdocs\my_projects\testing\ci_dictionary\system\Model.php(278): CodeIgniter\Database\BaseBuilder->insert()
#5 E:\SoftWare\xampp 7\htdocs\my_projects\testing\ci_dictionary\system\BaseModel.php(758): CodeIgniter\Model->doInsert(Array)
#6 E:\SoftWare\xampp 7\htdocs\my_projects\testing\ci_dictionary\system\Model.php(705): CodeIgniter\BaseModel->insert(Array, true)
#7 E:\SoftWare\xampp 7\htdocs\my_projects\testing\ci_dictionary\app\Controllers\Register.php(45): CodeIgniter\Model->insert(Array)
#8 E:\SoftWare\xampp 7\htdocs\my_projects\testing\ci_dictionary\system\CodeIgniter.php(936): App\Controllers\Register->register()
#9 E:\SoftWare\xampp 7\htdocs\my_projects\testing\ci_dictionary\system\CodeIgniter.php(432): CodeIgniter\CodeIgniter->runController(Object(App\Controllers\Register))
#10 E:\SoftWare\xampp 7\htdocs\my_projects\testing\ci_dictionary\system\CodeIgniter.php(333): CodeIgniter\CodeIgniter->handleRequest(NULL, Object(Config\Cache), false)
#11 E:\SoftWare\xampp 7\htdocs\my_projects\testing\ci_dictionary\public\index.php(44): CodeIgniter\CodeIgniter->run()
#12 {main}
ERROR - 2022-04-28 05:37:43 --> mysqli_sql_exception: Duplicate entry '111111' for key 'tel' in E:\SoftWare\xampp 7\htdocs\my_projects\testing\ci_dictionary\system\Database\MySQLi\Connection.php:314
Stack trace:
#0 E:\SoftWare\xampp 7\htdocs\my_projects\testing\ci_dictionary\system\Database\MySQLi\Connection.php(314): mysqli->query('INSERT INTO `us...')
#1 E:\SoftWare\xampp 7\htdocs\my_projects\testing\ci_dictionary\system\Database\BaseConnection.php(713): CodeIgniter\Database\MySQLi\Connection->execute('INSERT INTO `us...')
#2 E:\SoftWare\xampp 7\htdocs\my_projects\testing\ci_dictionary\system\Database\BaseConnection.php(641): CodeIgniter\Database\BaseConnection->simpleQuery('INSERT INTO `us...')
#3 E:\SoftWare\xampp 7\htdocs\my_projects\testing\ci_dictionary\system\Database\BaseBuilder.php(2263): CodeIgniter\Database\BaseConnection->query('INSERT INTO `us...', Array, false)
#4 E:\SoftWare\xampp 7\htdocs\my_projects\testing\ci_dictionary\system\Model.php(278): CodeIgniter\Database\BaseBuilder->insert()
#5 E:\SoftWare\xampp 7\htdocs\my_projects\testing\ci_dictionary\system\BaseModel.php(758): CodeIgniter\Model->doInsert(Array)
#6 E:\SoftWare\xampp 7\htdocs\my_projects\testing\ci_dictionary\system\Model.php(705): CodeIgniter\BaseModel->insert(Array, true)
#7 E:\SoftWare\xampp 7\htdocs\my_projects\testing\ci_dictionary\app\Controllers\Register.php(45): CodeIgniter\Model->insert(Array)
#8 E:\SoftWare\xampp 7\htdocs\my_projects\testing\ci_dictionary\system\CodeIgniter.php(936): App\Controllers\Register->register()
#9 E:\SoftWare\xampp 7\htdocs\my_projects\testing\ci_dictionary\system\CodeIgniter.php(432): CodeIgniter\CodeIgniter->runController(Object(App\Controllers\Register))
#10 E:\SoftWare\xampp 7\htdocs\my_projects\testing\ci_dictionary\system\CodeIgniter.php(333): CodeIgniter\CodeIgniter->handleRequest(NULL, Object(Config\Cache), false)
#11 E:\SoftWare\xampp 7\htdocs\my_projects\testing\ci_dictionary\public\index.php(44): CodeIgniter\CodeIgniter->run()
#12 {main}
CRITICAL - 2022-04-28 05:37:43 --> Duplicate entry '111111' for key 'tel'
#0 E:\SoftWare\xampp 7\htdocs\my_projects\testing\ci_dictionary\system\Database\MySQLi\Connection.php(314): mysqli->query('INSERT INTO `us...')
#1 E:\SoftWare\xampp 7\htdocs\my_projects\testing\ci_dictionary\system\Database\BaseConnection.php(713): CodeIgniter\Database\MySQLi\Connection->execute('INSERT INTO `us...')
#2 E:\SoftWare\xampp 7\htdocs\my_projects\testing\ci_dictionary\system\Database\BaseConnection.php(641): CodeIgniter\Database\BaseConnection->simpleQuery('INSERT INTO `us...')
#3 E:\SoftWare\xampp 7\htdocs\my_projects\testing\ci_dictionary\system\Database\BaseBuilder.php(2263): CodeIgniter\Database\BaseConnection->query('INSERT INTO `us...', Array, false)
#4 E:\SoftWare\xampp 7\htdocs\my_projects\testing\ci_dictionary\system\Model.php(278): CodeIgniter\Database\BaseBuilder->insert()
#5 E:\SoftWare\xampp 7\htdocs\my_projects\testing\ci_dictionary\system\BaseModel.php(758): CodeIgniter\Model->doInsert(Array)
#6 E:\SoftWare\xampp 7\htdocs\my_projects\testing\ci_dictionary\system\Model.php(705): CodeIgniter\BaseModel->insert(Array, true)
#7 E:\SoftWare\xampp 7\htdocs\my_projects\testing\ci_dictionary\app\Controllers\Register.php(45): CodeIgniter\Model->insert(Array)
#8 E:\SoftWare\xampp 7\htdocs\my_projects\testing\ci_dictionary\system\CodeIgniter.php(936): App\Controllers\Register->register()
#9 E:\SoftWare\xampp 7\htdocs\my_projects\testing\ci_dictionary\system\CodeIgniter.php(432): CodeIgniter\CodeIgniter->runController(Object(App\Controllers\Register))
#10 E:\SoftWare\xampp 7\htdocs\my_projects\testing\ci_dictionary\system\CodeIgniter.php(333): CodeIgniter\CodeIgniter->handleRequest(NULL, Object(Config\Cache), false)
#11 E:\SoftWare\xampp 7\htdocs\my_projects\testing\ci_dictionary\public\index.php(44): CodeIgniter\CodeIgniter->run()
#12 {main}
CRITICAL - 2022-04-28 05:38:29 --> Call to a member function setRules() on null
#0 E:\SoftWare\xampp 7\htdocs\my_projects\testing\ci_dictionary\system\BaseModel.php(722): CodeIgniter\BaseModel->validate(Array)
#1 E:\SoftWare\xampp 7\htdocs\my_projects\testing\ci_dictionary\system\Model.php(705): CodeIgniter\BaseModel->insert(Array, true)
#2 E:\SoftWare\xampp 7\htdocs\my_projects\testing\ci_dictionary\app\Controllers\Register.php(45): CodeIgniter\Model->insert(Array)
#3 E:\SoftWare\xampp 7\htdocs\my_projects\testing\ci_dictionary\system\CodeIgniter.php(936): App\Controllers\Register->register()
#4 E:\SoftWare\xampp 7\htdocs\my_projects\testing\ci_dictionary\system\CodeIgniter.php(432): CodeIgniter\CodeIgniter->runController(Object(App\Controllers\Register))
#5 E:\SoftWare\xampp 7\htdocs\my_projects\testing\ci_dictionary\system\CodeIgniter.php(333): CodeIgniter\CodeIgniter->handleRequest(NULL, Object(Config\Cache), false)
#6 E:\SoftWare\xampp 7\htdocs\my_projects\testing\ci_dictionary\public\index.php(44): CodeIgniter\CodeIgniter->run()
#7 {main}
CRITICAL - 2022-04-28 05:40:02 --> Call to a member function setRules() on null
#0 E:\SoftWare\xampp 7\htdocs\my_projects\testing\ci_dictionary\system\BaseModel.php(722): CodeIgniter\BaseModel->validate(Array)
#1 E:\SoftWare\xampp 7\htdocs\my_projects\testing\ci_dictionary\system\Model.php(705): CodeIgniter\BaseModel->insert(Array, true)
#2 E:\SoftWare\xampp 7\htdocs\my_projects\testing\ci_dictionary\app\Controllers\Register.php(45): CodeIgniter\Model->insert(Array)
#3 E:\SoftWare\xampp 7\htdocs\my_projects\testing\ci_dictionary\system\CodeIgniter.php(936): App\Controllers\Register->register()
#4 E:\SoftWare\xampp 7\htdocs\my_projects\testing\ci_dictionary\system\CodeIgniter.php(432): CodeIgniter\CodeIgniter->runController(Object(App\Controllers\Register))
#5 E:\SoftWare\xampp 7\htdocs\my_projects\testing\ci_dictionary\system\CodeIgniter.php(333): CodeIgniter\CodeIgniter->handleRequest(NULL, Object(Config\Cache), false)
#6 E:\SoftWare\xampp 7\htdocs\my_projects\testing\ci_dictionary\public\index.php(44): CodeIgniter\CodeIgniter->run()
#7 {main}
CRITICAL - 2022-04-28 06:23:59 --> Call to a member function setRules() on null
#0 E:\SoftWare\xampp 7\htdocs\my_projects\testing\ci_dictionary\system\BaseModel.php(722): CodeIgniter\BaseModel->validate(Array)
#1 E:\SoftWare\xampp 7\htdocs\my_projects\testing\ci_dictionary\system\Model.php(705): CodeIgniter\BaseModel->insert(Array, true)
#2 E:\SoftWare\xampp 7\htdocs\my_projects\testing\ci_dictionary\app\Controllers\Register.php(45): CodeIgniter\Model->insert(Array)
#3 E:\SoftWare\xampp 7\htdocs\my_projects\testing\ci_dictionary\system\CodeIgniter.php(936): App\Controllers\Register->register()
#4 E:\SoftWare\xampp 7\htdocs\my_projects\testing\ci_dictionary\system\CodeIgniter.php(432): CodeIgniter\CodeIgniter->runController(Object(App\Controllers\Register))
#5 E:\SoftWare\xampp 7\htdocs\my_projects\testing\ci_dictionary\system\CodeIgniter.php(333): CodeIgniter\CodeIgniter->handleRequest(NULL, Object(Config\Cache), false)
#6 E:\SoftWare\xampp 7\htdocs\my_projects\testing\ci_dictionary\public\index.php(44): CodeIgniter\CodeIgniter->run()
#7 {main}
ERROR - 2022-04-28 06:26:09 --> mysqli_sql_exception: Duplicate entry '09127777777' for key 'tel' in E:\SoftWare\xampp 7\htdocs\my_projects\testing\ci_dictionary\system\Database\MySQLi\Connection.php:314
Stack trace:
#0 E:\SoftWare\xampp 7\htdocs\my_projects\testing\ci_dictionary\system\Database\MySQLi\Connection.php(314): mysqli->query('INSERT INTO `us...')
#1 E:\SoftWare\xampp 7\htdocs\my_projects\testing\ci_dictionary\system\Database\BaseConnection.php(713): CodeIgniter\Database\MySQLi\Connection->execute('INSERT INTO `us...')
#2 E:\SoftWare\xampp 7\htdocs\my_projects\testing\ci_dictionary\system\Database\BaseConnection.php(641): CodeIgniter\Database\BaseConnection->simpleQuery('INSERT INTO `us...')
#3 E:\SoftWare\xampp 7\htdocs\my_projects\testing\ci_dictionary\system\Database\BaseBuilder.php(2263): CodeIgniter\Database\BaseConnection->query('INSERT INTO `us...', Array, false)
#4 E:\SoftWare\xampp 7\htdocs\my_projects\testing\ci_dictionary\system\Model.php(278): CodeIgniter\Database\BaseBuilder->insert()
#5 E:\SoftWare\xampp 7\htdocs\my_projects\testing\ci_dictionary\system\BaseModel.php(758): CodeIgniter\Model->doInsert(Array)
#6 E:\SoftWare\xampp 7\htdocs\my_projects\testing\ci_dictionary\system\Model.php(705): CodeIgniter\BaseModel->insert(Array, true)
#7 E:\SoftWare\xampp 7\htdocs\my_projects\testing\ci_dictionary\app\Controllers\Register.php(45): CodeIgniter\Model->insert(Array)
#8 E:\SoftWare\xampp 7\htdocs\my_projects\testing\ci_dictionary\system\CodeIgniter.php(936): App\Controllers\Register->register()
#9 E:\SoftWare\xampp 7\htdocs\my_projects\testing\ci_dictionary\system\CodeIgniter.php(432): CodeIgniter\CodeIgniter->runController(Object(App\Controllers\Register))
#10 E:\SoftWare\xampp 7\htdocs\my_projects\testing\ci_dictionary\system\CodeIgniter.php(333): CodeIgniter\CodeIgniter->handleRequest(NULL, Object(Config\Cache), false)
#11 E:\SoftWare\xampp 7\htdocs\my_projects\testing\ci_dictionary\public\index.php(44): CodeIgniter\CodeIgniter->run()
#12 {main}
CRITICAL - 2022-04-28 06:26:09 --> Duplicate entry '09127777777' for key 'tel'
#0 E:\SoftWare\xampp 7\htdocs\my_projects\testing\ci_dictionary\system\Database\MySQLi\Connection.php(314): mysqli->query('INSERT INTO `us...')
#1 E:\SoftWare\xampp 7\htdocs\my_projects\testing\ci_dictionary\system\Database\BaseConnection.php(713): CodeIgniter\Database\MySQLi\Connection->execute('INSERT INTO `us...')
#2 E:\SoftWare\xampp 7\htdocs\my_projects\testing\ci_dictionary\system\Database\BaseConnection.php(641): CodeIgniter\Database\BaseConnection->simpleQuery('INSERT INTO `us...')
#3 E:\SoftWare\xampp 7\htdocs\my_projects\testing\ci_dictionary\system\Database\BaseBuilder.php(2263): CodeIgniter\Database\BaseConnection->query('INSERT INTO `us...', Array, false)
#4 E:\SoftWare\xampp 7\htdocs\my_projects\testing\ci_dictionary\system\Model.php(278): CodeIgniter\Database\BaseBuilder->insert()
#5 E:\SoftWare\xampp 7\htdocs\my_projects\testing\ci_dictionary\system\BaseModel.php(758): CodeIgniter\Model->doInsert(Array)
#6 E:\SoftWare\xampp 7\htdocs\my_projects\testing\ci_dictionary\system\Model.php(705): CodeIgniter\BaseModel->insert(Array, true)
#7 E:\SoftWare\xampp 7\htdocs\my_projects\testing\ci_dictionary\app\Controllers\Register.php(45): CodeIgniter\Model->insert(Array)
#8 E:\SoftWare\xampp 7\htdocs\my_projects\testing\ci_dictionary\system\CodeIgniter.php(936): App\Controllers\Register->register()
#9 E:\SoftWare\xampp 7\htdocs\my_projects\testing\ci_dictionary\system\CodeIgniter.php(432): CodeIgniter\CodeIgniter->runController(Object(App\Controllers\Register))
#10 E:\SoftWare\xampp 7\htdocs\my_projects\testing\ci_dictionary\system\CodeIgniter.php(333): CodeIgniter\CodeIgniter->handleRequest(NULL, Object(Config\Cache), false)
#11 E:\SoftWare\xampp 7\htdocs\my_projects\testing\ci_dictionary\public\index.php(44): CodeIgniter\CodeIgniter->run()
#12 {main}
CRITICAL - 2022-04-28 06:58:47 --> Call to a member function setRules() on null
#0 E:\SoftWare\xampp 7\htdocs\my_projects\testing\ci_dictionary\system\BaseModel.php(722): CodeIgniter\BaseModel->validate(Array)
#1 E:\SoftWare\xampp 7\htdocs\my_projects\testing\ci_dictionary\system\Model.php(705): CodeIgniter\BaseModel->insert(Array, true)
#2 E:\SoftWare\xampp 7\htdocs\my_projects\testing\ci_dictionary\app\Controllers\Register.php(56): CodeIgniter\Model->insert(Array)
#3 E:\SoftWare\xampp 7\htdocs\my_projects\testing\ci_dictionary\system\CodeIgniter.php(936): App\Controllers\Register->register()
#4 E:\SoftWare\xampp 7\htdocs\my_projects\testing\ci_dictionary\system\CodeIgniter.php(432): CodeIgniter\CodeIgniter->runController(Object(App\Controllers\Register))
#5 E:\SoftWare\xampp 7\htdocs\my_projects\testing\ci_dictionary\system\CodeIgniter.php(333): CodeIgniter\CodeIgniter->handleRequest(NULL, Object(Config\Cache), false)
#6 E:\SoftWare\xampp 7\htdocs\my_projects\testing\ci_dictionary\public\index.php(44): CodeIgniter\CodeIgniter->run()
#7 {main}
CRITICAL - 2022-04-28 07:05:48 --> Call to a member function setRules() on null
#0 E:\SoftWare\xampp 7\htdocs\my_projects\testing\ci_dictionary\system\BaseModel.php(722): CodeIgniter\BaseModel->validate(Array)
#1 E:\SoftWare\xampp 7\htdocs\my_projects\testing\ci_dictionary\system\Model.php(705): CodeIgniter\BaseModel->insert(Array, true)
#2 E:\SoftWare\xampp 7\htdocs\my_projects\testing\ci_dictionary\app\Controllers\Register.php(56): CodeIgniter\Model->insert(Array)
#3 E:\SoftWare\xampp 7\htdocs\my_projects\testing\ci_dictionary\system\CodeIgniter.php(936): App\Controllers\Register->register()
#4 E:\SoftWare\xampp 7\htdocs\my_projects\testing\ci_dictionary\system\CodeIgniter.php(432): CodeIgniter\CodeIgniter->runController(Object(App\Controllers\Register))
#5 E:\SoftWare\xampp 7\htdocs\my_projects\testing\ci_dictionary\system\CodeIgniter.php(333): CodeIgniter\CodeIgniter->handleRequest(NULL, Object(Config\Cache), false)
#6 E:\SoftWare\xampp 7\htdocs\my_projects\testing\ci_dictionary\public\index.php(44): CodeIgniter\CodeIgniter->run()
#7 {main}
CRITICAL - 2022-04-28 07:06:19 --> Call to undefined method App\Models\MUsers::setRules
#0 E:\SoftWare\xampp 7\htdocs\my_projects\testing\ci_dictionary\app\Controllers\Register.php(54): CodeIgniter\Model->__call('setRules', Array)
#1 E:\SoftWare\xampp 7\htdocs\my_projects\testing\ci_dictionary\system\CodeIgniter.php(936): App\Controllers\Register->register()
#2 E:\SoftWare\xampp 7\htdocs\my_projects\testing\ci_dictionary\system\CodeIgniter.php(432): CodeIgniter\CodeIgniter->runController(Object(App\Controllers\Register))
#3 E:\SoftWare\xampp 7\htdocs\my_projects\testing\ci_dictionary\system\CodeIgniter.php(333): CodeIgniter\CodeIgniter->handleRequest(NULL, Object(Config\Cache), false)
#4 E:\SoftWare\xampp 7\htdocs\my_projects\testing\ci_dictionary\public\index.php(44): CodeIgniter\CodeIgniter->run()
#5 {main}
CRITICAL - 2022-04-28 07:06:50 --> Call to undefined method App\Models\MUsers::setRule
#0 E:\SoftWare\xampp 7\htdocs\my_projects\testing\ci_dictionary\app\Controllers\Register.php(54): CodeIgniter\Model->__call('setRule', Array)
#1 E:\SoftWare\xampp 7\htdocs\my_projects\testing\ci_dictionary\system\CodeIgniter.php(936): App\Controllers\Register->register()
#2 E:\SoftWare\xampp 7\htdocs\my_projects\testing\ci_dictionary\system\CodeIgniter.php(432): CodeIgniter\CodeIgniter->runController(Object(App\Controllers\Register))
#3 E:\SoftWare\xampp 7\htdocs\my_projects\testing\ci_dictionary\system\CodeIgniter.php(333): CodeIgniter\CodeIgniter->handleRequest(NULL, Object(Config\Cache), false)
#4 E:\SoftWare\xampp 7\htdocs\my_projects\testing\ci_dictionary\public\index.php(44): CodeIgniter\CodeIgniter->run()
#5 {main}
ERROR - 2022-04-28 07:17:15 --> mysqli_sql_exception: Column 'name' cannot be null in E:\SoftWare\xampp 7\htdocs\my_projects\testing\ci_dictionary\system\Database\MySQLi\Connection.php:314
Stack trace:
#0 E:\SoftWare\xampp 7\htdocs\my_projects\testing\ci_dictionary\system\Database\MySQLi\Connection.php(314): mysqli->query('INSERT INTO `us...')
#1 E:\SoftWare\xampp 7\htdocs\my_projects\testing\ci_dictionary\system\Database\BaseConnection.php(713): CodeIgniter\Database\MySQLi\Connection->execute('INSERT INTO `us...')
#2 E:\SoftWare\xampp 7\htdocs\my_projects\testing\ci_dictionary\system\Database\BaseConnection.php(641): CodeIgniter\Database\BaseConnection->simpleQuery('INSERT INTO `us...')
#3 E:\SoftWare\xampp 7\htdocs\my_projects\testing\ci_dictionary\system\Database\BaseBuilder.php(2263): CodeIgniter\Database\BaseConnection->query('INSERT INTO `us...', Array, false)
#4 E:\SoftWare\xampp 7\htdocs\my_projects\testing\ci_dictionary\system\Model.php(278): CodeIgniter\Database\BaseBuilder->insert()
#5 E:\SoftWare\xampp 7\htdocs\my_projects\testing\ci_dictionary\system\BaseModel.php(758): CodeIgniter\Model->doInsert(Array)
#6 E:\SoftWare\xampp 7\htdocs\my_projects\testing\ci_dictionary\system\Model.php(705): CodeIgniter\BaseModel->insert(Array, false)
#7 E:\SoftWare\xampp 7\htdocs\my_projects\testing\ci_dictionary\system\BaseModel.php(667): CodeIgniter\Model->insert(Array, false)
#8 E:\SoftWare\xampp 7\htdocs\my_projects\testing\ci_dictionary\app\Controllers\Register.php(56): CodeIgniter\BaseModel->save(Array)
#9 E:\SoftWare\xampp 7\htdocs\my_projects\testing\ci_dictionary\system\CodeIgniter.php(936): App\Controllers\Register->register()
#10 E:\SoftWare\xampp 7\htdocs\my_projects\testing\ci_dictionary\system\CodeIgniter.php(432): CodeIgniter\CodeIgniter->runController(Object(App\Controllers\Register))
#11 E:\SoftWare\xampp 7\htdocs\my_projects\testing\ci_dictionary\system\CodeIgniter.php(333): CodeIgniter\CodeIgniter->handleRequest(NULL, Object(Config\Cache), false)
#12 E:\SoftWare\xampp 7\htdocs\my_projects\testing\ci_dictionary\public\index.php(44): CodeIgniter\CodeIgniter->run()
#13 {main}
CRITICAL - 2022-04-28 07:17:15 --> Column 'name' cannot be null
#0 E:\SoftWare\xampp 7\htdocs\my_projects\testing\ci_dictionary\system\Database\MySQLi\Connection.php(314): mysqli->query('INSERT INTO `us...')
#1 E:\SoftWare\xampp 7\htdocs\my_projects\testing\ci_dictionary\system\Database\BaseConnection.php(713): CodeIgniter\Database\MySQLi\Connection->execute('INSERT INTO `us...')
#2 E:\SoftWare\xampp 7\htdocs\my_projects\testing\ci_dictionary\system\Database\BaseConnection.php(641): CodeIgniter\Database\BaseConnection->simpleQuery('INSERT INTO `us...')
#3 E:\SoftWare\xampp 7\htdocs\my_projects\testing\ci_dictionary\system\Database\BaseBuilder.php(2263): CodeIgniter\Database\BaseConnection->query('INSERT INTO `us...', Array, false)
#4 E:\SoftWare\xampp 7\htdocs\my_projects\testing\ci_dictionary\system\Model.php(278): CodeIgniter\Database\BaseBuilder->insert()
#5 E:\SoftWare\xampp 7\htdocs\my_projects\testing\ci_dictionary\system\BaseModel.php(758): CodeIgniter\Model->doInsert(Array)
#6 E:\SoftWare\xampp 7\htdocs\my_projects\testing\ci_dictionary\system\Model.php(705): CodeIgniter\BaseModel->insert(Array, false)
#7 E:\SoftWare\xampp 7\htdocs\my_projects\testing\ci_dictionary\system\BaseModel.php(667): CodeIgniter\Model->insert(Array, false)
#8 E:\SoftWare\xampp 7\htdocs\my_projects\testing\ci_dictionary\app\Controllers\Register.php(56): CodeIgniter\BaseModel->save(Array)
#9 E:\SoftWare\xampp 7\htdocs\my_projects\testing\ci_dictionary\system\CodeIgniter.php(936): App\Controllers\Register->register()
#10 E:\SoftWare\xampp 7\htdocs\my_projects\testing\ci_dictionary\system\CodeIgniter.php(432): CodeIgniter\CodeIgniter->runController(Object(App\Controllers\Register))
#11 E:\SoftWare\xampp 7\htdocs\my_projects\testing\ci_dictionary\system\CodeIgniter.php(333): CodeIgniter\CodeIgniter->handleRequest(NULL, Object(Config\Cache), false)
#12 E:\SoftWare\xampp 7\htdocs\my_projects\testing\ci_dictionary\public\index.php(44): CodeIgniter\CodeIgniter->run()
#13 {main}
ERROR - 2022-04-28 07:18:06 --> mysqli_sql_exception: Column 'name' cannot be null in E:\SoftWare\xampp 7\htdocs\my_projects\testing\ci_dictionary\system\Database\MySQLi\Connection.php:314
Stack trace:
#0 E:\SoftWare\xampp 7\htdocs\my_projects\testing\ci_dictionary\system\Database\MySQLi\Connection.php(314): mysqli->query('INSERT INTO `us...')
#1 E:\SoftWare\xampp 7\htdocs\my_projects\testing\ci_dictionary\system\Database\BaseConnection.php(713): CodeIgniter\Database\MySQLi\Connection->execute('INSERT INTO `us...')
#2 E:\SoftWare\xampp 7\htdocs\my_projects\testing\ci_dictionary\system\Database\BaseConnection.php(641): CodeIgniter\Database\BaseConnection->simpleQuery('INSERT INTO `us...')
#3 E:\SoftWare\xampp 7\htdocs\my_projects\testing\ci_dictionary\system\Database\BaseBuilder.php(2263): CodeIgniter\Database\BaseConnection->query('INSERT INTO `us...', Array, false)
#4 E:\SoftWare\xampp 7\htdocs\my_projects\testing\ci_dictionary\system\Model.php(278): CodeIgniter\Database\BaseBuilder->insert()
#5 E:\SoftWare\xampp 7\htdocs\my_projects\testing\ci_dictionary\system\BaseModel.php(758): CodeIgniter\Model->doInsert(Array)
#6 E:\SoftWare\xampp 7\htdocs\my_projects\testing\ci_dictionary\system\Model.php(705): CodeIgniter\BaseModel->insert(Array, false)
#7 E:\SoftWare\xampp 7\htdocs\my_projects\testing\ci_dictionary\system\BaseModel.php(667): CodeIgniter\Model->insert(Array, false)
#8 E:\SoftWare\xampp 7\htdocs\my_projects\testing\ci_dictionary\app\Controllers\Register.php(56): CodeIgniter\BaseModel->save(Array)
#9 E:\SoftWare\xampp 7\htdocs\my_projects\testing\ci_dictionary\system\CodeIgniter.php(936): App\Controllers\Register->register()
#10 E:\SoftWare\xampp 7\htdocs\my_projects\testing\ci_dictionary\system\CodeIgniter.php(432): CodeIgniter\CodeIgniter->runController(Object(App\Controllers\Register))
#11 E:\SoftWare\xampp 7\htdocs\my_projects\testing\ci_dictionary\system\CodeIgniter.php(333): CodeIgniter\CodeIgniter->handleRequest(NULL, Object(Config\Cache), false)
#12 E:\SoftWare\xampp 7\htdocs\my_projects\testing\ci_dictionary\public\index.php(44): CodeIgniter\CodeIgniter->run()
#13 {main}
CRITICAL - 2022-04-28 07:18:06 --> Column 'name' cannot be null
#0 E:\SoftWare\xampp 7\htdocs\my_projects\testing\ci_dictionary\system\Database\MySQLi\Connection.php(314): mysqli->query('INSERT INTO `us...')
#1 E:\SoftWare\xampp 7\htdocs\my_projects\testing\ci_dictionary\system\Database\BaseConnection.php(713): CodeIgniter\Database\MySQLi\Connection->execute('INSERT INTO `us...')
#2 E:\SoftWare\xampp 7\htdocs\my_projects\testing\ci_dictionary\system\Database\BaseConnection.php(641): CodeIgniter\Database\BaseConnection->simpleQuery('INSERT INTO `us...')
#3 E:\SoftWare\xampp 7\htdocs\my_projects\testing\ci_dictionary\system\Database\BaseBuilder.php(2263): CodeIgniter\Database\BaseConnection->query('INSERT INTO `us...', Array, false)
#4 E:\SoftWare\xampp 7\htdocs\my_projects\testing\ci_dictionary\system\Model.php(278): CodeIgniter\Database\BaseBuilder->insert()
#5 E:\SoftWare\xampp 7\htdocs\my_projects\testing\ci_dictionary\system\BaseModel.php(758): CodeIgniter\Model->doInsert(Array)
#6 E:\SoftWare\xampp 7\htdocs\my_projects\testing\ci_dictionary\system\Model.php(705): CodeIgniter\BaseModel->insert(Array, false)
#7 E:\SoftWare\xampp 7\htdocs\my_projects\testing\ci_dictionary\system\BaseModel.php(667): CodeIgniter\Model->insert(Array, false)
#8 E:\SoftWare\xampp 7\htdocs\my_projects\testing\ci_dictionary\app\Controllers\Register.php(56): CodeIgniter\BaseModel->save(Array)
#9 E:\SoftWare\xampp 7\htdocs\my_projects\testing\ci_dictionary\system\CodeIgniter.php(936): App\Controllers\Register->register()
#10 E:\SoftWare\xampp 7\htdocs\my_projects\testing\ci_dictionary\system\CodeIgniter.php(432): CodeIgniter\CodeIgniter->runController(Object(App\Controllers\Register))
#11 E:\SoftWare\xampp 7\htdocs\my_projects\testing\ci_dictionary\system\CodeIgniter.php(333): CodeIgniter\CodeIgniter->handleRequest(NULL, Object(Config\Cache), false)
#12 E:\SoftWare\xampp 7\htdocs\my_projects\testing\ci_dictionary\public\index.php(44): CodeIgniter\CodeIgniter->run()
#13 {main}
CRITICAL - 2022-04-28 07:20:56 --> Call to a member function setRules() on null
#0 E:\SoftWare\xampp 7\htdocs\my_projects\testing\ci_dictionary\system\BaseModel.php(722): CodeIgniter\BaseModel->validate(Array)
#1 E:\SoftWare\xampp 7\htdocs\my_projects\testing\ci_dictionary\system\Model.php(705): CodeIgniter\BaseModel->insert(Array, false)
#2 E:\SoftWare\xampp 7\htdocs\my_projects\testing\ci_dictionary\system\BaseModel.php(667): CodeIgniter\Model->insert(Array, false)
#3 E:\SoftWare\xampp 7\htdocs\my_projects\testing\ci_dictionary\app\Controllers\Register.php(56): CodeIgniter\BaseModel->save(Array)
#4 E:\SoftWare\xampp 7\htdocs\my_projects\testing\ci_dictionary\system\CodeIgniter.php(936): App\Controllers\Register->register()
#5 E:\SoftWare\xampp 7\htdocs\my_projects\testing\ci_dictionary\system\CodeIgniter.php(432): CodeIgniter\CodeIgniter->runController(Object(App\Controllers\Register))
#6 E:\SoftWare\xampp 7\htdocs\my_projects\testing\ci_dictionary\system\CodeIgniter.php(333): CodeIgniter\CodeIgniter->handleRequest(NULL, Object(Config\Cache), false)
#7 E:\SoftWare\xampp 7\htdocs\my_projects\testing\ci_dictionary\public\index.php(44): CodeIgniter\CodeIgniter->run()
#8 {main}
CRITICAL - 2022-04-28 07:23:08 --> Call to a member function setRules() on null
#0 E:\SoftWare\xampp 7\htdocs\my_projects\testing\ci_dictionary\system\BaseModel.php(722): CodeIgniter\BaseModel->validate(Array)
#1 E:\SoftWare\xampp 7\htdocs\my_projects\testing\ci_dictionary\system\Model.php(705): CodeIgniter\BaseModel->insert(Array, false)
#2 E:\SoftWare\xampp 7\htdocs\my_projects\testing\ci_dictionary\system\BaseModel.php(667): CodeIgniter\Model->insert(Array, false)
#3 E:\SoftWare\xampp 7\htdocs\my_projects\testing\ci_dictionary\app\Controllers\Register.php(56): CodeIgniter\BaseModel->save(Array)
#4 E:\SoftWare\xampp 7\htdocs\my_projects\testing\ci_dictionary\system\CodeIgniter.php(936): App\Controllers\Register->register()
#5 E:\SoftWare\xampp 7\htdocs\my_projects\testing\ci_dictionary\system\CodeIgniter.php(432): CodeIgniter\CodeIgniter->runController(Object(App\Controllers\Register))
#6 E:\SoftWare\xampp 7\htdocs\my_projects\testing\ci_dictionary\system\CodeIgniter.php(333): CodeIgniter\CodeIgniter->handleRequest(NULL, Object(Config\Cache), false)
#7 E:\SoftWare\xampp 7\htdocs\my_projects\testing\ci_dictionary\public\index.php(44): CodeIgniter\CodeIgniter->run()
#8 {main}
CRITICAL - 2022-04-28 07:35:50 --> Call to a member function save() on null
#0 E:\SoftWare\xampp 7\htdocs\my_projects\testing\ci_dictionary\app\Controllers\Register.php(55): App\Models\MUsers->register_user(Array)
#1 E:\SoftWare\xampp 7\htdocs\my_projects\testing\ci_dictionary\system\CodeIgniter.php(936): App\Controllers\Register->register()
#2 E:\SoftWare\xampp 7\htdocs\my_projects\testing\ci_dictionary\system\CodeIgniter.php(432): CodeIgniter\CodeIgniter->runController(Object(App\Controllers\Register))
#3 E:\SoftWare\xampp 7\htdocs\my_projects\testing\ci_dictionary\system\CodeIgniter.php(333): CodeIgniter\CodeIgniter->handleRequest(NULL, Object(Config\Cache), false)
#4 E:\SoftWare\xampp 7\htdocs\my_projects\testing\ci_dictionary\public\index.php(44): CodeIgniter\CodeIgniter->run()
#5 {main}
CRITICAL - 2022-04-28 07:36:44 --> Call to a member function save() on null
#0 E:\SoftWare\xampp 7\htdocs\my_projects\testing\ci_dictionary\app\Controllers\Register.php(55): App\Models\MUsers->register_user(Array)
#1 E:\SoftWare\xampp 7\htdocs\my_projects\testing\ci_dictionary\system\CodeIgniter.php(936): App\Controllers\Register->register()
#2 E:\SoftWare\xampp 7\htdocs\my_projects\testing\ci_dictionary\system\CodeIgniter.php(432): CodeIgniter\CodeIgniter->runController(Object(App\Controllers\Register))
#3 E:\SoftWare\xampp 7\htdocs\my_projects\testing\ci_dictionary\system\CodeIgniter.php(333): CodeIgniter\CodeIgniter->handleRequest(NULL, Object(Config\Cache), false)
#4 E:\SoftWare\xampp 7\htdocs\my_projects\testing\ci_dictionary\public\index.php(44): CodeIgniter\CodeIgniter->run()
#5 {main}
CRITICAL - 2022-04-28 07:38:19 --> Call to undefined method CodeIgniter\Database\MySQLi\Builder::save()
#0 E:\SoftWare\xampp 7\htdocs\my_projects\testing\ci_dictionary\app\Controllers\Register.php(55): App\Models\MUsers->register_user(Array)
#1 E:\SoftWare\xampp 7\htdocs\my_projects\testing\ci_dictionary\system\CodeIgniter.php(936): App\Controllers\Register->register()
#2 E:\SoftWare\xampp 7\htdocs\my_projects\testing\ci_dictionary\system\CodeIgniter.php(432): CodeIgniter\CodeIgniter->runController(Object(App\Controllers\Register))
#3 E:\SoftWare\xampp 7\htdocs\my_projects\testing\ci_dictionary\system\CodeIgniter.php(333): CodeIgniter\CodeIgniter->handleRequest(NULL, Object(Config\Cache), false)
#4 E:\SoftWare\xampp 7\htdocs\my_projects\testing\ci_dictionary\public\index.php(44): CodeIgniter\CodeIgniter->run()
#5 {main}
CRITICAL - 2022-04-28 07:46:38 --> Call to a member function setRules() on null
#0 E:\SoftWare\xampp 7\htdocs\my_projects\testing\ci_dictionary\system\BaseModel.php(722): CodeIgniter\BaseModel->validate(Array)
#1 E:\SoftWare\xampp 7\htdocs\my_projects\testing\ci_dictionary\system\Model.php(705): CodeIgniter\BaseModel->insert(Array, false)
#2 E:\SoftWare\xampp 7\htdocs\my_projects\testing\ci_dictionary\system\BaseModel.php(667): CodeIgniter\Model->insert(Array, false)
#3 E:\SoftWare\xampp 7\htdocs\my_projects\testing\ci_dictionary\app\Models\MUsers.php(40): CodeIgniter\BaseModel->save(Array)
#4 E:\SoftWare\xampp 7\htdocs\my_projects\testing\ci_dictionary\app\Controllers\Register.php(55): App\Models\MUsers->reg(Array)
#5 E:\SoftWare\xampp 7\htdocs\my_projects\testing\ci_dictionary\system\CodeIgniter.php(936): App\Controllers\Register->register()
#6 E:\SoftWare\xampp 7\htdocs\my_projects\testing\ci_dictionary\system\CodeIgniter.php(432): CodeIgniter\CodeIgniter->runController(Object(App\Controllers\Register))
#7 E:\SoftWare\xampp 7\htdocs\my_projects\testing\ci_dictionary\system\CodeIgniter.php(333): CodeIgniter\CodeIgniter->handleRequest(NULL, Object(Config\Cache), false)
#8 E:\SoftWare\xampp 7\htdocs\my_projects\testing\ci_dictionary\public\index.php(44): CodeIgniter\CodeIgniter->run()
#9 {main}
CRITICAL - 2022-04-28 07:47:32 --> Call to a member function setRules() on null
#0 E:\SoftWare\xampp 7\htdocs\my_projects\testing\ci_dictionary\system\BaseModel.php(722): CodeIgniter\BaseModel->validate(Array)
#1 E:\SoftWare\xampp 7\htdocs\my_projects\testing\ci_dictionary\system\Model.php(705): CodeIgniter\BaseModel->insert(Array, false)
#2 E:\SoftWare\xampp 7\htdocs\my_projects\testing\ci_dictionary\system\BaseModel.php(667): CodeIgniter\Model->insert(Array, false)
#3 E:\SoftWare\xampp 7\htdocs\my_projects\testing\ci_dictionary\app\Models\MUsers.php(43): CodeIgniter\BaseModel->save(Array)
#4 E:\SoftWare\xampp 7\htdocs\my_projects\testing\ci_dictionary\app\Controllers\Register.php(55): App\Models\MUsers->reg(Array)
#5 E:\SoftWare\xampp 7\htdocs\my_projects\testing\ci_dictionary\system\CodeIgniter.php(936): App\Controllers\Register->register()
#6 E:\SoftWare\xampp 7\htdocs\my_projects\testing\ci_dictionary\system\CodeIgniter.php(432): CodeIgniter\CodeIgniter->runController(Object(App\Controllers\Register))
#7 E:\SoftWare\xampp 7\htdocs\my_projects\testing\ci_dictionary\system\CodeIgniter.php(333): CodeIgniter\CodeIgniter->handleRequest(NULL, Object(Config\Cache), false)
#8 E:\SoftWare\xampp 7\htdocs\my_projects\testing\ci_dictionary\public\index.php(44): CodeIgniter\CodeIgniter->run()
#9 {main}
CRITICAL - 2022-04-28 07:52:12 --> Call to a member function setRules() on null
#0 E:\SoftWare\xampp 7\htdocs\my_projects\testing\ci_dictionary\system\BaseModel.php(722): CodeIgniter\BaseModel->validate(Array)
#1 E:\SoftWare\xampp 7\htdocs\my_projects\testing\ci_dictionary\system\Model.php(705): CodeIgniter\BaseModel->insert(Array, false)
#2 E:\SoftWare\xampp 7\htdocs\my_projects\testing\ci_dictionary\system\BaseModel.php(667): CodeIgniter\Model->insert(Array, false)
#3 E:\SoftWare\xampp 7\htdocs\my_projects\testing\ci_dictionary\app\Models\MUsers.php(40): CodeIgniter\BaseModel->save(Array)
#4 E:\SoftWare\xampp 7\htdocs\my_projects\testing\ci_dictionary\app\Controllers\Register.php(55): App\Models\MUsers->reg(Array)
#5 E:\SoftWare\xampp 7\htdocs\my_projects\testing\ci_dictionary\system\CodeIgniter.php(936): App\Controllers\Register->register()
#6 E:\SoftWare\xampp 7\htdocs\my_projects\testing\ci_dictionary\system\CodeIgniter.php(432): CodeIgniter\CodeIgniter->runController(Object(App\Controllers\Register))
#7 E:\SoftWare\xampp 7\htdocs\my_projects\testing\ci_dictionary\system\CodeIgniter.php(333): CodeIgniter\CodeIgniter->handleRequest(NULL, Object(Config\Cache), false)
#8 E:\SoftWare\xampp 7\htdocs\my_projects\testing\ci_dictionary\public\index.php(44): CodeIgniter\CodeIgniter->run()
#9 {main}
CRITICAL - 2022-04-28 07:59:15 --> Undefined variable: inputs2
#0 E:\SoftWare\xampp 7\htdocs\my_projects\testing\ci_dictionary\app\Controllers\Register.php(38): CodeIgniter\Debug\Exceptions->errorHandler(8, 'Undefined varia...', 'E:\\SoftWare\\xam...', 38, Array)
#1 E:\SoftWare\xampp 7\htdocs\my_projects\testing\ci_dictionary\system\CodeIgniter.php(936): App\Controllers\Register->register()
#2 E:\SoftWare\xampp 7\htdocs\my_projects\testing\ci_dictionary\system\CodeIgniter.php(432): CodeIgniter\CodeIgniter->runController(Object(App\Controllers\Register))
#3 E:\SoftWare\xampp 7\htdocs\my_projects\testing\ci_dictionary\system\CodeIgniter.php(333): CodeIgniter\CodeIgniter->handleRequest(NULL, Object(Config\Cache), false)
#4 E:\SoftWare\xampp 7\htdocs\my_projects\testing\ci_dictionary\public\index.php(44): CodeIgniter\CodeIgniter->run()
#5 {main}
ERROR - 2022-04-28 08:01:45 --> mysqli_sql_exception: Column 'password' cannot be null in E:\SoftWare\xampp 7\htdocs\my_projects\testing\ci_dictionary\system\Database\MySQLi\Connection.php:314
Stack trace:
#0 E:\SoftWare\xampp 7\htdocs\my_projects\testing\ci_dictionary\system\Database\MySQLi\Connection.php(314): mysqli->query('INSERT INTO `us...')
#1 E:\SoftWare\xampp 7\htdocs\my_projects\testing\ci_dictionary\system\Database\BaseConnection.php(713): CodeIgniter\Database\MySQLi\Connection->execute('INSERT INTO `us...')
#2 E:\SoftWare\xampp 7\htdocs\my_projects\testing\ci_dictionary\system\Database\BaseConnection.php(641): CodeIgniter\Database\BaseConnection->simpleQuery('INSERT INTO `us...')
#3 E:\SoftWare\xampp 7\htdocs\my_projects\testing\ci_dictionary\system\Database\BaseBuilder.php(2263): CodeIgniter\Database\BaseConnection->query('INSERT INTO `us...', Array, false)
#4 E:\SoftWare\xampp 7\htdocs\my_projects\testing\ci_dictionary\system\Model.php(278): CodeIgniter\Database\BaseBuilder->insert()
#5 E:\SoftWare\xampp 7\htdocs\my_projects\testing\ci_dictionary\system\BaseModel.php(758): CodeIgniter\Model->doInsert(Array)
#6 E:\SoftWare\xampp 7\htdocs\my_projects\testing\ci_dictionary\system\Model.php(705): CodeIgniter\BaseModel->insert(Array, true)
#7 E:\SoftWare\xampp 7\htdocs\my_projects\testing\ci_dictionary\app\Controllers\Register.php(38): CodeIgniter\Model->insert(Array)
#8 E:\SoftWare\xampp 7\htdocs\my_projects\testing\ci_dictionary\system\CodeIgniter.php(936): App\Controllers\Register->register()
#9 E:\SoftWare\xampp 7\htdocs\my_projects\testing\ci_dictionary\system\CodeIgniter.php(432): CodeIgniter\CodeIgniter->runController(Object(App\Controllers\Register))
#10 E:\SoftWare\xampp 7\htdocs\my_projects\testing\ci_dictionary\system\CodeIgniter.php(333): CodeIgniter\CodeIgniter->handleRequest(NULL, Object(Config\Cache), false)
#11 E:\SoftWare\xampp 7\htdocs\my_projects\testing\ci_dictionary\public\index.php(44): CodeIgniter\CodeIgniter->run()
#12 {main}
CRITICAL - 2022-04-28 08:01:45 --> Column 'password' cannot be null
#0 E:\SoftWare\xampp 7\htdocs\my_projects\testing\ci_dictionary\system\Database\MySQLi\Connection.php(314): mysqli->query('INSERT INTO `us...')
#1 E:\SoftWare\xampp 7\htdocs\my_projects\testing\ci_dictionary\system\Database\BaseConnection.php(713): CodeIgniter\Database\MySQLi\Connection->execute('INSERT INTO `us...')
#2 E:\SoftWare\xampp 7\htdocs\my_projects\testing\ci_dictionary\system\Database\BaseConnection.php(641): CodeIgniter\Database\BaseConnection->simpleQuery('INSERT INTO `us...')
#3 E:\SoftWare\xampp 7\htdocs\my_projects\testing\ci_dictionary\system\Database\BaseBuilder.php(2263): CodeIgniter\Database\BaseConnection->query('INSERT INTO `us...', Array, false)
#4 E:\SoftWare\xampp 7\htdocs\my_projects\testing\ci_dictionary\system\Model.php(278): CodeIgniter\Database\BaseBuilder->insert()
#5 E:\SoftWare\xampp 7\htdocs\my_projects\testing\ci_dictionary\system\BaseModel.php(758): CodeIgniter\Model->doInsert(Array)
#6 E:\SoftWare\xampp 7\htdocs\my_projects\testing\ci_dictionary\system\Model.php(705): CodeIgniter\BaseModel->insert(Array, true)
#7 E:\SoftWare\xampp 7\htdocs\my_projects\testing\ci_dictionary\app\Controllers\Register.php(38): CodeIgniter\Model->insert(Array)
#8 E:\SoftWare\xampp 7\htdocs\my_projects\testing\ci_dictionary\system\CodeIgniter.php(936): App\Controllers\Register->register()
#9 E:\SoftWare\xampp 7\htdocs\my_projects\testing\ci_dictionary\system\CodeIgniter.php(432): CodeIgniter\CodeIgniter->runController(Object(App\Controllers\Register))
#10 E:\SoftWare\xampp 7\htdocs\my_projects\testing\ci_dictionary\system\CodeIgniter.php(333): CodeIgniter\CodeIgniter->handleRequest(NULL, Object(Config\Cache), false)
#11 E:\SoftWare\xampp 7\htdocs\my_projects\testing\ci_dictionary\public\index.php(44): CodeIgniter\CodeIgniter->run()
#12 {main}
ERROR - 2022-04-28 08:03:31 --> mysqli_sql_exception: Column 'password' cannot be null in E:\SoftWare\xampp 7\htdocs\my_projects\testing\ci_dictionary\system\Database\MySQLi\Connection.php:314
Stack trace:
#0 E:\SoftWare\xampp 7\htdocs\my_projects\testing\ci_dictionary\system\Database\MySQLi\Connection.php(314): mysqli->query('INSERT INTO `us...')
#1 E:\SoftWare\xampp 7\htdocs\my_projects\testing\ci_dictionary\system\Database\BaseConnection.php(713): CodeIgniter\Database\MySQLi\Connection->execute('INSERT INTO `us...')
#2 E:\SoftWare\xampp 7\htdocs\my_projects\testing\ci_dictionary\system\Database\BaseConnection.php(641): CodeIgniter\Database\BaseConnection->simpleQuery('INSERT INTO `us...')
#3 E:\SoftWare\xampp 7\htdocs\my_projects\testing\ci_dictionary\system\Database\BaseBuilder.php(2263): CodeIgniter\Database\BaseConnection->query('INSERT INTO `us...', Array, false)
#4 E:\SoftWare\xampp 7\htdocs\my_projects\testing\ci_dictionary\system\Model.php(278): CodeIgniter\Database\BaseBuilder->insert()
#5 E:\SoftWare\xampp 7\htdocs\my_projects\testing\ci_dictionary\system\BaseModel.php(758): CodeIgniter\Model->doInsert(Array)
#6 E:\SoftWare\xampp 7\htdocs\my_projects\testing\ci_dictionary\system\Model.php(705): CodeIgniter\BaseModel->insert(Array, true)
#7 E:\SoftWare\xampp 7\htdocs\my_projects\testing\ci_dictionary\app\Controllers\Register.php(38): CodeIgniter\Model->insert(Array)
#8 E:\SoftWare\xampp 7\htdocs\my_projects\testing\ci_dictionary\system\CodeIgniter.php(936): App\Controllers\Register->register()
#9 E:\SoftWare\xampp 7\htdocs\my_projects\testing\ci_dictionary\system\CodeIgniter.php(432): CodeIgniter\CodeIgniter->runController(Object(App\Controllers\Register))
#10 E:\SoftWare\xampp 7\htdocs\my_projects\testing\ci_dictionary\system\CodeIgniter.php(333): CodeIgniter\CodeIgniter->handleRequest(NULL, Object(Config\Cache), false)
#11 E:\SoftWare\xampp 7\htdocs\my_projects\testing\ci_dictionary\public\index.php(44): CodeIgniter\CodeIgniter->run()
#12 {main}
CRITICAL - 2022-04-28 08:03:31 --> Column 'password' cannot be null
#0 E:\SoftWare\xampp 7\htdocs\my_projects\testing\ci_dictionary\system\Database\MySQLi\Connection.php(314): mysqli->query('INSERT INTO `us...')
#1 E:\SoftWare\xampp 7\htdocs\my_projects\testing\ci_dictionary\system\Database\BaseConnection.php(713): CodeIgniter\Database\MySQLi\Connection->execute('INSERT INTO `us...')
#2 E:\SoftWare\xampp 7\htdocs\my_projects\testing\ci_dictionary\system\Database\BaseConnection.php(641): CodeIgniter\Database\BaseConnection->simpleQuery('INSERT INTO `us...')
#3 E:\SoftWare\xampp 7\htdocs\my_projects\testing\ci_dictionary\system\Database\BaseBuilder.php(2263): CodeIgniter\Database\BaseConnection->query('INSERT INTO `us...', Array, false)
#4 E:\SoftWare\xampp 7\htdocs\my_projects\testing\ci_dictionary\system\Model.php(278): CodeIgniter\Database\BaseBuilder->insert()
#5 E:\SoftWare\xampp 7\htdocs\my_projects\testing\ci_dictionary\system\BaseModel.php(758): CodeIgniter\Model->doInsert(Array)
#6 E:\SoftWare\xampp 7\htdocs\my_projects\testing\ci_dictionary\system\Model.php(705): CodeIgniter\BaseModel->insert(Array, true)
#7 E:\SoftWare\xampp 7\htdocs\my_projects\testing\ci_dictionary\app\Controllers\Register.php(38): CodeIgniter\Model->insert(Array)
#8 E:\SoftWare\xampp 7\htdocs\my_projects\testing\ci_dictionary\system\CodeIgniter.php(936): App\Controllers\Register->register()
#9 E:\SoftWare\xampp 7\htdocs\my_projects\testing\ci_dictionary\system\CodeIgniter.php(432): CodeIgniter\CodeIgniter->runController(Object(App\Controllers\Register))
#10 E:\SoftWare\xampp 7\htdocs\my_projects\testing\ci_dictionary\system\CodeIgniter.php(333): CodeIgniter\CodeIgniter->handleRequest(NULL, Object(Config\Cache), false)
#11 E:\SoftWare\xampp 7\htdocs\my_projects\testing\ci_dictionary\public\index.php(44): CodeIgniter\CodeIgniter->run()
#12 {main}
ERROR - 2022-04-28 08:37:50 --> mysqli_sql_exception: Duplicate entry '09127777777' for key 'tel' in E:\SoftWare\xampp 7\htdocs\my_projects\testing\ci_dictionary\system\Database\MySQLi\Connection.php:314
Stack trace:
#0 E:\SoftWare\xampp 7\htdocs\my_projects\testing\ci_dictionary\system\Database\MySQLi\Connection.php(314): mysqli->query('INSERT INTO `us...')
#1 E:\SoftWare\xampp 7\htdocs\my_projects\testing\ci_dictionary\system\Database\BaseConnection.php(713): CodeIgniter\Database\MySQLi\Connection->execute('INSERT INTO `us...')
#2 E:\SoftWare\xampp 7\htdocs\my_projects\testing\ci_dictionary\system\Database\BaseConnection.php(641): CodeIgniter\Database\BaseConnection->simpleQuery('INSERT INTO `us...')
#3 E:\SoftWare\xampp 7\htdocs\my_projects\testing\ci_dictionary\system\Database\BaseBuilder.php(2263): CodeIgniter\Database\BaseConnection->query('INSERT INTO `us...', Array, false)
#4 E:\SoftWare\xampp 7\htdocs\my_projects\testing\ci_dictionary\system\Model.php(278): CodeIgniter\Database\BaseBuilder->insert()
#5 E:\SoftWare\xampp 7\htdocs\my_projects\testing\ci_dictionary\system\BaseModel.php(758): CodeIgniter\Model->doInsert(Array)
#6 E:\SoftWare\xampp 7\htdocs\my_projects\testing\ci_dictionary\system\Model.php(705): CodeIgniter\BaseModel->insert(Array, true)
#7 E:\SoftWare\xampp 7\htdocs\my_projects\testing\ci_dictionary\app\Controllers\Register.php(38): CodeIgniter\Model->insert(Array)
#8 E:\SoftWare\xampp 7\htdocs\my_projects\testing\ci_dictionary\system\CodeIgniter.php(936): App\Controllers\Register->register()
#9 E:\SoftWare\xampp 7\htdocs\my_projects\testing\ci_dictionary\system\CodeIgniter.php(432): CodeIgniter\CodeIgniter->runController(Object(App\Controllers\Register))
#10 E:\SoftWare\xampp 7\htdocs\my_projects\testing\ci_dictionary\system\CodeIgniter.php(333): CodeIgniter\CodeIgniter->handleRequest(NULL, Object(Config\Cache), false)
#11 E:\SoftWare\xampp 7\htdocs\my_projects\testing\ci_dictionary\public\index.php(44): CodeIgniter\CodeIgniter->run()
#12 {main}
CRITICAL - 2022-04-28 08:37:50 --> Duplicate entry '09127777777' for key 'tel'
#0 E:\SoftWare\xampp 7\htdocs\my_projects\testing\ci_dictionary\system\Database\MySQLi\Connection.php(314): mysqli->query('INSERT INTO `us...')
#1 E:\SoftWare\xampp 7\htdocs\my_projects\testing\ci_dictionary\system\Database\BaseConnection.php(713): CodeIgniter\Database\MySQLi\Connection->execute('INSERT INTO `us...')
#2 E:\SoftWare\xampp 7\htdocs\my_projects\testing\ci_dictionary\system\Database\BaseConnection.php(641): CodeIgniter\Database\BaseConnection->simpleQuery('INSERT INTO `us...')
#3 E:\SoftWare\xampp 7\htdocs\my_projects\testing\ci_dictionary\system\Database\BaseBuilder.php(2263): CodeIgniter\Database\BaseConnection->query('INSERT INTO `us...', Array, false)
#4 E:\SoftWare\xampp 7\htdocs\my_projects\testing\ci_dictionary\system\Model.php(278): CodeIgniter\Database\BaseBuilder->insert()
#5 E:\SoftWare\xampp 7\htdocs\my_projects\testing\ci_dictionary\system\BaseModel.php(758): CodeIgniter\Model->doInsert(Array)
#6 E:\SoftWare\xampp 7\htdocs\my_projects\testing\ci_dictionary\system\Model.php(705): CodeIgniter\BaseModel->insert(Array, true)
#7 E:\SoftWare\xampp 7\htdocs\my_projects\testing\ci_dictionary\app\Controllers\Register.php(38): CodeIgniter\Model->insert(Array)
#8 E:\SoftWare\xampp 7\htdocs\my_projects\testing\ci_dictionary\system\CodeIgniter.php(936): App\Controllers\Register->register()
#9 E:\SoftWare\xampp 7\htdocs\my_projects\testing\ci_dictionary\system\CodeIgniter.php(432): CodeIgniter\CodeIgniter->runController(Object(App\Controllers\Register))
#10 E:\SoftWare\xampp 7\htdocs\my_projects\testing\ci_dictionary\system\CodeIgniter.php(333): CodeIgniter\CodeIgniter->handleRequest(NULL, Object(Config\Cache), false)
#11 E:\SoftWare\xampp 7\htdocs\my_projects\testing\ci_dictionary\public\index.php(44): CodeIgniter\CodeIgniter->run()
#12 {main}
CRITICAL - 2022-04-28 09:23:50 --> Undefined variable: colorStyle
#0 E:\SoftWare\xampp 7\htdocs\my_projects\testing\ci_dictionary\app\Helpers\Elements_helper.php(71): CodeIgniter\Debug\Exceptions->errorHandler(8, 'Undefined varia...', 'E:\\SoftWare\\xam...', 71, Array)
#1 E:\SoftWare\xampp 7\htdocs\my_projects\testing\ci_dictionary\app\Views\Vregister.php(2): note_bar()
#2 E:\SoftWare\xampp 7\htdocs\my_projects\testing\ci_dictionary\system\View\View.php(220): include('E:\\SoftWare\\xam...')
#3 E:\SoftWare\xampp 7\htdocs\my_projects\testing\ci_dictionary\system\View\View.php(222): CodeIgniter\View\View->CodeIgniter\View\{closure}()
#4 E:\SoftWare\xampp 7\htdocs\my_projects\testing\ci_dictionary\system\Common.php(1217): CodeIgniter\View\View->render('Vregister', Array, true)
#5 E:\SoftWare\xampp 7\htdocs\my_projects\testing\ci_dictionary\app\Controllers\BaseController.php(91): view('Vregister')
#6 E:\SoftWare\xampp 7\htdocs\my_projects\testing\ci_dictionary\app\Controllers\Register.php(27): App\Controllers\BaseController->load_page('Vregister', Array)
#7 E:\SoftWare\xampp 7\htdocs\my_projects\testing\ci_dictionary\system\CodeIgniter.php(936): App\Controllers\Register->index()
#8 E:\SoftWare\xampp 7\htdocs\my_projects\testing\ci_dictionary\system\CodeIgniter.php(432): CodeIgniter\CodeIgniter->runController(Object(App\Controllers\Register))
#9 E:\SoftWare\xampp 7\htdocs\my_projects\testing\ci_dictionary\system\CodeIgniter.php(333): CodeIgniter\CodeIgniter->handleRequest(NULL, Object(Config\Cache), false)
#10 E:\SoftWare\xampp 7\htdocs\my_projects\testing\ci_dictionary\public\index.php(44): CodeIgniter\CodeIgniter->run()
#11 {main}
CRITICAL - 2022-04-28 09:43:29 --> Use of undefined constant black - assumed 'black' (this will throw an Error in a future version of PHP)
#0 E:\SoftWare\xampp 7\htdocs\my_projects\testing\ci_dictionary\app\Views\Vregister.php(2): CodeIgniter\Debug\Exceptions->errorHandler(2, 'Use of undefine...', 'E:\\SoftWare\\xam...', 2, Array)
#1 E:\SoftWare\xampp 7\htdocs\my_projects\testing\ci_dictionary\system\View\View.php(220): include('E:\\SoftWare\\xam...')
#2 E:\SoftWare\xampp 7\htdocs\my_projects\testing\ci_dictionary\system\View\View.php(222): CodeIgniter\View\View->CodeIgniter\View\{closure}()
#3 E:\SoftWare\xampp 7\htdocs\my_projects\testing\ci_dictionary\system\Common.php(1217): CodeIgniter\View\View->render('Vregister', Array, true)
#4 E:\SoftWare\xampp 7\htdocs\my_projects\testing\ci_dictionary\app\Controllers\BaseController.php(91): view('Vregister')
#5 E:\SoftWare\xampp 7\htdocs\my_projects\testing\ci_dictionary\app\Controllers\Register.php(27): App\Controllers\BaseController->load_page('Vregister', Array)
#6 E:\SoftWare\xampp 7\htdocs\my_projects\testing\ci_dictionary\system\CodeIgniter.php(936): App\Controllers\Register->index()
#7 E:\SoftWare\xampp 7\htdocs\my_projects\testing\ci_dictionary\system\CodeIgniter.php(432): CodeIgniter\CodeIgniter->runController(Object(App\Controllers\Register))
#8 E:\SoftWare\xampp 7\htdocs\my_projects\testing\ci_dictionary\system\CodeIgniter.php(333): CodeIgniter\CodeIgniter->handleRequest(NULL, Object(Config\Cache), false)
#9 E:\SoftWare\xampp 7\htdocs\my_projects\testing\ci_dictionary\public\index.php(44): CodeIgniter\CodeIgniter->run()
#10 {main}
CRITICAL - 2022-04-28 09:44:23 --> Use of undefined constant black - assumed 'black' (this will throw an Error in a future version of PHP)
#0 E:\SoftWare\xampp 7\htdocs\my_projects\testing\ci_dictionary\app\Views\Vregister.php(2): CodeIgniter\Debug\Exceptions->errorHandler(2, 'Use of undefine...', 'E:\\SoftWare\\xam...', 2, Array)
#1 E:\SoftWare\xampp 7\htdocs\my_projects\testing\ci_dictionary\system\View\View.php(220): include('E:\\SoftWare\\xam...')
#2 E:\SoftWare\xampp 7\htdocs\my_projects\testing\ci_dictionary\system\View\View.php(222): CodeIgniter\View\View->CodeIgniter\View\{closure}()
#3 E:\SoftWare\xampp 7\htdocs\my_projects\testing\ci_dictionary\system\Common.php(1217): CodeIgniter\View\View->render('Vregister', Array, true)
#4 E:\SoftWare\xampp 7\htdocs\my_projects\testing\ci_dictionary\app\Controllers\BaseController.php(91): view('Vregister')
#5 E:\SoftWare\xampp 7\htdocs\my_projects\testing\ci_dictionary\app\Controllers\Register.php(27): App\Controllers\BaseController->load_page('Vregister', Array)
#6 E:\SoftWare\xampp 7\htdocs\my_projects\testing\ci_dictionary\system\CodeIgniter.php(936): App\Controllers\Register->index()
#7 E:\SoftWare\xampp 7\htdocs\my_projects\testing\ci_dictionary\system\CodeIgniter.php(432): CodeIgniter\CodeIgniter->runController(Object(App\Controllers\Register))
#8 E:\SoftWare\xampp 7\htdocs\my_projects\testing\ci_dictionary\system\CodeIgniter.php(333): CodeIgniter\CodeIgniter->handleRequest(NULL, Object(Config\Cache), false)
#9 E:\SoftWare\xampp 7\htdocs\my_projects\testing\ci_dictionary\public\index.php(44): CodeIgniter\CodeIgniter->run()
#10 {main}
