CRITICAL - 06:04 --> Return value of App\Libraries\Elements\Handlers\Styles::text_size() must be of the type string, none returned
#0 E:\SoftWare\xampp 7\htdocs\my_projects\testing\ci_dictionary\app\Libraries\Elements\Handlers\Styles.php(154): App\Libraries\Elements\Handlers\Styles->text_size('w3-large ')
#1 E:\SoftWare\xampp 7\htdocs\my_projects\testing\ci_dictionary\app\Libraries\Elements\Handlers\Styles.php(122): App\Libraries\Elements\Handlers\Styles->set_text_size()
#2 E:\SoftWare\xampp 7\htdocs\my_projects\testing\ci_dictionary\app\Libraries\Elements\Handlers\Styles.php(112): App\Libraries\Elements\Handlers\Styles->first_setting()
#3 E:\SoftWare\xampp 7\htdocs\my_projects\testing\ci_dictionary\app\Libraries\Elements\Handlers\Styles.php(91): App\Libraries\Elements\Handlers\Styles->parse_formats('4,B,(3)')
#4 E:\SoftWare\xampp 7\htdocs\my_projects\testing\ci_dictionary\app\Libraries\Elements\Handlers\Styles.php(66): App\Libraries\Elements\Handlers\Styles->set_formats('Hello how are y...')
#5 E:\SoftWare\xampp 7\htdocs\my_projects\testing\ci_dictionary\app\Libraries\Elements\Elements.php(29): App\Libraries\Elements\Handlers\Styles->text_formating('Hello how are y...')
#6 E:\SoftWare\xampp 7\htdocs\my_projects\testing\ci_dictionary\app\Controllers\Home.php(43): App\Libraries\Elements\Elements->heading('Hello how are y...', '1')
#7 E:\SoftWare\xampp 7\htdocs\my_projects\testing\ci_dictionary\system\CodeIgniter.php(936): App\Controllers\Home->index()
#8 E:\SoftWare\xampp 7\htdocs\my_projects\testing\ci_dictionary\system\CodeIgniter.php(432): CodeIgniter\CodeIgniter->runController(Object(App\Controllers\Home))
#9 E:\SoftWare\xampp 7\htdocs\my_projects\testing\ci_dictionary\system\CodeIgniter.php(333): CodeIgniter\CodeIgniter->handleRequest(NULL, Object(Config\Cache), false)
#10 E:\SoftWare\xampp 7\htdocs\my_projects\testing\ci_dictionary\public\index.php(44): CodeIgniter\CodeIgniter->run()
#11 {main}
CRITICAL - 06:05 --> Return value of App\Libraries\Elements\Handlers\Styles::text_size() must be of the type string, none returned
#0 E:\SoftWare\xampp 7\htdocs\my_projects\testing\ci_dictionary\app\Libraries\Elements\Handlers\Styles.php(172): App\Libraries\Elements\Handlers\Styles->text_size('(3)')
#1 E:\SoftWare\xampp 7\htdocs\my_projects\testing\ci_dictionary\app\Libraries\Elements\Handlers\Styles.php(148): App\Libraries\Elements\Handlers\Styles->search_text_size(true)
#2 E:\SoftWare\xampp 7\htdocs\my_projects\testing\ci_dictionary\app\Libraries\Elements\Handlers\Styles.php(122): App\Libraries\Elements\Handlers\Styles->set_text_size()
#3 E:\SoftWare\xampp 7\htdocs\my_projects\testing\ci_dictionary\app\Libraries\Elements\Handlers\Styles.php(112): App\Libraries\Elements\Handlers\Styles->first_setting()
#4 E:\SoftWare\xampp 7\htdocs\my_projects\testing\ci_dictionary\app\Libraries\Elements\Handlers\Styles.php(91): App\Libraries\Elements\Handlers\Styles->parse_formats('B,(3)')
#5 E:\SoftWare\xampp 7\htdocs\my_projects\testing\ci_dictionary\app\Libraries\Elements\Handlers\Styles.php(66): App\Libraries\Elements\Handlers\Styles->set_formats('Hello how are y...')
#6 E:\SoftWare\xampp 7\htdocs\my_projects\testing\ci_dictionary\app\Libraries\Elements\Elements.php(29): App\Libraries\Elements\Handlers\Styles->text_formating('Hello how are y...')
#7 E:\SoftWare\xampp 7\htdocs\my_projects\testing\ci_dictionary\app\Controllers\Home.php(43): App\Libraries\Elements\Elements->heading('Hello how are y...', '1')
#8 E:\SoftWare\xampp 7\htdocs\my_projects\testing\ci_dictionary\system\CodeIgniter.php(936): App\Controllers\Home->index()
#9 E:\SoftWare\xampp 7\htdocs\my_projects\testing\ci_dictionary\system\CodeIgniter.php(432): CodeIgniter\CodeIgniter->runController(Object(App\Controllers\Home))
#10 E:\SoftWare\xampp 7\htdocs\my_projects\testing\ci_dictionary\system\CodeIgniter.php(333): CodeIgniter\CodeIgniter->handleRequest(NULL, Object(Config\Cache), false)
#11 E:\SoftWare\xampp 7\htdocs\my_projects\testing\ci_dictionary\public\index.php(44): CodeIgniter\CodeIgniter->run()
#12 {main}
CRITICAL - 06:07 --> Return value of App\Libraries\Elements\Handlers\Styles::text_size() must be of the type string, none returned
#0 E:\SoftWare\xampp 7\htdocs\my_projects\testing\ci_dictionary\app\Libraries\Elements\Handlers\Styles.php(172): App\Libraries\Elements\Handlers\Styles->text_size('(3)')
#1 E:\SoftWare\xampp 7\htdocs\my_projects\testing\ci_dictionary\app\Libraries\Elements\Handlers\Styles.php(148): App\Libraries\Elements\Handlers\Styles->search_text_size(true)
#2 E:\SoftWare\xampp 7\htdocs\my_projects\testing\ci_dictionary\app\Libraries\Elements\Handlers\Styles.php(122): App\Libraries\Elements\Handlers\Styles->set_text_size()
#3 E:\SoftWare\xampp 7\htdocs\my_projects\testing\ci_dictionary\app\Libraries\Elements\Handlers\Styles.php(112): App\Libraries\Elements\Handlers\Styles->first_setting()
#4 E:\SoftWare\xampp 7\htdocs\my_projects\testing\ci_dictionary\app\Libraries\Elements\Handlers\Styles.php(91): App\Libraries\Elements\Handlers\Styles->parse_formats('B,(3)')
#5 E:\SoftWare\xampp 7\htdocs\my_projects\testing\ci_dictionary\app\Libraries\Elements\Handlers\Styles.php(66): App\Libraries\Elements\Handlers\Styles->set_formats('Hello how are y...')
#6 E:\SoftWare\xampp 7\htdocs\my_projects\testing\ci_dictionary\app\Libraries\Elements\Elements.php(29): App\Libraries\Elements\Handlers\Styles->text_formating('Hello how are y...')
#7 E:\SoftWare\xampp 7\htdocs\my_projects\testing\ci_dictionary\app\Controllers\Home.php(43): App\Libraries\Elements\Elements->heading('Hello how are y...', '1')
#8 E:\SoftWare\xampp 7\htdocs\my_projects\testing\ci_dictionary\system\CodeIgniter.php(936): App\Controllers\Home->index()
#9 E:\SoftWare\xampp 7\htdocs\my_projects\testing\ci_dictionary\system\CodeIgniter.php(432): CodeIgniter\CodeIgniter->runController(Object(App\Controllers\Home))
#10 E:\SoftWare\xampp 7\htdocs\my_projects\testing\ci_dictionary\system\CodeIgniter.php(333): CodeIgniter\CodeIgniter->handleRequest(NULL, Object(Config\Cache), false)
#11 E:\SoftWare\xampp 7\htdocs\my_projects\testing\ci_dictionary\public\index.php(44): CodeIgniter\CodeIgniter->run()
#12 {main}
CRITICAL - 06:07 --> Return value of App\Libraries\Elements\Handlers\Styles::text_size() must be of the type string, none returned
#0 E:\SoftWare\xampp 7\htdocs\my_projects\testing\ci_dictionary\app\Libraries\Elements\Handlers\Styles.php(172): App\Libraries\Elements\Handlers\Styles->text_size('(3)')
#1 E:\SoftWare\xampp 7\htdocs\my_projects\testing\ci_dictionary\app\Libraries\Elements\Handlers\Styles.php(148): App\Libraries\Elements\Handlers\Styles->search_text_size(true)
#2 E:\SoftWare\xampp 7\htdocs\my_projects\testing\ci_dictionary\app\Libraries\Elements\Handlers\Styles.php(122): App\Libraries\Elements\Handlers\Styles->set_text_size()
#3 E:\SoftWare\xampp 7\htdocs\my_projects\testing\ci_dictionary\app\Libraries\Elements\Handlers\Styles.php(112): App\Libraries\Elements\Handlers\Styles->first_setting()
#4 E:\SoftWare\xampp 7\htdocs\my_projects\testing\ci_dictionary\app\Libraries\Elements\Handlers\Styles.php(91): App\Libraries\Elements\Handlers\Styles->parse_formats('B,(3)')
#5 E:\SoftWare\xampp 7\htdocs\my_projects\testing\ci_dictionary\app\Libraries\Elements\Handlers\Styles.php(66): App\Libraries\Elements\Handlers\Styles->set_formats('Hello how are y...')
#6 E:\SoftWare\xampp 7\htdocs\my_projects\testing\ci_dictionary\app\Libraries\Elements\Elements.php(29): App\Libraries\Elements\Handlers\Styles->text_formating('Hello how are y...')
#7 E:\SoftWare\xampp 7\htdocs\my_projects\testing\ci_dictionary\app\Controllers\Home.php(43): App\Libraries\Elements\Elements->heading('Hello how are y...', '1')
#8 E:\SoftWare\xampp 7\htdocs\my_projects\testing\ci_dictionary\system\CodeIgniter.php(936): App\Controllers\Home->index()
#9 E:\SoftWare\xampp 7\htdocs\my_projects\testing\ci_dictionary\system\CodeIgniter.php(432): CodeIgniter\CodeIgniter->runController(Object(App\Controllers\Home))
#10 E:\SoftWare\xampp 7\htdocs\my_projects\testing\ci_dictionary\system\CodeIgniter.php(333): CodeIgniter\CodeIgniter->handleRequest(NULL, Object(Config\Cache), false)
#11 E:\SoftWare\xampp 7\htdocs\my_projects\testing\ci_dictionary\public\index.php(44): CodeIgniter\CodeIgniter->run()
#12 {main}
CRITICAL - 06:07 --> Return value of App\Libraries\Elements\Handlers\Styles::text_size() must be of the type string, none returned
#0 E:\SoftWare\xampp 7\htdocs\my_projects\testing\ci_dictionary\app\Libraries\Elements\Handlers\Styles.php(172): App\Libraries\Elements\Handlers\Styles->text_size('(3)')
#1 E:\SoftWare\xampp 7\htdocs\my_projects\testing\ci_dictionary\app\Libraries\Elements\Handlers\Styles.php(148): App\Libraries\Elements\Handlers\Styles->search_text_size(true)
#2 E:\SoftWare\xampp 7\htdocs\my_projects\testing\ci_dictionary\app\Libraries\Elements\Handlers\Styles.php(122): App\Libraries\Elements\Handlers\Styles->set_text_size()
#3 E:\SoftWare\xampp 7\htdocs\my_projects\testing\ci_dictionary\app\Libraries\Elements\Handlers\Styles.php(112): App\Libraries\Elements\Handlers\Styles->first_setting()
#4 E:\SoftWare\xampp 7\htdocs\my_projects\testing\ci_dictionary\app\Libraries\Elements\Handlers\Styles.php(91): App\Libraries\Elements\Handlers\Styles->parse_formats('B,(3)')
#5 E:\SoftWare\xampp 7\htdocs\my_projects\testing\ci_dictionary\app\Libraries\Elements\Handlers\Styles.php(66): App\Libraries\Elements\Handlers\Styles->set_formats('Hello how are y...')
#6 E:\SoftWare\xampp 7\htdocs\my_projects\testing\ci_dictionary\app\Libraries\Elements\Elements.php(29): App\Libraries\Elements\Handlers\Styles->text_formating('Hello how are y...')
#7 E:\SoftWare\xampp 7\htdocs\my_projects\testing\ci_dictionary\app\Controllers\Home.php(43): App\Libraries\Elements\Elements->heading('Hello how are y...', '1')
#8 E:\SoftWare\xampp 7\htdocs\my_projects\testing\ci_dictionary\system\CodeIgniter.php(936): App\Controllers\Home->index()
#9 E:\SoftWare\xampp 7\htdocs\my_projects\testing\ci_dictionary\system\CodeIgniter.php(432): CodeIgniter\CodeIgniter->runController(Object(App\Controllers\Home))
#10 E:\SoftWare\xampp 7\htdocs\my_projects\testing\ci_dictionary\system\CodeIgniter.php(333): CodeIgniter\CodeIgniter->handleRequest(NULL, Object(Config\Cache), false)
#11 E:\SoftWare\xampp 7\htdocs\my_projects\testing\ci_dictionary\public\index.php(44): CodeIgniter\CodeIgniter->run()
#12 {main}
CRITICAL - 06:07 --> Return value of App\Libraries\Elements\Handlers\Styles::text_size() must be of the type string, none returned
#0 E:\SoftWare\xampp 7\htdocs\my_projects\testing\ci_dictionary\app\Libraries\Elements\Handlers\Styles.php(172): App\Libraries\Elements\Handlers\Styles->text_size('(3)')
#1 E:\SoftWare\xampp 7\htdocs\my_projects\testing\ci_dictionary\app\Libraries\Elements\Handlers\Styles.php(148): App\Libraries\Elements\Handlers\Styles->search_text_size(true)
#2 E:\SoftWare\xampp 7\htdocs\my_projects\testing\ci_dictionary\app\Libraries\Elements\Handlers\Styles.php(122): App\Libraries\Elements\Handlers\Styles->set_text_size()
#3 E:\SoftWare\xampp 7\htdocs\my_projects\testing\ci_dictionary\app\Libraries\Elements\Handlers\Styles.php(112): App\Libraries\Elements\Handlers\Styles->first_setting()
#4 E:\SoftWare\xampp 7\htdocs\my_projects\testing\ci_dictionary\app\Libraries\Elements\Handlers\Styles.php(91): App\Libraries\Elements\Handlers\Styles->parse_formats('B,(3)')
#5 E:\SoftWare\xampp 7\htdocs\my_projects\testing\ci_dictionary\app\Libraries\Elements\Handlers\Styles.php(66): App\Libraries\Elements\Handlers\Styles->set_formats('Hello how are y...')
#6 E:\SoftWare\xampp 7\htdocs\my_projects\testing\ci_dictionary\app\Libraries\Elements\Elements.php(29): App\Libraries\Elements\Handlers\Styles->text_formating('Hello how are y...')
#7 E:\SoftWare\xampp 7\htdocs\my_projects\testing\ci_dictionary\app\Controllers\Home.php(43): App\Libraries\Elements\Elements->heading('Hello how are y...', '1')
#8 E:\SoftWare\xampp 7\htdocs\my_projects\testing\ci_dictionary\system\CodeIgniter.php(936): App\Controllers\Home->index()
#9 E:\SoftWare\xampp 7\htdocs\my_projects\testing\ci_dictionary\system\CodeIgniter.php(432): CodeIgniter\CodeIgniter->runController(Object(App\Controllers\Home))
#10 E:\SoftWare\xampp 7\htdocs\my_projects\testing\ci_dictionary\system\CodeIgniter.php(333): CodeIgniter\CodeIgniter->handleRequest(NULL, Object(Config\Cache), false)
#11 E:\SoftWare\xampp 7\htdocs\my_projects\testing\ci_dictionary\public\index.php(44): CodeIgniter\CodeIgniter->run()
#12 {main}
CRITICAL - 06:11 --> Return value of App\Libraries\Elements\Handlers\Styles::text_size() must be of the type string, none returned
#0 E:\SoftWare\xampp 7\htdocs\my_projects\testing\ci_dictionary\app\Libraries\Elements\Handlers\Styles.php(173): App\Libraries\Elements\Handlers\Styles->text_size('(3)')
#1 E:\SoftWare\xampp 7\htdocs\my_projects\testing\ci_dictionary\app\Libraries\Elements\Handlers\Styles.php(148): App\Libraries\Elements\Handlers\Styles->search_text_size(true)
#2 E:\SoftWare\xampp 7\htdocs\my_projects\testing\ci_dictionary\app\Libraries\Elements\Handlers\Styles.php(122): App\Libraries\Elements\Handlers\Styles->set_text_size()
#3 E:\SoftWare\xampp 7\htdocs\my_projects\testing\ci_dictionary\app\Libraries\Elements\Handlers\Styles.php(112): App\Libraries\Elements\Handlers\Styles->first_setting()
#4 E:\SoftWare\xampp 7\htdocs\my_projects\testing\ci_dictionary\app\Libraries\Elements\Handlers\Styles.php(91): App\Libraries\Elements\Handlers\Styles->parse_formats('B,(3)')
#5 E:\SoftWare\xampp 7\htdocs\my_projects\testing\ci_dictionary\app\Libraries\Elements\Handlers\Styles.php(66): App\Libraries\Elements\Handlers\Styles->set_formats('Hello how are y...')
#6 E:\SoftWare\xampp 7\htdocs\my_projects\testing\ci_dictionary\app\Libraries\Elements\Elements.php(29): App\Libraries\Elements\Handlers\Styles->text_formating('Hello how are y...')
#7 E:\SoftWare\xampp 7\htdocs\my_projects\testing\ci_dictionary\app\Controllers\Home.php(43): App\Libraries\Elements\Elements->heading('Hello how are y...', '1')
#8 E:\SoftWare\xampp 7\htdocs\my_projects\testing\ci_dictionary\system\CodeIgniter.php(936): App\Controllers\Home->index()
#9 E:\SoftWare\xampp 7\htdocs\my_projects\testing\ci_dictionary\system\CodeIgniter.php(432): CodeIgniter\CodeIgniter->runController(Object(App\Controllers\Home))
#10 E:\SoftWare\xampp 7\htdocs\my_projects\testing\ci_dictionary\system\CodeIgniter.php(333): CodeIgniter\CodeIgniter->handleRequest(NULL, Object(Config\Cache), false)
#11 E:\SoftWare\xampp 7\htdocs\my_projects\testing\ci_dictionary\public\index.php(44): CodeIgniter\CodeIgniter->run()
#12 {main}
CRITICAL - 06:15 --> Return value of App\Libraries\Elements\Handlers\Styles::text_size() must be of the type string, none returned
#0 E:\SoftWare\xampp 7\htdocs\my_projects\testing\ci_dictionary\app\Libraries\Elements\Handlers\Styles.php(173): App\Libraries\Elements\Handlers\Styles->text_size('(3)')
#1 E:\SoftWare\xampp 7\htdocs\my_projects\testing\ci_dictionary\app\Libraries\Elements\Handlers\Styles.php(148): App\Libraries\Elements\Handlers\Styles->search_text_size(true)
#2 E:\SoftWare\xampp 7\htdocs\my_projects\testing\ci_dictionary\app\Libraries\Elements\Handlers\Styles.php(122): App\Libraries\Elements\Handlers\Styles->set_text_size()
#3 E:\SoftWare\xampp 7\htdocs\my_projects\testing\ci_dictionary\app\Libraries\Elements\Handlers\Styles.php(112): App\Libraries\Elements\Handlers\Styles->first_setting()
#4 E:\SoftWare\xampp 7\htdocs\my_projects\testing\ci_dictionary\app\Libraries\Elements\Handlers\Styles.php(91): App\Libraries\Elements\Handlers\Styles->parse_formats('B,(3)')
#5 E:\SoftWare\xampp 7\htdocs\my_projects\testing\ci_dictionary\app\Libraries\Elements\Handlers\Styles.php(66): App\Libraries\Elements\Handlers\Styles->set_formats('Hello how are y...')
#6 E:\SoftWare\xampp 7\htdocs\my_projects\testing\ci_dictionary\app\Libraries\Elements\Elements.php(29): App\Libraries\Elements\Handlers\Styles->text_formating('Hello how are y...')
#7 E:\SoftWare\xampp 7\htdocs\my_projects\testing\ci_dictionary\app\Controllers\Home.php(43): App\Libraries\Elements\Elements->heading('Hello how are y...', '1')
#8 E:\SoftWare\xampp 7\htdocs\my_projects\testing\ci_dictionary\system\CodeIgniter.php(936): App\Controllers\Home->index()
#9 E:\SoftWare\xampp 7\htdocs\my_projects\testing\ci_dictionary\system\CodeIgniter.php(432): CodeIgniter\CodeIgniter->runController(Object(App\Controllers\Home))
#10 E:\SoftWare\xampp 7\htdocs\my_projects\testing\ci_dictionary\system\CodeIgniter.php(333): CodeIgniter\CodeIgniter->handleRequest(NULL, Object(Config\Cache), false)
#11 E:\SoftWare\xampp 7\htdocs\my_projects\testing\ci_dictionary\public\index.php(44): CodeIgniter\CodeIgniter->run()
#12 {main}
CRITICAL - 06:17 --> Return value of App\Libraries\Elements\Handlers\Styles::text_size() must be of the type string, none returned
#0 E:\SoftWare\xampp 7\htdocs\my_projects\testing\ci_dictionary\app\Libraries\Elements\Handlers\Styles.php(172): App\Libraries\Elements\Handlers\Styles->text_size('(3)')
#1 E:\SoftWare\xampp 7\htdocs\my_projects\testing\ci_dictionary\app\Libraries\Elements\Handlers\Styles.php(148): App\Libraries\Elements\Handlers\Styles->search_text_size(true)
#2 E:\SoftWare\xampp 7\htdocs\my_projects\testing\ci_dictionary\app\Libraries\Elements\Handlers\Styles.php(122): App\Libraries\Elements\Handlers\Styles->set_text_size()
#3 E:\SoftWare\xampp 7\htdocs\my_projects\testing\ci_dictionary\app\Libraries\Elements\Handlers\Styles.php(112): App\Libraries\Elements\Handlers\Styles->first_setting()
#4 E:\SoftWare\xampp 7\htdocs\my_projects\testing\ci_dictionary\app\Libraries\Elements\Handlers\Styles.php(91): App\Libraries\Elements\Handlers\Styles->parse_formats('B,(3)')
#5 E:\SoftWare\xampp 7\htdocs\my_projects\testing\ci_dictionary\app\Libraries\Elements\Handlers\Styles.php(66): App\Libraries\Elements\Handlers\Styles->set_formats('Hello how are y...')
#6 E:\SoftWare\xampp 7\htdocs\my_projects\testing\ci_dictionary\app\Libraries\Elements\Elements.php(29): App\Libraries\Elements\Handlers\Styles->text_formating('Hello how are y...')
#7 E:\SoftWare\xampp 7\htdocs\my_projects\testing\ci_dictionary\app\Controllers\Home.php(43): App\Libraries\Elements\Elements->heading('Hello how are y...', '1')
#8 E:\SoftWare\xampp 7\htdocs\my_projects\testing\ci_dictionary\system\CodeIgniter.php(936): App\Controllers\Home->index()
#9 E:\SoftWare\xampp 7\htdocs\my_projects\testing\ci_dictionary\system\CodeIgniter.php(432): CodeIgniter\CodeIgniter->runController(Object(App\Controllers\Home))
#10 E:\SoftWare\xampp 7\htdocs\my_projects\testing\ci_dictionary\system\CodeIgniter.php(333): CodeIgniter\CodeIgniter->handleRequest(NULL, Object(Config\Cache), false)
#11 E:\SoftWare\xampp 7\htdocs\my_projects\testing\ci_dictionary\public\index.php(44): CodeIgniter\CodeIgniter->run()
#12 {main}
CRITICAL - 06:31 --> Return value of App\Libraries\Elements\Handlers\Styles::text_size() must be of the type string, none returned
#0 E:\SoftWare\xampp 7\htdocs\my_projects\testing\ci_dictionary\app\Libraries\Elements\Handlers\Styles.php(172): App\Libraries\Elements\Handlers\Styles->text_size('0')
#1 E:\SoftWare\xampp 7\htdocs\my_projects\testing\ci_dictionary\app\Libraries\Elements\Handlers\Styles.php(148): App\Libraries\Elements\Handlers\Styles->search_text_size(true)
#2 E:\SoftWare\xampp 7\htdocs\my_projects\testing\ci_dictionary\app\Libraries\Elements\Handlers\Styles.php(122): App\Libraries\Elements\Handlers\Styles->set_text_size()
#3 E:\SoftWare\xampp 7\htdocs\my_projects\testing\ci_dictionary\app\Libraries\Elements\Handlers\Styles.php(112): App\Libraries\Elements\Handlers\Styles->first_setting()
#4 E:\SoftWare\xampp 7\htdocs\my_projects\testing\ci_dictionary\app\Libraries\Elements\Handlers\Styles.php(91): App\Libraries\Elements\Handlers\Styles->parse_formats('B,(3)')
#5 E:\SoftWare\xampp 7\htdocs\my_projects\testing\ci_dictionary\app\Libraries\Elements\Handlers\Styles.php(66): App\Libraries\Elements\Handlers\Styles->set_formats('Hello how are y...')
#6 E:\SoftWare\xampp 7\htdocs\my_projects\testing\ci_dictionary\app\Libraries\Elements\Elements.php(29): App\Libraries\Elements\Handlers\Styles->text_formating('Hello how are y...')
#7 E:\SoftWare\xampp 7\htdocs\my_projects\testing\ci_dictionary\app\Controllers\Home.php(43): App\Libraries\Elements\Elements->heading('Hello how are y...', '1')
#8 E:\SoftWare\xampp 7\htdocs\my_projects\testing\ci_dictionary\system\CodeIgniter.php(936): App\Controllers\Home->index()
#9 E:\SoftWare\xampp 7\htdocs\my_projects\testing\ci_dictionary\system\CodeIgniter.php(432): CodeIgniter\CodeIgniter->runController(Object(App\Controllers\Home))
#10 E:\SoftWare\xampp 7\htdocs\my_projects\testing\ci_dictionary\system\CodeIgniter.php(333): CodeIgniter\CodeIgniter->handleRequest(NULL, Object(Config\Cache), false)
#11 E:\SoftWare\xampp 7\htdocs\my_projects\testing\ci_dictionary\public\index.php(44): CodeIgniter\CodeIgniter->run()
#12 {main}
CRITICAL - 06:33 --> Return value of App\Libraries\Elements\Handlers\Styles::text_size() must be of the type string, none returned
#0 E:\SoftWare\xampp 7\htdocs\my_projects\testing\ci_dictionary\app\Libraries\Elements\Handlers\Styles.php(173): App\Libraries\Elements\Handlers\Styles->text_size('(3)')
#1 E:\SoftWare\xampp 7\htdocs\my_projects\testing\ci_dictionary\app\Libraries\Elements\Handlers\Styles.php(148): App\Libraries\Elements\Handlers\Styles->search_text_size(true)
#2 E:\SoftWare\xampp 7\htdocs\my_projects\testing\ci_dictionary\app\Libraries\Elements\Handlers\Styles.php(122): App\Libraries\Elements\Handlers\Styles->set_text_size()
#3 E:\SoftWare\xampp 7\htdocs\my_projects\testing\ci_dictionary\app\Libraries\Elements\Handlers\Styles.php(112): App\Libraries\Elements\Handlers\Styles->first_setting()
#4 E:\SoftWare\xampp 7\htdocs\my_projects\testing\ci_dictionary\app\Libraries\Elements\Handlers\Styles.php(91): App\Libraries\Elements\Handlers\Styles->parse_formats('B,(3)')
#5 E:\SoftWare\xampp 7\htdocs\my_projects\testing\ci_dictionary\app\Libraries\Elements\Handlers\Styles.php(66): App\Libraries\Elements\Handlers\Styles->set_formats('Hello how are y...')
#6 E:\SoftWare\xampp 7\htdocs\my_projects\testing\ci_dictionary\app\Libraries\Elements\Elements.php(29): App\Libraries\Elements\Handlers\Styles->text_formating('Hello how are y...')
#7 E:\SoftWare\xampp 7\htdocs\my_projects\testing\ci_dictionary\app\Controllers\Home.php(43): App\Libraries\Elements\Elements->heading('Hello how are y...', '1')
#8 E:\SoftWare\xampp 7\htdocs\my_projects\testing\ci_dictionary\system\CodeIgniter.php(936): App\Controllers\Home->index()
#9 E:\SoftWare\xampp 7\htdocs\my_projects\testing\ci_dictionary\system\CodeIgniter.php(432): CodeIgniter\CodeIgniter->runController(Object(App\Controllers\Home))
#10 E:\SoftWare\xampp 7\htdocs\my_projects\testing\ci_dictionary\system\CodeIgniter.php(333): CodeIgniter\CodeIgniter->handleRequest(NULL, Object(Config\Cache), false)
#11 E:\SoftWare\xampp 7\htdocs\my_projects\testing\ci_dictionary\public\index.php(44): CodeIgniter\CodeIgniter->run()
#12 {main}
CRITICAL - 06:34 --> Return value of App\Libraries\Elements\Handlers\Styles::text_size() must be of the type string, none returned
#0 E:\SoftWare\xampp 7\htdocs\my_projects\testing\ci_dictionary\app\Libraries\Elements\Handlers\Styles.php(175): App\Libraries\Elements\Handlers\Styles->text_size('(3)')
#1 E:\SoftWare\xampp 7\htdocs\my_projects\testing\ci_dictionary\app\Libraries\Elements\Handlers\Styles.php(148): App\Libraries\Elements\Handlers\Styles->search_text_size(true)
#2 E:\SoftWare\xampp 7\htdocs\my_projects\testing\ci_dictionary\app\Libraries\Elements\Handlers\Styles.php(122): App\Libraries\Elements\Handlers\Styles->set_text_size()
#3 E:\SoftWare\xampp 7\htdocs\my_projects\testing\ci_dictionary\app\Libraries\Elements\Handlers\Styles.php(112): App\Libraries\Elements\Handlers\Styles->first_setting()
#4 E:\SoftWare\xampp 7\htdocs\my_projects\testing\ci_dictionary\app\Libraries\Elements\Handlers\Styles.php(91): App\Libraries\Elements\Handlers\Styles->parse_formats('B,(3)')
#5 E:\SoftWare\xampp 7\htdocs\my_projects\testing\ci_dictionary\app\Libraries\Elements\Handlers\Styles.php(66): App\Libraries\Elements\Handlers\Styles->set_formats('Hello how are y...')
#6 E:\SoftWare\xampp 7\htdocs\my_projects\testing\ci_dictionary\app\Libraries\Elements\Elements.php(29): App\Libraries\Elements\Handlers\Styles->text_formating('Hello how are y...')
#7 E:\SoftWare\xampp 7\htdocs\my_projects\testing\ci_dictionary\app\Controllers\Home.php(43): App\Libraries\Elements\Elements->heading('Hello how are y...', '1')
#8 E:\SoftWare\xampp 7\htdocs\my_projects\testing\ci_dictionary\system\CodeIgniter.php(936): App\Controllers\Home->index()
#9 E:\SoftWare\xampp 7\htdocs\my_projects\testing\ci_dictionary\system\CodeIgniter.php(432): CodeIgniter\CodeIgniter->runController(Object(App\Controllers\Home))
#10 E:\SoftWare\xampp 7\htdocs\my_projects\testing\ci_dictionary\system\CodeIgniter.php(333): CodeIgniter\CodeIgniter->handleRequest(NULL, Object(Config\Cache), false)
#11 E:\SoftWare\xampp 7\htdocs\my_projects\testing\ci_dictionary\public\index.php(44): CodeIgniter\CodeIgniter->run()
#12 {main}
CRITICAL - 06:34 --> Return value of App\Libraries\Elements\Handlers\Styles::text_size() must be of the type string, none returned
#0 E:\SoftWare\xampp 7\htdocs\my_projects\testing\ci_dictionary\app\Libraries\Elements\Handlers\Styles.php(175): App\Libraries\Elements\Handlers\Styles->text_size('(3)')
#1 E:\SoftWare\xampp 7\htdocs\my_projects\testing\ci_dictionary\app\Libraries\Elements\Handlers\Styles.php(148): App\Libraries\Elements\Handlers\Styles->search_text_size(true)
#2 E:\SoftWare\xampp 7\htdocs\my_projects\testing\ci_dictionary\app\Libraries\Elements\Handlers\Styles.php(122): App\Libraries\Elements\Handlers\Styles->set_text_size()
#3 E:\SoftWare\xampp 7\htdocs\my_projects\testing\ci_dictionary\app\Libraries\Elements\Handlers\Styles.php(112): App\Libraries\Elements\Handlers\Styles->first_setting()
#4 E:\SoftWare\xampp 7\htdocs\my_projects\testing\ci_dictionary\app\Libraries\Elements\Handlers\Styles.php(91): App\Libraries\Elements\Handlers\Styles->parse_formats('B,(3)')
#5 E:\SoftWare\xampp 7\htdocs\my_projects\testing\ci_dictionary\app\Libraries\Elements\Handlers\Styles.php(66): App\Libraries\Elements\Handlers\Styles->set_formats('Hello how are y...')
#6 E:\SoftWare\xampp 7\htdocs\my_projects\testing\ci_dictionary\app\Libraries\Elements\Elements.php(29): App\Libraries\Elements\Handlers\Styles->text_formating('Hello how are y...')
#7 E:\SoftWare\xampp 7\htdocs\my_projects\testing\ci_dictionary\app\Controllers\Home.php(43): App\Libraries\Elements\Elements->heading('Hello how are y...', '1')
#8 E:\SoftWare\xampp 7\htdocs\my_projects\testing\ci_dictionary\system\CodeIgniter.php(936): App\Controllers\Home->index()
#9 E:\SoftWare\xampp 7\htdocs\my_projects\testing\ci_dictionary\system\CodeIgniter.php(432): CodeIgniter\CodeIgniter->runController(Object(App\Controllers\Home))
#10 E:\SoftWare\xampp 7\htdocs\my_projects\testing\ci_dictionary\system\CodeIgniter.php(333): CodeIgniter\CodeIgniter->handleRequest(NULL, Object(Config\Cache), false)
#11 E:\SoftWare\xampp 7\htdocs\my_projects\testing\ci_dictionary\public\index.php(44): CodeIgniter\CodeIgniter->run()
#12 {main}
CRITICAL - 06:40 --> Undefined index: 3)
#0 E:\SoftWare\xampp 7\htdocs\my_projects\testing\ci_dictionary\app\Libraries\Elements\Handlers\Styles.php(175): CodeIgniter\Debug\Exceptions->errorHandler(8, 'Undefined index...', 'E:\\SoftWare\\xam...', 175, Array)
#1 E:\SoftWare\xampp 7\htdocs\my_projects\testing\ci_dictionary\app\Libraries\Elements\Handlers\Styles.php(150): App\Libraries\Elements\Handlers\Styles->search_text_size(true)
#2 E:\SoftWare\xampp 7\htdocs\my_projects\testing\ci_dictionary\app\Libraries\Elements\Handlers\Styles.php(124): App\Libraries\Elements\Handlers\Styles->set_text_size()
#3 E:\SoftWare\xampp 7\htdocs\my_projects\testing\ci_dictionary\app\Libraries\Elements\Handlers\Styles.php(114): App\Libraries\Elements\Handlers\Styles->first_setting()
#4 E:\SoftWare\xampp 7\htdocs\my_projects\testing\ci_dictionary\app\Libraries\Elements\Handlers\Styles.php(93): App\Libraries\Elements\Handlers\Styles->parse_formats('B,(3)')
#5 E:\SoftWare\xampp 7\htdocs\my_projects\testing\ci_dictionary\app\Libraries\Elements\Handlers\Styles.php(68): App\Libraries\Elements\Handlers\Styles->set_formats('Hello how are y...')
#6 E:\SoftWare\xampp 7\htdocs\my_projects\testing\ci_dictionary\app\Libraries\Elements\Elements.php(29): App\Libraries\Elements\Handlers\Styles->text_formating('Hello how are y...')
#7 E:\SoftWare\xampp 7\htdocs\my_projects\testing\ci_dictionary\app\Controllers\Home.php(43): App\Libraries\Elements\Elements->heading('Hello how are y...', '1')
#8 E:\SoftWare\xampp 7\htdocs\my_projects\testing\ci_dictionary\system\CodeIgniter.php(936): App\Controllers\Home->index()
#9 E:\SoftWare\xampp 7\htdocs\my_projects\testing\ci_dictionary\system\CodeIgniter.php(432): CodeIgniter\CodeIgniter->runController(Object(App\Controllers\Home))
#10 E:\SoftWare\xampp 7\htdocs\my_projects\testing\ci_dictionary\system\CodeIgniter.php(333): CodeIgniter\CodeIgniter->handleRequest(NULL, Object(Config\Cache), false)
#11 E:\SoftWare\xampp 7\htdocs\my_projects\testing\ci_dictionary\public\index.php(44): CodeIgniter\CodeIgniter->run()
#12 {main}
CRITICAL - 06:56 --> Undefined variable: i
#0 E:\SoftWare\xampp 7\htdocs\my_projects\testing\ci_dictionary\app\Libraries\Elements\Handlers\Styles.php(177): CodeIgniter\Debug\Exceptions->errorHandler(8, 'Undefined varia...', 'E:\\SoftWare\\xam...', 177, Array)
#1 E:\SoftWare\xampp 7\htdocs\my_projects\testing\ci_dictionary\app\Libraries\Elements\Handlers\Styles.php(161): App\Libraries\Elements\Handlers\Styles->search('1', false)
#2 E:\SoftWare\xampp 7\htdocs\my_projects\testing\ci_dictionary\app\Libraries\Elements\Handlers\Styles.php(142): App\Libraries\Elements\Handlers\Styles->search_text_size()
#3 E:\SoftWare\xampp 7\htdocs\my_projects\testing\ci_dictionary\app\Libraries\Elements\Handlers\Styles.php(122): App\Libraries\Elements\Handlers\Styles->set_text_size()
#4 E:\SoftWare\xampp 7\htdocs\my_projects\testing\ci_dictionary\app\Libraries\Elements\Handlers\Styles.php(112): App\Libraries\Elements\Handlers\Styles->first_setting()
#5 E:\SoftWare\xampp 7\htdocs\my_projects\testing\ci_dictionary\app\Libraries\Elements\Handlers\Styles.php(91): App\Libraries\Elements\Handlers\Styles->parse_formats('B,(3)')
#6 E:\SoftWare\xampp 7\htdocs\my_projects\testing\ci_dictionary\app\Libraries\Elements\Handlers\Styles.php(66): App\Libraries\Elements\Handlers\Styles->set_formats('Hello how are y...')
#7 E:\SoftWare\xampp 7\htdocs\my_projects\testing\ci_dictionary\app\Libraries\Elements\Elements.php(29): App\Libraries\Elements\Handlers\Styles->text_formating('Hello how are y...')
#8 E:\SoftWare\xampp 7\htdocs\my_projects\testing\ci_dictionary\app\Controllers\Home.php(43): App\Libraries\Elements\Elements->heading('Hello how are y...', '1')
#9 E:\SoftWare\xampp 7\htdocs\my_projects\testing\ci_dictionary\system\CodeIgniter.php(936): App\Controllers\Home->index()
#10 E:\SoftWare\xampp 7\htdocs\my_projects\testing\ci_dictionary\system\CodeIgniter.php(432): CodeIgniter\CodeIgniter->runController(Object(App\Controllers\Home))
#11 E:\SoftWare\xampp 7\htdocs\my_projects\testing\ci_dictionary\system\CodeIgniter.php(333): CodeIgniter\CodeIgniter->handleRequest(NULL, Object(Config\Cache), false)
#12 E:\SoftWare\xampp 7\htdocs\my_projects\testing\ci_dictionary\public\index.php(44): CodeIgniter\CodeIgniter->run()
#13 {main}
CRITICAL - 08:29 --> Undefined index: attr
#0 E:\SoftWare\xampp 7\htdocs\my_projects\testing\ci_dictionary\app\Libraries\Elements\Handlers\Styles.php(129): CodeIgniter\Debug\Exceptions->errorHandler(8, 'Undefined index...', 'E:\\SoftWare\\xam...', 129, Array)
#1 E:\SoftWare\xampp 7\htdocs\my_projects\testing\ci_dictionary\app\Libraries\Elements\Handlers\Styles.php(101): App\Libraries\Elements\Handlers\Styles->set_text_size()
#2 E:\SoftWare\xampp 7\htdocs\my_projects\testing\ci_dictionary\app\Libraries\Elements\Handlers\Styles.php(91): App\Libraries\Elements\Handlers\Styles->first_setting()
#3 E:\SoftWare\xampp 7\htdocs\my_projects\testing\ci_dictionary\app\Libraries\Elements\Handlers\Styles.php(70): App\Libraries\Elements\Handlers\Styles->parse_formats('B,(3)')
#4 E:\SoftWare\xampp 7\htdocs\my_projects\testing\ci_dictionary\app\Libraries\Elements\Handlers\Styles.php(45): App\Libraries\Elements\Handlers\Styles->set_formats('Hello how are y...')
#5 E:\SoftWare\xampp 7\htdocs\my_projects\testing\ci_dictionary\app\Libraries\Elements\Elements.php(29): App\Libraries\Elements\Handlers\Styles->text_formating('Hello how are y...')
#6 E:\SoftWare\xampp 7\htdocs\my_projects\testing\ci_dictionary\app\Controllers\Home.php(43): App\Libraries\Elements\Elements->heading('Hello how are y...', '1')
#7 E:\SoftWare\xampp 7\htdocs\my_projects\testing\ci_dictionary\system\CodeIgniter.php(936): App\Controllers\Home->index()
#8 E:\SoftWare\xampp 7\htdocs\my_projects\testing\ci_dictionary\system\CodeIgniter.php(432): CodeIgniter\CodeIgniter->runController(Object(App\Controllers\Home))
#9 E:\SoftWare\xampp 7\htdocs\my_projects\testing\ci_dictionary\system\CodeIgniter.php(333): CodeIgniter\CodeIgniter->handleRequest(NULL, Object(Config\Cache), false)
#10 E:\SoftWare\xampp 7\htdocs\my_projects\testing\ci_dictionary\public\index.php(44): CodeIgniter\CodeIgniter->run()
#11 {main}
CRITICAL - 09:53 --> Call to private method App\Libraries\Elements\Handlers\Styles::align() from context 'App\Libraries\Elements\Elements'
#0 E:\SoftWare\xampp 7\htdocs\my_projects\testing\ci_dictionary\app\Controllers\Home.php(45): App\Libraries\Elements\Elements->paragraph(' Lorem ipsum do...')
#1 E:\SoftWare\xampp 7\htdocs\my_projects\testing\ci_dictionary\system\CodeIgniter.php(936): App\Controllers\Home->index()
#2 E:\SoftWare\xampp 7\htdocs\my_projects\testing\ci_dictionary\system\CodeIgniter.php(432): CodeIgniter\CodeIgniter->runController(Object(App\Controllers\Home))
#3 E:\SoftWare\xampp 7\htdocs\my_projects\testing\ci_dictionary\system\CodeIgniter.php(333): CodeIgniter\CodeIgniter->handleRequest(NULL, Object(Config\Cache), false)
#4 E:\SoftWare\xampp 7\htdocs\my_projects\testing\ci_dictionary\public\index.php(44): CodeIgniter\CodeIgniter->run()
#5 {main}
CRITICAL - 09:54 --> Return value of App\Libraries\Elements\Handlers\Styles::align() must be of the type string, none returned
#0 E:\SoftWare\xampp 7\htdocs\my_projects\testing\ci_dictionary\app\Libraries\Elements\Elements.php(38): App\Libraries\Elements\Handlers\Styles->align('')
#1 E:\SoftWare\xampp 7\htdocs\my_projects\testing\ci_dictionary\app\Controllers\Home.php(45): App\Libraries\Elements\Elements->paragraph(' Lorem ipsum do...')
#2 E:\SoftWare\xampp 7\htdocs\my_projects\testing\ci_dictionary\system\CodeIgniter.php(936): App\Controllers\Home->index()
#3 E:\SoftWare\xampp 7\htdocs\my_projects\testing\ci_dictionary\system\CodeIgniter.php(432): CodeIgniter\CodeIgniter->runController(Object(App\Controllers\Home))
#4 E:\SoftWare\xampp 7\htdocs\my_projects\testing\ci_dictionary\system\CodeIgniter.php(333): CodeIgniter\CodeIgniter->handleRequest(NULL, Object(Config\Cache), false)
#5 E:\SoftWare\xampp 7\htdocs\my_projects\testing\ci_dictionary\public\index.php(44): CodeIgniter\CodeIgniter->run()
#6 {main}
CRITICAL - 09:56 --> Undefined variable: attr
#0 E:\SoftWare\xampp 7\htdocs\my_projects\testing\ci_dictionary\app\Libraries\Elements\Elements.php(49): CodeIgniter\Debug\Exceptions->errorHandler(8, 'Undefined varia...', 'E:\\SoftWare\\xam...', 49, Array)
#1 E:\SoftWare\xampp 7\htdocs\my_projects\testing\ci_dictionary\app\Controllers\Home.php(45): App\Libraries\Elements\Elements->paragraph(' Lorem ipsum do...')
#2 E:\SoftWare\xampp 7\htdocs\my_projects\testing\ci_dictionary\system\CodeIgniter.php(936): App\Controllers\Home->index()
#3 E:\SoftWare\xampp 7\htdocs\my_projects\testing\ci_dictionary\system\CodeIgniter.php(432): CodeIgniter\CodeIgniter->runController(Object(App\Controllers\Home))
#4 E:\SoftWare\xampp 7\htdocs\my_projects\testing\ci_dictionary\system\CodeIgniter.php(333): CodeIgniter\CodeIgniter->handleRequest(NULL, Object(Config\Cache), false)
#5 E:\SoftWare\xampp 7\htdocs\my_projects\testing\ci_dictionary\public\index.php(44): CodeIgniter\CodeIgniter->run()
#6 {main}
