CRITICAL - 05:56 --> Return value of App\Libraries\Elements\Elements::msg_type() must be of the type array, none returned
#0 E:\SoftWare\xampp 7\htdocs\my_projects\testing\ci_dictionary\app\Libraries\Elements\Elements.php(284): App\Libraries\Elements\Elements->msg_type('deanger')
#1 E:\SoftWare\xampp 7\htdocs\my_projects\testing\ci_dictionary\app\Controllers\Home.php(59): App\Libraries\Elements\Elements->message('<p class="w3-pa...', '<p class="w3-pa...', true, 'deanger')
#2 E:\SoftWare\xampp 7\htdocs\my_projects\testing\ci_dictionary\system\CodeIgniter.php(936): App\Controllers\Home->index()
#3 E:\SoftWare\xampp 7\htdocs\my_projects\testing\ci_dictionary\system\CodeIgniter.php(432): CodeIgniter\CodeIgniter->runController(Object(App\Controllers\Home))
#4 E:\SoftWare\xampp 7\htdocs\my_projects\testing\ci_dictionary\system\CodeIgniter.php(333): CodeIgniter\CodeIgniter->handleRequest(NULL, Object(Config\Cache), false)
#5 E:\SoftWare\xampp 7\htdocs\my_projects\testing\ci_dictionary\public\index.php(44): CodeIgniter\CodeIgniter->run()
#6 {main}
CRITICAL - 05:59 --> Call to a member function style() on null
#0 E:\SoftWare\xampp 7\htdocs\my_projects\testing\ci_dictionary\app\Libraries\Elements\Elements.php(284): App\Libraries\Elements\Elements->msg_type('deanger')
#1 E:\SoftWare\xampp 7\htdocs\my_projects\testing\ci_dictionary\app\Controllers\Home.php(59): App\Libraries\Elements\Elements->message('<p class="w3-pa...', '<p class="w3-pa...', true, 'deanger')
#2 E:\SoftWare\xampp 7\htdocs\my_projects\testing\ci_dictionary\system\CodeIgniter.php(936): App\Controllers\Home->index()
#3 E:\SoftWare\xampp 7\htdocs\my_projects\testing\ci_dictionary\system\CodeIgniter.php(432): CodeIgniter\CodeIgniter->runController(Object(App\Controllers\Home))
#4 E:\SoftWare\xampp 7\htdocs\my_projects\testing\ci_dictionary\system\CodeIgniter.php(333): CodeIgniter\CodeIgniter->handleRequest(NULL, Object(Config\Cache), false)
#5 E:\SoftWare\xampp 7\htdocs\my_projects\testing\ci_dictionary\public\index.php(44): CodeIgniter\CodeIgniter->run()
#6 {main}
CRITICAL - 06:00 --> Call to undefined method App\Libraries\Elements\Elements::class()
#0 E:\SoftWare\xampp 7\htdocs\my_projects\testing\ci_dictionary\app\Libraries\Elements\Elements.php(284): App\Libraries\Elements\Elements->msg_type('deanger')
#1 E:\SoftWare\xampp 7\htdocs\my_projects\testing\ci_dictionary\app\Controllers\Home.php(59): App\Libraries\Elements\Elements->message('<p class="w3-pa...', '<p class="w3-pa...', true, 'deanger')
#2 E:\SoftWare\xampp 7\htdocs\my_projects\testing\ci_dictionary\system\CodeIgniter.php(936): App\Controllers\Home->index()
#3 E:\SoftWare\xampp 7\htdocs\my_projects\testing\ci_dictionary\system\CodeIgniter.php(432): CodeIgniter\CodeIgniter->runController(Object(App\Controllers\Home))
#4 E:\SoftWare\xampp 7\htdocs\my_projects\testing\ci_dictionary\system\CodeIgniter.php(333): CodeIgniter\CodeIgniter->handleRequest(NULL, Object(Config\Cache), false)
#5 E:\SoftWare\xampp 7\htdocs\my_projects\testing\ci_dictionary\public\index.php(44): CodeIgniter\CodeIgniter->run()
#6 {main}
CRITICAL - 06:53 --> Call to undefined method App\Libraries\Elements\Handlers\Tag::parse_attr_attr()
#0 E:\SoftWare\xampp 7\htdocs\my_projects\testing\ci_dictionary\app\Libraries\Elements\Elements.php(386): App\Libraries\Elements\Handlers\Tag->span('&times', Array)
#1 E:\SoftWare\xampp 7\htdocs\my_projects\testing\ci_dictionary\app\Libraries\Elements\Elements.php(284): App\Libraries\Elements\Elements->msg_close_button(true)
#2 E:\SoftWare\xampp 7\htdocs\my_projects\testing\ci_dictionary\app\Controllers\Home.php(59): App\Libraries\Elements\Elements->message('<p class="w3-pa...', '<h3 class="w3-m...', true, 'gray')
#3 E:\SoftWare\xampp 7\htdocs\my_projects\testing\ci_dictionary\system\CodeIgniter.php(936): App\Controllers\Home->index()
#4 E:\SoftWare\xampp 7\htdocs\my_projects\testing\ci_dictionary\system\CodeIgniter.php(432): CodeIgniter\CodeIgniter->runController(Object(App\Controllers\Home))
#5 E:\SoftWare\xampp 7\htdocs\my_projects\testing\ci_dictionary\system\CodeIgniter.php(333): CodeIgniter\CodeIgniter->handleRequest(NULL, Object(Config\Cache), false)
#6 E:\SoftWare\xampp 7\htdocs\my_projects\testing\ci_dictionary\public\index.php(44): CodeIgniter\CodeIgniter->run()
#7 {main}
CRITICAL - 08:39 --> Return value of App\Libraries\Elements\Elements::nav() must be of the type string, none returned
#0 E:\SoftWare\xampp 7\htdocs\my_projects\testing\ci_dictionary\app\Controllers\Home.php(60): App\Libraries\Elements\Elements->nav()
#1 E:\SoftWare\xampp 7\htdocs\my_projects\testing\ci_dictionary\system\CodeIgniter.php(936): App\Controllers\Home->index()
#2 E:\SoftWare\xampp 7\htdocs\my_projects\testing\ci_dictionary\system\CodeIgniter.php(432): CodeIgniter\CodeIgniter->runController(Object(App\Controllers\Home))
#3 E:\SoftWare\xampp 7\htdocs\my_projects\testing\ci_dictionary\system\CodeIgniter.php(333): CodeIgniter\CodeIgniter->handleRequest(NULL, Object(Config\Cache), false)
#4 E:\SoftWare\xampp 7\htdocs\my_projects\testing\ci_dictionary\public\index.php(44): CodeIgniter\CodeIgniter->run()
#5 {main}
CRITICAL - 09:10 --> Trying to access array offset on value of type null
#0 E:\SoftWare\xampp 7\htdocs\my_projects\testing\ci_dictionary\app\Libraries\Elements\Elements.php(409): CodeIgniter\Debug\Exceptions->errorHandler(8, 'Trying to acces...', 'E:\\SoftWare\\xam...', 409, Array)
#1 E:\SoftWare\xampp 7\htdocs\my_projects\testing\ci_dictionary\app\Libraries\Elements\Elements.php(401): App\Libraries\Elements\Elements->nav_bar()
#2 E:\SoftWare\xampp 7\htdocs\my_projects\testing\ci_dictionary\app\Controllers\Home.php(60): App\Libraries\Elements\Elements->nav()
#3 E:\SoftWare\xampp 7\htdocs\my_projects\testing\ci_dictionary\system\CodeIgniter.php(936): App\Controllers\Home->index()
#4 E:\SoftWare\xampp 7\htdocs\my_projects\testing\ci_dictionary\system\CodeIgniter.php(432): CodeIgniter\CodeIgniter->runController(Object(App\Controllers\Home))
#5 E:\SoftWare\xampp 7\htdocs\my_projects\testing\ci_dictionary\system\CodeIgniter.php(333): CodeIgniter\CodeIgniter->handleRequest(NULL, Object(Config\Cache), false)
#6 E:\SoftWare\xampp 7\htdocs\my_projects\testing\ci_dictionary\public\index.php(44): CodeIgniter\CodeIgniter->run()
#7 {main}
CRITICAL - 10:04 --> Argument 1 passed to App\Libraries\Elements\Handlers\Tag::nav() must be of the type array, string given, called in E:\SoftWare\xampp 7\htdocs\my_projects\testing\ci_dictionary\app\Libraries\Elements\Elements.php on line 456
#0 E:\SoftWare\xampp 7\htdocs\my_projects\testing\ci_dictionary\app\Libraries\Elements\Elements.php(456): App\Libraries\Elements\Handlers\Tag->nav('<a href='0' tit...', Array)
#1 E:\SoftWare\xampp 7\htdocs\my_projects\testing\ci_dictionary\app\Libraries\Elements\Elements.php(403): App\Libraries\Elements\Elements->nav_items(Array)
#2 E:\SoftWare\xampp 7\htdocs\my_projects\testing\ci_dictionary\app\Controllers\Home.php(63): App\Libraries\Elements\Elements->nav(Array)
#3 E:\SoftWare\xampp 7\htdocs\my_projects\testing\ci_dictionary\system\CodeIgniter.php(936): App\Controllers\Home->index()
#4 E:\SoftWare\xampp 7\htdocs\my_projects\testing\ci_dictionary\system\CodeIgniter.php(432): CodeIgniter\CodeIgniter->runController(Object(App\Controllers\Home))
#5 E:\SoftWare\xampp 7\htdocs\my_projects\testing\ci_dictionary\system\CodeIgniter.php(333): CodeIgniter\CodeIgniter->handleRequest(NULL, Object(Config\Cache), false)
#6 E:\SoftWare\xampp 7\htdocs\my_projects\testing\ci_dictionary\public\index.php(44): CodeIgniter\CodeIgniter->run()
#7 {main}
CRITICAL - 10:09 --> Array to string conversion
#0 E:\SoftWare\xampp 7\htdocs\my_projects\testing\ci_dictionary\app\Controllers\Home.php(65): CodeIgniter\Debug\Exceptions->errorHandler(8, 'Array to string...', 'E:\\SoftWare\\xam...', 65, Array)
#1 E:\SoftWare\xampp 7\htdocs\my_projects\testing\ci_dictionary\system\CodeIgniter.php(936): App\Controllers\Home->index()
#2 E:\SoftWare\xampp 7\htdocs\my_projects\testing\ci_dictionary\system\CodeIgniter.php(432): CodeIgniter\CodeIgniter->runController(Object(App\Controllers\Home))
#3 E:\SoftWare\xampp 7\htdocs\my_projects\testing\ci_dictionary\system\CodeIgniter.php(333): CodeIgniter\CodeIgniter->handleRequest(NULL, Object(Config\Cache), false)
#4 E:\SoftWare\xampp 7\htdocs\my_projects\testing\ci_dictionary\public\index.php(44): CodeIgniter\CodeIgniter->run()
#5 {main}
