CRITICAL - 04:38 --> Undefined variable: routes
#0 E:\SoftWare\xampp 7\htdocs\my_projects\testing\ci_dictionary\app\Config\Filters.php(86): CodeIgniter\Debug\Exceptions->errorHandler(8, 'Undefined varia...', 'E:\\SoftWare\\xam...', 86, Array)
#1 E:\SoftWare\xampp 7\htdocs\my_projects\testing\ci_dictionary\system\Autoloader\Autoloader.php(294): include_once('E:\\SoftWare\\xam...')
#2 E:\SoftWare\xampp 7\htdocs\my_projects\testing\ci_dictionary\system\Autoloader\Autoloader.php(265): CodeIgniter\Autoloader\Autoloader->includeFile('E:\\SoftWare\\xam...')
#3 E:\SoftWare\xampp 7\htdocs\my_projects\testing\ci_dictionary\system\Autoloader\Autoloader.php(228): CodeIgniter\Autoloader\Autoloader->loadInNamespace('Config\\Filters')
#4 [internal function]: CodeIgniter\Autoloader\Autoloader->loadClass('Config\\Filters')
#5 [internal function]: spl_autoload_call('Config\\Filters')
#6 E:\SoftWare\xampp 7\htdocs\my_projects\testing\ci_dictionary\system\Config\Factories.php(144): class_exists('Config\\Filters')
#7 E:\SoftWare\xampp 7\htdocs\my_projects\testing\ci_dictionary\system\Config\Factories.php(109): CodeIgniter\Config\Factories::locateClass(Array, 'Filters')
#8 E:\SoftWare\xampp 7\htdocs\my_projects\testing\ci_dictionary\system\Common.php(225): CodeIgniter\Config\Factories::__callStatic('config', Array)
#9 E:\SoftWare\xampp 7\htdocs\my_projects\testing\ci_dictionary\system\Config\Services.php(283): config('Filters')
#10 E:\SoftWare\xampp 7\htdocs\my_projects\testing\ci_dictionary\system\Config\BaseService.php(100): CodeIgniter\Config\Services::filters(NULL, false)
#11 E:\SoftWare\xampp 7\htdocs\my_projects\testing\ci_dictionary\system\Config\Services.php(280): CodeIgniter\Config\BaseService::getSharedInstance('filters', NULL)
#12 E:\SoftWare\xampp 7\htdocs\my_projects\testing\ci_dictionary\system\Config\BaseService.php(171): CodeIgniter\Config\Services::filters()
#13 E:\SoftWare\xampp 7\htdocs\my_projects\testing\ci_dictionary\system\CodeIgniter.php(388): CodeIgniter\Config\BaseService::__callStatic('filters', Array)
#14 E:\SoftWare\xampp 7\htdocs\my_projects\testing\ci_dictionary\system\CodeIgniter.php(333): CodeIgniter\CodeIgniter->handleRequest(NULL, Object(Config\Cache), false)
#15 E:\SoftWare\xampp 7\htdocs\my_projects\testing\ci_dictionary\public\index.php(44): CodeIgniter\CodeIgniter->run()
#16 {main}
CRITICAL - 05:11 --> whereIn() expects $values to be of type array or closure
#0 E:\SoftWare\xampp 7\htdocs\my_projects\testing\ci_dictionary\system\Database\BaseBuilder.php(859): CodeIgniter\Database\BaseBuilder->_whereIn('id', NULL, false, 'AND ', NULL)
#1 E:\SoftWare\xampp 7\htdocs\my_projects\testing\ci_dictionary\system\Model.php(836): CodeIgniter\Database\BaseBuilder->whereIn('id', NULL)
#2 E:\SoftWare\xampp 7\htdocs\my_projects\testing\ci_dictionary\app\Controllers\Panel\Dashboard.php(103): CodeIgniter\Model->__call('whereIn', Array)
#3 E:\SoftWare\xampp 7\htdocs\my_projects\testing\ci_dictionary\app\Controllers\Panel\Dashboard.php(15): App\Controllers\Panel\Dashboard->utilities()
#4 E:\SoftWare\xampp 7\htdocs\my_projects\testing\ci_dictionary\system\CodeIgniter.php(936): App\Controllers\Panel\Dashboard->index()
#5 E:\SoftWare\xampp 7\htdocs\my_projects\testing\ci_dictionary\system\CodeIgniter.php(432): CodeIgniter\CodeIgniter->runController(Object(App\Controllers\Panel\Dashboard))
#6 E:\SoftWare\xampp 7\htdocs\my_projects\testing\ci_dictionary\system\CodeIgniter.php(333): CodeIgniter\CodeIgniter->handleRequest(NULL, Object(Config\Cache), false)
#7 E:\SoftWare\xampp 7\htdocs\my_projects\testing\ci_dictionary\public\index.php(44): CodeIgniter\CodeIgniter->run()
#8 {main}
CRITICAL - 05:12 --> whereIn() expects $values to be of type array or closure
#0 E:\SoftWare\xampp 7\htdocs\my_projects\testing\ci_dictionary\system\Database\BaseBuilder.php(859): CodeIgniter\Database\BaseBuilder->_whereIn('id', NULL, false, 'AND ', NULL)
#1 E:\SoftWare\xampp 7\htdocs\my_projects\testing\ci_dictionary\system\Model.php(836): CodeIgniter\Database\BaseBuilder->whereIn('id', NULL)
#2 E:\SoftWare\xampp 7\htdocs\my_projects\testing\ci_dictionary\app\Controllers\Panel\Dashboard.php(103): CodeIgniter\Model->__call('whereIn', Array)
#3 E:\SoftWare\xampp 7\htdocs\my_projects\testing\ci_dictionary\app\Controllers\Panel\Dashboard.php(15): App\Controllers\Panel\Dashboard->utilities()
#4 E:\SoftWare\xampp 7\htdocs\my_projects\testing\ci_dictionary\system\CodeIgniter.php(936): App\Controllers\Panel\Dashboard->index()
#5 E:\SoftWare\xampp 7\htdocs\my_projects\testing\ci_dictionary\system\CodeIgniter.php(432): CodeIgniter\CodeIgniter->runController(Object(App\Controllers\Panel\Dashboard))
#6 E:\SoftWare\xampp 7\htdocs\my_projects\testing\ci_dictionary\system\CodeIgniter.php(333): CodeIgniter\CodeIgniter->handleRequest(NULL, Object(Config\Cache), false)
#7 E:\SoftWare\xampp 7\htdocs\my_projects\testing\ci_dictionary\public\index.php(44): CodeIgniter\CodeIgniter->run()
#8 {main}
CRITICAL - 05:12 --> whereIn() expects $values to be of type array or closure
#0 E:\SoftWare\xampp 7\htdocs\my_projects\testing\ci_dictionary\system\Database\BaseBuilder.php(859): CodeIgniter\Database\BaseBuilder->_whereIn('id', NULL, false, 'AND ', NULL)
#1 E:\SoftWare\xampp 7\htdocs\my_projects\testing\ci_dictionary\system\Model.php(836): CodeIgniter\Database\BaseBuilder->whereIn('id', NULL)
#2 E:\SoftWare\xampp 7\htdocs\my_projects\testing\ci_dictionary\app\Controllers\Panel\Dashboard.php(103): CodeIgniter\Model->__call('whereIn', Array)
#3 E:\SoftWare\xampp 7\htdocs\my_projects\testing\ci_dictionary\app\Controllers\Panel\Dashboard.php(15): App\Controllers\Panel\Dashboard->utilities()
#4 E:\SoftWare\xampp 7\htdocs\my_projects\testing\ci_dictionary\system\CodeIgniter.php(936): App\Controllers\Panel\Dashboard->index('1')
#5 E:\SoftWare\xampp 7\htdocs\my_projects\testing\ci_dictionary\system\CodeIgniter.php(432): CodeIgniter\CodeIgniter->runController(Object(App\Controllers\Panel\Dashboard))
#6 E:\SoftWare\xampp 7\htdocs\my_projects\testing\ci_dictionary\system\CodeIgniter.php(333): CodeIgniter\CodeIgniter->handleRequest(NULL, Object(Config\Cache), false)
#7 E:\SoftWare\xampp 7\htdocs\my_projects\testing\ci_dictionary\public\index.php(44): CodeIgniter\CodeIgniter->run()
#8 {main}
CRITICAL - 05:48 --> Undefined offset: 1
#0 E:\SoftWare\xampp 7\htdocs\my_projects\testing\ci_dictionary\system\Router\Router.php(465): CodeIgniter\Debug\Exceptions->errorHandler(8, 'Undefined offse...', 'E:\\SoftWare\\xam...', 465, Array)
#1 E:\SoftWare\xampp 7\htdocs\my_projects\testing\ci_dictionary\system\Router\Router.php(152): CodeIgniter\Router\Router->checkRoutes('Panel/EditAbout')
#2 E:\SoftWare\xampp 7\htdocs\my_projects\testing\ci_dictionary\system\CodeIgniter.php(816): CodeIgniter\Router\Router->handle('Panel/EditAbout')
#3 E:\SoftWare\xampp 7\htdocs\my_projects\testing\ci_dictionary\system\CodeIgniter.php(385): CodeIgniter\CodeIgniter->tryToRouteIt(Object(CodeIgniter\Router\RouteCollection))
#4 E:\SoftWare\xampp 7\htdocs\my_projects\testing\ci_dictionary\system\CodeIgniter.php(333): CodeIgniter\CodeIgniter->handleRequest(NULL, Object(Config\Cache), false)
#5 E:\SoftWare\xampp 7\htdocs\my_projects\testing\ci_dictionary\public\index.php(44): CodeIgniter\CodeIgniter->run()
#6 {main}
CRITICAL - 05:48 --> Undefined offset: 1
#0 E:\SoftWare\xampp 7\htdocs\my_projects\testing\ci_dictionary\system\Router\Router.php(465): CodeIgniter\Debug\Exceptions->errorHandler(8, 'Undefined offse...', 'E:\\SoftWare\\xam...', 465, Array)
#1 E:\SoftWare\xampp 7\htdocs\my_projects\testing\ci_dictionary\system\Router\Router.php(152): CodeIgniter\Router\Router->checkRoutes('Panel/EditAbout')
#2 E:\SoftWare\xampp 7\htdocs\my_projects\testing\ci_dictionary\system\CodeIgniter.php(816): CodeIgniter\Router\Router->handle('Panel/EditAbout')
#3 E:\SoftWare\xampp 7\htdocs\my_projects\testing\ci_dictionary\system\CodeIgniter.php(385): CodeIgniter\CodeIgniter->tryToRouteIt(Object(CodeIgniter\Router\RouteCollection))
#4 E:\SoftWare\xampp 7\htdocs\my_projects\testing\ci_dictionary\system\CodeIgniter.php(333): CodeIgniter\CodeIgniter->handleRequest(NULL, Object(Config\Cache), false)
#5 E:\SoftWare\xampp 7\htdocs\my_projects\testing\ci_dictionary\public\index.php(44): CodeIgniter\CodeIgniter->run()
#6 {main}
CRITICAL - 05:48 --> Undefined offset: 1
#0 E:\SoftWare\xampp 7\htdocs\my_projects\testing\ci_dictionary\system\Router\Router.php(465): CodeIgniter\Debug\Exceptions->errorHandler(8, 'Undefined offse...', 'E:\\SoftWare\\xam...', 465, Array)
#1 E:\SoftWare\xampp 7\htdocs\my_projects\testing\ci_dictionary\system\Router\Router.php(152): CodeIgniter\Router\Router->checkRoutes('Panel/EditAbout')
#2 E:\SoftWare\xampp 7\htdocs\my_projects\testing\ci_dictionary\system\CodeIgniter.php(816): CodeIgniter\Router\Router->handle('Panel/EditAbout')
#3 E:\SoftWare\xampp 7\htdocs\my_projects\testing\ci_dictionary\system\CodeIgniter.php(385): CodeIgniter\CodeIgniter->tryToRouteIt(Object(CodeIgniter\Router\RouteCollection))
#4 E:\SoftWare\xampp 7\htdocs\my_projects\testing\ci_dictionary\system\CodeIgniter.php(333): CodeIgniter\CodeIgniter->handleRequest(NULL, Object(Config\Cache), false)
#5 E:\SoftWare\xampp 7\htdocs\my_projects\testing\ci_dictionary\public\index.php(44): CodeIgniter\CodeIgniter->run()
#6 {main}
CRITICAL - 05:48 --> Undefined offset: 1
#0 E:\SoftWare\xampp 7\htdocs\my_projects\testing\ci_dictionary\system\Router\Router.php(465): CodeIgniter\Debug\Exceptions->errorHandler(8, 'Undefined offse...', 'E:\\SoftWare\\xam...', 465, Array)
#1 E:\SoftWare\xampp 7\htdocs\my_projects\testing\ci_dictionary\system\Router\Router.php(152): CodeIgniter\Router\Router->checkRoutes('Panel/EditAbout')
#2 E:\SoftWare\xampp 7\htdocs\my_projects\testing\ci_dictionary\system\CodeIgniter.php(816): CodeIgniter\Router\Router->handle('Panel/EditAbout')
#3 E:\SoftWare\xampp 7\htdocs\my_projects\testing\ci_dictionary\system\CodeIgniter.php(385): CodeIgniter\CodeIgniter->tryToRouteIt(Object(CodeIgniter\Router\RouteCollection))
#4 E:\SoftWare\xampp 7\htdocs\my_projects\testing\ci_dictionary\system\CodeIgniter.php(333): CodeIgniter\CodeIgniter->handleRequest(NULL, Object(Config\Cache), false)
#5 E:\SoftWare\xampp 7\htdocs\my_projects\testing\ci_dictionary\public\index.php(44): CodeIgniter\CodeIgniter->run()
#6 {main}
CRITICAL - 05:50 --> Undefined offset: 1
#0 E:\SoftWare\xampp 7\htdocs\my_projects\testing\ci_dictionary\system\Router\Router.php(465): CodeIgniter\Debug\Exceptions->errorHandler(8, 'Undefined offse...', 'E:\\SoftWare\\xam...', 465, Array)
#1 E:\SoftWare\xampp 7\htdocs\my_projects\testing\ci_dictionary\system\Router\Router.php(152): CodeIgniter\Router\Router->checkRoutes('Panel/EditAbout')
#2 E:\SoftWare\xampp 7\htdocs\my_projects\testing\ci_dictionary\system\CodeIgniter.php(816): CodeIgniter\Router\Router->handle('Panel/EditAbout')
#3 E:\SoftWare\xampp 7\htdocs\my_projects\testing\ci_dictionary\system\CodeIgniter.php(385): CodeIgniter\CodeIgniter->tryToRouteIt(Object(CodeIgniter\Router\RouteCollection))
#4 E:\SoftWare\xampp 7\htdocs\my_projects\testing\ci_dictionary\system\CodeIgniter.php(333): CodeIgniter\CodeIgniter->handleRequest(NULL, Object(Config\Cache), false)
#5 E:\SoftWare\xampp 7\htdocs\my_projects\testing\ci_dictionary\public\index.php(44): CodeIgniter\CodeIgniter->run()
#6 {main}
CRITICAL - 05:50 --> Undefined offset: 1
#0 E:\SoftWare\xampp 7\htdocs\my_projects\testing\ci_dictionary\system\Router\Router.php(465): CodeIgniter\Debug\Exceptions->errorHandler(8, 'Undefined offse...', 'E:\\SoftWare\\xam...', 465, Array)
#1 E:\SoftWare\xampp 7\htdocs\my_projects\testing\ci_dictionary\system\Router\Router.php(152): CodeIgniter\Router\Router->checkRoutes('Panel/EditAbout')
#2 E:\SoftWare\xampp 7\htdocs\my_projects\testing\ci_dictionary\system\CodeIgniter.php(816): CodeIgniter\Router\Router->handle('Panel/EditAbout')
#3 E:\SoftWare\xampp 7\htdocs\my_projects\testing\ci_dictionary\system\CodeIgniter.php(385): CodeIgniter\CodeIgniter->tryToRouteIt(Object(CodeIgniter\Router\RouteCollection))
#4 E:\SoftWare\xampp 7\htdocs\my_projects\testing\ci_dictionary\system\CodeIgniter.php(333): CodeIgniter\CodeIgniter->handleRequest(NULL, Object(Config\Cache), false)
#5 E:\SoftWare\xampp 7\htdocs\my_projects\testing\ci_dictionary\public\index.php(44): CodeIgniter\CodeIgniter->run()
#6 {main}
CRITICAL - 05:51 --> Undefined offset: 1
#0 E:\SoftWare\xampp 7\htdocs\my_projects\testing\ci_dictionary\system\Router\Router.php(465): CodeIgniter\Debug\Exceptions->errorHandler(8, 'Undefined offse...', 'E:\\SoftWare\\xam...', 465, Array)
#1 E:\SoftWare\xampp 7\htdocs\my_projects\testing\ci_dictionary\system\Router\Router.php(152): CodeIgniter\Router\Router->checkRoutes('cc')
#2 E:\SoftWare\xampp 7\htdocs\my_projects\testing\ci_dictionary\system\CodeIgniter.php(816): CodeIgniter\Router\Router->handle('cc')
#3 E:\SoftWare\xampp 7\htdocs\my_projects\testing\ci_dictionary\system\CodeIgniter.php(385): CodeIgniter\CodeIgniter->tryToRouteIt(Object(CodeIgniter\Router\RouteCollection))
#4 E:\SoftWare\xampp 7\htdocs\my_projects\testing\ci_dictionary\system\CodeIgniter.php(333): CodeIgniter\CodeIgniter->handleRequest(NULL, Object(Config\Cache), false)
#5 E:\SoftWare\xampp 7\htdocs\my_projects\testing\ci_dictionary\public\index.php(44): CodeIgniter\CodeIgniter->run()
#6 {main}
CRITICAL - 05:51 --> Undefined offset: 1
#0 E:\SoftWare\xampp 7\htdocs\my_projects\testing\ci_dictionary\system\Router\Router.php(465): CodeIgniter\Debug\Exceptions->errorHandler(8, 'Undefined offse...', 'E:\\SoftWare\\xam...', 465, Array)
#1 E:\SoftWare\xampp 7\htdocs\my_projects\testing\ci_dictionary\system\Router\Router.php(152): CodeIgniter\Router\Router->checkRoutes('cc')
#2 E:\SoftWare\xampp 7\htdocs\my_projects\testing\ci_dictionary\system\CodeIgniter.php(816): CodeIgniter\Router\Router->handle('cc')
#3 E:\SoftWare\xampp 7\htdocs\my_projects\testing\ci_dictionary\system\CodeIgniter.php(385): CodeIgniter\CodeIgniter->tryToRouteIt(Object(CodeIgniter\Router\RouteCollection))
#4 E:\SoftWare\xampp 7\htdocs\my_projects\testing\ci_dictionary\system\CodeIgniter.php(333): CodeIgniter\CodeIgniter->handleRequest(NULL, Object(Config\Cache), false)
#5 E:\SoftWare\xampp 7\htdocs\my_projects\testing\ci_dictionary\public\index.php(44): CodeIgniter\CodeIgniter->run()
#6 {main}
CRITICAL - 06:18 --> Undefined offset: 1
#0 E:\SoftWare\xampp 7\htdocs\my_projects\testing\ci_dictionary\system\Router\Router.php(465): CodeIgniter\Debug\Exceptions->errorHandler(8, 'Undefined offse...', 'E:\\SoftWare\\xam...', 465, Array)
#1 E:\SoftWare\xampp 7\htdocs\my_projects\testing\ci_dictionary\system\Router\Router.php(152): CodeIgniter\Router\Router->checkRoutes('Panel/EditAbout')
#2 E:\SoftWare\xampp 7\htdocs\my_projects\testing\ci_dictionary\system\CodeIgniter.php(816): CodeIgniter\Router\Router->handle('Panel/EditAbout')
#3 E:\SoftWare\xampp 7\htdocs\my_projects\testing\ci_dictionary\system\CodeIgniter.php(385): CodeIgniter\CodeIgniter->tryToRouteIt(Object(CodeIgniter\Router\RouteCollection))
#4 E:\SoftWare\xampp 7\htdocs\my_projects\testing\ci_dictionary\system\CodeIgniter.php(333): CodeIgniter\CodeIgniter->handleRequest(NULL, Object(Config\Cache), false)
#5 E:\SoftWare\xampp 7\htdocs\my_projects\testing\ci_dictionary\public\index.php(44): CodeIgniter\CodeIgniter->run()
#6 {main}
CRITICAL - 06:19 --> Undefined offset: 1
#0 E:\SoftWare\xampp 7\htdocs\my_projects\testing\ci_dictionary\system\Router\Router.php(465): CodeIgniter\Debug\Exceptions->errorHandler(8, 'Undefined offse...', 'E:\\SoftWare\\xam...', 465, Array)
#1 E:\SoftWare\xampp 7\htdocs\my_projects\testing\ci_dictionary\system\Router\Router.php(152): CodeIgniter\Router\Router->checkRoutes('Panel/EditAbout')
#2 E:\SoftWare\xampp 7\htdocs\my_projects\testing\ci_dictionary\system\CodeIgniter.php(816): CodeIgniter\Router\Router->handle('Panel/EditAbout')
#3 E:\SoftWare\xampp 7\htdocs\my_projects\testing\ci_dictionary\system\CodeIgniter.php(385): CodeIgniter\CodeIgniter->tryToRouteIt(Object(CodeIgniter\Router\RouteCollection))
#4 E:\SoftWare\xampp 7\htdocs\my_projects\testing\ci_dictionary\system\CodeIgniter.php(333): CodeIgniter\CodeIgniter->handleRequest(NULL, Object(Config\Cache), false)
#5 E:\SoftWare\xampp 7\htdocs\my_projects\testing\ci_dictionary\public\index.php(44): CodeIgniter\CodeIgniter->run()
#6 {main}
CRITICAL - 06:20 --> Undefined offset: 1
#0 E:\SoftWare\xampp 7\htdocs\my_projects\testing\ci_dictionary\system\Router\Router.php(465): CodeIgniter\Debug\Exceptions->errorHandler(8, 'Undefined offse...', 'E:\\SoftWare\\xam...', 465, Array)
#1 E:\SoftWare\xampp 7\htdocs\my_projects\testing\ci_dictionary\system\Router\Router.php(152): CodeIgniter\Router\Router->checkRoutes('Panel/EditAbout')
#2 E:\SoftWare\xampp 7\htdocs\my_projects\testing\ci_dictionary\system\CodeIgniter.php(816): CodeIgniter\Router\Router->handle('Panel/EditAbout')
#3 E:\SoftWare\xampp 7\htdocs\my_projects\testing\ci_dictionary\system\CodeIgniter.php(385): CodeIgniter\CodeIgniter->tryToRouteIt(Object(CodeIgniter\Router\RouteCollection))
#4 E:\SoftWare\xampp 7\htdocs\my_projects\testing\ci_dictionary\system\CodeIgniter.php(333): CodeIgniter\CodeIgniter->handleRequest(NULL, Object(Config\Cache), false)
#5 E:\SoftWare\xampp 7\htdocs\my_projects\testing\ci_dictionary\public\index.php(44): CodeIgniter\CodeIgniter->run()
#6 {main}
CRITICAL - 06:20 --> Undefined offset: 1
#0 E:\SoftWare\xampp 7\htdocs\my_projects\testing\ci_dictionary\system\Router\Router.php(465): CodeIgniter\Debug\Exceptions->errorHandler(8, 'Undefined offse...', 'E:\\SoftWare\\xam...', 465, Array)
#1 E:\SoftWare\xampp 7\htdocs\my_projects\testing\ci_dictionary\system\Router\Router.php(152): CodeIgniter\Router\Router->checkRoutes('Panel/EditAbout')
#2 E:\SoftWare\xampp 7\htdocs\my_projects\testing\ci_dictionary\system\CodeIgniter.php(816): CodeIgniter\Router\Router->handle('Panel/EditAbout')
#3 E:\SoftWare\xampp 7\htdocs\my_projects\testing\ci_dictionary\system\CodeIgniter.php(385): CodeIgniter\CodeIgniter->tryToRouteIt(Object(CodeIgniter\Router\RouteCollection))
#4 E:\SoftWare\xampp 7\htdocs\my_projects\testing\ci_dictionary\system\CodeIgniter.php(333): CodeIgniter\CodeIgniter->handleRequest(NULL, Object(Config\Cache), false)
#5 E:\SoftWare\xampp 7\htdocs\my_projects\testing\ci_dictionary\public\index.php(44): CodeIgniter\CodeIgniter->run()
#6 {main}
CRITICAL - 06:21 --> Undefined offset: 1
#0 E:\SoftWare\xampp 7\htdocs\my_projects\testing\ci_dictionary\system\Router\Router.php(465): CodeIgniter\Debug\Exceptions->errorHandler(8, 'Undefined offse...', 'E:\\SoftWare\\xam...', 465, Array)
#1 E:\SoftWare\xampp 7\htdocs\my_projects\testing\ci_dictionary\system\Router\Router.php(152): CodeIgniter\Router\Router->checkRoutes('Panel/EditAbout')
#2 E:\SoftWare\xampp 7\htdocs\my_projects\testing\ci_dictionary\system\CodeIgniter.php(816): CodeIgniter\Router\Router->handle('Panel/EditAbout')
#3 E:\SoftWare\xampp 7\htdocs\my_projects\testing\ci_dictionary\system\CodeIgniter.php(385): CodeIgniter\CodeIgniter->tryToRouteIt(Object(CodeIgniter\Router\RouteCollection))
#4 E:\SoftWare\xampp 7\htdocs\my_projects\testing\ci_dictionary\system\CodeIgniter.php(333): CodeIgniter\CodeIgniter->handleRequest(NULL, Object(Config\Cache), false)
#5 E:\SoftWare\xampp 7\htdocs\my_projects\testing\ci_dictionary\public\index.php(44): CodeIgniter\CodeIgniter->run()
#6 {main}
CRITICAL - 06:22 --> Undefined offset: 1
#0 E:\SoftWare\xampp 7\htdocs\my_projects\testing\ci_dictionary\system\Router\Router.php(465): CodeIgniter\Debug\Exceptions->errorHandler(8, 'Undefined offse...', 'E:\\SoftWare\\xam...', 465, Array)
#1 E:\SoftWare\xampp 7\htdocs\my_projects\testing\ci_dictionary\system\Router\Router.php(152): CodeIgniter\Router\Router->checkRoutes('aa')
#2 E:\SoftWare\xampp 7\htdocs\my_projects\testing\ci_dictionary\system\CodeIgniter.php(816): CodeIgniter\Router\Router->handle('aa')
#3 E:\SoftWare\xampp 7\htdocs\my_projects\testing\ci_dictionary\system\CodeIgniter.php(385): CodeIgniter\CodeIgniter->tryToRouteIt(Object(CodeIgniter\Router\RouteCollection))
#4 E:\SoftWare\xampp 7\htdocs\my_projects\testing\ci_dictionary\system\CodeIgniter.php(333): CodeIgniter\CodeIgniter->handleRequest(NULL, Object(Config\Cache), false)
#5 E:\SoftWare\xampp 7\htdocs\my_projects\testing\ci_dictionary\public\index.php(44): CodeIgniter\CodeIgniter->run()
#6 {main}
CRITICAL - 06:23 --> Undefined offset: 1
#0 E:\SoftWare\xampp 7\htdocs\my_projects\testing\ci_dictionary\system\Router\Router.php(465): CodeIgniter\Debug\Exceptions->errorHandler(8, 'Undefined offse...', 'E:\\SoftWare\\xam...', 465, Array)
#1 E:\SoftWare\xampp 7\htdocs\my_projects\testing\ci_dictionary\system\Router\Router.php(152): CodeIgniter\Router\Router->checkRoutes('aa')
#2 E:\SoftWare\xampp 7\htdocs\my_projects\testing\ci_dictionary\system\CodeIgniter.php(816): CodeIgniter\Router\Router->handle('aa')
#3 E:\SoftWare\xampp 7\htdocs\my_projects\testing\ci_dictionary\system\CodeIgniter.php(385): CodeIgniter\CodeIgniter->tryToRouteIt(Object(CodeIgniter\Router\RouteCollection))
#4 E:\SoftWare\xampp 7\htdocs\my_projects\testing\ci_dictionary\system\CodeIgniter.php(333): CodeIgniter\CodeIgniter->handleRequest(NULL, Object(Config\Cache), false)
#5 E:\SoftWare\xampp 7\htdocs\my_projects\testing\ci_dictionary\public\index.php(44): CodeIgniter\CodeIgniter->run()
#6 {main}
CRITICAL - 06:24 --> Undefined offset: 1
#0 E:\SoftWare\xampp 7\htdocs\my_projects\testing\ci_dictionary\system\Router\Router.php(465): CodeIgniter\Debug\Exceptions->errorHandler(8, 'Undefined offse...', 'E:\\SoftWare\\xam...', 465, Array)
#1 E:\SoftWare\xampp 7\htdocs\my_projects\testing\ci_dictionary\system\Router\Router.php(152): CodeIgniter\Router\Router->checkRoutes('aa')
#2 E:\SoftWare\xampp 7\htdocs\my_projects\testing\ci_dictionary\system\CodeIgniter.php(816): CodeIgniter\Router\Router->handle('aa')
#3 E:\SoftWare\xampp 7\htdocs\my_projects\testing\ci_dictionary\system\CodeIgniter.php(385): CodeIgniter\CodeIgniter->tryToRouteIt(Object(CodeIgniter\Router\RouteCollection))
#4 E:\SoftWare\xampp 7\htdocs\my_projects\testing\ci_dictionary\system\CodeIgniter.php(333): CodeIgniter\CodeIgniter->handleRequest(NULL, Object(Config\Cache), false)
#5 E:\SoftWare\xampp 7\htdocs\my_projects\testing\ci_dictionary\public\index.php(44): CodeIgniter\CodeIgniter->run()
#6 {main}
CRITICAL - 06:25 --> Undefined offset: 1
#0 E:\SoftWare\xampp 7\htdocs\my_projects\testing\ci_dictionary\system\Router\Router.php(465): CodeIgniter\Debug\Exceptions->errorHandler(8, 'Undefined offse...', 'E:\\SoftWare\\xam...', 465, Array)
#1 E:\SoftWare\xampp 7\htdocs\my_projects\testing\ci_dictionary\system\Router\Router.php(152): CodeIgniter\Router\Router->checkRoutes('aa')
#2 E:\SoftWare\xampp 7\htdocs\my_projects\testing\ci_dictionary\system\CodeIgniter.php(816): CodeIgniter\Router\Router->handle('aa')
#3 E:\SoftWare\xampp 7\htdocs\my_projects\testing\ci_dictionary\system\CodeIgniter.php(385): CodeIgniter\CodeIgniter->tryToRouteIt(Object(CodeIgniter\Router\RouteCollection))
#4 E:\SoftWare\xampp 7\htdocs\my_projects\testing\ci_dictionary\system\CodeIgniter.php(333): CodeIgniter\CodeIgniter->handleRequest(NULL, Object(Config\Cache), false)
#5 E:\SoftWare\xampp 7\htdocs\my_projects\testing\ci_dictionary\public\index.php(44): CodeIgniter\CodeIgniter->run()
#6 {main}
CRITICAL - 06:25 --> Undefined offset: 1
#0 E:\SoftWare\xampp 7\htdocs\my_projects\testing\ci_dictionary\system\Router\Router.php(465): CodeIgniter\Debug\Exceptions->errorHandler(8, 'Undefined offse...', 'E:\\SoftWare\\xam...', 465, Array)
#1 E:\SoftWare\xampp 7\htdocs\my_projects\testing\ci_dictionary\system\Router\Router.php(152): CodeIgniter\Router\Router->checkRoutes('aa')
#2 E:\SoftWare\xampp 7\htdocs\my_projects\testing\ci_dictionary\system\CodeIgniter.php(816): CodeIgniter\Router\Router->handle('aa')
#3 E:\SoftWare\xampp 7\htdocs\my_projects\testing\ci_dictionary\system\CodeIgniter.php(385): CodeIgniter\CodeIgniter->tryToRouteIt(Object(CodeIgniter\Router\RouteCollection))
#4 E:\SoftWare\xampp 7\htdocs\my_projects\testing\ci_dictionary\system\CodeIgniter.php(333): CodeIgniter\CodeIgniter->handleRequest(NULL, Object(Config\Cache), false)
#5 E:\SoftWare\xampp 7\htdocs\my_projects\testing\ci_dictionary\public\index.php(44): CodeIgniter\CodeIgniter->run()
#6 {main}
CRITICAL - 06:25 --> Undefined offset: 1
#0 E:\SoftWare\xampp 7\htdocs\my_projects\testing\ci_dictionary\system\Router\Router.php(465): CodeIgniter\Debug\Exceptions->errorHandler(8, 'Undefined offse...', 'E:\\SoftWare\\xam...', 465, Array)
#1 E:\SoftWare\xampp 7\htdocs\my_projects\testing\ci_dictionary\system\Router\Router.php(152): CodeIgniter\Router\Router->checkRoutes('aa')
#2 E:\SoftWare\xampp 7\htdocs\my_projects\testing\ci_dictionary\system\CodeIgniter.php(816): CodeIgniter\Router\Router->handle('aa')
#3 E:\SoftWare\xampp 7\htdocs\my_projects\testing\ci_dictionary\system\CodeIgniter.php(385): CodeIgniter\CodeIgniter->tryToRouteIt(Object(CodeIgniter\Router\RouteCollection))
#4 E:\SoftWare\xampp 7\htdocs\my_projects\testing\ci_dictionary\system\CodeIgniter.php(333): CodeIgniter\CodeIgniter->handleRequest(NULL, Object(Config\Cache), false)
#5 E:\SoftWare\xampp 7\htdocs\my_projects\testing\ci_dictionary\public\index.php(44): CodeIgniter\CodeIgniter->run()
#6 {main}
CRITICAL - 06:25 --> Undefined offset: 1
#0 E:\SoftWare\xampp 7\htdocs\my_projects\testing\ci_dictionary\system\Router\Router.php(465): CodeIgniter\Debug\Exceptions->errorHandler(8, 'Undefined offse...', 'E:\\SoftWare\\xam...', 465, Array)
#1 E:\SoftWare\xampp 7\htdocs\my_projects\testing\ci_dictionary\system\Router\Router.php(152): CodeIgniter\Router\Router->checkRoutes('aa')
#2 E:\SoftWare\xampp 7\htdocs\my_projects\testing\ci_dictionary\system\CodeIgniter.php(816): CodeIgniter\Router\Router->handle('aa')
#3 E:\SoftWare\xampp 7\htdocs\my_projects\testing\ci_dictionary\system\CodeIgniter.php(385): CodeIgniter\CodeIgniter->tryToRouteIt(Object(CodeIgniter\Router\RouteCollection))
#4 E:\SoftWare\xampp 7\htdocs\my_projects\testing\ci_dictionary\system\CodeIgniter.php(333): CodeIgniter\CodeIgniter->handleRequest(NULL, Object(Config\Cache), false)
#5 E:\SoftWare\xampp 7\htdocs\my_projects\testing\ci_dictionary\public\index.php(44): CodeIgniter\CodeIgniter->run()
#6 {main}
CRITICAL - 06:29 --> Undefined offset: 1
#0 E:\SoftWare\xampp 7\htdocs\my_projects\testing\ci_dictionary\system\Router\Router.php(465): CodeIgniter\Debug\Exceptions->errorHandler(8, 'Undefined offse...', 'E:\\SoftWare\\xam...', 465, Array)
#1 E:\SoftWare\xampp 7\htdocs\my_projects\testing\ci_dictionary\system\Router\Router.php(152): CodeIgniter\Router\Router->checkRoutes('aa')
#2 E:\SoftWare\xampp 7\htdocs\my_projects\testing\ci_dictionary\system\CodeIgniter.php(816): CodeIgniter\Router\Router->handle('aa')
#3 E:\SoftWare\xampp 7\htdocs\my_projects\testing\ci_dictionary\system\CodeIgniter.php(385): CodeIgniter\CodeIgniter->tryToRouteIt(Object(CodeIgniter\Router\RouteCollection))
#4 E:\SoftWare\xampp 7\htdocs\my_projects\testing\ci_dictionary\system\CodeIgniter.php(333): CodeIgniter\CodeIgniter->handleRequest(NULL, Object(Config\Cache), false)
#5 E:\SoftWare\xampp 7\htdocs\my_projects\testing\ci_dictionary\public\index.php(44): CodeIgniter\CodeIgniter->run()
#6 {main}
CRITICAL - 07:13 --> Illegal string offset 'utilitie'
#0 E:\SoftWare\xampp 7\htdocs\my_projects\testing\ci_dictionary\app\Controllers\Panel\Dashboard.php(111): CodeIgniter\Debug\Exceptions->errorHandler(2, 'Illegal string ...', 'E:\\SoftWare\\xam...', 111, Array)
#1 E:\SoftWare\xampp 7\htdocs\my_projects\testing\ci_dictionary\app\Controllers\Panel\Dashboard.php(101): App\Controllers\Panel\Dashboard->initialize_utilities(Array)
#2 E:\SoftWare\xampp 7\htdocs\my_projects\testing\ci_dictionary\app\Controllers\Panel\Dashboard.php(15): App\Controllers\Panel\Dashboard->utilities()
#3 E:\SoftWare\xampp 7\htdocs\my_projects\testing\ci_dictionary\system\CodeIgniter.php(936): App\Controllers\Panel\Dashboard->index()
#4 E:\SoftWare\xampp 7\htdocs\my_projects\testing\ci_dictionary\system\CodeIgniter.php(432): CodeIgniter\CodeIgniter->runController(Object(App\Controllers\Panel\Dashboard))
#5 E:\SoftWare\xampp 7\htdocs\my_projects\testing\ci_dictionary\system\CodeIgniter.php(333): CodeIgniter\CodeIgniter->handleRequest(NULL, Object(Config\Cache), false)
#6 E:\SoftWare\xampp 7\htdocs\my_projects\testing\ci_dictionary\public\index.php(44): CodeIgniter\CodeIgniter->run()
#7 {main}
CRITICAL - 07:43 --> Too few arguments to function App\Controllers\Panel\EmployeeRole::index(), 0 passed in E:\SoftWare\xampp 7\htdocs\my_projects\testing\ci_dictionary\system\CodeIgniter.php on line 936 and exactly 1 expected
#0 E:\SoftWare\xampp 7\htdocs\my_projects\testing\ci_dictionary\system\CodeIgniter.php(936): App\Controllers\Panel\EmployeeRole->index()
#1 E:\SoftWare\xampp 7\htdocs\my_projects\testing\ci_dictionary\system\CodeIgniter.php(432): CodeIgniter\CodeIgniter->runController(Object(App\Controllers\Panel\EmployeeRole))
#2 E:\SoftWare\xampp 7\htdocs\my_projects\testing\ci_dictionary\system\CodeIgniter.php(333): CodeIgniter\CodeIgniter->handleRequest(NULL, Object(Config\Cache), false)
#3 E:\SoftWare\xampp 7\htdocs\my_projects\testing\ci_dictionary\public\index.php(44): CodeIgniter\CodeIgniter->run()
#4 {main}
CRITICAL - 07:48 --> Too few arguments to function App\Controllers\Panel\EmployeeRole::index(), 0 passed in E:\SoftWare\xampp 7\htdocs\my_projects\testing\ci_dictionary\system\CodeIgniter.php on line 936 and exactly 1 expected
#0 E:\SoftWare\xampp 7\htdocs\my_projects\testing\ci_dictionary\system\CodeIgniter.php(936): App\Controllers\Panel\EmployeeRole->index()
#1 E:\SoftWare\xampp 7\htdocs\my_projects\testing\ci_dictionary\system\CodeIgniter.php(432): CodeIgniter\CodeIgniter->runController(Object(App\Controllers\Panel\EmployeeRole))
#2 E:\SoftWare\xampp 7\htdocs\my_projects\testing\ci_dictionary\system\CodeIgniter.php(333): CodeIgniter\CodeIgniter->handleRequest(NULL, Object(Config\Cache), false)
#3 E:\SoftWare\xampp 7\htdocs\my_projects\testing\ci_dictionary\public\index.php(44): CodeIgniter\CodeIgniter->run()
#4 {main}
CRITICAL - 07:49 --> Argument 2 passed to App\Controllers\Panel\EmployeeRole::is_checked() must be of the type array, null given, called in E:\SoftWare\xampp 7\htdocs\my_projects\testing\ci_dictionary\app\Controllers\Panel\EmployeeRole.php on line 85
#0 E:\SoftWare\xampp 7\htdocs\my_projects\testing\ci_dictionary\app\Controllers\Panel\EmployeeRole.php(85): App\Controllers\Panel\EmployeeRole->is_checked('1', NULL)
#1 E:\SoftWare\xampp 7\htdocs\my_projects\testing\ci_dictionary\app\Controllers\Panel\EmployeeRole.php(52): App\Controllers\Panel\EmployeeRole->gen_checkbox('22', '1', 'Edit About')
#2 E:\SoftWare\xampp 7\htdocs\my_projects\testing\ci_dictionary\app\Controllers\Panel\EmployeeRole.php(16): App\Controllers\Panel\EmployeeRole->gen_form(Array, '22')
#3 E:\SoftWare\xampp 7\htdocs\my_projects\testing\ci_dictionary\system\CodeIgniter.php(936): App\Controllers\Panel\EmployeeRole->index(22)
#4 E:\SoftWare\xampp 7\htdocs\my_projects\testing\ci_dictionary\system\CodeIgniter.php(432): CodeIgniter\CodeIgniter->runController(Object(App\Controllers\Panel\EmployeeRole))
#5 E:\SoftWare\xampp 7\htdocs\my_projects\testing\ci_dictionary\system\CodeIgniter.php(333): CodeIgniter\CodeIgniter->handleRequest(NULL, Object(Config\Cache), false)
#6 E:\SoftWare\xampp 7\htdocs\my_projects\testing\ci_dictionary\public\index.php(44): CodeIgniter\CodeIgniter->run()
#7 {main}
CRITICAL - 07:50 --> Argument 2 passed to App\Controllers\Panel\EmployeeRole::is_checked() must be of the type array, null given, called in E:\SoftWare\xampp 7\htdocs\my_projects\testing\ci_dictionary\app\Controllers\Panel\EmployeeRole.php on line 85
#0 E:\SoftWare\xampp 7\htdocs\my_projects\testing\ci_dictionary\app\Controllers\Panel\EmployeeRole.php(85): App\Controllers\Panel\EmployeeRole->is_checked('1', NULL)
#1 E:\SoftWare\xampp 7\htdocs\my_projects\testing\ci_dictionary\app\Controllers\Panel\EmployeeRole.php(52): App\Controllers\Panel\EmployeeRole->gen_checkbox('22', '1', 'Edit About')
#2 E:\SoftWare\xampp 7\htdocs\my_projects\testing\ci_dictionary\app\Controllers\Panel\EmployeeRole.php(16): App\Controllers\Panel\EmployeeRole->gen_form(Array, '22')
#3 E:\SoftWare\xampp 7\htdocs\my_projects\testing\ci_dictionary\system\CodeIgniter.php(936): App\Controllers\Panel\EmployeeRole->index(22)
#4 E:\SoftWare\xampp 7\htdocs\my_projects\testing\ci_dictionary\system\CodeIgniter.php(432): CodeIgniter\CodeIgniter->runController(Object(App\Controllers\Panel\EmployeeRole))
#5 E:\SoftWare\xampp 7\htdocs\my_projects\testing\ci_dictionary\system\CodeIgniter.php(333): CodeIgniter\CodeIgniter->handleRequest(NULL, Object(Config\Cache), false)
#6 E:\SoftWare\xampp 7\htdocs\my_projects\testing\ci_dictionary\public\index.php(44): CodeIgniter\CodeIgniter->run()
#7 {main}
CRITICAL - 07:55 --> Too few arguments to function App\Controllers\Panel\EmployeeRole::index(), 0 passed in E:\SoftWare\xampp 7\htdocs\my_projects\testing\ci_dictionary\system\CodeIgniter.php on line 936 and exactly 1 expected
#0 E:\SoftWare\xampp 7\htdocs\my_projects\testing\ci_dictionary\system\CodeIgniter.php(936): App\Controllers\Panel\EmployeeRole->index()
#1 E:\SoftWare\xampp 7\htdocs\my_projects\testing\ci_dictionary\system\CodeIgniter.php(432): CodeIgniter\CodeIgniter->runController(Object(App\Controllers\Panel\EmployeeRole))
#2 E:\SoftWare\xampp 7\htdocs\my_projects\testing\ci_dictionary\system\CodeIgniter.php(333): CodeIgniter\CodeIgniter->handleRequest(NULL, Object(Config\Cache), false)
#3 E:\SoftWare\xampp 7\htdocs\my_projects\testing\ci_dictionary\public\index.php(44): CodeIgniter\CodeIgniter->run()
#4 {main}
CRITICAL - 07:56 --> Too few arguments to function App\Controllers\Panel\EmployeeRole::index(), 0 passed in E:\SoftWare\xampp 7\htdocs\my_projects\testing\ci_dictionary\system\CodeIgniter.php on line 936 and exactly 1 expected
#0 E:\SoftWare\xampp 7\htdocs\my_projects\testing\ci_dictionary\system\CodeIgniter.php(936): App\Controllers\Panel\EmployeeRole->index()
#1 E:\SoftWare\xampp 7\htdocs\my_projects\testing\ci_dictionary\system\CodeIgniter.php(432): CodeIgniter\CodeIgniter->runController(Object(App\Controllers\Panel\EmployeeRole))
#2 E:\SoftWare\xampp 7\htdocs\my_projects\testing\ci_dictionary\system\CodeIgniter.php(333): CodeIgniter\CodeIgniter->handleRequest(NULL, Object(Config\Cache), false)
#3 E:\SoftWare\xampp 7\htdocs\my_projects\testing\ci_dictionary\public\index.php(44): CodeIgniter\CodeIgniter->run()
#4 {main}
